<?xml version="1.0" encoding="utf-8"?><testsuites><testsuite name="pytest" errors="0" failures="4" skipped="0" tests="6" time="179.165" timestamp="2024-03-18T07:00:03.420901" hostname="6f8bd7233bec"><testcase classname="test_public_mip.TestPublicMIP" name="test_login_and_accept_terms[https://hbpmip.link/]" time="47.104" /><testcase classname="test_public_mip.TestPublicMIP" name="test_data[https://hbpmip.link/]" time="20.087"><failure message="selenium.common.exceptions.NoSuchElementException: Message: no such element: Unable to locate element: {&quot;method&quot;:&quot;xpath&quot;,&quot;selector&quot;:&quot;//div[@id='pathology-select']/div/button&quot;}&#10;  (Session info: chrome-headless-shell=122.0.6261.128); For documentation on this error, please visit: https://www.selenium.dev/documentation/webdriver/troubleshooting/errors#no-such-element-exception&#10;Stacktrace:&#10;#0 0x58557579df33 &lt;unknown&gt;&#10;#1 0x585575495ce6 &lt;unknown&gt;&#10;#2 0x5855754e0e48 &lt;unknown&gt;&#10;#3 0x5855754e0f01 &lt;unknown&gt;&#10;#4 0x5855755243f4 &lt;unknown&gt;&#10;#5 0x585575502edd &lt;unknown&gt;&#10;#6 0x585575521899 &lt;unknown&gt;&#10;#7 0x585575502c53 &lt;unknown&gt;&#10;#8 0x5855754d3db3 &lt;unknown&gt;&#10;#9 0x5855754d477e &lt;unknown&gt;&#10;#10 0x58557576386b &lt;unknown&gt;&#10;#11 0x585575767885 &lt;unknown&gt;&#10;#12 0x585575751181 &lt;unknown&gt;&#10;#13 0x585575768412 &lt;unknown&gt;&#10;#14 0x58557573525f &lt;unknown&gt;&#10;#15 0x58557578c528 &lt;unknown&gt;&#10;#16 0x58557578c723 &lt;unknown&gt;&#10;#17 0x58557579d0e4 &lt;unknown&gt;&#10;#18 0x7cba9cdaf134 &lt;unknown&gt;">self = &lt;test_public_mip.TestPublicMIP object at 0x76bc8de83a90&gt;

    def test_data(self):
        """Integration tests (data) of the public MIP."""
&gt;       super().test_data()

test_public_mip.py:24: 
_ _ _ _ _ _ _ _ _ _ _ _ _ _ _ _ _ _ _ _ _ _ _ _ _ _ _ _ _ _ _ _ _ _ _ _ _ _ _ _ 
basetest.py:63: in test_data
    dementia = selenium_driver.find_element(
/usr/local/lib/python3.9/site-packages/selenium/webdriver/remote/webdriver.py:739: in find_element
    return self.execute(Command.FIND_ELEMENT, {"using": by, "value": value})["value"]
/usr/local/lib/python3.9/site-packages/selenium/webdriver/remote/webdriver.py:345: in execute
    self.error_handler.check_response(response)
_ _ _ _ _ _ _ _ _ _ _ _ _ _ _ _ _ _ _ _ _ _ _ _ _ _ _ _ _ _ _ _ _ _ _ _ _ _ _ _ 

self = &lt;selenium.webdriver.remote.errorhandler.ErrorHandler object at 0x76bc8db83a60&gt;
response = {'status': 404, 'value': '{"value":{"error":"no such element","message":"no such element: Unable to locate element: {\...\\n#16 0x58557578c723 \\u003Cunknown&gt;\\n#17 0x58557579d0e4 \\u003Cunknown&gt;\\n#18 0x7cba9cdaf134 \\u003Cunknown&gt;\\n"}}'}

    def check_response(self, response: Dict[str, Any]) -&gt; None:
        """Checks that a JSON response from the WebDriver does not have an
        error.
    
        :Args:
         - response - The JSON response from the WebDriver server as a dictionary
           object.
    
        :Raises: If the response contains an error message.
        """
        status = response.get("status", None)
        if not status or status == ErrorCode.SUCCESS:
            return
        value = None
        message = response.get("message", "")
        screen: str = response.get("screen", "")
        stacktrace = None
        if isinstance(status, int):
            value_json = response.get("value", None)
            if value_json and isinstance(value_json, str):
                import json
    
                try:
                    value = json.loads(value_json)
                    if len(value) == 1:
                        value = value["value"]
                    status = value.get("error", None)
                    if not status:
                        status = value.get("status", ErrorCode.UNKNOWN_ERROR)
                        message = value.get("value") or value.get("message")
                        if not isinstance(message, str):
                            value = message
                            message = message.get("message")
                    else:
                        message = value.get("message", None)
                except ValueError:
                    pass
    
        exception_class: Type[WebDriverException]
        e = ErrorCode()
        error_codes = [item for item in dir(e) if not item.startswith("__")]
        for error_code in error_codes:
            error_info = getattr(ErrorCode, error_code)
            if isinstance(error_info, list) and status in error_info:
                exception_class = getattr(ExceptionMapping, error_code, WebDriverException)
                break
        else:
            exception_class = WebDriverException
    
        if not value:
            value = response["value"]
        if isinstance(value, str):
            raise exception_class(value)
        if message == "" and "message" in value:
            message = value["message"]
    
        screen = None  # type: ignore[assignment]
        if "screen" in value:
            screen = value["screen"]
    
        stacktrace = None
        st_value = value.get("stackTrace") or value.get("stacktrace")
        if st_value:
            if isinstance(st_value, str):
                stacktrace = st_value.split("\n")
            else:
                stacktrace = []
                try:
                    for frame in st_value:
                        line = frame.get("lineNumber", "")
                        file = frame.get("fileName", "&lt;anonymous&gt;")
                        if line:
                            file = f"{file}:{line}"
                        meth = frame.get("methodName", "&lt;anonymous&gt;")
                        if "className" in frame:
                            meth = f"{frame['className']}.{meth}"
                        msg = "    at %s (%s)"
                        msg = msg % (meth, file)
                        stacktrace.append(msg)
                except TypeError:
                    pass
        if exception_class == UnexpectedAlertPresentException:
            alert_text = None
            if "data" in value:
                alert_text = value["data"].get("text")
            elif "alert" in value:
                alert_text = value["alert"].get("text")
            raise exception_class(message, screen, stacktrace, alert_text)  # type: ignore[call-arg]  # mypy is not smart enough here
&gt;       raise exception_class(message, screen, stacktrace)
E       selenium.common.exceptions.NoSuchElementException: Message: no such element: Unable to locate element: {"method":"xpath","selector":"//div[@id='pathology-select']/div/button"}
E         (Session info: chrome-headless-shell=122.0.6261.128); For documentation on this error, please visit: https://www.selenium.dev/documentation/webdriver/troubleshooting/errors#no-such-element-exception
E       Stacktrace:
E       #0 0x58557579df33 &lt;unknown&gt;
E       #1 0x585575495ce6 &lt;unknown&gt;
E       #2 0x5855754e0e48 &lt;unknown&gt;
E       #3 0x5855754e0f01 &lt;unknown&gt;
E       #4 0x5855755243f4 &lt;unknown&gt;
E       #5 0x585575502edd &lt;unknown&gt;
E       #6 0x585575521899 &lt;unknown&gt;
E       #7 0x585575502c53 &lt;unknown&gt;
E       #8 0x5855754d3db3 &lt;unknown&gt;
E       #9 0x5855754d477e &lt;unknown&gt;
E       #10 0x58557576386b &lt;unknown&gt;
E       #11 0x585575767885 &lt;unknown&gt;
E       #12 0x585575751181 &lt;unknown&gt;
E       #13 0x585575768412 &lt;unknown&gt;
E       #14 0x58557573525f &lt;unknown&gt;
E       #15 0x58557578c528 &lt;unknown&gt;
E       #16 0x58557578c723 &lt;unknown&gt;
E       #17 0x58557579d0e4 &lt;unknown&gt;
E       #18 0x7cba9cdaf134 &lt;unknown&gt;

/usr/local/lib/python3.9/site-packages/selenium/webdriver/remote/errorhandler.py:229: NoSuchElementException</failure></testcase><testcase classname="test_qa_federation.TestMIPQAFederation" name="test_login_and_accept_terms[https://qa.hbpmip.link/]" time="46.741" /><testcase classname="test_qa_federation.TestMIPQAFederation" name="test_data[https://qa.hbpmip.link/]" time="20.116"><failure message="selenium.common.exceptions.NoSuchElementException: Message: no such element: Unable to locate element: {&quot;method&quot;:&quot;xpath&quot;,&quot;selector&quot;:&quot;//div[@id='pathology-select']/div/button&quot;}&#10;  (Session info: chrome-headless-shell=122.0.6261.128); For documentation on this error, please visit: https://www.selenium.dev/documentation/webdriver/troubleshooting/errors#no-such-element-exception&#10;Stacktrace:&#10;#0 0x64556123af33 &lt;unknown&gt;&#10;#1 0x645560f32ce6 &lt;unknown&gt;&#10;#2 0x645560f7de48 &lt;unknown&gt;&#10;#3 0x645560f7df01 &lt;unknown&gt;&#10;#4 0x645560fc13f4 &lt;unknown&gt;&#10;#5 0x645560f9fedd &lt;unknown&gt;&#10;#6 0x645560fbe899 &lt;unknown&gt;&#10;#7 0x645560f9fc53 &lt;unknown&gt;&#10;#8 0x645560f70db3 &lt;unknown&gt;&#10;#9 0x645560f7177e &lt;unknown&gt;&#10;#10 0x64556120086b &lt;unknown&gt;&#10;#11 0x645561204885 &lt;unknown&gt;&#10;#12 0x6455611ee181 &lt;unknown&gt;&#10;#13 0x645561205412 &lt;unknown&gt;&#10;#14 0x6455611d225f &lt;unknown&gt;&#10;#15 0x645561229528 &lt;unknown&gt;&#10;#16 0x645561229723 &lt;unknown&gt;&#10;#17 0x64556123a0e4 &lt;unknown&gt;&#10;#18 0x780f2a103134 &lt;unknown&gt;">self = &lt;test_qa_federation.TestMIPQAFederation object at 0x76bc8cdfb3d0&gt;

    def test_data(self):
        """Integration tests (data) of the MIP QA Federation."""
&gt;       super().test_data()

test_qa_federation.py:24: 
_ _ _ _ _ _ _ _ _ _ _ _ _ _ _ _ _ _ _ _ _ _ _ _ _ _ _ _ _ _ _ _ _ _ _ _ _ _ _ _ 
basetest.py:63: in test_data
    dementia = selenium_driver.find_element(
/usr/local/lib/python3.9/site-packages/selenium/webdriver/remote/webdriver.py:739: in find_element
    return self.execute(Command.FIND_ELEMENT, {"using": by, "value": value})["value"]
/usr/local/lib/python3.9/site-packages/selenium/webdriver/remote/webdriver.py:345: in execute
    self.error_handler.check_response(response)
_ _ _ _ _ _ _ _ _ _ _ _ _ _ _ _ _ _ _ _ _ _ _ _ _ _ _ _ _ _ _ _ _ _ _ _ _ _ _ _ 

self = &lt;selenium.webdriver.remote.errorhandler.ErrorHandler object at 0x76bc8de194f0&gt;
response = {'status': 404, 'value': '{"value":{"error":"no such element","message":"no such element: Unable to locate element: {\...\\n#16 0x645561229723 \\u003Cunknown&gt;\\n#17 0x64556123a0e4 \\u003Cunknown&gt;\\n#18 0x780f2a103134 \\u003Cunknown&gt;\\n"}}'}

    def check_response(self, response: Dict[str, Any]) -&gt; None:
        """Checks that a JSON response from the WebDriver does not have an
        error.
    
        :Args:
         - response - The JSON response from the WebDriver server as a dictionary
           object.
    
        :Raises: If the response contains an error message.
        """
        status = response.get("status", None)
        if not status or status == ErrorCode.SUCCESS:
            return
        value = None
        message = response.get("message", "")
        screen: str = response.get("screen", "")
        stacktrace = None
        if isinstance(status, int):
            value_json = response.get("value", None)
            if value_json and isinstance(value_json, str):
                import json
    
                try:
                    value = json.loads(value_json)
                    if len(value) == 1:
                        value = value["value"]
                    status = value.get("error", None)
                    if not status:
                        status = value.get("status", ErrorCode.UNKNOWN_ERROR)
                        message = value.get("value") or value.get("message")
                        if not isinstance(message, str):
                            value = message
                            message = message.get("message")
                    else:
                        message = value.get("message", None)
                except ValueError:
                    pass
    
        exception_class: Type[WebDriverException]
        e = ErrorCode()
        error_codes = [item for item in dir(e) if not item.startswith("__")]
        for error_code in error_codes:
            error_info = getattr(ErrorCode, error_code)
            if isinstance(error_info, list) and status in error_info:
                exception_class = getattr(ExceptionMapping, error_code, WebDriverException)
                break
        else:
            exception_class = WebDriverException
    
        if not value:
            value = response["value"]
        if isinstance(value, str):
            raise exception_class(value)
        if message == "" and "message" in value:
            message = value["message"]
    
        screen = None  # type: ignore[assignment]
        if "screen" in value:
            screen = value["screen"]
    
        stacktrace = None
        st_value = value.get("stackTrace") or value.get("stacktrace")
        if st_value:
            if isinstance(st_value, str):
                stacktrace = st_value.split("\n")
            else:
                stacktrace = []
                try:
                    for frame in st_value:
                        line = frame.get("lineNumber", "")
                        file = frame.get("fileName", "&lt;anonymous&gt;")
                        if line:
                            file = f"{file}:{line}"
                        meth = frame.get("methodName", "&lt;anonymous&gt;")
                        if "className" in frame:
                            meth = f"{frame['className']}.{meth}"
                        msg = "    at %s (%s)"
                        msg = msg % (meth, file)
                        stacktrace.append(msg)
                except TypeError:
                    pass
        if exception_class == UnexpectedAlertPresentException:
            alert_text = None
            if "data" in value:
                alert_text = value["data"].get("text")
            elif "alert" in value:
                alert_text = value["alert"].get("text")
            raise exception_class(message, screen, stacktrace, alert_text)  # type: ignore[call-arg]  # mypy is not smart enough here
&gt;       raise exception_class(message, screen, stacktrace)
E       selenium.common.exceptions.NoSuchElementException: Message: no such element: Unable to locate element: {"method":"xpath","selector":"//div[@id='pathology-select']/div/button"}
E         (Session info: chrome-headless-shell=122.0.6261.128); For documentation on this error, please visit: https://www.selenium.dev/documentation/webdriver/troubleshooting/errors#no-such-element-exception
E       Stacktrace:
E       #0 0x64556123af33 &lt;unknown&gt;
E       #1 0x645560f32ce6 &lt;unknown&gt;
E       #2 0x645560f7de48 &lt;unknown&gt;
E       #3 0x645560f7df01 &lt;unknown&gt;
E       #4 0x645560fc13f4 &lt;unknown&gt;
E       #5 0x645560f9fedd &lt;unknown&gt;
E       #6 0x645560fbe899 &lt;unknown&gt;
E       #7 0x645560f9fc53 &lt;unknown&gt;
E       #8 0x645560f70db3 &lt;unknown&gt;
E       #9 0x645560f7177e &lt;unknown&gt;
E       #10 0x64556120086b &lt;unknown&gt;
E       #11 0x645561204885 &lt;unknown&gt;
E       #12 0x6455611ee181 &lt;unknown&gt;
E       #13 0x645561205412 &lt;unknown&gt;
E       #14 0x6455611d225f &lt;unknown&gt;
E       #15 0x645561229528 &lt;unknown&gt;
E       #16 0x645561229723 &lt;unknown&gt;
E       #17 0x64556123a0e4 &lt;unknown&gt;
E       #18 0x780f2a103134 &lt;unknown&gt;

/usr/local/lib/python3.9/site-packages/selenium/webdriver/remote/errorhandler.py:229: NoSuchElementException</failure></testcase><testcase classname="test_stroke_federation.TestStrokeMIP" name="test_login_and_accept_terms[https://stroke.hbpmip.link/]" time="23.277"><failure message="selenium.common.exceptions.NoSuchElementException: Message: no such element: Unable to locate element: {&quot;method&quot;:&quot;xpath&quot;,&quot;selector&quot;:&quot;//button[. = 'Login']&quot;}&#10;  (Session info: chrome-headless-shell=122.0.6261.128); For documentation on this error, please visit: https://www.selenium.dev/documentation/webdriver/troubleshooting/errors#no-such-element-exception&#10;Stacktrace:&#10;#0 0x5e71f6009f33 &lt;unknown&gt;&#10;#1 0x5e71f5d01ce6 &lt;unknown&gt;&#10;#2 0x5e71f5d4ce48 &lt;unknown&gt;&#10;#3 0x5e71f5d4cf01 &lt;unknown&gt;&#10;#4 0x5e71f5d903f4 &lt;unknown&gt;&#10;#5 0x5e71f5d6eedd &lt;unknown&gt;&#10;#6 0x5e71f5d8d899 &lt;unknown&gt;&#10;#7 0x5e71f5d6ec53 &lt;unknown&gt;&#10;#8 0x5e71f5d3fdb3 &lt;unknown&gt;&#10;#9 0x5e71f5d4077e &lt;unknown&gt;&#10;#10 0x5e71f5fcf86b &lt;unknown&gt;&#10;#11 0x5e71f5fd3885 &lt;unknown&gt;&#10;#12 0x5e71f5fbd181 &lt;unknown&gt;&#10;#13 0x5e71f5fd4412 &lt;unknown&gt;&#10;#14 0x5e71f5fa125f &lt;unknown&gt;&#10;#15 0x5e71f5ff8528 &lt;unknown&gt;&#10;#16 0x5e71f5ff8723 &lt;unknown&gt;&#10;#17 0x5e71f60090e4 &lt;unknown&gt;&#10;#18 0x7e853df0f134 &lt;unknown&gt;">self = &lt;test_stroke_federation.TestStrokeMIP object at 0x76bc8de83a60&gt;

    def test_login_and_accept_terms(self):
        """Test login and accept terms on the Stroke (FERES) MIP."""
&gt;       super().test_login_and_accept_terms()

test_stroke_federation.py:26: 
_ _ _ _ _ _ _ _ _ _ _ _ _ _ _ _ _ _ _ _ _ _ _ _ _ _ _ _ _ _ _ _ _ _ _ _ _ _ _ _ 
basetest.py:14: in test_login_and_accept_terms
    login = selenium_driver.find_element(By.XPATH, "//button[. = 'Login']")
/usr/local/lib/python3.9/site-packages/selenium/webdriver/remote/webdriver.py:739: in find_element
    return self.execute(Command.FIND_ELEMENT, {"using": by, "value": value})["value"]
/usr/local/lib/python3.9/site-packages/selenium/webdriver/remote/webdriver.py:345: in execute
    self.error_handler.check_response(response)
_ _ _ _ _ _ _ _ _ _ _ _ _ _ _ _ _ _ _ _ _ _ _ _ _ _ _ _ _ _ _ _ _ _ _ _ _ _ _ _ 

self = &lt;selenium.webdriver.remote.errorhandler.ErrorHandler object at 0x76bc8cdf9f10&gt;
response = {'status': 404, 'value': '{"value":{"error":"no such element","message":"no such element: Unable to locate element: {\...\\n#16 0x5e71f5ff8723 \\u003Cunknown&gt;\\n#17 0x5e71f60090e4 \\u003Cunknown&gt;\\n#18 0x7e853df0f134 \\u003Cunknown&gt;\\n"}}'}

    def check_response(self, response: Dict[str, Any]) -&gt; None:
        """Checks that a JSON response from the WebDriver does not have an
        error.
    
        :Args:
         - response - The JSON response from the WebDriver server as a dictionary
           object.
    
        :Raises: If the response contains an error message.
        """
        status = response.get("status", None)
        if not status or status == ErrorCode.SUCCESS:
            return
        value = None
        message = response.get("message", "")
        screen: str = response.get("screen", "")
        stacktrace = None
        if isinstance(status, int):
            value_json = response.get("value", None)
            if value_json and isinstance(value_json, str):
                import json
    
                try:
                    value = json.loads(value_json)
                    if len(value) == 1:
                        value = value["value"]
                    status = value.get("error", None)
                    if not status:
                        status = value.get("status", ErrorCode.UNKNOWN_ERROR)
                        message = value.get("value") or value.get("message")
                        if not isinstance(message, str):
                            value = message
                            message = message.get("message")
                    else:
                        message = value.get("message", None)
                except ValueError:
                    pass
    
        exception_class: Type[WebDriverException]
        e = ErrorCode()
        error_codes = [item for item in dir(e) if not item.startswith("__")]
        for error_code in error_codes:
            error_info = getattr(ErrorCode, error_code)
            if isinstance(error_info, list) and status in error_info:
                exception_class = getattr(ExceptionMapping, error_code, WebDriverException)
                break
        else:
            exception_class = WebDriverException
    
        if not value:
            value = response["value"]
        if isinstance(value, str):
            raise exception_class(value)
        if message == "" and "message" in value:
            message = value["message"]
    
        screen = None  # type: ignore[assignment]
        if "screen" in value:
            screen = value["screen"]
    
        stacktrace = None
        st_value = value.get("stackTrace") or value.get("stacktrace")
        if st_value:
            if isinstance(st_value, str):
                stacktrace = st_value.split("\n")
            else:
                stacktrace = []
                try:
                    for frame in st_value:
                        line = frame.get("lineNumber", "")
                        file = frame.get("fileName", "&lt;anonymous&gt;")
                        if line:
                            file = f"{file}:{line}"
                        meth = frame.get("methodName", "&lt;anonymous&gt;")
                        if "className" in frame:
                            meth = f"{frame['className']}.{meth}"
                        msg = "    at %s (%s)"
                        msg = msg % (meth, file)
                        stacktrace.append(msg)
                except TypeError:
                    pass
        if exception_class == UnexpectedAlertPresentException:
            alert_text = None
            if "data" in value:
                alert_text = value["data"].get("text")
            elif "alert" in value:
                alert_text = value["alert"].get("text")
            raise exception_class(message, screen, stacktrace, alert_text)  # type: ignore[call-arg]  # mypy is not smart enough here
&gt;       raise exception_class(message, screen, stacktrace)
E       selenium.common.exceptions.NoSuchElementException: Message: no such element: Unable to locate element: {"method":"xpath","selector":"//button[. = 'Login']"}
E         (Session info: chrome-headless-shell=122.0.6261.128); For documentation on this error, please visit: https://www.selenium.dev/documentation/webdriver/troubleshooting/errors#no-such-element-exception
E       Stacktrace:
E       #0 0x5e71f6009f33 &lt;unknown&gt;
E       #1 0x5e71f5d01ce6 &lt;unknown&gt;
E       #2 0x5e71f5d4ce48 &lt;unknown&gt;
E       #3 0x5e71f5d4cf01 &lt;unknown&gt;
E       #4 0x5e71f5d903f4 &lt;unknown&gt;
E       #5 0x5e71f5d6eedd &lt;unknown&gt;
E       #6 0x5e71f5d8d899 &lt;unknown&gt;
E       #7 0x5e71f5d6ec53 &lt;unknown&gt;
E       #8 0x5e71f5d3fdb3 &lt;unknown&gt;
E       #9 0x5e71f5d4077e &lt;unknown&gt;
E       #10 0x5e71f5fcf86b &lt;unknown&gt;
E       #11 0x5e71f5fd3885 &lt;unknown&gt;
E       #12 0x5e71f5fbd181 &lt;unknown&gt;
E       #13 0x5e71f5fd4412 &lt;unknown&gt;
E       #14 0x5e71f5fa125f &lt;unknown&gt;
E       #15 0x5e71f5ff8528 &lt;unknown&gt;
E       #16 0x5e71f5ff8723 &lt;unknown&gt;
E       #17 0x5e71f60090e4 &lt;unknown&gt;
E       #18 0x7e853df0f134 &lt;unknown&gt;

/usr/local/lib/python3.9/site-packages/selenium/webdriver/remote/errorhandler.py:229: NoSuchElementException</failure></testcase><testcase classname="test_stroke_federation.TestStrokeMIP" name="test_data[https://stroke.hbpmip.link/]" time="20.073"><failure message="selenium.common.exceptions.NoSuchElementException: Message: no such element: Unable to locate element: {&quot;method&quot;:&quot;css selector&quot;,&quot;selector&quot;:&quot;#dropdown-basic&quot;}&#10;  (Session info: chrome-headless-shell=122.0.6261.128); For documentation on this error, please visit: https://www.selenium.dev/documentation/webdriver/troubleshooting/errors#no-such-element-exception&#10;Stacktrace:&#10;#0 0x5e71f6009f33 &lt;unknown&gt;&#10;#1 0x5e71f5d01ce6 &lt;unknown&gt;&#10;#2 0x5e71f5d4ce48 &lt;unknown&gt;&#10;#3 0x5e71f5d4cf01 &lt;unknown&gt;&#10;#4 0x5e71f5d903f4 &lt;unknown&gt;&#10;#5 0x5e71f5d6eedd &lt;unknown&gt;&#10;#6 0x5e71f5d8d899 &lt;unknown&gt;&#10;#7 0x5e71f5d6ec53 &lt;unknown&gt;&#10;#8 0x5e71f5d3fdb3 &lt;unknown&gt;&#10;#9 0x5e71f5d4077e &lt;unknown&gt;&#10;#10 0x5e71f5fcf86b &lt;unknown&gt;&#10;#11 0x5e71f5fd3885 &lt;unknown&gt;&#10;#12 0x5e71f5fbd181 &lt;unknown&gt;&#10;#13 0x5e71f5fd4412 &lt;unknown&gt;&#10;#14 0x5e71f5fa125f &lt;unknown&gt;&#10;#15 0x5e71f5ff8528 &lt;unknown&gt;&#10;#16 0x5e71f5ff8723 &lt;unknown&gt;&#10;#17 0x5e71f60090e4 &lt;unknown&gt;&#10;#18 0x7e853df0f134 &lt;unknown&gt;">self = &lt;test_stroke_federation.TestStrokeMIP object at 0x76bc8de83940&gt;

    def test_data(self):
        """Integration tests (data) of the Stroke (FERES) MIP."""
        selenium_driver = self.driver
    
        # 1. Click 'Datasets'
&gt;       datasets = selenium_driver.find_element(By.CSS_SELECTOR, "#dropdown-basic")

test_stroke_federation.py:33: 
_ _ _ _ _ _ _ _ _ _ _ _ _ _ _ _ _ _ _ _ _ _ _ _ _ _ _ _ _ _ _ _ _ _ _ _ _ _ _ _ 
/usr/local/lib/python3.9/site-packages/selenium/webdriver/remote/webdriver.py:739: in find_element
    return self.execute(Command.FIND_ELEMENT, {"using": by, "value": value})["value"]
/usr/local/lib/python3.9/site-packages/selenium/webdriver/remote/webdriver.py:345: in execute
    self.error_handler.check_response(response)
_ _ _ _ _ _ _ _ _ _ _ _ _ _ _ _ _ _ _ _ _ _ _ _ _ _ _ _ _ _ _ _ _ _ _ _ _ _ _ _ 

self = &lt;selenium.webdriver.remote.errorhandler.ErrorHandler object at 0x76bc8cdf9f10&gt;
response = {'status': 404, 'value': '{"value":{"error":"no such element","message":"no such element: Unable to locate element: {\...\\n#16 0x5e71f5ff8723 \\u003Cunknown&gt;\\n#17 0x5e71f60090e4 \\u003Cunknown&gt;\\n#18 0x7e853df0f134 \\u003Cunknown&gt;\\n"}}'}

    def check_response(self, response: Dict[str, Any]) -&gt; None:
        """Checks that a JSON response from the WebDriver does not have an
        error.
    
        :Args:
         - response - The JSON response from the WebDriver server as a dictionary
           object.
    
        :Raises: If the response contains an error message.
        """
        status = response.get("status", None)
        if not status or status == ErrorCode.SUCCESS:
            return
        value = None
        message = response.get("message", "")
        screen: str = response.get("screen", "")
        stacktrace = None
        if isinstance(status, int):
            value_json = response.get("value", None)
            if value_json and isinstance(value_json, str):
                import json
    
                try:
                    value = json.loads(value_json)
                    if len(value) == 1:
                        value = value["value"]
                    status = value.get("error", None)
                    if not status:
                        status = value.get("status", ErrorCode.UNKNOWN_ERROR)
                        message = value.get("value") or value.get("message")
                        if not isinstance(message, str):
                            value = message
                            message = message.get("message")
                    else:
                        message = value.get("message", None)
                except ValueError:
                    pass
    
        exception_class: Type[WebDriverException]
        e = ErrorCode()
        error_codes = [item for item in dir(e) if not item.startswith("__")]
        for error_code in error_codes:
            error_info = getattr(ErrorCode, error_code)
            if isinstance(error_info, list) and status in error_info:
                exception_class = getattr(ExceptionMapping, error_code, WebDriverException)
                break
        else:
            exception_class = WebDriverException
    
        if not value:
            value = response["value"]
        if isinstance(value, str):
            raise exception_class(value)
        if message == "" and "message" in value:
            message = value["message"]
    
        screen = None  # type: ignore[assignment]
        if "screen" in value:
            screen = value["screen"]
    
        stacktrace = None
        st_value = value.get("stackTrace") or value.get("stacktrace")
        if st_value:
            if isinstance(st_value, str):
                stacktrace = st_value.split("\n")
            else:
                stacktrace = []
                try:
                    for frame in st_value:
                        line = frame.get("lineNumber", "")
                        file = frame.get("fileName", "&lt;anonymous&gt;")
                        if line:
                            file = f"{file}:{line}"
                        meth = frame.get("methodName", "&lt;anonymous&gt;")
                        if "className" in frame:
                            meth = f"{frame['className']}.{meth}"
                        msg = "    at %s (%s)"
                        msg = msg % (meth, file)
                        stacktrace.append(msg)
                except TypeError:
                    pass
        if exception_class == UnexpectedAlertPresentException:
            alert_text = None
            if "data" in value:
                alert_text = value["data"].get("text")
            elif "alert" in value:
                alert_text = value["alert"].get("text")
            raise exception_class(message, screen, stacktrace, alert_text)  # type: ignore[call-arg]  # mypy is not smart enough here
&gt;       raise exception_class(message, screen, stacktrace)
E       selenium.common.exceptions.NoSuchElementException: Message: no such element: Unable to locate element: {"method":"css selector","selector":"#dropdown-basic"}
E         (Session info: chrome-headless-shell=122.0.6261.128); For documentation on this error, please visit: https://www.selenium.dev/documentation/webdriver/troubleshooting/errors#no-such-element-exception
E       Stacktrace:
E       #0 0x5e71f6009f33 &lt;unknown&gt;
E       #1 0x5e71f5d01ce6 &lt;unknown&gt;
E       #2 0x5e71f5d4ce48 &lt;unknown&gt;
E       #3 0x5e71f5d4cf01 &lt;unknown&gt;
E       #4 0x5e71f5d903f4 &lt;unknown&gt;
E       #5 0x5e71f5d6eedd &lt;unknown&gt;
E       #6 0x5e71f5d8d899 &lt;unknown&gt;
E       #7 0x5e71f5d6ec53 &lt;unknown&gt;
E       #8 0x5e71f5d3fdb3 &lt;unknown&gt;
E       #9 0x5e71f5d4077e &lt;unknown&gt;
E       #10 0x5e71f5fcf86b &lt;unknown&gt;
E       #11 0x5e71f5fd3885 &lt;unknown&gt;
E       #12 0x5e71f5fbd181 &lt;unknown&gt;
E       #13 0x5e71f5fd4412 &lt;unknown&gt;
E       #14 0x5e71f5fa125f &lt;unknown&gt;
E       #15 0x5e71f5ff8528 &lt;unknown&gt;
E       #16 0x5e71f5ff8723 &lt;unknown&gt;
E       #17 0x5e71f60090e4 &lt;unknown&gt;
E       #18 0x7e853df0f134 &lt;unknown&gt;

/usr/local/lib/python3.9/site-packages/selenium/webdriver/remote/errorhandler.py:229: NoSuchElementException</failure></testcase></testsuite></testsuites>