<?xml version="1.0" encoding="utf-8"?><testsuites><testsuite name="pytest" errors="0" failures="2" skipped="0" tests="6" time="166.562" timestamp="2024-01-28T06:59:48.166129" hostname="176a15c08c07"><testcase classname="test_public_mip.TestPublicMIP" name="test_login_and_accept_terms[https://hbpmip.link/]" time="29.831" /><testcase classname="test_public_mip.TestPublicMIP" name="test_data[https://hbpmip.link/]" time="23.951"><failure message="selenium.common.exceptions.NoSuchElementException: Message: no such element: Unable to locate element: {&quot;method&quot;:&quot;xpath&quot;,&quot;selector&quot;:&quot;//*[name()='circle'][. = 'Left opercular part of the inferior frontal gyrus&#10;']&quot;}&#10;  (Session info: chrome-headless-shell=120.0.6099.224); For documentation on this error, please visit: https://www.selenium.dev/documentation/webdriver/troubleshooting/errors#no-such-element-exception&#10;Stacktrace:&#10;#0 0x56010b1c8f83 &lt;unknown&gt;&#10;#1 0x56010ae81cf7 &lt;unknown&gt;&#10;#2 0x56010aed199e &lt;unknown&gt;&#10;#3 0x56010aed1aa1 &lt;unknown&gt;&#10;#4 0x56010af1cd64 &lt;unknown&gt;&#10;#5 0x56010aefb0dd &lt;unknown&gt;&#10;#6 0x56010af1a006 &lt;unknown&gt;&#10;#7 0x56010aefae53 &lt;unknown&gt;&#10;#8 0x56010aec2dd4 &lt;unknown&gt;&#10;#9 0x56010aec41de &lt;unknown&gt;&#10;#10 0x56010b18d531 &lt;unknown&gt;&#10;#11 0x56010b191455 &lt;unknown&gt;&#10;#12 0x56010b179f55 &lt;unknown&gt;&#10;#13 0x56010b1920ef &lt;unknown&gt;&#10;#14 0x56010b15d99f &lt;unknown&gt;&#10;#15 0x56010b1b6008 &lt;unknown&gt;&#10;#16 0x56010b1b61d7 &lt;unknown&gt;&#10;#17 0x56010b1c8124 &lt;unknown&gt;&#10;#18 0x7ff530406044 &lt;unknown&gt;">self = &lt;test_public_mip.TestPublicMIP object at 0x7f7194a96a00&gt;

    def test_data(self):
        """Integration tests (data) of the public MIP."""
&gt;       super().test_data()

test_public_mip.py:24: 
_ _ _ _ _ _ _ _ _ _ _ _ _ _ _ _ _ _ _ _ _ _ _ _ _ _ _ _ _ _ _ _ _ _ _ _ _ _ _ _ 
basetest.py:106: in test_data
    left_opercular_part_of_the_inferior_f_ = selenium_driver.find_element(
/usr/local/lib/python3.9/site-packages/selenium/webdriver/remote/webdriver.py:739: in find_element
    return self.execute(Command.FIND_ELEMENT, {"using": by, "value": value})["value"]
/usr/local/lib/python3.9/site-packages/selenium/webdriver/remote/webdriver.py:345: in execute
    self.error_handler.check_response(response)
_ _ _ _ _ _ _ _ _ _ _ _ _ _ _ _ _ _ _ _ _ _ _ _ _ _ _ _ _ _ _ _ _ _ _ _ _ _ _ _ 

self = &lt;selenium.webdriver.remote.errorhandler.ErrorHandler object at 0x7f7194a96880&gt;
response = {'status': 404, 'value': '{"value":{"error":"no such element","message":"no such element: Unable to locate element: {\...\\n#16 0x56010b1b61d7 \\u003Cunknown&gt;\\n#17 0x56010b1c8124 \\u003Cunknown&gt;\\n#18 0x7ff530406044 \\u003Cunknown&gt;\\n"}}'}

    def check_response(self, response: Dict[str, Any]) -&gt; None:
        """Checks that a JSON response from the WebDriver does not have an
        error.
    
        :Args:
         - response - The JSON response from the WebDriver server as a dictionary
           object.
    
        :Raises: If the response contains an error message.
        """
        status = response.get("status", None)
        if not status or status == ErrorCode.SUCCESS:
            return
        value = None
        message = response.get("message", "")
        screen: str = response.get("screen", "")
        stacktrace = None
        if isinstance(status, int):
            value_json = response.get("value", None)
            if value_json and isinstance(value_json, str):
                import json
    
                try:
                    value = json.loads(value_json)
                    if len(value) == 1:
                        value = value["value"]
                    status = value.get("error", None)
                    if not status:
                        status = value.get("status", ErrorCode.UNKNOWN_ERROR)
                        message = value.get("value") or value.get("message")
                        if not isinstance(message, str):
                            value = message
                            message = message.get("message")
                    else:
                        message = value.get("message", None)
                except ValueError:
                    pass
    
        exception_class: Type[WebDriverException]
        e = ErrorCode()
        error_codes = [item for item in dir(e) if not item.startswith("__")]
        for error_code in error_codes:
            error_info = getattr(ErrorCode, error_code)
            if isinstance(error_info, list) and status in error_info:
                exception_class = getattr(ExceptionMapping, error_code, WebDriverException)
                break
        else:
            exception_class = WebDriverException
    
        if not value:
            value = response["value"]
        if isinstance(value, str):
            raise exception_class(value)
        if message == "" and "message" in value:
            message = value["message"]
    
        screen = None  # type: ignore[assignment]
        if "screen" in value:
            screen = value["screen"]
    
        stacktrace = None
        st_value = value.get("stackTrace") or value.get("stacktrace")
        if st_value:
            if isinstance(st_value, str):
                stacktrace = st_value.split("\n")
            else:
                stacktrace = []
                try:
                    for frame in st_value:
                        line = frame.get("lineNumber", "")
                        file = frame.get("fileName", "&lt;anonymous&gt;")
                        if line:
                            file = f"{file}:{line}"
                        meth = frame.get("methodName", "&lt;anonymous&gt;")
                        if "className" in frame:
                            meth = f"{frame['className']}.{meth}"
                        msg = "    at %s (%s)"
                        msg = msg % (meth, file)
                        stacktrace.append(msg)
                except TypeError:
                    pass
        if exception_class == UnexpectedAlertPresentException:
            alert_text = None
            if "data" in value:
                alert_text = value["data"].get("text")
            elif "alert" in value:
                alert_text = value["alert"].get("text")
            raise exception_class(message, screen, stacktrace, alert_text)  # type: ignore[call-arg]  # mypy is not smart enough here
&gt;       raise exception_class(message, screen, stacktrace)
E       selenium.common.exceptions.NoSuchElementException: Message: no such element: Unable to locate element: {"method":"xpath","selector":"//*[name()='circle'][. = 'Left opercular part of the inferior frontal gyrus
E       ']"}
E         (Session info: chrome-headless-shell=120.0.6099.224); For documentation on this error, please visit: https://www.selenium.dev/documentation/webdriver/troubleshooting/errors#no-such-element-exception
E       Stacktrace:
E       #0 0x56010b1c8f83 &lt;unknown&gt;
E       #1 0x56010ae81cf7 &lt;unknown&gt;
E       #2 0x56010aed199e &lt;unknown&gt;
E       #3 0x56010aed1aa1 &lt;unknown&gt;
E       #4 0x56010af1cd64 &lt;unknown&gt;
E       #5 0x56010aefb0dd &lt;unknown&gt;
E       #6 0x56010af1a006 &lt;unknown&gt;
E       #7 0x56010aefae53 &lt;unknown&gt;
E       #8 0x56010aec2dd4 &lt;unknown&gt;
E       #9 0x56010aec41de &lt;unknown&gt;
E       #10 0x56010b18d531 &lt;unknown&gt;
E       #11 0x56010b191455 &lt;unknown&gt;
E       #12 0x56010b179f55 &lt;unknown&gt;
E       #13 0x56010b1920ef &lt;unknown&gt;
E       #14 0x56010b15d99f &lt;unknown&gt;
E       #15 0x56010b1b6008 &lt;unknown&gt;
E       #16 0x56010b1b61d7 &lt;unknown&gt;
E       #17 0x56010b1c8124 &lt;unknown&gt;
E       #18 0x7ff530406044 &lt;unknown&gt;

/usr/local/lib/python3.9/site-packages/selenium/webdriver/remote/errorhandler.py:229: NoSuchElementException</failure></testcase><testcase classname="test_qa_federation.TestMIPQAFederation" name="test_login_and_accept_terms[https://qa.hbpmip.link/]" time="26.645" /><testcase classname="test_qa_federation.TestMIPQAFederation" name="test_data[https://qa.hbpmip.link/]" time="23.630"><failure message="selenium.common.exceptions.NoSuchElementException: Message: no such element: Unable to locate element: {&quot;method&quot;:&quot;css selector&quot;,&quot;selector&quot;:&quot;#default-synth_mh_wk3&quot;}&#10;  (Session info: chrome-headless-shell=120.0.6099.224); For documentation on this error, please visit: https://www.selenium.dev/documentation/webdriver/troubleshooting/errors#no-such-element-exception&#10;Stacktrace:&#10;#0 0x556d98cf3f83 &lt;unknown&gt;&#10;#1 0x556d989accf7 &lt;unknown&gt;&#10;#2 0x556d989fc99e &lt;unknown&gt;&#10;#3 0x556d989fcaa1 &lt;unknown&gt;&#10;#4 0x556d98a47d64 &lt;unknown&gt;&#10;#5 0x556d98a260dd &lt;unknown&gt;&#10;#6 0x556d98a45006 &lt;unknown&gt;&#10;#7 0x556d98a25e53 &lt;unknown&gt;&#10;#8 0x556d989eddd4 &lt;unknown&gt;&#10;#9 0x556d989ef1de &lt;unknown&gt;&#10;#10 0x556d98cb8531 &lt;unknown&gt;&#10;#11 0x556d98cbc455 &lt;unknown&gt;&#10;#12 0x556d98ca4f55 &lt;unknown&gt;&#10;#13 0x556d98cbd0ef &lt;unknown&gt;&#10;#14 0x556d98c8899f &lt;unknown&gt;&#10;#15 0x556d98ce1008 &lt;unknown&gt;&#10;#16 0x556d98ce11d7 &lt;unknown&gt;&#10;#17 0x556d98cf3124 &lt;unknown&gt;&#10;#18 0x7fe09a284044 &lt;unknown&gt;">self = &lt;test_qa_federation.TestMIPQAFederation object at 0x7f7194ab3970&gt;

    def test_data(self):
        """Integration tests (data) of the MIP QA Federation."""
&gt;       super().test_data()

test_qa_federation.py:24: 
_ _ _ _ _ _ _ _ _ _ _ _ _ _ _ _ _ _ _ _ _ _ _ _ _ _ _ _ _ _ _ _ _ _ _ _ _ _ _ _ 
basetest.py:88: in test_data
    default_synth_mh_wk3 = selenium_driver.find_element(
/usr/local/lib/python3.9/site-packages/selenium/webdriver/remote/webdriver.py:739: in find_element
    return self.execute(Command.FIND_ELEMENT, {"using": by, "value": value})["value"]
/usr/local/lib/python3.9/site-packages/selenium/webdriver/remote/webdriver.py:345: in execute
    self.error_handler.check_response(response)
_ _ _ _ _ _ _ _ _ _ _ _ _ _ _ _ _ _ _ _ _ _ _ _ _ _ _ _ _ _ _ _ _ _ _ _ _ _ _ _ 

self = &lt;selenium.webdriver.remote.errorhandler.ErrorHandler object at 0x7f7195b3f9a0&gt;
response = {'status': 404, 'value': '{"value":{"error":"no such element","message":"no such element: Unable to locate element: {\...\\n#16 0x556d98ce11d7 \\u003Cunknown&gt;\\n#17 0x556d98cf3124 \\u003Cunknown&gt;\\n#18 0x7fe09a284044 \\u003Cunknown&gt;\\n"}}'}

    def check_response(self, response: Dict[str, Any]) -&gt; None:
        """Checks that a JSON response from the WebDriver does not have an
        error.
    
        :Args:
         - response - The JSON response from the WebDriver server as a dictionary
           object.
    
        :Raises: If the response contains an error message.
        """
        status = response.get("status", None)
        if not status or status == ErrorCode.SUCCESS:
            return
        value = None
        message = response.get("message", "")
        screen: str = response.get("screen", "")
        stacktrace = None
        if isinstance(status, int):
            value_json = response.get("value", None)
            if value_json and isinstance(value_json, str):
                import json
    
                try:
                    value = json.loads(value_json)
                    if len(value) == 1:
                        value = value["value"]
                    status = value.get("error", None)
                    if not status:
                        status = value.get("status", ErrorCode.UNKNOWN_ERROR)
                        message = value.get("value") or value.get("message")
                        if not isinstance(message, str):
                            value = message
                            message = message.get("message")
                    else:
                        message = value.get("message", None)
                except ValueError:
                    pass
    
        exception_class: Type[WebDriverException]
        e = ErrorCode()
        error_codes = [item for item in dir(e) if not item.startswith("__")]
        for error_code in error_codes:
            error_info = getattr(ErrorCode, error_code)
            if isinstance(error_info, list) and status in error_info:
                exception_class = getattr(ExceptionMapping, error_code, WebDriverException)
                break
        else:
            exception_class = WebDriverException
    
        if not value:
            value = response["value"]
        if isinstance(value, str):
            raise exception_class(value)
        if message == "" and "message" in value:
            message = value["message"]
    
        screen = None  # type: ignore[assignment]
        if "screen" in value:
            screen = value["screen"]
    
        stacktrace = None
        st_value = value.get("stackTrace") or value.get("stacktrace")
        if st_value:
            if isinstance(st_value, str):
                stacktrace = st_value.split("\n")
            else:
                stacktrace = []
                try:
                    for frame in st_value:
                        line = frame.get("lineNumber", "")
                        file = frame.get("fileName", "&lt;anonymous&gt;")
                        if line:
                            file = f"{file}:{line}"
                        meth = frame.get("methodName", "&lt;anonymous&gt;")
                        if "className" in frame:
                            meth = f"{frame['className']}.{meth}"
                        msg = "    at %s (%s)"
                        msg = msg % (meth, file)
                        stacktrace.append(msg)
                except TypeError:
                    pass
        if exception_class == UnexpectedAlertPresentException:
            alert_text = None
            if "data" in value:
                alert_text = value["data"].get("text")
            elif "alert" in value:
                alert_text = value["alert"].get("text")
            raise exception_class(message, screen, stacktrace, alert_text)  # type: ignore[call-arg]  # mypy is not smart enough here
&gt;       raise exception_class(message, screen, stacktrace)
E       selenium.common.exceptions.NoSuchElementException: Message: no such element: Unable to locate element: {"method":"css selector","selector":"#default-synth_mh_wk3"}
E         (Session info: chrome-headless-shell=120.0.6099.224); For documentation on this error, please visit: https://www.selenium.dev/documentation/webdriver/troubleshooting/errors#no-such-element-exception
E       Stacktrace:
E       #0 0x556d98cf3f83 &lt;unknown&gt;
E       #1 0x556d989accf7 &lt;unknown&gt;
E       #2 0x556d989fc99e &lt;unknown&gt;
E       #3 0x556d989fcaa1 &lt;unknown&gt;
E       #4 0x556d98a47d64 &lt;unknown&gt;
E       #5 0x556d98a260dd &lt;unknown&gt;
E       #6 0x556d98a45006 &lt;unknown&gt;
E       #7 0x556d98a25e53 &lt;unknown&gt;
E       #8 0x556d989eddd4 &lt;unknown&gt;
E       #9 0x556d989ef1de &lt;unknown&gt;
E       #10 0x556d98cb8531 &lt;unknown&gt;
E       #11 0x556d98cbc455 &lt;unknown&gt;
E       #12 0x556d98ca4f55 &lt;unknown&gt;
E       #13 0x556d98cbd0ef &lt;unknown&gt;
E       #14 0x556d98c8899f &lt;unknown&gt;
E       #15 0x556d98ce1008 &lt;unknown&gt;
E       #16 0x556d98ce11d7 &lt;unknown&gt;
E       #17 0x556d98cf3124 &lt;unknown&gt;
E       #18 0x7fe09a284044 &lt;unknown&gt;

/usr/local/lib/python3.9/site-packages/selenium/webdriver/remote/errorhandler.py:229: NoSuchElementException</failure></testcase><testcase classname="test_stroke_federation.TestStrokeMIP" name="test_login_and_accept_terms[https://stroke.hbpmip.link/]" time="26.747" /><testcase classname="test_stroke_federation.TestStrokeMIP" name="test_data[https://stroke.hbpmip.link/]" time="35.221" /></testsuite></testsuites>