<?xml version="1.0" encoding="utf-8"?><testsuites><testsuite name="pytest" errors="0" failures="2" skipped="0" tests="6" time="164.144" timestamp="2023-11-26T06:59:56.350363" hostname="003a9dfe5cee"><testcase classname="test_public_mip.TestPublicMIP" name="test_login_and_accept_terms[https://hbpmip.link/]" time="27.339" /><testcase classname="test_public_mip.TestPublicMIP" name="test_data[https://hbpmip.link/]" time="24.033"><failure message="selenium.common.exceptions.NoSuchElementException: Message: no such element: Unable to locate element: {&quot;method&quot;:&quot;xpath&quot;,&quot;selector&quot;:&quot;//*[name()='circle'][. = 'Left opercular part of the inferior frontal gyrus&#10;']&quot;}&#10;  (Session info: headless chrome=119.0.6045.159); For documentation on this error, please visit: https://www.selenium.dev/documentation/webdriver/troubleshooting/errors#no-such-element-exception&#10;Stacktrace:&#10;#0 0x5635871a75e3 &lt;unknown&gt;&#10;#1 0x563586e6a0b7 &lt;unknown&gt;&#10;#2 0x563586eb7f53 &lt;unknown&gt;&#10;#3 0x563586eb8051 &lt;unknown&gt;&#10;#4 0x563586efd9c4 &lt;unknown&gt;&#10;#5 0x563586edef1d &lt;unknown&gt;&#10;#6 0x563586efab3d &lt;unknown&gt;&#10;#7 0x563586edecc3 &lt;unknown&gt;&#10;#8 0x563586eaa0e4 &lt;unknown&gt;&#10;#9 0x563586eab0ae &lt;unknown&gt;&#10;#10 0x56358716dce1 &lt;unknown&gt;&#10;#11 0x563587171b7e &lt;unknown&gt;&#10;#12 0x56358715b4b5 &lt;unknown&gt;&#10;#13 0x5635871727d6 &lt;unknown&gt;&#10;#14 0x56358713edbf &lt;unknown&gt;&#10;#15 0x563587195748 &lt;unknown&gt;&#10;#16 0x563587195917 &lt;unknown&gt;&#10;#17 0x5635871a6773 &lt;unknown&gt;&#10;#18 0x7ff74bda5044 &lt;unknown&gt;">self = &lt;test_public_mip.TestPublicMIP object at 0x7f23ec43faf0&gt;

    def test_data(self):
        """Integration tests (data) of the public MIP."""
&gt;       super().test_data()

test_public_mip.py:24: 
_ _ _ _ _ _ _ _ _ _ _ _ _ _ _ _ _ _ _ _ _ _ _ _ _ _ _ _ _ _ _ _ _ _ _ _ _ _ _ _ 
basetest.py:106: in test_data
    left_opercular_part_of_the_inferior_f_ = selenium_driver.find_element(
/usr/local/lib/python3.9/site-packages/selenium/webdriver/remote/webdriver.py:739: in find_element
    return self.execute(Command.FIND_ELEMENT, {"using": by, "value": value})["value"]
/usr/local/lib/python3.9/site-packages/selenium/webdriver/remote/webdriver.py:345: in execute
    self.error_handler.check_response(response)
_ _ _ _ _ _ _ _ _ _ _ _ _ _ _ _ _ _ _ _ _ _ _ _ _ _ _ _ _ _ _ _ _ _ _ _ _ _ _ _ 

self = &lt;selenium.webdriver.remote.errorhandler.ErrorHandler object at 0x7f23ec43ffd0&gt;
response = {'status': 404, 'value': '{"value":{"error":"no such element","message":"no such element: Unable to locate element: {\...\\n#16 0x563587195917 \\u003Cunknown&gt;\\n#17 0x5635871a6773 \\u003Cunknown&gt;\\n#18 0x7ff74bda5044 \\u003Cunknown&gt;\\n"}}'}

    def check_response(self, response: Dict[str, Any]) -&gt; None:
        """Checks that a JSON response from the WebDriver does not have an
        error.
    
        :Args:
         - response - The JSON response from the WebDriver server as a dictionary
           object.
    
        :Raises: If the response contains an error message.
        """
        status = response.get("status", None)
        if not status or status == ErrorCode.SUCCESS:
            return
        value = None
        message = response.get("message", "")
        screen: str = response.get("screen", "")
        stacktrace = None
        if isinstance(status, int):
            value_json = response.get("value", None)
            if value_json and isinstance(value_json, str):
                import json
    
                try:
                    value = json.loads(value_json)
                    if len(value) == 1:
                        value = value["value"]
                    status = value.get("error", None)
                    if not status:
                        status = value.get("status", ErrorCode.UNKNOWN_ERROR)
                        message = value.get("value") or value.get("message")
                        if not isinstance(message, str):
                            value = message
                            message = message.get("message")
                    else:
                        message = value.get("message", None)
                except ValueError:
                    pass
    
        exception_class: Type[WebDriverException]
        e = ErrorCode()
        error_codes = [item for item in dir(e) if not item.startswith("__")]
        for error_code in error_codes:
            error_info = getattr(ErrorCode, error_code)
            if isinstance(error_info, list) and status in error_info:
                exception_class = getattr(ExceptionMapping, error_code, WebDriverException)
                break
        else:
            exception_class = WebDriverException
    
        if not value:
            value = response["value"]
        if isinstance(value, str):
            raise exception_class(value)
        if message == "" and "message" in value:
            message = value["message"]
    
        screen = None  # type: ignore[assignment]
        if "screen" in value:
            screen = value["screen"]
    
        stacktrace = None
        st_value = value.get("stackTrace") or value.get("stacktrace")
        if st_value:
            if isinstance(st_value, str):
                stacktrace = st_value.split("\n")
            else:
                stacktrace = []
                try:
                    for frame in st_value:
                        line = frame.get("lineNumber", "")
                        file = frame.get("fileName", "&lt;anonymous&gt;")
                        if line:
                            file = f"{file}:{line}"
                        meth = frame.get("methodName", "&lt;anonymous&gt;")
                        if "className" in frame:
                            meth = f"{frame['className']}.{meth}"
                        msg = "    at %s (%s)"
                        msg = msg % (meth, file)
                        stacktrace.append(msg)
                except TypeError:
                    pass
        if exception_class == UnexpectedAlertPresentException:
            alert_text = None
            if "data" in value:
                alert_text = value["data"].get("text")
            elif "alert" in value:
                alert_text = value["alert"].get("text")
            raise exception_class(message, screen, stacktrace, alert_text)  # type: ignore[call-arg]  # mypy is not smart enough here
&gt;       raise exception_class(message, screen, stacktrace)
E       selenium.common.exceptions.NoSuchElementException: Message: no such element: Unable to locate element: {"method":"xpath","selector":"//*[name()='circle'][. = 'Left opercular part of the inferior frontal gyrus
E       ']"}
E         (Session info: headless chrome=119.0.6045.159); For documentation on this error, please visit: https://www.selenium.dev/documentation/webdriver/troubleshooting/errors#no-such-element-exception
E       Stacktrace:
E       #0 0x5635871a75e3 &lt;unknown&gt;
E       #1 0x563586e6a0b7 &lt;unknown&gt;
E       #2 0x563586eb7f53 &lt;unknown&gt;
E       #3 0x563586eb8051 &lt;unknown&gt;
E       #4 0x563586efd9c4 &lt;unknown&gt;
E       #5 0x563586edef1d &lt;unknown&gt;
E       #6 0x563586efab3d &lt;unknown&gt;
E       #7 0x563586edecc3 &lt;unknown&gt;
E       #8 0x563586eaa0e4 &lt;unknown&gt;
E       #9 0x563586eab0ae &lt;unknown&gt;
E       #10 0x56358716dce1 &lt;unknown&gt;
E       #11 0x563587171b7e &lt;unknown&gt;
E       #12 0x56358715b4b5 &lt;unknown&gt;
E       #13 0x5635871727d6 &lt;unknown&gt;
E       #14 0x56358713edbf &lt;unknown&gt;
E       #15 0x563587195748 &lt;unknown&gt;
E       #16 0x563587195917 &lt;unknown&gt;
E       #17 0x5635871a6773 &lt;unknown&gt;
E       #18 0x7ff74bda5044 &lt;unknown&gt;

/usr/local/lib/python3.9/site-packages/selenium/webdriver/remote/errorhandler.py:229: NoSuchElementException</failure></testcase><testcase classname="test_qa_federation.TestMIPQAFederation" name="test_login_and_accept_terms[https://qa.hbpmip.link/]" time="26.785" /><testcase classname="test_qa_federation.TestMIPQAFederation" name="test_data[https://qa.hbpmip.link/]" time="23.659"><failure message="selenium.common.exceptions.NoSuchElementException: Message: no such element: Unable to locate element: {&quot;method&quot;:&quot;css selector&quot;,&quot;selector&quot;:&quot;#default-synth_mh_wk3&quot;}&#10;  (Session info: headless chrome=119.0.6045.159); For documentation on this error, please visit: https://www.selenium.dev/documentation/webdriver/troubleshooting/errors#no-such-element-exception&#10;Stacktrace:&#10;#0 0x56009c4ae5e3 &lt;unknown&gt;&#10;#1 0x56009c1710b7 &lt;unknown&gt;&#10;#2 0x56009c1bef53 &lt;unknown&gt;&#10;#3 0x56009c1bf051 &lt;unknown&gt;&#10;#4 0x56009c2049c4 &lt;unknown&gt;&#10;#5 0x56009c1e5f1d &lt;unknown&gt;&#10;#6 0x56009c201b3d &lt;unknown&gt;&#10;#7 0x56009c1e5cc3 &lt;unknown&gt;&#10;#8 0x56009c1b10e4 &lt;unknown&gt;&#10;#9 0x56009c1b20ae &lt;unknown&gt;&#10;#10 0x56009c474ce1 &lt;unknown&gt;&#10;#11 0x56009c478b7e &lt;unknown&gt;&#10;#12 0x56009c4624b5 &lt;unknown&gt;&#10;#13 0x56009c4797d6 &lt;unknown&gt;&#10;#14 0x56009c445dbf &lt;unknown&gt;&#10;#15 0x56009c49c748 &lt;unknown&gt;&#10;#16 0x56009c49c917 &lt;unknown&gt;&#10;#17 0x56009c4ad773 &lt;unknown&gt;&#10;#18 0x7f0a80049044 &lt;unknown&gt;">self = &lt;test_qa_federation.TestMIPQAFederation object at 0x7f23eb41deb0&gt;

    def test_data(self):
        """Integration tests (data) of the MIP QA Federation."""
&gt;       super().test_data()

test_qa_federation.py:24: 
_ _ _ _ _ _ _ _ _ _ _ _ _ _ _ _ _ _ _ _ _ _ _ _ _ _ _ _ _ _ _ _ _ _ _ _ _ _ _ _ 
basetest.py:88: in test_data
    default_synth_mh_wk3 = selenium_driver.find_element(
/usr/local/lib/python3.9/site-packages/selenium/webdriver/remote/webdriver.py:739: in find_element
    return self.execute(Command.FIND_ELEMENT, {"using": by, "value": value})["value"]
/usr/local/lib/python3.9/site-packages/selenium/webdriver/remote/webdriver.py:345: in execute
    self.error_handler.check_response(response)
_ _ _ _ _ _ _ _ _ _ _ _ _ _ _ _ _ _ _ _ _ _ _ _ _ _ _ _ _ _ _ _ _ _ _ _ _ _ _ _ 

self = &lt;selenium.webdriver.remote.errorhandler.ErrorHandler object at 0x7f23ec079c70&gt;
response = {'status': 404, 'value': '{"value":{"error":"no such element","message":"no such element: Unable to locate element: {\...\\n#16 0x56009c49c917 \\u003Cunknown&gt;\\n#17 0x56009c4ad773 \\u003Cunknown&gt;\\n#18 0x7f0a80049044 \\u003Cunknown&gt;\\n"}}'}

    def check_response(self, response: Dict[str, Any]) -&gt; None:
        """Checks that a JSON response from the WebDriver does not have an
        error.
    
        :Args:
         - response - The JSON response from the WebDriver server as a dictionary
           object.
    
        :Raises: If the response contains an error message.
        """
        status = response.get("status", None)
        if not status or status == ErrorCode.SUCCESS:
            return
        value = None
        message = response.get("message", "")
        screen: str = response.get("screen", "")
        stacktrace = None
        if isinstance(status, int):
            value_json = response.get("value", None)
            if value_json and isinstance(value_json, str):
                import json
    
                try:
                    value = json.loads(value_json)
                    if len(value) == 1:
                        value = value["value"]
                    status = value.get("error", None)
                    if not status:
                        status = value.get("status", ErrorCode.UNKNOWN_ERROR)
                        message = value.get("value") or value.get("message")
                        if not isinstance(message, str):
                            value = message
                            message = message.get("message")
                    else:
                        message = value.get("message", None)
                except ValueError:
                    pass
    
        exception_class: Type[WebDriverException]
        e = ErrorCode()
        error_codes = [item for item in dir(e) if not item.startswith("__")]
        for error_code in error_codes:
            error_info = getattr(ErrorCode, error_code)
            if isinstance(error_info, list) and status in error_info:
                exception_class = getattr(ExceptionMapping, error_code, WebDriverException)
                break
        else:
            exception_class = WebDriverException
    
        if not value:
            value = response["value"]
        if isinstance(value, str):
            raise exception_class(value)
        if message == "" and "message" in value:
            message = value["message"]
    
        screen = None  # type: ignore[assignment]
        if "screen" in value:
            screen = value["screen"]
    
        stacktrace = None
        st_value = value.get("stackTrace") or value.get("stacktrace")
        if st_value:
            if isinstance(st_value, str):
                stacktrace = st_value.split("\n")
            else:
                stacktrace = []
                try:
                    for frame in st_value:
                        line = frame.get("lineNumber", "")
                        file = frame.get("fileName", "&lt;anonymous&gt;")
                        if line:
                            file = f"{file}:{line}"
                        meth = frame.get("methodName", "&lt;anonymous&gt;")
                        if "className" in frame:
                            meth = f"{frame['className']}.{meth}"
                        msg = "    at %s (%s)"
                        msg = msg % (meth, file)
                        stacktrace.append(msg)
                except TypeError:
                    pass
        if exception_class == UnexpectedAlertPresentException:
            alert_text = None
            if "data" in value:
                alert_text = value["data"].get("text")
            elif "alert" in value:
                alert_text = value["alert"].get("text")
            raise exception_class(message, screen, stacktrace, alert_text)  # type: ignore[call-arg]  # mypy is not smart enough here
&gt;       raise exception_class(message, screen, stacktrace)
E       selenium.common.exceptions.NoSuchElementException: Message: no such element: Unable to locate element: {"method":"css selector","selector":"#default-synth_mh_wk3"}
E         (Session info: headless chrome=119.0.6045.159); For documentation on this error, please visit: https://www.selenium.dev/documentation/webdriver/troubleshooting/errors#no-such-element-exception
E       Stacktrace:
E       #0 0x56009c4ae5e3 &lt;unknown&gt;
E       #1 0x56009c1710b7 &lt;unknown&gt;
E       #2 0x56009c1bef53 &lt;unknown&gt;
E       #3 0x56009c1bf051 &lt;unknown&gt;
E       #4 0x56009c2049c4 &lt;unknown&gt;
E       #5 0x56009c1e5f1d &lt;unknown&gt;
E       #6 0x56009c201b3d &lt;unknown&gt;
E       #7 0x56009c1e5cc3 &lt;unknown&gt;
E       #8 0x56009c1b10e4 &lt;unknown&gt;
E       #9 0x56009c1b20ae &lt;unknown&gt;
E       #10 0x56009c474ce1 &lt;unknown&gt;
E       #11 0x56009c478b7e &lt;unknown&gt;
E       #12 0x56009c4624b5 &lt;unknown&gt;
E       #13 0x56009c4797d6 &lt;unknown&gt;
E       #14 0x56009c445dbf &lt;unknown&gt;
E       #15 0x56009c49c748 &lt;unknown&gt;
E       #16 0x56009c49c917 &lt;unknown&gt;
E       #17 0x56009c4ad773 &lt;unknown&gt;
E       #18 0x7f0a80049044 &lt;unknown&gt;

/usr/local/lib/python3.9/site-packages/selenium/webdriver/remote/errorhandler.py:229: NoSuchElementException</failure></testcase><testcase classname="test_stroke_federation.TestStrokeMIP" name="test_login_and_accept_terms[https://stroke.hbpmip.link/]" time="27.173" /><testcase classname="test_stroke_federation.TestStrokeMIP" name="test_data[https://stroke.hbpmip.link/]" time="34.572" /></testsuite></testsuites>