<?xml version="1.0" encoding="utf-8"?><testsuites><testsuite name="pytest" errors="0" failures="3" skipped="0" tests="6" time="152.933" timestamp="2023-11-02T07:01:48.803951" hostname="14c182ea2b05"><testcase classname="test_public_mip.TestPublicMIP" name="test_login_and_accept_terms[https://hbpmip.link/]" time="27.049" /><testcase classname="test_public_mip.TestPublicMIP" name="test_data[https://hbpmip.link/]" time="24.183"><failure message="selenium.common.exceptions.NoSuchElementException: Message: no such element: Unable to locate element: {&quot;method&quot;:&quot;xpath&quot;,&quot;selector&quot;:&quot;//*[name()='circle'][. = 'Left opercular part of the inferior frontal gyrus&#10;']&quot;}&#10;  (Session info: headless chrome=119.0.6045.105); For documentation on this error, please visit: https://www.selenium.dev/documentation/webdriver/troubleshooting/errors#no-such-element-exception&#10;Stacktrace:&#10;#0 0x5638941cf5e3 &lt;unknown&gt;&#10;#1 0x563893e920b7 &lt;unknown&gt;&#10;#2 0x563893edff53 &lt;unknown&gt;&#10;#3 0x563893ee0051 &lt;unknown&gt;&#10;#4 0x563893f259c4 &lt;unknown&gt;&#10;#5 0x563893f06f1d &lt;unknown&gt;&#10;#6 0x563893f22b3d &lt;unknown&gt;&#10;#7 0x563893f06cc3 &lt;unknown&gt;&#10;#8 0x563893ed20e4 &lt;unknown&gt;&#10;#9 0x563893ed30ae &lt;unknown&gt;&#10;#10 0x563894195ce1 &lt;unknown&gt;&#10;#11 0x563894199b7e &lt;unknown&gt;&#10;#12 0x5638941834b5 &lt;unknown&gt;&#10;#13 0x56389419a7d6 &lt;unknown&gt;&#10;#14 0x563894166dbf &lt;unknown&gt;&#10;#15 0x5638941bd748 &lt;unknown&gt;&#10;#16 0x5638941bd917 &lt;unknown&gt;&#10;#17 0x5638941ce773 &lt;unknown&gt;&#10;#18 0x7f0b80b6b044 &lt;unknown&gt;">self = &lt;test_public_mip.TestPublicMIP object at 0x7feb69f6b2e0&gt;

    def test_data(self):
        """Integration tests (data) of the public MIP."""
&gt;       super().test_data()

test_public_mip.py:24: 
_ _ _ _ _ _ _ _ _ _ _ _ _ _ _ _ _ _ _ _ _ _ _ _ _ _ _ _ _ _ _ _ _ _ _ _ _ _ _ _ 
basetest.py:106: in test_data
    left_opercular_part_of_the_inferior_f_ = selenium_driver.find_element(
/usr/local/lib/python3.9/site-packages/selenium/webdriver/remote/webdriver.py:739: in find_element
    return self.execute(Command.FIND_ELEMENT, {"using": by, "value": value})["value"]
/usr/local/lib/python3.9/site-packages/selenium/webdriver/remote/webdriver.py:345: in execute
    self.error_handler.check_response(response)
_ _ _ _ _ _ _ _ _ _ _ _ _ _ _ _ _ _ _ _ _ _ _ _ _ _ _ _ _ _ _ _ _ _ _ _ _ _ _ _ 

self = &lt;selenium.webdriver.remote.errorhandler.ErrorHandler object at 0x7feb69f4ccd0&gt;
response = {'status': 404, 'value': '{"value":{"error":"no such element","message":"no such element: Unable to locate element: {\...\\n#16 0x5638941bd917 \\u003Cunknown&gt;\\n#17 0x5638941ce773 \\u003Cunknown&gt;\\n#18 0x7f0b80b6b044 \\u003Cunknown&gt;\\n"}}'}

    def check_response(self, response: Dict[str, Any]) -&gt; None:
        """Checks that a JSON response from the WebDriver does not have an
        error.
    
        :Args:
         - response - The JSON response from the WebDriver server as a dictionary
           object.
    
        :Raises: If the response contains an error message.
        """
        status = response.get("status", None)
        if not status or status == ErrorCode.SUCCESS:
            return
        value = None
        message = response.get("message", "")
        screen: str = response.get("screen", "")
        stacktrace = None
        if isinstance(status, int):
            value_json = response.get("value", None)
            if value_json and isinstance(value_json, str):
                import json
    
                try:
                    value = json.loads(value_json)
                    if len(value) == 1:
                        value = value["value"]
                    status = value.get("error", None)
                    if not status:
                        status = value.get("status", ErrorCode.UNKNOWN_ERROR)
                        message = value.get("value") or value.get("message")
                        if not isinstance(message, str):
                            value = message
                            message = message.get("message")
                    else:
                        message = value.get("message", None)
                except ValueError:
                    pass
    
        exception_class: Type[WebDriverException]
        e = ErrorCode()
        error_codes = [item for item in dir(e) if not item.startswith("__")]
        for error_code in error_codes:
            error_info = getattr(ErrorCode, error_code)
            if isinstance(error_info, list) and status in error_info:
                exception_class = getattr(ExceptionMapping, error_code, WebDriverException)
                break
        else:
            exception_class = WebDriverException
    
        if not value:
            value = response["value"]
        if isinstance(value, str):
            raise exception_class(value)
        if message == "" and "message" in value:
            message = value["message"]
    
        screen = None  # type: ignore[assignment]
        if "screen" in value:
            screen = value["screen"]
    
        stacktrace = None
        st_value = value.get("stackTrace") or value.get("stacktrace")
        if st_value:
            if isinstance(st_value, str):
                stacktrace = st_value.split("\n")
            else:
                stacktrace = []
                try:
                    for frame in st_value:
                        line = frame.get("lineNumber", "")
                        file = frame.get("fileName", "&lt;anonymous&gt;")
                        if line:
                            file = f"{file}:{line}"
                        meth = frame.get("methodName", "&lt;anonymous&gt;")
                        if "className" in frame:
                            meth = f"{frame['className']}.{meth}"
                        msg = "    at %s (%s)"
                        msg = msg % (meth, file)
                        stacktrace.append(msg)
                except TypeError:
                    pass
        if exception_class == UnexpectedAlertPresentException:
            alert_text = None
            if "data" in value:
                alert_text = value["data"].get("text")
            elif "alert" in value:
                alert_text = value["alert"].get("text")
            raise exception_class(message, screen, stacktrace, alert_text)  # type: ignore[call-arg]  # mypy is not smart enough here
&gt;       raise exception_class(message, screen, stacktrace)
E       selenium.common.exceptions.NoSuchElementException: Message: no such element: Unable to locate element: {"method":"xpath","selector":"//*[name()='circle'][. = 'Left opercular part of the inferior frontal gyrus
E       ']"}
E         (Session info: headless chrome=119.0.6045.105); For documentation on this error, please visit: https://www.selenium.dev/documentation/webdriver/troubleshooting/errors#no-such-element-exception
E       Stacktrace:
E       #0 0x5638941cf5e3 &lt;unknown&gt;
E       #1 0x563893e920b7 &lt;unknown&gt;
E       #2 0x563893edff53 &lt;unknown&gt;
E       #3 0x563893ee0051 &lt;unknown&gt;
E       #4 0x563893f259c4 &lt;unknown&gt;
E       #5 0x563893f06f1d &lt;unknown&gt;
E       #6 0x563893f22b3d &lt;unknown&gt;
E       #7 0x563893f06cc3 &lt;unknown&gt;
E       #8 0x563893ed20e4 &lt;unknown&gt;
E       #9 0x563893ed30ae &lt;unknown&gt;
E       #10 0x563894195ce1 &lt;unknown&gt;
E       #11 0x563894199b7e &lt;unknown&gt;
E       #12 0x5638941834b5 &lt;unknown&gt;
E       #13 0x56389419a7d6 &lt;unknown&gt;
E       #14 0x563894166dbf &lt;unknown&gt;
E       #15 0x5638941bd748 &lt;unknown&gt;
E       #16 0x5638941bd917 &lt;unknown&gt;
E       #17 0x5638941ce773 &lt;unknown&gt;
E       #18 0x7f0b80b6b044 &lt;unknown&gt;

/usr/local/lib/python3.9/site-packages/selenium/webdriver/remote/errorhandler.py:229: NoSuchElementException</failure></testcase><testcase classname="test_qa_federation.TestMIPQAFederation" name="test_login_and_accept_terms[https://qa.hbpmip.link/]" time="26.943" /><testcase classname="test_qa_federation.TestMIPQAFederation" name="test_data[https://qa.hbpmip.link/]" time="23.847"><failure message="selenium.common.exceptions.NoSuchElementException: Message: no such element: Unable to locate element: {&quot;method&quot;:&quot;css selector&quot;,&quot;selector&quot;:&quot;#default-synth_mh_wk3&quot;}&#10;  (Session info: headless chrome=119.0.6045.105); For documentation on this error, please visit: https://www.selenium.dev/documentation/webdriver/troubleshooting/errors#no-such-element-exception&#10;Stacktrace:&#10;#0 0x55d2b25145e3 &lt;unknown&gt;&#10;#1 0x55d2b21d70b7 &lt;unknown&gt;&#10;#2 0x55d2b2224f53 &lt;unknown&gt;&#10;#3 0x55d2b2225051 &lt;unknown&gt;&#10;#4 0x55d2b226a9c4 &lt;unknown&gt;&#10;#5 0x55d2b224bf1d &lt;unknown&gt;&#10;#6 0x55d2b2267b3d &lt;unknown&gt;&#10;#7 0x55d2b224bcc3 &lt;unknown&gt;&#10;#8 0x55d2b22170e4 &lt;unknown&gt;&#10;#9 0x55d2b22180ae &lt;unknown&gt;&#10;#10 0x55d2b24dace1 &lt;unknown&gt;&#10;#11 0x55d2b24deb7e &lt;unknown&gt;&#10;#12 0x55d2b24c84b5 &lt;unknown&gt;&#10;#13 0x55d2b24df7d6 &lt;unknown&gt;&#10;#14 0x55d2b24abdbf &lt;unknown&gt;&#10;#15 0x55d2b2502748 &lt;unknown&gt;&#10;#16 0x55d2b2502917 &lt;unknown&gt;&#10;#17 0x55d2b2513773 &lt;unknown&gt;&#10;#18 0x7fd603bdb044 &lt;unknown&gt;">self = &lt;test_qa_federation.TestMIPQAFederation object at 0x7feb6afacbe0&gt;

    def test_data(self):
        """Integration tests (data) of the MIP QA Federation."""
&gt;       super().test_data()

test_qa_federation.py:24: 
_ _ _ _ _ _ _ _ _ _ _ _ _ _ _ _ _ _ _ _ _ _ _ _ _ _ _ _ _ _ _ _ _ _ _ _ _ _ _ _ 
basetest.py:88: in test_data
    default_synth_mh_wk3 = selenium_driver.find_element(
/usr/local/lib/python3.9/site-packages/selenium/webdriver/remote/webdriver.py:739: in find_element
    return self.execute(Command.FIND_ELEMENT, {"using": by, "value": value})["value"]
/usr/local/lib/python3.9/site-packages/selenium/webdriver/remote/webdriver.py:345: in execute
    self.error_handler.check_response(response)
_ _ _ _ _ _ _ _ _ _ _ _ _ _ _ _ _ _ _ _ _ _ _ _ _ _ _ _ _ _ _ _ _ _ _ _ _ _ _ _ 

self = &lt;selenium.webdriver.remote.errorhandler.ErrorHandler object at 0x7feb6afac160&gt;
response = {'status': 404, 'value': '{"value":{"error":"no such element","message":"no such element: Unable to locate element: {\...\\n#16 0x55d2b2502917 \\u003Cunknown&gt;\\n#17 0x55d2b2513773 \\u003Cunknown&gt;\\n#18 0x7fd603bdb044 \\u003Cunknown&gt;\\n"}}'}

    def check_response(self, response: Dict[str, Any]) -&gt; None:
        """Checks that a JSON response from the WebDriver does not have an
        error.
    
        :Args:
         - response - The JSON response from the WebDriver server as a dictionary
           object.
    
        :Raises: If the response contains an error message.
        """
        status = response.get("status", None)
        if not status or status == ErrorCode.SUCCESS:
            return
        value = None
        message = response.get("message", "")
        screen: str = response.get("screen", "")
        stacktrace = None
        if isinstance(status, int):
            value_json = response.get("value", None)
            if value_json and isinstance(value_json, str):
                import json
    
                try:
                    value = json.loads(value_json)
                    if len(value) == 1:
                        value = value["value"]
                    status = value.get("error", None)
                    if not status:
                        status = value.get("status", ErrorCode.UNKNOWN_ERROR)
                        message = value.get("value") or value.get("message")
                        if not isinstance(message, str):
                            value = message
                            message = message.get("message")
                    else:
                        message = value.get("message", None)
                except ValueError:
                    pass
    
        exception_class: Type[WebDriverException]
        e = ErrorCode()
        error_codes = [item for item in dir(e) if not item.startswith("__")]
        for error_code in error_codes:
            error_info = getattr(ErrorCode, error_code)
            if isinstance(error_info, list) and status in error_info:
                exception_class = getattr(ExceptionMapping, error_code, WebDriverException)
                break
        else:
            exception_class = WebDriverException
    
        if not value:
            value = response["value"]
        if isinstance(value, str):
            raise exception_class(value)
        if message == "" and "message" in value:
            message = value["message"]
    
        screen = None  # type: ignore[assignment]
        if "screen" in value:
            screen = value["screen"]
    
        stacktrace = None
        st_value = value.get("stackTrace") or value.get("stacktrace")
        if st_value:
            if isinstance(st_value, str):
                stacktrace = st_value.split("\n")
            else:
                stacktrace = []
                try:
                    for frame in st_value:
                        line = frame.get("lineNumber", "")
                        file = frame.get("fileName", "&lt;anonymous&gt;")
                        if line:
                            file = f"{file}:{line}"
                        meth = frame.get("methodName", "&lt;anonymous&gt;")
                        if "className" in frame:
                            meth = f"{frame['className']}.{meth}"
                        msg = "    at %s (%s)"
                        msg = msg % (meth, file)
                        stacktrace.append(msg)
                except TypeError:
                    pass
        if exception_class == UnexpectedAlertPresentException:
            alert_text = None
            if "data" in value:
                alert_text = value["data"].get("text")
            elif "alert" in value:
                alert_text = value["alert"].get("text")
            raise exception_class(message, screen, stacktrace, alert_text)  # type: ignore[call-arg]  # mypy is not smart enough here
&gt;       raise exception_class(message, screen, stacktrace)
E       selenium.common.exceptions.NoSuchElementException: Message: no such element: Unable to locate element: {"method":"css selector","selector":"#default-synth_mh_wk3"}
E         (Session info: headless chrome=119.0.6045.105); For documentation on this error, please visit: https://www.selenium.dev/documentation/webdriver/troubleshooting/errors#no-such-element-exception
E       Stacktrace:
E       #0 0x55d2b25145e3 &lt;unknown&gt;
E       #1 0x55d2b21d70b7 &lt;unknown&gt;
E       #2 0x55d2b2224f53 &lt;unknown&gt;
E       #3 0x55d2b2225051 &lt;unknown&gt;
E       #4 0x55d2b226a9c4 &lt;unknown&gt;
E       #5 0x55d2b224bf1d &lt;unknown&gt;
E       #6 0x55d2b2267b3d &lt;unknown&gt;
E       #7 0x55d2b224bcc3 &lt;unknown&gt;
E       #8 0x55d2b22170e4 &lt;unknown&gt;
E       #9 0x55d2b22180ae &lt;unknown&gt;
E       #10 0x55d2b24dace1 &lt;unknown&gt;
E       #11 0x55d2b24deb7e &lt;unknown&gt;
E       #12 0x55d2b24c84b5 &lt;unknown&gt;
E       #13 0x55d2b24df7d6 &lt;unknown&gt;
E       #14 0x55d2b24abdbf &lt;unknown&gt;
E       #15 0x55d2b2502748 &lt;unknown&gt;
E       #16 0x55d2b2502917 &lt;unknown&gt;
E       #17 0x55d2b2513773 &lt;unknown&gt;
E       #18 0x7fd603bdb044 &lt;unknown&gt;

/usr/local/lib/python3.9/site-packages/selenium/webdriver/remote/errorhandler.py:229: NoSuchElementException</failure></testcase><testcase classname="test_stroke_federation.TestStrokeMIP" name="test_login_and_accept_terms[https://stroke.hbpmip.link/]" time="26.374" /><testcase classname="test_stroke_federation.TestStrokeMIP" name="test_data[https://stroke.hbpmip.link/]" time="23.135"><failure message="selenium.common.exceptions.NoSuchElementException: Message: no such element: Unable to locate element: {&quot;method&quot;:&quot;css selector&quot;,&quot;selector&quot;:&quot;#default-unibas&quot;}&#10;  (Session info: headless chrome=119.0.6045.105); For documentation on this error, please visit: https://www.selenium.dev/documentation/webdriver/troubleshooting/errors#no-such-element-exception&#10;Stacktrace:&#10;#0 0x55bd2e6fc5e3 &lt;unknown&gt;&#10;#1 0x55bd2e3bf0b7 &lt;unknown&gt;&#10;#2 0x55bd2e40cf53 &lt;unknown&gt;&#10;#3 0x55bd2e40d051 &lt;unknown&gt;&#10;#4 0x55bd2e4529c4 &lt;unknown&gt;&#10;#5 0x55bd2e433f1d &lt;unknown&gt;&#10;#6 0x55bd2e44fb3d &lt;unknown&gt;&#10;#7 0x55bd2e433cc3 &lt;unknown&gt;&#10;#8 0x55bd2e3ff0e4 &lt;unknown&gt;&#10;#9 0x55bd2e4000ae &lt;unknown&gt;&#10;#10 0x55bd2e6c2ce1 &lt;unknown&gt;&#10;#11 0x55bd2e6c6b7e &lt;unknown&gt;&#10;#12 0x55bd2e6b04b5 &lt;unknown&gt;&#10;#13 0x55bd2e6c77d6 &lt;unknown&gt;&#10;#14 0x55bd2e693dbf &lt;unknown&gt;&#10;#15 0x55bd2e6ea748 &lt;unknown&gt;&#10;#16 0x55bd2e6ea917 &lt;unknown&gt;&#10;#17 0x55bd2e6fb773 &lt;unknown&gt;&#10;#18 0x7fbd322cd044 &lt;unknown&gt;">self = &lt;test_stroke_federation.TestStrokeMIP object at 0x7feb69f4c8e0&gt;

    def test_data(self):
        """Integration tests (data) of the Stroke (FERES) MIP."""
        selenium_driver = self.driver
    
        # 1. Click 'Datasets'
        datasets = selenium_driver.find_element(By.CSS_SELECTOR, "#dropdown-basic")
        datasets.click()
    
        # 2. Disable and enable again 'default-unibas'
        time.sleep(3)
&gt;       default_unibas_wk = selenium_driver.find_element(
            By.CSS_SELECTOR, "#default-unibas"
        )

test_stroke_federation.py:38: 
_ _ _ _ _ _ _ _ _ _ _ _ _ _ _ _ _ _ _ _ _ _ _ _ _ _ _ _ _ _ _ _ _ _ _ _ _ _ _ _ 
/usr/local/lib/python3.9/site-packages/selenium/webdriver/remote/webdriver.py:739: in find_element
    return self.execute(Command.FIND_ELEMENT, {"using": by, "value": value})["value"]
/usr/local/lib/python3.9/site-packages/selenium/webdriver/remote/webdriver.py:345: in execute
    self.error_handler.check_response(response)
_ _ _ _ _ _ _ _ _ _ _ _ _ _ _ _ _ _ _ _ _ _ _ _ _ _ _ _ _ _ _ _ _ _ _ _ _ _ _ _ 

self = &lt;selenium.webdriver.remote.errorhandler.ErrorHandler object at 0x7feb69f89820&gt;
response = {'status': 404, 'value': '{"value":{"error":"no such element","message":"no such element: Unable to locate element: {\...\\n#16 0x55bd2e6ea917 \\u003Cunknown&gt;\\n#17 0x55bd2e6fb773 \\u003Cunknown&gt;\\n#18 0x7fbd322cd044 \\u003Cunknown&gt;\\n"}}'}

    def check_response(self, response: Dict[str, Any]) -&gt; None:
        """Checks that a JSON response from the WebDriver does not have an
        error.
    
        :Args:
         - response - The JSON response from the WebDriver server as a dictionary
           object.
    
        :Raises: If the response contains an error message.
        """
        status = response.get("status", None)
        if not status or status == ErrorCode.SUCCESS:
            return
        value = None
        message = response.get("message", "")
        screen: str = response.get("screen", "")
        stacktrace = None
        if isinstance(status, int):
            value_json = response.get("value", None)
            if value_json and isinstance(value_json, str):
                import json
    
                try:
                    value = json.loads(value_json)
                    if len(value) == 1:
                        value = value["value"]
                    status = value.get("error", None)
                    if not status:
                        status = value.get("status", ErrorCode.UNKNOWN_ERROR)
                        message = value.get("value") or value.get("message")
                        if not isinstance(message, str):
                            value = message
                            message = message.get("message")
                    else:
                        message = value.get("message", None)
                except ValueError:
                    pass
    
        exception_class: Type[WebDriverException]
        e = ErrorCode()
        error_codes = [item for item in dir(e) if not item.startswith("__")]
        for error_code in error_codes:
            error_info = getattr(ErrorCode, error_code)
            if isinstance(error_info, list) and status in error_info:
                exception_class = getattr(ExceptionMapping, error_code, WebDriverException)
                break
        else:
            exception_class = WebDriverException
    
        if not value:
            value = response["value"]
        if isinstance(value, str):
            raise exception_class(value)
        if message == "" and "message" in value:
            message = value["message"]
    
        screen = None  # type: ignore[assignment]
        if "screen" in value:
            screen = value["screen"]
    
        stacktrace = None
        st_value = value.get("stackTrace") or value.get("stacktrace")
        if st_value:
            if isinstance(st_value, str):
                stacktrace = st_value.split("\n")
            else:
                stacktrace = []
                try:
                    for frame in st_value:
                        line = frame.get("lineNumber", "")
                        file = frame.get("fileName", "&lt;anonymous&gt;")
                        if line:
                            file = f"{file}:{line}"
                        meth = frame.get("methodName", "&lt;anonymous&gt;")
                        if "className" in frame:
                            meth = f"{frame['className']}.{meth}"
                        msg = "    at %s (%s)"
                        msg = msg % (meth, file)
                        stacktrace.append(msg)
                except TypeError:
                    pass
        if exception_class == UnexpectedAlertPresentException:
            alert_text = None
            if "data" in value:
                alert_text = value["data"].get("text")
            elif "alert" in value:
                alert_text = value["alert"].get("text")
            raise exception_class(message, screen, stacktrace, alert_text)  # type: ignore[call-arg]  # mypy is not smart enough here
&gt;       raise exception_class(message, screen, stacktrace)
E       selenium.common.exceptions.NoSuchElementException: Message: no such element: Unable to locate element: {"method":"css selector","selector":"#default-unibas"}
E         (Session info: headless chrome=119.0.6045.105); For documentation on this error, please visit: https://www.selenium.dev/documentation/webdriver/troubleshooting/errors#no-such-element-exception
E       Stacktrace:
E       #0 0x55bd2e6fc5e3 &lt;unknown&gt;
E       #1 0x55bd2e3bf0b7 &lt;unknown&gt;
E       #2 0x55bd2e40cf53 &lt;unknown&gt;
E       #3 0x55bd2e40d051 &lt;unknown&gt;
E       #4 0x55bd2e4529c4 &lt;unknown&gt;
E       #5 0x55bd2e433f1d &lt;unknown&gt;
E       #6 0x55bd2e44fb3d &lt;unknown&gt;
E       #7 0x55bd2e433cc3 &lt;unknown&gt;
E       #8 0x55bd2e3ff0e4 &lt;unknown&gt;
E       #9 0x55bd2e4000ae &lt;unknown&gt;
E       #10 0x55bd2e6c2ce1 &lt;unknown&gt;
E       #11 0x55bd2e6c6b7e &lt;unknown&gt;
E       #12 0x55bd2e6b04b5 &lt;unknown&gt;
E       #13 0x55bd2e6c77d6 &lt;unknown&gt;
E       #14 0x55bd2e693dbf &lt;unknown&gt;
E       #15 0x55bd2e6ea748 &lt;unknown&gt;
E       #16 0x55bd2e6ea917 &lt;unknown&gt;
E       #17 0x55bd2e6fb773 &lt;unknown&gt;
E       #18 0x7fbd322cd044 &lt;unknown&gt;

/usr/local/lib/python3.9/site-packages/selenium/webdriver/remote/errorhandler.py:229: NoSuchElementException</failure></testcase></testsuite></testsuites>