<?xml version="1.0" encoding="utf-8"?><testsuites><testsuite name="pytest" errors="0" failures="3" skipped="0" tests="6" time="151.584" timestamp="2023-12-26T06:59:55.504383" hostname="107dce42aa3d"><testcase classname="test_public_mip.TestPublicMIP" name="test_login_and_accept_terms[https://hbpmip.link/]" time="26.811" /><testcase classname="test_public_mip.TestPublicMIP" name="test_data[https://hbpmip.link/]" time="24.002"><failure message="selenium.common.exceptions.NoSuchElementException: Message: no such element: Unable to locate element: {&quot;method&quot;:&quot;xpath&quot;,&quot;selector&quot;:&quot;//*[name()='circle'][. = 'Left opercular part of the inferior frontal gyrus&#10;']&quot;}&#10;  (Session info: chrome-headless-shell=120.0.6099.109); For documentation on this error, please visit: https://www.selenium.dev/documentation/webdriver/troubleshooting/errors#no-such-element-exception&#10;Stacktrace:&#10;#0 0x56491de81f83 &lt;unknown&gt;&#10;#1 0x56491db3acf7 &lt;unknown&gt;&#10;#2 0x56491db8a99e &lt;unknown&gt;&#10;#3 0x56491db8aaa1 &lt;unknown&gt;&#10;#4 0x56491dbd5d64 &lt;unknown&gt;&#10;#5 0x56491dbb40dd &lt;unknown&gt;&#10;#6 0x56491dbd3006 &lt;unknown&gt;&#10;#7 0x56491dbb3e53 &lt;unknown&gt;&#10;#8 0x56491db7bdd4 &lt;unknown&gt;&#10;#9 0x56491db7d1de &lt;unknown&gt;&#10;#10 0x56491de46531 &lt;unknown&gt;&#10;#11 0x56491de4a455 &lt;unknown&gt;&#10;#12 0x56491de32f55 &lt;unknown&gt;&#10;#13 0x56491de4b0ef &lt;unknown&gt;&#10;#14 0x56491de1699f &lt;unknown&gt;&#10;#15 0x56491de6f008 &lt;unknown&gt;&#10;#16 0x56491de6f1d7 &lt;unknown&gt;&#10;#17 0x56491de81124 &lt;unknown&gt;&#10;#18 0x7f5f02b75044 &lt;unknown&gt;">self = &lt;test_public_mip.TestPublicMIP object at 0x7f3c44e67af0&gt;

    def test_data(self):
        """Integration tests (data) of the public MIP."""
&gt;       super().test_data()

test_public_mip.py:24: 
_ _ _ _ _ _ _ _ _ _ _ _ _ _ _ _ _ _ _ _ _ _ _ _ _ _ _ _ _ _ _ _ _ _ _ _ _ _ _ _ 
basetest.py:106: in test_data
    left_opercular_part_of_the_inferior_f_ = selenium_driver.find_element(
/usr/local/lib/python3.9/site-packages/selenium/webdriver/remote/webdriver.py:739: in find_element
    return self.execute(Command.FIND_ELEMENT, {"using": by, "value": value})["value"]
/usr/local/lib/python3.9/site-packages/selenium/webdriver/remote/webdriver.py:345: in execute
    self.error_handler.check_response(response)
_ _ _ _ _ _ _ _ _ _ _ _ _ _ _ _ _ _ _ _ _ _ _ _ _ _ _ _ _ _ _ _ _ _ _ _ _ _ _ _ 

self = &lt;selenium.webdriver.remote.errorhandler.ErrorHandler object at 0x7f3c44bc7700&gt;
response = {'status': 404, 'value': '{"value":{"error":"no such element","message":"no such element: Unable to locate element: {\...\\n#16 0x56491de6f1d7 \\u003Cunknown&gt;\\n#17 0x56491de81124 \\u003Cunknown&gt;\\n#18 0x7f5f02b75044 \\u003Cunknown&gt;\\n"}}'}

    def check_response(self, response: Dict[str, Any]) -&gt; None:
        """Checks that a JSON response from the WebDriver does not have an
        error.
    
        :Args:
         - response - The JSON response from the WebDriver server as a dictionary
           object.
    
        :Raises: If the response contains an error message.
        """
        status = response.get("status", None)
        if not status or status == ErrorCode.SUCCESS:
            return
        value = None
        message = response.get("message", "")
        screen: str = response.get("screen", "")
        stacktrace = None
        if isinstance(status, int):
            value_json = response.get("value", None)
            if value_json and isinstance(value_json, str):
                import json
    
                try:
                    value = json.loads(value_json)
                    if len(value) == 1:
                        value = value["value"]
                    status = value.get("error", None)
                    if not status:
                        status = value.get("status", ErrorCode.UNKNOWN_ERROR)
                        message = value.get("value") or value.get("message")
                        if not isinstance(message, str):
                            value = message
                            message = message.get("message")
                    else:
                        message = value.get("message", None)
                except ValueError:
                    pass
    
        exception_class: Type[WebDriverException]
        e = ErrorCode()
        error_codes = [item for item in dir(e) if not item.startswith("__")]
        for error_code in error_codes:
            error_info = getattr(ErrorCode, error_code)
            if isinstance(error_info, list) and status in error_info:
                exception_class = getattr(ExceptionMapping, error_code, WebDriverException)
                break
        else:
            exception_class = WebDriverException
    
        if not value:
            value = response["value"]
        if isinstance(value, str):
            raise exception_class(value)
        if message == "" and "message" in value:
            message = value["message"]
    
        screen = None  # type: ignore[assignment]
        if "screen" in value:
            screen = value["screen"]
    
        stacktrace = None
        st_value = value.get("stackTrace") or value.get("stacktrace")
        if st_value:
            if isinstance(st_value, str):
                stacktrace = st_value.split("\n")
            else:
                stacktrace = []
                try:
                    for frame in st_value:
                        line = frame.get("lineNumber", "")
                        file = frame.get("fileName", "&lt;anonymous&gt;")
                        if line:
                            file = f"{file}:{line}"
                        meth = frame.get("methodName", "&lt;anonymous&gt;")
                        if "className" in frame:
                            meth = f"{frame['className']}.{meth}"
                        msg = "    at %s (%s)"
                        msg = msg % (meth, file)
                        stacktrace.append(msg)
                except TypeError:
                    pass
        if exception_class == UnexpectedAlertPresentException:
            alert_text = None
            if "data" in value:
                alert_text = value["data"].get("text")
            elif "alert" in value:
                alert_text = value["alert"].get("text")
            raise exception_class(message, screen, stacktrace, alert_text)  # type: ignore[call-arg]  # mypy is not smart enough here
&gt;       raise exception_class(message, screen, stacktrace)
E       selenium.common.exceptions.NoSuchElementException: Message: no such element: Unable to locate element: {"method":"xpath","selector":"//*[name()='circle'][. = 'Left opercular part of the inferior frontal gyrus
E       ']"}
E         (Session info: chrome-headless-shell=120.0.6099.109); For documentation on this error, please visit: https://www.selenium.dev/documentation/webdriver/troubleshooting/errors#no-such-element-exception
E       Stacktrace:
E       #0 0x56491de81f83 &lt;unknown&gt;
E       #1 0x56491db3acf7 &lt;unknown&gt;
E       #2 0x56491db8a99e &lt;unknown&gt;
E       #3 0x56491db8aaa1 &lt;unknown&gt;
E       #4 0x56491dbd5d64 &lt;unknown&gt;
E       #5 0x56491dbb40dd &lt;unknown&gt;
E       #6 0x56491dbd3006 &lt;unknown&gt;
E       #7 0x56491dbb3e53 &lt;unknown&gt;
E       #8 0x56491db7bdd4 &lt;unknown&gt;
E       #9 0x56491db7d1de &lt;unknown&gt;
E       #10 0x56491de46531 &lt;unknown&gt;
E       #11 0x56491de4a455 &lt;unknown&gt;
E       #12 0x56491de32f55 &lt;unknown&gt;
E       #13 0x56491de4b0ef &lt;unknown&gt;
E       #14 0x56491de1699f &lt;unknown&gt;
E       #15 0x56491de6f008 &lt;unknown&gt;
E       #16 0x56491de6f1d7 &lt;unknown&gt;
E       #17 0x56491de81124 &lt;unknown&gt;
E       #18 0x7f5f02b75044 &lt;unknown&gt;

/usr/local/lib/python3.9/site-packages/selenium/webdriver/remote/errorhandler.py:229: NoSuchElementException</failure></testcase><testcase classname="test_qa_federation.TestMIPQAFederation" name="test_login_and_accept_terms[https://qa.hbpmip.link/]" time="26.619" /><testcase classname="test_qa_federation.TestMIPQAFederation" name="test_data[https://qa.hbpmip.link/]" time="23.622"><failure message="selenium.common.exceptions.NoSuchElementException: Message: no such element: Unable to locate element: {&quot;method&quot;:&quot;css selector&quot;,&quot;selector&quot;:&quot;#default-synth_mh_wk3&quot;}&#10;  (Session info: chrome-headless-shell=120.0.6099.109); For documentation on this error, please visit: https://www.selenium.dev/documentation/webdriver/troubleshooting/errors#no-such-element-exception&#10;Stacktrace:&#10;#0 0x55c7bef52f83 &lt;unknown&gt;&#10;#1 0x55c7bec0bcf7 &lt;unknown&gt;&#10;#2 0x55c7bec5b99e &lt;unknown&gt;&#10;#3 0x55c7bec5baa1 &lt;unknown&gt;&#10;#4 0x55c7beca6d64 &lt;unknown&gt;&#10;#5 0x55c7bec850dd &lt;unknown&gt;&#10;#6 0x55c7beca4006 &lt;unknown&gt;&#10;#7 0x55c7bec84e53 &lt;unknown&gt;&#10;#8 0x55c7bec4cdd4 &lt;unknown&gt;&#10;#9 0x55c7bec4e1de &lt;unknown&gt;&#10;#10 0x55c7bef17531 &lt;unknown&gt;&#10;#11 0x55c7bef1b455 &lt;unknown&gt;&#10;#12 0x55c7bef03f55 &lt;unknown&gt;&#10;#13 0x55c7bef1c0ef &lt;unknown&gt;&#10;#14 0x55c7beee799f &lt;unknown&gt;&#10;#15 0x55c7bef40008 &lt;unknown&gt;&#10;#16 0x55c7bef401d7 &lt;unknown&gt;&#10;#17 0x55c7bef52124 &lt;unknown&gt;&#10;#18 0x7fa34feb7044 &lt;unknown&gt;">self = &lt;test_qa_federation.TestMIPQAFederation object at 0x7f3c43e44eb0&gt;

    def test_data(self):
        """Integration tests (data) of the MIP QA Federation."""
&gt;       super().test_data()

test_qa_federation.py:24: 
_ _ _ _ _ _ _ _ _ _ _ _ _ _ _ _ _ _ _ _ _ _ _ _ _ _ _ _ _ _ _ _ _ _ _ _ _ _ _ _ 
basetest.py:88: in test_data
    default_synth_mh_wk3 = selenium_driver.find_element(
/usr/local/lib/python3.9/site-packages/selenium/webdriver/remote/webdriver.py:739: in find_element
    return self.execute(Command.FIND_ELEMENT, {"using": by, "value": value})["value"]
/usr/local/lib/python3.9/site-packages/selenium/webdriver/remote/webdriver.py:345: in execute
    self.error_handler.check_response(response)
_ _ _ _ _ _ _ _ _ _ _ _ _ _ _ _ _ _ _ _ _ _ _ _ _ _ _ _ _ _ _ _ _ _ _ _ _ _ _ _ 

self = &lt;selenium.webdriver.remote.errorhandler.ErrorHandler object at 0x7f3c44e678b0&gt;
response = {'status': 404, 'value': '{"value":{"error":"no such element","message":"no such element: Unable to locate element: {\...\\n#16 0x55c7bef401d7 \\u003Cunknown&gt;\\n#17 0x55c7bef52124 \\u003Cunknown&gt;\\n#18 0x7fa34feb7044 \\u003Cunknown&gt;\\n"}}'}

    def check_response(self, response: Dict[str, Any]) -&gt; None:
        """Checks that a JSON response from the WebDriver does not have an
        error.
    
        :Args:
         - response - The JSON response from the WebDriver server as a dictionary
           object.
    
        :Raises: If the response contains an error message.
        """
        status = response.get("status", None)
        if not status or status == ErrorCode.SUCCESS:
            return
        value = None
        message = response.get("message", "")
        screen: str = response.get("screen", "")
        stacktrace = None
        if isinstance(status, int):
            value_json = response.get("value", None)
            if value_json and isinstance(value_json, str):
                import json
    
                try:
                    value = json.loads(value_json)
                    if len(value) == 1:
                        value = value["value"]
                    status = value.get("error", None)
                    if not status:
                        status = value.get("status", ErrorCode.UNKNOWN_ERROR)
                        message = value.get("value") or value.get("message")
                        if not isinstance(message, str):
                            value = message
                            message = message.get("message")
                    else:
                        message = value.get("message", None)
                except ValueError:
                    pass
    
        exception_class: Type[WebDriverException]
        e = ErrorCode()
        error_codes = [item for item in dir(e) if not item.startswith("__")]
        for error_code in error_codes:
            error_info = getattr(ErrorCode, error_code)
            if isinstance(error_info, list) and status in error_info:
                exception_class = getattr(ExceptionMapping, error_code, WebDriverException)
                break
        else:
            exception_class = WebDriverException
    
        if not value:
            value = response["value"]
        if isinstance(value, str):
            raise exception_class(value)
        if message == "" and "message" in value:
            message = value["message"]
    
        screen = None  # type: ignore[assignment]
        if "screen" in value:
            screen = value["screen"]
    
        stacktrace = None
        st_value = value.get("stackTrace") or value.get("stacktrace")
        if st_value:
            if isinstance(st_value, str):
                stacktrace = st_value.split("\n")
            else:
                stacktrace = []
                try:
                    for frame in st_value:
                        line = frame.get("lineNumber", "")
                        file = frame.get("fileName", "&lt;anonymous&gt;")
                        if line:
                            file = f"{file}:{line}"
                        meth = frame.get("methodName", "&lt;anonymous&gt;")
                        if "className" in frame:
                            meth = f"{frame['className']}.{meth}"
                        msg = "    at %s (%s)"
                        msg = msg % (meth, file)
                        stacktrace.append(msg)
                except TypeError:
                    pass
        if exception_class == UnexpectedAlertPresentException:
            alert_text = None
            if "data" in value:
                alert_text = value["data"].get("text")
            elif "alert" in value:
                alert_text = value["alert"].get("text")
            raise exception_class(message, screen, stacktrace, alert_text)  # type: ignore[call-arg]  # mypy is not smart enough here
&gt;       raise exception_class(message, screen, stacktrace)
E       selenium.common.exceptions.NoSuchElementException: Message: no such element: Unable to locate element: {"method":"css selector","selector":"#default-synth_mh_wk3"}
E         (Session info: chrome-headless-shell=120.0.6099.109); For documentation on this error, please visit: https://www.selenium.dev/documentation/webdriver/troubleshooting/errors#no-such-element-exception
E       Stacktrace:
E       #0 0x55c7bef52f83 &lt;unknown&gt;
E       #1 0x55c7bec0bcf7 &lt;unknown&gt;
E       #2 0x55c7bec5b99e &lt;unknown&gt;
E       #3 0x55c7bec5baa1 &lt;unknown&gt;
E       #4 0x55c7beca6d64 &lt;unknown&gt;
E       #5 0x55c7bec850dd &lt;unknown&gt;
E       #6 0x55c7beca4006 &lt;unknown&gt;
E       #7 0x55c7bec84e53 &lt;unknown&gt;
E       #8 0x55c7bec4cdd4 &lt;unknown&gt;
E       #9 0x55c7bec4e1de &lt;unknown&gt;
E       #10 0x55c7bef17531 &lt;unknown&gt;
E       #11 0x55c7bef1b455 &lt;unknown&gt;
E       #12 0x55c7bef03f55 &lt;unknown&gt;
E       #13 0x55c7bef1c0ef &lt;unknown&gt;
E       #14 0x55c7beee799f &lt;unknown&gt;
E       #15 0x55c7bef40008 &lt;unknown&gt;
E       #16 0x55c7bef401d7 &lt;unknown&gt;
E       #17 0x55c7bef52124 &lt;unknown&gt;
E       #18 0x7fa34feb7044 &lt;unknown&gt;

/usr/local/lib/python3.9/site-packages/selenium/webdriver/remote/errorhandler.py:229: NoSuchElementException</failure></testcase><testcase classname="test_stroke_federation.TestStrokeMIP" name="test_login_and_accept_terms[https://stroke.hbpmip.link/]" time="26.425" /><testcase classname="test_stroke_federation.TestStrokeMIP" name="test_data[https://stroke.hbpmip.link/]" time="23.117"><failure message="selenium.common.exceptions.NoSuchElementException: Message: no such element: Unable to locate element: {&quot;method&quot;:&quot;css selector&quot;,&quot;selector&quot;:&quot;#default-unibas&quot;}&#10;  (Session info: chrome-headless-shell=120.0.6099.109); For documentation on this error, please visit: https://www.selenium.dev/documentation/webdriver/troubleshooting/errors#no-such-element-exception&#10;Stacktrace:&#10;#0 0x555c6c6a1f83 &lt;unknown&gt;&#10;#1 0x555c6c35acf7 &lt;unknown&gt;&#10;#2 0x555c6c3aa99e &lt;unknown&gt;&#10;#3 0x555c6c3aaaa1 &lt;unknown&gt;&#10;#4 0x555c6c3f5d64 &lt;unknown&gt;&#10;#5 0x555c6c3d40dd &lt;unknown&gt;&#10;#6 0x555c6c3f3006 &lt;unknown&gt;&#10;#7 0x555c6c3d3e53 &lt;unknown&gt;&#10;#8 0x555c6c39bdd4 &lt;unknown&gt;&#10;#9 0x555c6c39d1de &lt;unknown&gt;&#10;#10 0x555c6c666531 &lt;unknown&gt;&#10;#11 0x555c6c66a455 &lt;unknown&gt;&#10;#12 0x555c6c652f55 &lt;unknown&gt;&#10;#13 0x555c6c66b0ef &lt;unknown&gt;&#10;#14 0x555c6c63699f &lt;unknown&gt;&#10;#15 0x555c6c68f008 &lt;unknown&gt;&#10;#16 0x555c6c68f1d7 &lt;unknown&gt;&#10;#17 0x555c6c6a1124 &lt;unknown&gt;&#10;#18 0x7fbb3a87f044 &lt;unknown&gt;">self = &lt;test_stroke_federation.TestStrokeMIP object at 0x7f3c43df7880&gt;

    def test_data(self):
        """Integration tests (data) of the Stroke (FERES) MIP."""
        selenium_driver = self.driver
    
        # 1. Click 'Datasets'
        datasets = selenium_driver.find_element(By.CSS_SELECTOR, "#dropdown-basic")
        datasets.click()
    
        # 2. Disable and enable again 'default-unibas'
        time.sleep(3)
&gt;       default_unibas_wk = selenium_driver.find_element(
            By.CSS_SELECTOR, "#default-unibas"
        )

test_stroke_federation.py:38: 
_ _ _ _ _ _ _ _ _ _ _ _ _ _ _ _ _ _ _ _ _ _ _ _ _ _ _ _ _ _ _ _ _ _ _ _ _ _ _ _ 
/usr/local/lib/python3.9/site-packages/selenium/webdriver/remote/webdriver.py:739: in find_element
    return self.execute(Command.FIND_ELEMENT, {"using": by, "value": value})["value"]
/usr/local/lib/python3.9/site-packages/selenium/webdriver/remote/webdriver.py:345: in execute
    self.error_handler.check_response(response)
_ _ _ _ _ _ _ _ _ _ _ _ _ _ _ _ _ _ _ _ _ _ _ _ _ _ _ _ _ _ _ _ _ _ _ _ _ _ _ _ 

self = &lt;selenium.webdriver.remote.errorhandler.ErrorHandler object at 0x7f3c44df8370&gt;
response = {'status': 404, 'value': '{"value":{"error":"no such element","message":"no such element: Unable to locate element: {\...\\n#16 0x555c6c68f1d7 \\u003Cunknown&gt;\\n#17 0x555c6c6a1124 \\u003Cunknown&gt;\\n#18 0x7fbb3a87f044 \\u003Cunknown&gt;\\n"}}'}

    def check_response(self, response: Dict[str, Any]) -&gt; None:
        """Checks that a JSON response from the WebDriver does not have an
        error.
    
        :Args:
         - response - The JSON response from the WebDriver server as a dictionary
           object.
    
        :Raises: If the response contains an error message.
        """
        status = response.get("status", None)
        if not status or status == ErrorCode.SUCCESS:
            return
        value = None
        message = response.get("message", "")
        screen: str = response.get("screen", "")
        stacktrace = None
        if isinstance(status, int):
            value_json = response.get("value", None)
            if value_json and isinstance(value_json, str):
                import json
    
                try:
                    value = json.loads(value_json)
                    if len(value) == 1:
                        value = value["value"]
                    status = value.get("error", None)
                    if not status:
                        status = value.get("status", ErrorCode.UNKNOWN_ERROR)
                        message = value.get("value") or value.get("message")
                        if not isinstance(message, str):
                            value = message
                            message = message.get("message")
                    else:
                        message = value.get("message", None)
                except ValueError:
                    pass
    
        exception_class: Type[WebDriverException]
        e = ErrorCode()
        error_codes = [item for item in dir(e) if not item.startswith("__")]
        for error_code in error_codes:
            error_info = getattr(ErrorCode, error_code)
            if isinstance(error_info, list) and status in error_info:
                exception_class = getattr(ExceptionMapping, error_code, WebDriverException)
                break
        else:
            exception_class = WebDriverException
    
        if not value:
            value = response["value"]
        if isinstance(value, str):
            raise exception_class(value)
        if message == "" and "message" in value:
            message = value["message"]
    
        screen = None  # type: ignore[assignment]
        if "screen" in value:
            screen = value["screen"]
    
        stacktrace = None
        st_value = value.get("stackTrace") or value.get("stacktrace")
        if st_value:
            if isinstance(st_value, str):
                stacktrace = st_value.split("\n")
            else:
                stacktrace = []
                try:
                    for frame in st_value:
                        line = frame.get("lineNumber", "")
                        file = frame.get("fileName", "&lt;anonymous&gt;")
                        if line:
                            file = f"{file}:{line}"
                        meth = frame.get("methodName", "&lt;anonymous&gt;")
                        if "className" in frame:
                            meth = f"{frame['className']}.{meth}"
                        msg = "    at %s (%s)"
                        msg = msg % (meth, file)
                        stacktrace.append(msg)
                except TypeError:
                    pass
        if exception_class == UnexpectedAlertPresentException:
            alert_text = None
            if "data" in value:
                alert_text = value["data"].get("text")
            elif "alert" in value:
                alert_text = value["alert"].get("text")
            raise exception_class(message, screen, stacktrace, alert_text)  # type: ignore[call-arg]  # mypy is not smart enough here
&gt;       raise exception_class(message, screen, stacktrace)
E       selenium.common.exceptions.NoSuchElementException: Message: no such element: Unable to locate element: {"method":"css selector","selector":"#default-unibas"}
E         (Session info: chrome-headless-shell=120.0.6099.109); For documentation on this error, please visit: https://www.selenium.dev/documentation/webdriver/troubleshooting/errors#no-such-element-exception
E       Stacktrace:
E       #0 0x555c6c6a1f83 &lt;unknown&gt;
E       #1 0x555c6c35acf7 &lt;unknown&gt;
E       #2 0x555c6c3aa99e &lt;unknown&gt;
E       #3 0x555c6c3aaaa1 &lt;unknown&gt;
E       #4 0x555c6c3f5d64 &lt;unknown&gt;
E       #5 0x555c6c3d40dd &lt;unknown&gt;
E       #6 0x555c6c3f3006 &lt;unknown&gt;
E       #7 0x555c6c3d3e53 &lt;unknown&gt;
E       #8 0x555c6c39bdd4 &lt;unknown&gt;
E       #9 0x555c6c39d1de &lt;unknown&gt;
E       #10 0x555c6c666531 &lt;unknown&gt;
E       #11 0x555c6c66a455 &lt;unknown&gt;
E       #12 0x555c6c652f55 &lt;unknown&gt;
E       #13 0x555c6c66b0ef &lt;unknown&gt;
E       #14 0x555c6c63699f &lt;unknown&gt;
E       #15 0x555c6c68f008 &lt;unknown&gt;
E       #16 0x555c6c68f1d7 &lt;unknown&gt;
E       #17 0x555c6c6a1124 &lt;unknown&gt;
E       #18 0x7fbb3a87f044 &lt;unknown&gt;

/usr/local/lib/python3.9/site-packages/selenium/webdriver/remote/errorhandler.py:229: NoSuchElementException</failure></testcase></testsuite></testsuites>