<?xml version="1.0" encoding="utf-8"?><testsuites><testsuite name="pytest" errors="0" failures="3" skipped="0" tests="6" time="154.404" timestamp="2024-01-02T07:00:08.759026" hostname="f0c9d1b64d10"><testcase classname="test_public_mip.TestPublicMIP" name="test_login_and_accept_terms[https://hbpmip.link/]" time="28.147" /><testcase classname="test_public_mip.TestPublicMIP" name="test_data[https://hbpmip.link/]" time="23.999"><failure message="selenium.common.exceptions.NoSuchElementException: Message: no such element: Unable to locate element: {&quot;method&quot;:&quot;xpath&quot;,&quot;selector&quot;:&quot;//*[name()='circle'][. = 'Left opercular part of the inferior frontal gyrus&#10;']&quot;}&#10;  (Session info: chrome-headless-shell=120.0.6099.109); For documentation on this error, please visit: https://www.selenium.dev/documentation/webdriver/troubleshooting/errors#no-such-element-exception&#10;Stacktrace:&#10;#0 0x5628c74fdf83 &lt;unknown&gt;&#10;#1 0x5628c71b6cf7 &lt;unknown&gt;&#10;#2 0x5628c720699e &lt;unknown&gt;&#10;#3 0x5628c7206aa1 &lt;unknown&gt;&#10;#4 0x5628c7251d64 &lt;unknown&gt;&#10;#5 0x5628c72300dd &lt;unknown&gt;&#10;#6 0x5628c724f006 &lt;unknown&gt;&#10;#7 0x5628c722fe53 &lt;unknown&gt;&#10;#8 0x5628c71f7dd4 &lt;unknown&gt;&#10;#9 0x5628c71f91de &lt;unknown&gt;&#10;#10 0x5628c74c2531 &lt;unknown&gt;&#10;#11 0x5628c74c6455 &lt;unknown&gt;&#10;#12 0x5628c74aef55 &lt;unknown&gt;&#10;#13 0x5628c74c70ef &lt;unknown&gt;&#10;#14 0x5628c749299f &lt;unknown&gt;&#10;#15 0x5628c74eb008 &lt;unknown&gt;&#10;#16 0x5628c74eb1d7 &lt;unknown&gt;&#10;#17 0x5628c74fd124 &lt;unknown&gt;&#10;#18 0x7fb5b78ab044 &lt;unknown&gt;">self = &lt;test_public_mip.TestPublicMIP object at 0x7f0e8028aa90&gt;

    def test_data(self):
        """Integration tests (data) of the public MIP."""
&gt;       super().test_data()

test_public_mip.py:24: 
_ _ _ _ _ _ _ _ _ _ _ _ _ _ _ _ _ _ _ _ _ _ _ _ _ _ _ _ _ _ _ _ _ _ _ _ _ _ _ _ 
basetest.py:106: in test_data
    left_opercular_part_of_the_inferior_f_ = selenium_driver.find_element(
/usr/local/lib/python3.9/site-packages/selenium/webdriver/remote/webdriver.py:739: in find_element
    return self.execute(Command.FIND_ELEMENT, {"using": by, "value": value})["value"]
/usr/local/lib/python3.9/site-packages/selenium/webdriver/remote/webdriver.py:345: in execute
    self.error_handler.check_response(response)
_ _ _ _ _ _ _ _ _ _ _ _ _ _ _ _ _ _ _ _ _ _ _ _ _ _ _ _ _ _ _ _ _ _ _ _ _ _ _ _ 

self = &lt;selenium.webdriver.remote.errorhandler.ErrorHandler object at 0x7f0e7fec2a90&gt;
response = {'status': 404, 'value': '{"value":{"error":"no such element","message":"no such element: Unable to locate element: {\...\\n#16 0x5628c74eb1d7 \\u003Cunknown&gt;\\n#17 0x5628c74fd124 \\u003Cunknown&gt;\\n#18 0x7fb5b78ab044 \\u003Cunknown&gt;\\n"}}'}

    def check_response(self, response: Dict[str, Any]) -&gt; None:
        """Checks that a JSON response from the WebDriver does not have an
        error.
    
        :Args:
         - response - The JSON response from the WebDriver server as a dictionary
           object.
    
        :Raises: If the response contains an error message.
        """
        status = response.get("status", None)
        if not status or status == ErrorCode.SUCCESS:
            return
        value = None
        message = response.get("message", "")
        screen: str = response.get("screen", "")
        stacktrace = None
        if isinstance(status, int):
            value_json = response.get("value", None)
            if value_json and isinstance(value_json, str):
                import json
    
                try:
                    value = json.loads(value_json)
                    if len(value) == 1:
                        value = value["value"]
                    status = value.get("error", None)
                    if not status:
                        status = value.get("status", ErrorCode.UNKNOWN_ERROR)
                        message = value.get("value") or value.get("message")
                        if not isinstance(message, str):
                            value = message
                            message = message.get("message")
                    else:
                        message = value.get("message", None)
                except ValueError:
                    pass
    
        exception_class: Type[WebDriverException]
        e = ErrorCode()
        error_codes = [item for item in dir(e) if not item.startswith("__")]
        for error_code in error_codes:
            error_info = getattr(ErrorCode, error_code)
            if isinstance(error_info, list) and status in error_info:
                exception_class = getattr(ExceptionMapping, error_code, WebDriverException)
                break
        else:
            exception_class = WebDriverException
    
        if not value:
            value = response["value"]
        if isinstance(value, str):
            raise exception_class(value)
        if message == "" and "message" in value:
            message = value["message"]
    
        screen = None  # type: ignore[assignment]
        if "screen" in value:
            screen = value["screen"]
    
        stacktrace = None
        st_value = value.get("stackTrace") or value.get("stacktrace")
        if st_value:
            if isinstance(st_value, str):
                stacktrace = st_value.split("\n")
            else:
                stacktrace = []
                try:
                    for frame in st_value:
                        line = frame.get("lineNumber", "")
                        file = frame.get("fileName", "&lt;anonymous&gt;")
                        if line:
                            file = f"{file}:{line}"
                        meth = frame.get("methodName", "&lt;anonymous&gt;")
                        if "className" in frame:
                            meth = f"{frame['className']}.{meth}"
                        msg = "    at %s (%s)"
                        msg = msg % (meth, file)
                        stacktrace.append(msg)
                except TypeError:
                    pass
        if exception_class == UnexpectedAlertPresentException:
            alert_text = None
            if "data" in value:
                alert_text = value["data"].get("text")
            elif "alert" in value:
                alert_text = value["alert"].get("text")
            raise exception_class(message, screen, stacktrace, alert_text)  # type: ignore[call-arg]  # mypy is not smart enough here
&gt;       raise exception_class(message, screen, stacktrace)
E       selenium.common.exceptions.NoSuchElementException: Message: no such element: Unable to locate element: {"method":"xpath","selector":"//*[name()='circle'][. = 'Left opercular part of the inferior frontal gyrus
E       ']"}
E         (Session info: chrome-headless-shell=120.0.6099.109); For documentation on this error, please visit: https://www.selenium.dev/documentation/webdriver/troubleshooting/errors#no-such-element-exception
E       Stacktrace:
E       #0 0x5628c74fdf83 &lt;unknown&gt;
E       #1 0x5628c71b6cf7 &lt;unknown&gt;
E       #2 0x5628c720699e &lt;unknown&gt;
E       #3 0x5628c7206aa1 &lt;unknown&gt;
E       #4 0x5628c7251d64 &lt;unknown&gt;
E       #5 0x5628c72300dd &lt;unknown&gt;
E       #6 0x5628c724f006 &lt;unknown&gt;
E       #7 0x5628c722fe53 &lt;unknown&gt;
E       #8 0x5628c71f7dd4 &lt;unknown&gt;
E       #9 0x5628c71f91de &lt;unknown&gt;
E       #10 0x5628c74c2531 &lt;unknown&gt;
E       #11 0x5628c74c6455 &lt;unknown&gt;
E       #12 0x5628c74aef55 &lt;unknown&gt;
E       #13 0x5628c74c70ef &lt;unknown&gt;
E       #14 0x5628c749299f &lt;unknown&gt;
E       #15 0x5628c74eb008 &lt;unknown&gt;
E       #16 0x5628c74eb1d7 &lt;unknown&gt;
E       #17 0x5628c74fd124 &lt;unknown&gt;
E       #18 0x7fb5b78ab044 &lt;unknown&gt;

/usr/local/lib/python3.9/site-packages/selenium/webdriver/remote/errorhandler.py:229: NoSuchElementException</failure></testcase><testcase classname="test_qa_federation.TestMIPQAFederation" name="test_login_and_accept_terms[https://qa.hbpmip.link/]" time="27.748" /><testcase classname="test_qa_federation.TestMIPQAFederation" name="test_data[https://qa.hbpmip.link/]" time="23.630"><failure message="selenium.common.exceptions.NoSuchElementException: Message: no such element: Unable to locate element: {&quot;method&quot;:&quot;css selector&quot;,&quot;selector&quot;:&quot;#default-synth_mh_wk3&quot;}&#10;  (Session info: chrome-headless-shell=120.0.6099.109); For documentation on this error, please visit: https://www.selenium.dev/documentation/webdriver/troubleshooting/errors#no-such-element-exception&#10;Stacktrace:&#10;#0 0x556214a55f83 &lt;unknown&gt;&#10;#1 0x55621470ecf7 &lt;unknown&gt;&#10;#2 0x55621475e99e &lt;unknown&gt;&#10;#3 0x55621475eaa1 &lt;unknown&gt;&#10;#4 0x5562147a9d64 &lt;unknown&gt;&#10;#5 0x5562147880dd &lt;unknown&gt;&#10;#6 0x5562147a7006 &lt;unknown&gt;&#10;#7 0x556214787e53 &lt;unknown&gt;&#10;#8 0x55621474fdd4 &lt;unknown&gt;&#10;#9 0x5562147511de &lt;unknown&gt;&#10;#10 0x556214a1a531 &lt;unknown&gt;&#10;#11 0x556214a1e455 &lt;unknown&gt;&#10;#12 0x556214a06f55 &lt;unknown&gt;&#10;#13 0x556214a1f0ef &lt;unknown&gt;&#10;#14 0x5562149ea99f &lt;unknown&gt;&#10;#15 0x556214a43008 &lt;unknown&gt;&#10;#16 0x556214a431d7 &lt;unknown&gt;&#10;#17 0x556214a55124 &lt;unknown&gt;&#10;#18 0x7efce2546044 &lt;unknown&gt;">self = &lt;test_qa_federation.TestMIPQAFederation object at 0x7f0e7f2003d0&gt;

    def test_data(self):
        """Integration tests (data) of the MIP QA Federation."""
&gt;       super().test_data()

test_qa_federation.py:24: 
_ _ _ _ _ _ _ _ _ _ _ _ _ _ _ _ _ _ _ _ _ _ _ _ _ _ _ _ _ _ _ _ _ _ _ _ _ _ _ _ 
basetest.py:88: in test_data
    default_synth_mh_wk3 = selenium_driver.find_element(
/usr/local/lib/python3.9/site-packages/selenium/webdriver/remote/webdriver.py:739: in find_element
    return self.execute(Command.FIND_ELEMENT, {"using": by, "value": value})["value"]
/usr/local/lib/python3.9/site-packages/selenium/webdriver/remote/webdriver.py:345: in execute
    self.error_handler.check_response(response)
_ _ _ _ _ _ _ _ _ _ _ _ _ _ _ _ _ _ _ _ _ _ _ _ _ _ _ _ _ _ _ _ _ _ _ _ _ _ _ _ 

self = &lt;selenium.webdriver.remote.errorhandler.ErrorHandler object at 0x7f0e8021c520&gt;
response = {'status': 404, 'value': '{"value":{"error":"no such element","message":"no such element: Unable to locate element: {\...\\n#16 0x556214a431d7 \\u003Cunknown&gt;\\n#17 0x556214a55124 \\u003Cunknown&gt;\\n#18 0x7efce2546044 \\u003Cunknown&gt;\\n"}}'}

    def check_response(self, response: Dict[str, Any]) -&gt; None:
        """Checks that a JSON response from the WebDriver does not have an
        error.
    
        :Args:
         - response - The JSON response from the WebDriver server as a dictionary
           object.
    
        :Raises: If the response contains an error message.
        """
        status = response.get("status", None)
        if not status or status == ErrorCode.SUCCESS:
            return
        value = None
        message = response.get("message", "")
        screen: str = response.get("screen", "")
        stacktrace = None
        if isinstance(status, int):
            value_json = response.get("value", None)
            if value_json and isinstance(value_json, str):
                import json
    
                try:
                    value = json.loads(value_json)
                    if len(value) == 1:
                        value = value["value"]
                    status = value.get("error", None)
                    if not status:
                        status = value.get("status", ErrorCode.UNKNOWN_ERROR)
                        message = value.get("value") or value.get("message")
                        if not isinstance(message, str):
                            value = message
                            message = message.get("message")
                    else:
                        message = value.get("message", None)
                except ValueError:
                    pass
    
        exception_class: Type[WebDriverException]
        e = ErrorCode()
        error_codes = [item for item in dir(e) if not item.startswith("__")]
        for error_code in error_codes:
            error_info = getattr(ErrorCode, error_code)
            if isinstance(error_info, list) and status in error_info:
                exception_class = getattr(ExceptionMapping, error_code, WebDriverException)
                break
        else:
            exception_class = WebDriverException
    
        if not value:
            value = response["value"]
        if isinstance(value, str):
            raise exception_class(value)
        if message == "" and "message" in value:
            message = value["message"]
    
        screen = None  # type: ignore[assignment]
        if "screen" in value:
            screen = value["screen"]
    
        stacktrace = None
        st_value = value.get("stackTrace") or value.get("stacktrace")
        if st_value:
            if isinstance(st_value, str):
                stacktrace = st_value.split("\n")
            else:
                stacktrace = []
                try:
                    for frame in st_value:
                        line = frame.get("lineNumber", "")
                        file = frame.get("fileName", "&lt;anonymous&gt;")
                        if line:
                            file = f"{file}:{line}"
                        meth = frame.get("methodName", "&lt;anonymous&gt;")
                        if "className" in frame:
                            meth = f"{frame['className']}.{meth}"
                        msg = "    at %s (%s)"
                        msg = msg % (meth, file)
                        stacktrace.append(msg)
                except TypeError:
                    pass
        if exception_class == UnexpectedAlertPresentException:
            alert_text = None
            if "data" in value:
                alert_text = value["data"].get("text")
            elif "alert" in value:
                alert_text = value["alert"].get("text")
            raise exception_class(message, screen, stacktrace, alert_text)  # type: ignore[call-arg]  # mypy is not smart enough here
&gt;       raise exception_class(message, screen, stacktrace)
E       selenium.common.exceptions.NoSuchElementException: Message: no such element: Unable to locate element: {"method":"css selector","selector":"#default-synth_mh_wk3"}
E         (Session info: chrome-headless-shell=120.0.6099.109); For documentation on this error, please visit: https://www.selenium.dev/documentation/webdriver/troubleshooting/errors#no-such-element-exception
E       Stacktrace:
E       #0 0x556214a55f83 &lt;unknown&gt;
E       #1 0x55621470ecf7 &lt;unknown&gt;
E       #2 0x55621475e99e &lt;unknown&gt;
E       #3 0x55621475eaa1 &lt;unknown&gt;
E       #4 0x5562147a9d64 &lt;unknown&gt;
E       #5 0x5562147880dd &lt;unknown&gt;
E       #6 0x5562147a7006 &lt;unknown&gt;
E       #7 0x556214787e53 &lt;unknown&gt;
E       #8 0x55621474fdd4 &lt;unknown&gt;
E       #9 0x5562147511de &lt;unknown&gt;
E       #10 0x556214a1a531 &lt;unknown&gt;
E       #11 0x556214a1e455 &lt;unknown&gt;
E       #12 0x556214a06f55 &lt;unknown&gt;
E       #13 0x556214a1f0ef &lt;unknown&gt;
E       #14 0x5562149ea99f &lt;unknown&gt;
E       #15 0x556214a43008 &lt;unknown&gt;
E       #16 0x556214a431d7 &lt;unknown&gt;
E       #17 0x556214a55124 &lt;unknown&gt;
E       #18 0x7efce2546044 &lt;unknown&gt;

/usr/local/lib/python3.9/site-packages/selenium/webdriver/remote/errorhandler.py:229: NoSuchElementException</failure></testcase><testcase classname="test_stroke_federation.TestStrokeMIP" name="test_login_and_accept_terms[https://stroke.hbpmip.link/]" time="26.747" /><testcase classname="test_stroke_federation.TestStrokeMIP" name="test_data[https://stroke.hbpmip.link/]" time="23.127"><failure message="selenium.common.exceptions.NoSuchElementException: Message: no such element: Unable to locate element: {&quot;method&quot;:&quot;css selector&quot;,&quot;selector&quot;:&quot;#default-unibas&quot;}&#10;  (Session info: chrome-headless-shell=120.0.6099.109); For documentation on this error, please visit: https://www.selenium.dev/documentation/webdriver/troubleshooting/errors#no-such-element-exception&#10;Stacktrace:&#10;#0 0x55a720df9f83 &lt;unknown&gt;&#10;#1 0x55a720ab2cf7 &lt;unknown&gt;&#10;#2 0x55a720b0299e &lt;unknown&gt;&#10;#3 0x55a720b02aa1 &lt;unknown&gt;&#10;#4 0x55a720b4dd64 &lt;unknown&gt;&#10;#5 0x55a720b2c0dd &lt;unknown&gt;&#10;#6 0x55a720b4b006 &lt;unknown&gt;&#10;#7 0x55a720b2be53 &lt;unknown&gt;&#10;#8 0x55a720af3dd4 &lt;unknown&gt;&#10;#9 0x55a720af51de &lt;unknown&gt;&#10;#10 0x55a720dbe531 &lt;unknown&gt;&#10;#11 0x55a720dc2455 &lt;unknown&gt;&#10;#12 0x55a720daaf55 &lt;unknown&gt;&#10;#13 0x55a720dc30ef &lt;unknown&gt;&#10;#14 0x55a720d8e99f &lt;unknown&gt;&#10;#15 0x55a720de7008 &lt;unknown&gt;&#10;#16 0x55a720de71d7 &lt;unknown&gt;&#10;#17 0x55a720df9124 &lt;unknown&gt;&#10;#18 0x7f80b9cab044 &lt;unknown&gt;">self = &lt;test_stroke_federation.TestStrokeMIP object at 0x7f0e8028a970&gt;

    def test_data(self):
        """Integration tests (data) of the Stroke (FERES) MIP."""
        selenium_driver = self.driver
    
        # 1. Click 'Datasets'
        datasets = selenium_driver.find_element(By.CSS_SELECTOR, "#dropdown-basic")
        datasets.click()
    
        # 2. Disable and enable again 'default-unibas'
        time.sleep(3)
&gt;       default_unibas_wk = selenium_driver.find_element(
            By.CSS_SELECTOR, "#default-unibas"
        )

test_stroke_federation.py:38: 
_ _ _ _ _ _ _ _ _ _ _ _ _ _ _ _ _ _ _ _ _ _ _ _ _ _ _ _ _ _ _ _ _ _ _ _ _ _ _ _ 
/usr/local/lib/python3.9/site-packages/selenium/webdriver/remote/webdriver.py:739: in find_element
    return self.execute(Command.FIND_ELEMENT, {"using": by, "value": value})["value"]
/usr/local/lib/python3.9/site-packages/selenium/webdriver/remote/webdriver.py:345: in execute
    self.error_handler.check_response(response)
_ _ _ _ _ _ _ _ _ _ _ _ _ _ _ _ _ _ _ _ _ _ _ _ _ _ _ _ _ _ _ _ _ _ _ _ _ _ _ _ 

self = &lt;selenium.webdriver.remote.errorhandler.ErrorHandler object at 0x7f0e7f202d60&gt;
response = {'status': 404, 'value': '{"value":{"error":"no such element","message":"no such element: Unable to locate element: {\...\\n#16 0x55a720de71d7 \\u003Cunknown&gt;\\n#17 0x55a720df9124 \\u003Cunknown&gt;\\n#18 0x7f80b9cab044 \\u003Cunknown&gt;\\n"}}'}

    def check_response(self, response: Dict[str, Any]) -&gt; None:
        """Checks that a JSON response from the WebDriver does not have an
        error.
    
        :Args:
         - response - The JSON response from the WebDriver server as a dictionary
           object.
    
        :Raises: If the response contains an error message.
        """
        status = response.get("status", None)
        if not status or status == ErrorCode.SUCCESS:
            return
        value = None
        message = response.get("message", "")
        screen: str = response.get("screen", "")
        stacktrace = None
        if isinstance(status, int):
            value_json = response.get("value", None)
            if value_json and isinstance(value_json, str):
                import json
    
                try:
                    value = json.loads(value_json)
                    if len(value) == 1:
                        value = value["value"]
                    status = value.get("error", None)
                    if not status:
                        status = value.get("status", ErrorCode.UNKNOWN_ERROR)
                        message = value.get("value") or value.get("message")
                        if not isinstance(message, str):
                            value = message
                            message = message.get("message")
                    else:
                        message = value.get("message", None)
                except ValueError:
                    pass
    
        exception_class: Type[WebDriverException]
        e = ErrorCode()
        error_codes = [item for item in dir(e) if not item.startswith("__")]
        for error_code in error_codes:
            error_info = getattr(ErrorCode, error_code)
            if isinstance(error_info, list) and status in error_info:
                exception_class = getattr(ExceptionMapping, error_code, WebDriverException)
                break
        else:
            exception_class = WebDriverException
    
        if not value:
            value = response["value"]
        if isinstance(value, str):
            raise exception_class(value)
        if message == "" and "message" in value:
            message = value["message"]
    
        screen = None  # type: ignore[assignment]
        if "screen" in value:
            screen = value["screen"]
    
        stacktrace = None
        st_value = value.get("stackTrace") or value.get("stacktrace")
        if st_value:
            if isinstance(st_value, str):
                stacktrace = st_value.split("\n")
            else:
                stacktrace = []
                try:
                    for frame in st_value:
                        line = frame.get("lineNumber", "")
                        file = frame.get("fileName", "&lt;anonymous&gt;")
                        if line:
                            file = f"{file}:{line}"
                        meth = frame.get("methodName", "&lt;anonymous&gt;")
                        if "className" in frame:
                            meth = f"{frame['className']}.{meth}"
                        msg = "    at %s (%s)"
                        msg = msg % (meth, file)
                        stacktrace.append(msg)
                except TypeError:
                    pass
        if exception_class == UnexpectedAlertPresentException:
            alert_text = None
            if "data" in value:
                alert_text = value["data"].get("text")
            elif "alert" in value:
                alert_text = value["alert"].get("text")
            raise exception_class(message, screen, stacktrace, alert_text)  # type: ignore[call-arg]  # mypy is not smart enough here
&gt;       raise exception_class(message, screen, stacktrace)
E       selenium.common.exceptions.NoSuchElementException: Message: no such element: Unable to locate element: {"method":"css selector","selector":"#default-unibas"}
E         (Session info: chrome-headless-shell=120.0.6099.109); For documentation on this error, please visit: https://www.selenium.dev/documentation/webdriver/troubleshooting/errors#no-such-element-exception
E       Stacktrace:
E       #0 0x55a720df9f83 &lt;unknown&gt;
E       #1 0x55a720ab2cf7 &lt;unknown&gt;
E       #2 0x55a720b0299e &lt;unknown&gt;
E       #3 0x55a720b02aa1 &lt;unknown&gt;
E       #4 0x55a720b4dd64 &lt;unknown&gt;
E       #5 0x55a720b2c0dd &lt;unknown&gt;
E       #6 0x55a720b4b006 &lt;unknown&gt;
E       #7 0x55a720b2be53 &lt;unknown&gt;
E       #8 0x55a720af3dd4 &lt;unknown&gt;
E       #9 0x55a720af51de &lt;unknown&gt;
E       #10 0x55a720dbe531 &lt;unknown&gt;
E       #11 0x55a720dc2455 &lt;unknown&gt;
E       #12 0x55a720daaf55 &lt;unknown&gt;
E       #13 0x55a720dc30ef &lt;unknown&gt;
E       #14 0x55a720d8e99f &lt;unknown&gt;
E       #15 0x55a720de7008 &lt;unknown&gt;
E       #16 0x55a720de71d7 &lt;unknown&gt;
E       #17 0x55a720df9124 &lt;unknown&gt;
E       #18 0x7f80b9cab044 &lt;unknown&gt;

/usr/local/lib/python3.9/site-packages/selenium/webdriver/remote/errorhandler.py:229: NoSuchElementException</failure></testcase></testsuite></testsuites>