<?xml version="1.0" encoding="utf-8"?><testsuites><testsuite name="pytest" errors="0" failures="2" skipped="0" tests="6" time="162.486" timestamp="2024-02-23T06:59:54.789996" hostname="3c829858bccf"><testcase classname="test_public_mip.TestPublicMIP" name="test_login_and_accept_terms[https://hbpmip.link/]" time="29.624" /><testcase classname="test_public_mip.TestPublicMIP" name="test_data[https://hbpmip.link/]" time="24.015"><failure message="selenium.common.exceptions.NoSuchElementException: Message: no such element: Unable to locate element: {&quot;method&quot;:&quot;xpath&quot;,&quot;selector&quot;:&quot;//*[name()='circle'][. = 'Left opercular part of the inferior frontal gyrus&#10;']&quot;}&#10;  (Session info: chrome-headless-shell=121.0.6167.184); For documentation on this error, please visit: https://www.selenium.dev/documentation/webdriver/troubleshooting/errors#no-such-element-exception&#10;Stacktrace:&#10;#0 0x55a15171e303 &lt;unknown&gt;&#10;#1 0x55a1514032b7 &lt;unknown&gt;&#10;#2 0x55a15144ecc0 &lt;unknown&gt;&#10;#3 0x55a15144edb1 &lt;unknown&gt;&#10;#4 0x55a151492b44 &lt;unknown&gt;&#10;#5 0x55a1514713ad &lt;unknown&gt;&#10;#6 0x55a15149007c &lt;unknown&gt;&#10;#7 0x55a151471123 &lt;unknown&gt;&#10;#8 0x55a151441095 &lt;unknown&gt;&#10;#9 0x55a15144209e &lt;unknown&gt;&#10;#10 0x55a1516e26ab &lt;unknown&gt;&#10;#11 0x55a1516e64ba &lt;unknown&gt;&#10;#12 0x55a1516cef85 &lt;unknown&gt;&#10;#13 0x55a1516e712f &lt;unknown&gt;&#10;#14 0x55a1516b2e6f &lt;unknown&gt;&#10;#15 0x55a15170b5f8 &lt;unknown&gt;&#10;#16 0x55a15170b7c2 &lt;unknown&gt;&#10;#17 0x55a15171d4a4 &lt;unknown&gt;&#10;#18 0x7f371d96c134 &lt;unknown&gt;">self = &lt;test_public_mip.TestPublicMIP object at 0x7f980baf2af0&gt;

    def test_data(self):
        """Integration tests (data) of the public MIP."""
&gt;       super().test_data()

test_public_mip.py:24: 
_ _ _ _ _ _ _ _ _ _ _ _ _ _ _ _ _ _ _ _ _ _ _ _ _ _ _ _ _ _ _ _ _ _ _ _ _ _ _ _ 
basetest.py:106: in test_data
    left_opercular_part_of_the_inferior_f_ = selenium_driver.find_element(
/usr/local/lib/python3.9/site-packages/selenium/webdriver/remote/webdriver.py:739: in find_element
    return self.execute(Command.FIND_ELEMENT, {"using": by, "value": value})["value"]
/usr/local/lib/python3.9/site-packages/selenium/webdriver/remote/webdriver.py:345: in execute
    self.error_handler.check_response(response)
_ _ _ _ _ _ _ _ _ _ _ _ _ _ _ _ _ _ _ _ _ _ _ _ _ _ _ _ _ _ _ _ _ _ _ _ _ _ _ _ 

self = &lt;selenium.webdriver.remote.errorhandler.ErrorHandler object at 0x7f980b7f18b0&gt;
response = {'status': 404, 'value': '{"value":{"error":"no such element","message":"no such element: Unable to locate element: {\...\\n#16 0x55a15170b7c2 \\u003Cunknown&gt;\\n#17 0x55a15171d4a4 \\u003Cunknown&gt;\\n#18 0x7f371d96c134 \\u003Cunknown&gt;\\n"}}'}

    def check_response(self, response: Dict[str, Any]) -&gt; None:
        """Checks that a JSON response from the WebDriver does not have an
        error.
    
        :Args:
         - response - The JSON response from the WebDriver server as a dictionary
           object.
    
        :Raises: If the response contains an error message.
        """
        status = response.get("status", None)
        if not status or status == ErrorCode.SUCCESS:
            return
        value = None
        message = response.get("message", "")
        screen: str = response.get("screen", "")
        stacktrace = None
        if isinstance(status, int):
            value_json = response.get("value", None)
            if value_json and isinstance(value_json, str):
                import json
    
                try:
                    value = json.loads(value_json)
                    if len(value) == 1:
                        value = value["value"]
                    status = value.get("error", None)
                    if not status:
                        status = value.get("status", ErrorCode.UNKNOWN_ERROR)
                        message = value.get("value") or value.get("message")
                        if not isinstance(message, str):
                            value = message
                            message = message.get("message")
                    else:
                        message = value.get("message", None)
                except ValueError:
                    pass
    
        exception_class: Type[WebDriverException]
        e = ErrorCode()
        error_codes = [item for item in dir(e) if not item.startswith("__")]
        for error_code in error_codes:
            error_info = getattr(ErrorCode, error_code)
            if isinstance(error_info, list) and status in error_info:
                exception_class = getattr(ExceptionMapping, error_code, WebDriverException)
                break
        else:
            exception_class = WebDriverException
    
        if not value:
            value = response["value"]
        if isinstance(value, str):
            raise exception_class(value)
        if message == "" and "message" in value:
            message = value["message"]
    
        screen = None  # type: ignore[assignment]
        if "screen" in value:
            screen = value["screen"]
    
        stacktrace = None
        st_value = value.get("stackTrace") or value.get("stacktrace")
        if st_value:
            if isinstance(st_value, str):
                stacktrace = st_value.split("\n")
            else:
                stacktrace = []
                try:
                    for frame in st_value:
                        line = frame.get("lineNumber", "")
                        file = frame.get("fileName", "&lt;anonymous&gt;")
                        if line:
                            file = f"{file}:{line}"
                        meth = frame.get("methodName", "&lt;anonymous&gt;")
                        if "className" in frame:
                            meth = f"{frame['className']}.{meth}"
                        msg = "    at %s (%s)"
                        msg = msg % (meth, file)
                        stacktrace.append(msg)
                except TypeError:
                    pass
        if exception_class == UnexpectedAlertPresentException:
            alert_text = None
            if "data" in value:
                alert_text = value["data"].get("text")
            elif "alert" in value:
                alert_text = value["alert"].get("text")
            raise exception_class(message, screen, stacktrace, alert_text)  # type: ignore[call-arg]  # mypy is not smart enough here
&gt;       raise exception_class(message, screen, stacktrace)
E       selenium.common.exceptions.NoSuchElementException: Message: no such element: Unable to locate element: {"method":"xpath","selector":"//*[name()='circle'][. = 'Left opercular part of the inferior frontal gyrus
E       ']"}
E         (Session info: chrome-headless-shell=121.0.6167.184); For documentation on this error, please visit: https://www.selenium.dev/documentation/webdriver/troubleshooting/errors#no-such-element-exception
E       Stacktrace:
E       #0 0x55a15171e303 &lt;unknown&gt;
E       #1 0x55a1514032b7 &lt;unknown&gt;
E       #2 0x55a15144ecc0 &lt;unknown&gt;
E       #3 0x55a15144edb1 &lt;unknown&gt;
E       #4 0x55a151492b44 &lt;unknown&gt;
E       #5 0x55a1514713ad &lt;unknown&gt;
E       #6 0x55a15149007c &lt;unknown&gt;
E       #7 0x55a151471123 &lt;unknown&gt;
E       #8 0x55a151441095 &lt;unknown&gt;
E       #9 0x55a15144209e &lt;unknown&gt;
E       #10 0x55a1516e26ab &lt;unknown&gt;
E       #11 0x55a1516e64ba &lt;unknown&gt;
E       #12 0x55a1516cef85 &lt;unknown&gt;
E       #13 0x55a1516e712f &lt;unknown&gt;
E       #14 0x55a1516b2e6f &lt;unknown&gt;
E       #15 0x55a15170b5f8 &lt;unknown&gt;
E       #16 0x55a15170b7c2 &lt;unknown&gt;
E       #17 0x55a15171d4a4 &lt;unknown&gt;
E       #18 0x7f371d96c134 &lt;unknown&gt;

/usr/local/lib/python3.9/site-packages/selenium/webdriver/remote/errorhandler.py:229: NoSuchElementException</failure></testcase><testcase classname="test_qa_federation.TestMIPQAFederation" name="test_login_and_accept_terms[https://qa.hbpmip.link/]" time="26.229" /><testcase classname="test_qa_federation.TestMIPQAFederation" name="test_data[https://qa.hbpmip.link/]" time="23.611"><failure message="selenium.common.exceptions.NoSuchElementException: Message: no such element: Unable to locate element: {&quot;method&quot;:&quot;css selector&quot;,&quot;selector&quot;:&quot;#default-synth_mh_wk3&quot;}&#10;  (Session info: chrome-headless-shell=121.0.6167.184); For documentation on this error, please visit: https://www.selenium.dev/documentation/webdriver/troubleshooting/errors#no-such-element-exception&#10;Stacktrace:&#10;#0 0x562acb36a303 &lt;unknown&gt;&#10;#1 0x562acb04f2b7 &lt;unknown&gt;&#10;#2 0x562acb09acc0 &lt;unknown&gt;&#10;#3 0x562acb09adb1 &lt;unknown&gt;&#10;#4 0x562acb0deb44 &lt;unknown&gt;&#10;#5 0x562acb0bd3ad &lt;unknown&gt;&#10;#6 0x562acb0dc07c &lt;unknown&gt;&#10;#7 0x562acb0bd123 &lt;unknown&gt;&#10;#8 0x562acb08d095 &lt;unknown&gt;&#10;#9 0x562acb08e09e &lt;unknown&gt;&#10;#10 0x562acb32e6ab &lt;unknown&gt;&#10;#11 0x562acb3324ba &lt;unknown&gt;&#10;#12 0x562acb31af85 &lt;unknown&gt;&#10;#13 0x562acb33312f &lt;unknown&gt;&#10;#14 0x562acb2fee6f &lt;unknown&gt;&#10;#15 0x562acb3575f8 &lt;unknown&gt;&#10;#16 0x562acb3577c2 &lt;unknown&gt;&#10;#17 0x562acb3694a4 &lt;unknown&gt;&#10;#18 0x7f7938f4c134 &lt;unknown&gt;">self = &lt;test_qa_federation.TestMIPQAFederation object at 0x7f980aad0e80&gt;

    def test_data(self):
        """Integration tests (data) of the MIP QA Federation."""
&gt;       super().test_data()

test_qa_federation.py:24: 
_ _ _ _ _ _ _ _ _ _ _ _ _ _ _ _ _ _ _ _ _ _ _ _ _ _ _ _ _ _ _ _ _ _ _ _ _ _ _ _ 
basetest.py:88: in test_data
    default_synth_mh_wk3 = selenium_driver.find_element(
/usr/local/lib/python3.9/site-packages/selenium/webdriver/remote/webdriver.py:739: in find_element
    return self.execute(Command.FIND_ELEMENT, {"using": by, "value": value})["value"]
/usr/local/lib/python3.9/site-packages/selenium/webdriver/remote/webdriver.py:345: in execute
    self.error_handler.check_response(response)
_ _ _ _ _ _ _ _ _ _ _ _ _ _ _ _ _ _ _ _ _ _ _ _ _ _ _ _ _ _ _ _ _ _ _ _ _ _ _ _ 

self = &lt;selenium.webdriver.remote.errorhandler.ErrorHandler object at 0x7f980aa56820&gt;
response = {'status': 404, 'value': '{"value":{"error":"no such element","message":"no such element: Unable to locate element: {\...\\n#16 0x562acb3577c2 \\u003Cunknown&gt;\\n#17 0x562acb3694a4 \\u003Cunknown&gt;\\n#18 0x7f7938f4c134 \\u003Cunknown&gt;\\n"}}'}

    def check_response(self, response: Dict[str, Any]) -&gt; None:
        """Checks that a JSON response from the WebDriver does not have an
        error.
    
        :Args:
         - response - The JSON response from the WebDriver server as a dictionary
           object.
    
        :Raises: If the response contains an error message.
        """
        status = response.get("status", None)
        if not status or status == ErrorCode.SUCCESS:
            return
        value = None
        message = response.get("message", "")
        screen: str = response.get("screen", "")
        stacktrace = None
        if isinstance(status, int):
            value_json = response.get("value", None)
            if value_json and isinstance(value_json, str):
                import json
    
                try:
                    value = json.loads(value_json)
                    if len(value) == 1:
                        value = value["value"]
                    status = value.get("error", None)
                    if not status:
                        status = value.get("status", ErrorCode.UNKNOWN_ERROR)
                        message = value.get("value") or value.get("message")
                        if not isinstance(message, str):
                            value = message
                            message = message.get("message")
                    else:
                        message = value.get("message", None)
                except ValueError:
                    pass
    
        exception_class: Type[WebDriverException]
        e = ErrorCode()
        error_codes = [item for item in dir(e) if not item.startswith("__")]
        for error_code in error_codes:
            error_info = getattr(ErrorCode, error_code)
            if isinstance(error_info, list) and status in error_info:
                exception_class = getattr(ExceptionMapping, error_code, WebDriverException)
                break
        else:
            exception_class = WebDriverException
    
        if not value:
            value = response["value"]
        if isinstance(value, str):
            raise exception_class(value)
        if message == "" and "message" in value:
            message = value["message"]
    
        screen = None  # type: ignore[assignment]
        if "screen" in value:
            screen = value["screen"]
    
        stacktrace = None
        st_value = value.get("stackTrace") or value.get("stacktrace")
        if st_value:
            if isinstance(st_value, str):
                stacktrace = st_value.split("\n")
            else:
                stacktrace = []
                try:
                    for frame in st_value:
                        line = frame.get("lineNumber", "")
                        file = frame.get("fileName", "&lt;anonymous&gt;")
                        if line:
                            file = f"{file}:{line}"
                        meth = frame.get("methodName", "&lt;anonymous&gt;")
                        if "className" in frame:
                            meth = f"{frame['className']}.{meth}"
                        msg = "    at %s (%s)"
                        msg = msg % (meth, file)
                        stacktrace.append(msg)
                except TypeError:
                    pass
        if exception_class == UnexpectedAlertPresentException:
            alert_text = None
            if "data" in value:
                alert_text = value["data"].get("text")
            elif "alert" in value:
                alert_text = value["alert"].get("text")
            raise exception_class(message, screen, stacktrace, alert_text)  # type: ignore[call-arg]  # mypy is not smart enough here
&gt;       raise exception_class(message, screen, stacktrace)
E       selenium.common.exceptions.NoSuchElementException: Message: no such element: Unable to locate element: {"method":"css selector","selector":"#default-synth_mh_wk3"}
E         (Session info: chrome-headless-shell=121.0.6167.184); For documentation on this error, please visit: https://www.selenium.dev/documentation/webdriver/troubleshooting/errors#no-such-element-exception
E       Stacktrace:
E       #0 0x562acb36a303 &lt;unknown&gt;
E       #1 0x562acb04f2b7 &lt;unknown&gt;
E       #2 0x562acb09acc0 &lt;unknown&gt;
E       #3 0x562acb09adb1 &lt;unknown&gt;
E       #4 0x562acb0deb44 &lt;unknown&gt;
E       #5 0x562acb0bd3ad &lt;unknown&gt;
E       #6 0x562acb0dc07c &lt;unknown&gt;
E       #7 0x562acb0bd123 &lt;unknown&gt;
E       #8 0x562acb08d095 &lt;unknown&gt;
E       #9 0x562acb08e09e &lt;unknown&gt;
E       #10 0x562acb32e6ab &lt;unknown&gt;
E       #11 0x562acb3324ba &lt;unknown&gt;
E       #12 0x562acb31af85 &lt;unknown&gt;
E       #13 0x562acb33312f &lt;unknown&gt;
E       #14 0x562acb2fee6f &lt;unknown&gt;
E       #15 0x562acb3575f8 &lt;unknown&gt;
E       #16 0x562acb3577c2 &lt;unknown&gt;
E       #17 0x562acb3694a4 &lt;unknown&gt;
E       #18 0x7f7938f4c134 &lt;unknown&gt;

/usr/local/lib/python3.9/site-packages/selenium/webdriver/remote/errorhandler.py:229: NoSuchElementException</failure></testcase><testcase classname="test_stroke_federation.TestStrokeMIP" name="test_login_and_accept_terms[https://stroke.hbpmip.link/]" time="26.777" /><testcase classname="test_stroke_federation.TestStrokeMIP" name="test_data[https://stroke.hbpmip.link/]" time="31.704" /></testsuite></testsuites>