<?xml version="1.0" encoding="utf-8"?><testsuites><testsuite name="pytest" errors="0" failures="3" skipped="0" tests="6" time="206.784" timestamp="2024-03-15T07:01:57.744395" hostname="c7a191e72860"><testcase classname="test_public_mip.TestPublicMIP" name="test_login_and_accept_terms[https://hbpmip.link/]" time="49.552" /><testcase classname="test_public_mip.TestPublicMIP" name="test_data[https://hbpmip.link/]" time="20.105"><failure message="selenium.common.exceptions.NoSuchElementException: Message: no such element: Unable to locate element: {&quot;method&quot;:&quot;xpath&quot;,&quot;selector&quot;:&quot;//div[@id='pathology-select']/div/button&quot;}&#10;  (Session info: chrome-headless-shell=122.0.6261.128); For documentation on this error, please visit: https://www.selenium.dev/documentation/webdriver/troubleshooting/errors#no-such-element-exception&#10;Stacktrace:&#10;#0 0x5b87c4c66f33 &lt;unknown&gt;&#10;#1 0x5b87c495ece6 &lt;unknown&gt;&#10;#2 0x5b87c49a9e48 &lt;unknown&gt;&#10;#3 0x5b87c49a9f01 &lt;unknown&gt;&#10;#4 0x5b87c49ed3f4 &lt;unknown&gt;&#10;#5 0x5b87c49cbedd &lt;unknown&gt;&#10;#6 0x5b87c49ea899 &lt;unknown&gt;&#10;#7 0x5b87c49cbc53 &lt;unknown&gt;&#10;#8 0x5b87c499cdb3 &lt;unknown&gt;&#10;#9 0x5b87c499d77e &lt;unknown&gt;&#10;#10 0x5b87c4c2c86b &lt;unknown&gt;&#10;#11 0x5b87c4c30885 &lt;unknown&gt;&#10;#12 0x5b87c4c1a181 &lt;unknown&gt;&#10;#13 0x5b87c4c31412 &lt;unknown&gt;&#10;#14 0x5b87c4bfe25f &lt;unknown&gt;&#10;#15 0x5b87c4c55528 &lt;unknown&gt;&#10;#16 0x5b87c4c55723 &lt;unknown&gt;&#10;#17 0x5b87c4c660e4 &lt;unknown&gt;&#10;#18 0x712a23fcd134 &lt;unknown&gt;">self = &lt;test_public_mip.TestPublicMIP object at 0x7880277bdaf0&gt;

    def test_data(self):
        """Integration tests (data) of the public MIP."""
&gt;       super().test_data()

test_public_mip.py:24: 
_ _ _ _ _ _ _ _ _ _ _ _ _ _ _ _ _ _ _ _ _ _ _ _ _ _ _ _ _ _ _ _ _ _ _ _ _ _ _ _ 
basetest.py:63: in test_data
    dementia = selenium_driver.find_element(
/usr/local/lib/python3.9/site-packages/selenium/webdriver/remote/webdriver.py:739: in find_element
    return self.execute(Command.FIND_ELEMENT, {"using": by, "value": value})["value"]
/usr/local/lib/python3.9/site-packages/selenium/webdriver/remote/webdriver.py:345: in execute
    self.error_handler.check_response(response)
_ _ _ _ _ _ _ _ _ _ _ _ _ _ _ _ _ _ _ _ _ _ _ _ _ _ _ _ _ _ _ _ _ _ _ _ _ _ _ _ 

self = &lt;selenium.webdriver.remote.errorhandler.ErrorHandler object at 0x7880274bdbe0&gt;
response = {'status': 404, 'value': '{"value":{"error":"no such element","message":"no such element: Unable to locate element: {\...\\n#16 0x5b87c4c55723 \\u003Cunknown&gt;\\n#17 0x5b87c4c660e4 \\u003Cunknown&gt;\\n#18 0x712a23fcd134 \\u003Cunknown&gt;\\n"}}'}

    def check_response(self, response: Dict[str, Any]) -&gt; None:
        """Checks that a JSON response from the WebDriver does not have an
        error.
    
        :Args:
         - response - The JSON response from the WebDriver server as a dictionary
           object.
    
        :Raises: If the response contains an error message.
        """
        status = response.get("status", None)
        if not status or status == ErrorCode.SUCCESS:
            return
        value = None
        message = response.get("message", "")
        screen: str = response.get("screen", "")
        stacktrace = None
        if isinstance(status, int):
            value_json = response.get("value", None)
            if value_json and isinstance(value_json, str):
                import json
    
                try:
                    value = json.loads(value_json)
                    if len(value) == 1:
                        value = value["value"]
                    status = value.get("error", None)
                    if not status:
                        status = value.get("status", ErrorCode.UNKNOWN_ERROR)
                        message = value.get("value") or value.get("message")
                        if not isinstance(message, str):
                            value = message
                            message = message.get("message")
                    else:
                        message = value.get("message", None)
                except ValueError:
                    pass
    
        exception_class: Type[WebDriverException]
        e = ErrorCode()
        error_codes = [item for item in dir(e) if not item.startswith("__")]
        for error_code in error_codes:
            error_info = getattr(ErrorCode, error_code)
            if isinstance(error_info, list) and status in error_info:
                exception_class = getattr(ExceptionMapping, error_code, WebDriverException)
                break
        else:
            exception_class = WebDriverException
    
        if not value:
            value = response["value"]
        if isinstance(value, str):
            raise exception_class(value)
        if message == "" and "message" in value:
            message = value["message"]
    
        screen = None  # type: ignore[assignment]
        if "screen" in value:
            screen = value["screen"]
    
        stacktrace = None
        st_value = value.get("stackTrace") or value.get("stacktrace")
        if st_value:
            if isinstance(st_value, str):
                stacktrace = st_value.split("\n")
            else:
                stacktrace = []
                try:
                    for frame in st_value:
                        line = frame.get("lineNumber", "")
                        file = frame.get("fileName", "&lt;anonymous&gt;")
                        if line:
                            file = f"{file}:{line}"
                        meth = frame.get("methodName", "&lt;anonymous&gt;")
                        if "className" in frame:
                            meth = f"{frame['className']}.{meth}"
                        msg = "    at %s (%s)"
                        msg = msg % (meth, file)
                        stacktrace.append(msg)
                except TypeError:
                    pass
        if exception_class == UnexpectedAlertPresentException:
            alert_text = None
            if "data" in value:
                alert_text = value["data"].get("text")
            elif "alert" in value:
                alert_text = value["alert"].get("text")
            raise exception_class(message, screen, stacktrace, alert_text)  # type: ignore[call-arg]  # mypy is not smart enough here
&gt;       raise exception_class(message, screen, stacktrace)
E       selenium.common.exceptions.NoSuchElementException: Message: no such element: Unable to locate element: {"method":"xpath","selector":"//div[@id='pathology-select']/div/button"}
E         (Session info: chrome-headless-shell=122.0.6261.128); For documentation on this error, please visit: https://www.selenium.dev/documentation/webdriver/troubleshooting/errors#no-such-element-exception
E       Stacktrace:
E       #0 0x5b87c4c66f33 &lt;unknown&gt;
E       #1 0x5b87c495ece6 &lt;unknown&gt;
E       #2 0x5b87c49a9e48 &lt;unknown&gt;
E       #3 0x5b87c49a9f01 &lt;unknown&gt;
E       #4 0x5b87c49ed3f4 &lt;unknown&gt;
E       #5 0x5b87c49cbedd &lt;unknown&gt;
E       #6 0x5b87c49ea899 &lt;unknown&gt;
E       #7 0x5b87c49cbc53 &lt;unknown&gt;
E       #8 0x5b87c499cdb3 &lt;unknown&gt;
E       #9 0x5b87c499d77e &lt;unknown&gt;
E       #10 0x5b87c4c2c86b &lt;unknown&gt;
E       #11 0x5b87c4c30885 &lt;unknown&gt;
E       #12 0x5b87c4c1a181 &lt;unknown&gt;
E       #13 0x5b87c4c31412 &lt;unknown&gt;
E       #14 0x5b87c4bfe25f &lt;unknown&gt;
E       #15 0x5b87c4c55528 &lt;unknown&gt;
E       #16 0x5b87c4c55723 &lt;unknown&gt;
E       #17 0x5b87c4c660e4 &lt;unknown&gt;
E       #18 0x712a23fcd134 &lt;unknown&gt;

/usr/local/lib/python3.9/site-packages/selenium/webdriver/remote/errorhandler.py:229: NoSuchElementException</failure></testcase><testcase classname="test_qa_federation.TestMIPQAFederation" name="test_login_and_accept_terms[https://qa.hbpmip.link/]" time="48.281" /><testcase classname="test_qa_federation.TestMIPQAFederation" name="test_data[https://qa.hbpmip.link/]" time="20.117"><failure message="selenium.common.exceptions.NoSuchElementException: Message: no such element: Unable to locate element: {&quot;method&quot;:&quot;xpath&quot;,&quot;selector&quot;:&quot;//div[@id='pathology-select']/div/button&quot;}&#10;  (Session info: chrome-headless-shell=122.0.6261.128); For documentation on this error, please visit: https://www.selenium.dev/documentation/webdriver/troubleshooting/errors#no-such-element-exception&#10;Stacktrace:&#10;#0 0x617902163f33 &lt;unknown&gt;&#10;#1 0x617901e5bce6 &lt;unknown&gt;&#10;#2 0x617901ea6e48 &lt;unknown&gt;&#10;#3 0x617901ea6f01 &lt;unknown&gt;&#10;#4 0x617901eea3f4 &lt;unknown&gt;&#10;#5 0x617901ec8edd &lt;unknown&gt;&#10;#6 0x617901ee7899 &lt;unknown&gt;&#10;#7 0x617901ec8c53 &lt;unknown&gt;&#10;#8 0x617901e99db3 &lt;unknown&gt;&#10;#9 0x617901e9a77e &lt;unknown&gt;&#10;#10 0x61790212986b &lt;unknown&gt;&#10;#11 0x61790212d885 &lt;unknown&gt;&#10;#12 0x617902117181 &lt;unknown&gt;&#10;#13 0x61790212e412 &lt;unknown&gt;&#10;#14 0x6179020fb25f &lt;unknown&gt;&#10;#15 0x617902152528 &lt;unknown&gt;&#10;#16 0x617902152723 &lt;unknown&gt;&#10;#17 0x6179021630e4 &lt;unknown&gt;&#10;#18 0x7bd6f946b134 &lt;unknown&gt;">self = &lt;test_qa_federation.TestMIPQAFederation object at 0x78802679de80&gt;

    def test_data(self):
        """Integration tests (data) of the MIP QA Federation."""
&gt;       super().test_data()

test_qa_federation.py:24: 
_ _ _ _ _ _ _ _ _ _ _ _ _ _ _ _ _ _ _ _ _ _ _ _ _ _ _ _ _ _ _ _ _ _ _ _ _ _ _ _ 
basetest.py:63: in test_data
    dementia = selenium_driver.find_element(
/usr/local/lib/python3.9/site-packages/selenium/webdriver/remote/webdriver.py:739: in find_element
    return self.execute(Command.FIND_ELEMENT, {"using": by, "value": value})["value"]
/usr/local/lib/python3.9/site-packages/selenium/webdriver/remote/webdriver.py:345: in execute
    self.error_handler.check_response(response)
_ _ _ _ _ _ _ _ _ _ _ _ _ _ _ _ _ _ _ _ _ _ _ _ _ _ _ _ _ _ _ _ _ _ _ _ _ _ _ _ 

self = &lt;selenium.webdriver.remote.errorhandler.ErrorHandler object at 0x788027753100&gt;
response = {'status': 404, 'value': '{"value":{"error":"no such element","message":"no such element: Unable to locate element: {\...\\n#16 0x617902152723 \\u003Cunknown&gt;\\n#17 0x6179021630e4 \\u003Cunknown&gt;\\n#18 0x7bd6f946b134 \\u003Cunknown&gt;\\n"}}'}

    def check_response(self, response: Dict[str, Any]) -&gt; None:
        """Checks that a JSON response from the WebDriver does not have an
        error.
    
        :Args:
         - response - The JSON response from the WebDriver server as a dictionary
           object.
    
        :Raises: If the response contains an error message.
        """
        status = response.get("status", None)
        if not status or status == ErrorCode.SUCCESS:
            return
        value = None
        message = response.get("message", "")
        screen: str = response.get("screen", "")
        stacktrace = None
        if isinstance(status, int):
            value_json = response.get("value", None)
            if value_json and isinstance(value_json, str):
                import json
    
                try:
                    value = json.loads(value_json)
                    if len(value) == 1:
                        value = value["value"]
                    status = value.get("error", None)
                    if not status:
                        status = value.get("status", ErrorCode.UNKNOWN_ERROR)
                        message = value.get("value") or value.get("message")
                        if not isinstance(message, str):
                            value = message
                            message = message.get("message")
                    else:
                        message = value.get("message", None)
                except ValueError:
                    pass
    
        exception_class: Type[WebDriverException]
        e = ErrorCode()
        error_codes = [item for item in dir(e) if not item.startswith("__")]
        for error_code in error_codes:
            error_info = getattr(ErrorCode, error_code)
            if isinstance(error_info, list) and status in error_info:
                exception_class = getattr(ExceptionMapping, error_code, WebDriverException)
                break
        else:
            exception_class = WebDriverException
    
        if not value:
            value = response["value"]
        if isinstance(value, str):
            raise exception_class(value)
        if message == "" and "message" in value:
            message = value["message"]
    
        screen = None  # type: ignore[assignment]
        if "screen" in value:
            screen = value["screen"]
    
        stacktrace = None
        st_value = value.get("stackTrace") or value.get("stacktrace")
        if st_value:
            if isinstance(st_value, str):
                stacktrace = st_value.split("\n")
            else:
                stacktrace = []
                try:
                    for frame in st_value:
                        line = frame.get("lineNumber", "")
                        file = frame.get("fileName", "&lt;anonymous&gt;")
                        if line:
                            file = f"{file}:{line}"
                        meth = frame.get("methodName", "&lt;anonymous&gt;")
                        if "className" in frame:
                            meth = f"{frame['className']}.{meth}"
                        msg = "    at %s (%s)"
                        msg = msg % (meth, file)
                        stacktrace.append(msg)
                except TypeError:
                    pass
        if exception_class == UnexpectedAlertPresentException:
            alert_text = None
            if "data" in value:
                alert_text = value["data"].get("text")
            elif "alert" in value:
                alert_text = value["alert"].get("text")
            raise exception_class(message, screen, stacktrace, alert_text)  # type: ignore[call-arg]  # mypy is not smart enough here
&gt;       raise exception_class(message, screen, stacktrace)
E       selenium.common.exceptions.NoSuchElementException: Message: no such element: Unable to locate element: {"method":"xpath","selector":"//div[@id='pathology-select']/div/button"}
E         (Session info: chrome-headless-shell=122.0.6261.128); For documentation on this error, please visit: https://www.selenium.dev/documentation/webdriver/troubleshooting/errors#no-such-element-exception
E       Stacktrace:
E       #0 0x617902163f33 &lt;unknown&gt;
E       #1 0x617901e5bce6 &lt;unknown&gt;
E       #2 0x617901ea6e48 &lt;unknown&gt;
E       #3 0x617901ea6f01 &lt;unknown&gt;
E       #4 0x617901eea3f4 &lt;unknown&gt;
E       #5 0x617901ec8edd &lt;unknown&gt;
E       #6 0x617901ee7899 &lt;unknown&gt;
E       #7 0x617901ec8c53 &lt;unknown&gt;
E       #8 0x617901e99db3 &lt;unknown&gt;
E       #9 0x617901e9a77e &lt;unknown&gt;
E       #10 0x61790212986b &lt;unknown&gt;
E       #11 0x61790212d885 &lt;unknown&gt;
E       #12 0x617902117181 &lt;unknown&gt;
E       #13 0x61790212e412 &lt;unknown&gt;
E       #14 0x6179020fb25f &lt;unknown&gt;
E       #15 0x617902152528 &lt;unknown&gt;
E       #16 0x617902152723 &lt;unknown&gt;
E       #17 0x6179021630e4 &lt;unknown&gt;
E       #18 0x7bd6f946b134 &lt;unknown&gt;

/usr/local/lib/python3.9/site-packages/selenium/webdriver/remote/errorhandler.py:229: NoSuchElementException</failure></testcase><testcase classname="test_stroke_federation.TestStrokeMIP" name="test_login_and_accept_terms[https://stroke.hbpmip.link/]" time="48.104" /><testcase classname="test_stroke_federation.TestStrokeMIP" name="test_data[https://stroke.hbpmip.link/]" time="20.110"><failure message="selenium.common.exceptions.NoSuchElementException: Message: no such element: Unable to locate element: {&quot;method&quot;:&quot;css selector&quot;,&quot;selector&quot;:&quot;#dropdown-basic&quot;}&#10;  (Session info: chrome-headless-shell=122.0.6261.128); For documentation on this error, please visit: https://www.selenium.dev/documentation/webdriver/troubleshooting/errors#no-such-element-exception&#10;Stacktrace:&#10;#0 0x648fae2b1f33 &lt;unknown&gt;&#10;#1 0x648fadfa9ce6 &lt;unknown&gt;&#10;#2 0x648fadff4e48 &lt;unknown&gt;&#10;#3 0x648fadff4f01 &lt;unknown&gt;&#10;#4 0x648fae0383f4 &lt;unknown&gt;&#10;#5 0x648fae016edd &lt;unknown&gt;&#10;#6 0x648fae035899 &lt;unknown&gt;&#10;#7 0x648fae016c53 &lt;unknown&gt;&#10;#8 0x648fadfe7db3 &lt;unknown&gt;&#10;#9 0x648fadfe877e &lt;unknown&gt;&#10;#10 0x648fae27786b &lt;unknown&gt;&#10;#11 0x648fae27b885 &lt;unknown&gt;&#10;#12 0x648fae265181 &lt;unknown&gt;&#10;#13 0x648fae27c412 &lt;unknown&gt;&#10;#14 0x648fae24925f &lt;unknown&gt;&#10;#15 0x648fae2a0528 &lt;unknown&gt;&#10;#16 0x648fae2a0723 &lt;unknown&gt;&#10;#17 0x648fae2b10e4 &lt;unknown&gt;&#10;#18 0x7e4e89510134 &lt;unknown&gt;">self = &lt;test_stroke_federation.TestStrokeMIP object at 0x7880277bdac0&gt;

    def test_data(self):
        """Integration tests (data) of the Stroke (FERES) MIP."""
        selenium_driver = self.driver
    
        # 1. Click 'Datasets'
&gt;       datasets = selenium_driver.find_element(By.CSS_SELECTOR, "#dropdown-basic")

test_stroke_federation.py:33: 
_ _ _ _ _ _ _ _ _ _ _ _ _ _ _ _ _ _ _ _ _ _ _ _ _ _ _ _ _ _ _ _ _ _ _ _ _ _ _ _ 
/usr/local/lib/python3.9/site-packages/selenium/webdriver/remote/webdriver.py:739: in find_element
    return self.execute(Command.FIND_ELEMENT, {"using": by, "value": value})["value"]
/usr/local/lib/python3.9/site-packages/selenium/webdriver/remote/webdriver.py:345: in execute
    self.error_handler.check_response(response)
_ _ _ _ _ _ _ _ _ _ _ _ _ _ _ _ _ _ _ _ _ _ _ _ _ _ _ _ _ _ _ _ _ _ _ _ _ _ _ _ 

self = &lt;selenium.webdriver.remote.errorhandler.ErrorHandler object at 0x7880274bda60&gt;
response = {'status': 404, 'value': '{"value":{"error":"no such element","message":"no such element: Unable to locate element: {\...\\n#16 0x648fae2a0723 \\u003Cunknown&gt;\\n#17 0x648fae2b10e4 \\u003Cunknown&gt;\\n#18 0x7e4e89510134 \\u003Cunknown&gt;\\n"}}'}

    def check_response(self, response: Dict[str, Any]) -&gt; None:
        """Checks that a JSON response from the WebDriver does not have an
        error.
    
        :Args:
         - response - The JSON response from the WebDriver server as a dictionary
           object.
    
        :Raises: If the response contains an error message.
        """
        status = response.get("status", None)
        if not status or status == ErrorCode.SUCCESS:
            return
        value = None
        message = response.get("message", "")
        screen: str = response.get("screen", "")
        stacktrace = None
        if isinstance(status, int):
            value_json = response.get("value", None)
            if value_json and isinstance(value_json, str):
                import json
    
                try:
                    value = json.loads(value_json)
                    if len(value) == 1:
                        value = value["value"]
                    status = value.get("error", None)
                    if not status:
                        status = value.get("status", ErrorCode.UNKNOWN_ERROR)
                        message = value.get("value") or value.get("message")
                        if not isinstance(message, str):
                            value = message
                            message = message.get("message")
                    else:
                        message = value.get("message", None)
                except ValueError:
                    pass
    
        exception_class: Type[WebDriverException]
        e = ErrorCode()
        error_codes = [item for item in dir(e) if not item.startswith("__")]
        for error_code in error_codes:
            error_info = getattr(ErrorCode, error_code)
            if isinstance(error_info, list) and status in error_info:
                exception_class = getattr(ExceptionMapping, error_code, WebDriverException)
                break
        else:
            exception_class = WebDriverException
    
        if not value:
            value = response["value"]
        if isinstance(value, str):
            raise exception_class(value)
        if message == "" and "message" in value:
            message = value["message"]
    
        screen = None  # type: ignore[assignment]
        if "screen" in value:
            screen = value["screen"]
    
        stacktrace = None
        st_value = value.get("stackTrace") or value.get("stacktrace")
        if st_value:
            if isinstance(st_value, str):
                stacktrace = st_value.split("\n")
            else:
                stacktrace = []
                try:
                    for frame in st_value:
                        line = frame.get("lineNumber", "")
                        file = frame.get("fileName", "&lt;anonymous&gt;")
                        if line:
                            file = f"{file}:{line}"
                        meth = frame.get("methodName", "&lt;anonymous&gt;")
                        if "className" in frame:
                            meth = f"{frame['className']}.{meth}"
                        msg = "    at %s (%s)"
                        msg = msg % (meth, file)
                        stacktrace.append(msg)
                except TypeError:
                    pass
        if exception_class == UnexpectedAlertPresentException:
            alert_text = None
            if "data" in value:
                alert_text = value["data"].get("text")
            elif "alert" in value:
                alert_text = value["alert"].get("text")
            raise exception_class(message, screen, stacktrace, alert_text)  # type: ignore[call-arg]  # mypy is not smart enough here
&gt;       raise exception_class(message, screen, stacktrace)
E       selenium.common.exceptions.NoSuchElementException: Message: no such element: Unable to locate element: {"method":"css selector","selector":"#dropdown-basic"}
E         (Session info: chrome-headless-shell=122.0.6261.128); For documentation on this error, please visit: https://www.selenium.dev/documentation/webdriver/troubleshooting/errors#no-such-element-exception
E       Stacktrace:
E       #0 0x648fae2b1f33 &lt;unknown&gt;
E       #1 0x648fadfa9ce6 &lt;unknown&gt;
E       #2 0x648fadff4e48 &lt;unknown&gt;
E       #3 0x648fadff4f01 &lt;unknown&gt;
E       #4 0x648fae0383f4 &lt;unknown&gt;
E       #5 0x648fae016edd &lt;unknown&gt;
E       #6 0x648fae035899 &lt;unknown&gt;
E       #7 0x648fae016c53 &lt;unknown&gt;
E       #8 0x648fadfe7db3 &lt;unknown&gt;
E       #9 0x648fadfe877e &lt;unknown&gt;
E       #10 0x648fae27786b &lt;unknown&gt;
E       #11 0x648fae27b885 &lt;unknown&gt;
E       #12 0x648fae265181 &lt;unknown&gt;
E       #13 0x648fae27c412 &lt;unknown&gt;
E       #14 0x648fae24925f &lt;unknown&gt;
E       #15 0x648fae2a0528 &lt;unknown&gt;
E       #16 0x648fae2a0723 &lt;unknown&gt;
E       #17 0x648fae2b10e4 &lt;unknown&gt;
E       #18 0x7e4e89510134 &lt;unknown&gt;

/usr/local/lib/python3.9/site-packages/selenium/webdriver/remote/errorhandler.py:229: NoSuchElementException</failure></testcase></testsuite></testsuites>