<?xml version="1.0" encoding="utf-8"?><testsuites><testsuite name="pytest" errors="0" failures="3" skipped="0" tests="6" time="200.380" timestamp="2024-03-22T06:59:44.575953" hostname="cdfb80f8996a"><testcase classname="test_public_mip.TestPublicMIP" name="test_login_and_accept_terms[https://hbpmip.link/]" time="47.441" /><testcase classname="test_public_mip.TestPublicMIP" name="test_data[https://hbpmip.link/]" time="20.097"><failure message="selenium.common.exceptions.NoSuchElementException: Message: no such element: Unable to locate element: {&quot;method&quot;:&quot;xpath&quot;,&quot;selector&quot;:&quot;//div[@id='pathology-select']/div/button&quot;}&#10;  (Session info: chrome-headless-shell=123.0.6312.58); For documentation on this error, please visit: https://www.selenium.dev/documentation/webdriver/troubleshooting/errors#no-such-element-exception&#10;Stacktrace:&#10;#0 0x55ed8636d993 &lt;unknown&gt;&#10;#1 0x55ed86068136 &lt;unknown&gt;&#10;#2 0x55ed860b2d48 &lt;unknown&gt;&#10;#3 0x55ed860b2e01 &lt;unknown&gt;&#10;#4 0x55ed860f5e44 &lt;unknown&gt;&#10;#5 0x55ed860d4cfd &lt;unknown&gt;&#10;#6 0x55ed860f3319 &lt;unknown&gt;&#10;#7 0x55ed860d4a73 &lt;unknown&gt;&#10;#8 0x55ed860a5c93 &lt;unknown&gt;&#10;#9 0x55ed860a665e &lt;unknown&gt;&#10;#10 0x55ed8633208b &lt;unknown&gt;&#10;#11 0x55ed86336005 &lt;unknown&gt;&#10;#12 0x55ed86320491 &lt;unknown&gt;&#10;#13 0x55ed86336b92 &lt;unknown&gt;&#10;#14 0x55ed863059ef &lt;unknown&gt;&#10;#15 0x55ed8635cdf8 &lt;unknown&gt;&#10;#16 0x55ed8635cfcb &lt;unknown&gt;&#10;#17 0x55ed8636cae4 &lt;unknown&gt;&#10;#18 0x7f7c5af50134 &lt;unknown&gt;">self = &lt;test_public_mip.TestPublicMIP object at 0x7f17b3897a30&gt;

    def test_data(self):
        """Integration tests (data) of the public MIP."""
&gt;       super().test_data()

test_public_mip.py:24: 
_ _ _ _ _ _ _ _ _ _ _ _ _ _ _ _ _ _ _ _ _ _ _ _ _ _ _ _ _ _ _ _ _ _ _ _ _ _ _ _ 
basetest.py:63: in test_data
    dementia = selenium_driver.find_element(
/usr/local/lib/python3.9/site-packages/selenium/webdriver/remote/webdriver.py:739: in find_element
    return self.execute(Command.FIND_ELEMENT, {"using": by, "value": value})["value"]
/usr/local/lib/python3.9/site-packages/selenium/webdriver/remote/webdriver.py:345: in execute
    self.error_handler.check_response(response)
_ _ _ _ _ _ _ _ _ _ _ _ _ _ _ _ _ _ _ _ _ _ _ _ _ _ _ _ _ _ _ _ _ _ _ _ _ _ _ _ 

self = &lt;selenium.webdriver.remote.errorhandler.ErrorHandler object at 0x7f17b35de670&gt;
response = {'status': 404, 'value': '{"value":{"error":"no such element","message":"no such element: Unable to locate element: {\...\\n#16 0x55ed8635cfcb \\u003Cunknown&gt;\\n#17 0x55ed8636cae4 \\u003Cunknown&gt;\\n#18 0x7f7c5af50134 \\u003Cunknown&gt;\\n"}}'}

    def check_response(self, response: Dict[str, Any]) -&gt; None:
        """Checks that a JSON response from the WebDriver does not have an
        error.
    
        :Args:
         - response - The JSON response from the WebDriver server as a dictionary
           object.
    
        :Raises: If the response contains an error message.
        """
        status = response.get("status", None)
        if not status or status == ErrorCode.SUCCESS:
            return
        value = None
        message = response.get("message", "")
        screen: str = response.get("screen", "")
        stacktrace = None
        if isinstance(status, int):
            value_json = response.get("value", None)
            if value_json and isinstance(value_json, str):
                import json
    
                try:
                    value = json.loads(value_json)
                    if len(value) == 1:
                        value = value["value"]
                    status = value.get("error", None)
                    if not status:
                        status = value.get("status", ErrorCode.UNKNOWN_ERROR)
                        message = value.get("value") or value.get("message")
                        if not isinstance(message, str):
                            value = message
                            message = message.get("message")
                    else:
                        message = value.get("message", None)
                except ValueError:
                    pass
    
        exception_class: Type[WebDriverException]
        e = ErrorCode()
        error_codes = [item for item in dir(e) if not item.startswith("__")]
        for error_code in error_codes:
            error_info = getattr(ErrorCode, error_code)
            if isinstance(error_info, list) and status in error_info:
                exception_class = getattr(ExceptionMapping, error_code, WebDriverException)
                break
        else:
            exception_class = WebDriverException
    
        if not value:
            value = response["value"]
        if isinstance(value, str):
            raise exception_class(value)
        if message == "" and "message" in value:
            message = value["message"]
    
        screen = None  # type: ignore[assignment]
        if "screen" in value:
            screen = value["screen"]
    
        stacktrace = None
        st_value = value.get("stackTrace") or value.get("stacktrace")
        if st_value:
            if isinstance(st_value, str):
                stacktrace = st_value.split("\n")
            else:
                stacktrace = []
                try:
                    for frame in st_value:
                        line = frame.get("lineNumber", "")
                        file = frame.get("fileName", "&lt;anonymous&gt;")
                        if line:
                            file = f"{file}:{line}"
                        meth = frame.get("methodName", "&lt;anonymous&gt;")
                        if "className" in frame:
                            meth = f"{frame['className']}.{meth}"
                        msg = "    at %s (%s)"
                        msg = msg % (meth, file)
                        stacktrace.append(msg)
                except TypeError:
                    pass
        if exception_class == UnexpectedAlertPresentException:
            alert_text = None
            if "data" in value:
                alert_text = value["data"].get("text")
            elif "alert" in value:
                alert_text = value["alert"].get("text")
            raise exception_class(message, screen, stacktrace, alert_text)  # type: ignore[call-arg]  # mypy is not smart enough here
&gt;       raise exception_class(message, screen, stacktrace)
E       selenium.common.exceptions.NoSuchElementException: Message: no such element: Unable to locate element: {"method":"xpath","selector":"//div[@id='pathology-select']/div/button"}
E         (Session info: chrome-headless-shell=123.0.6312.58); For documentation on this error, please visit: https://www.selenium.dev/documentation/webdriver/troubleshooting/errors#no-such-element-exception
E       Stacktrace:
E       #0 0x55ed8636d993 &lt;unknown&gt;
E       #1 0x55ed86068136 &lt;unknown&gt;
E       #2 0x55ed860b2d48 &lt;unknown&gt;
E       #3 0x55ed860b2e01 &lt;unknown&gt;
E       #4 0x55ed860f5e44 &lt;unknown&gt;
E       #5 0x55ed860d4cfd &lt;unknown&gt;
E       #6 0x55ed860f3319 &lt;unknown&gt;
E       #7 0x55ed860d4a73 &lt;unknown&gt;
E       #8 0x55ed860a5c93 &lt;unknown&gt;
E       #9 0x55ed860a665e &lt;unknown&gt;
E       #10 0x55ed8633208b &lt;unknown&gt;
E       #11 0x55ed86336005 &lt;unknown&gt;
E       #12 0x55ed86320491 &lt;unknown&gt;
E       #13 0x55ed86336b92 &lt;unknown&gt;
E       #14 0x55ed863059ef &lt;unknown&gt;
E       #15 0x55ed8635cdf8 &lt;unknown&gt;
E       #16 0x55ed8635cfcb &lt;unknown&gt;
E       #17 0x55ed8636cae4 &lt;unknown&gt;
E       #18 0x7f7c5af50134 &lt;unknown&gt;

/usr/local/lib/python3.9/site-packages/selenium/webdriver/remote/errorhandler.py:229: NoSuchElementException</failure></testcase><testcase classname="test_qa_federation.TestMIPQAFederation" name="test_login_and_accept_terms[https://qa.hbpmip.link/]" time="46.057" /><testcase classname="test_qa_federation.TestMIPQAFederation" name="test_data[https://qa.hbpmip.link/]" time="20.095"><failure message="selenium.common.exceptions.NoSuchElementException: Message: no such element: Unable to locate element: {&quot;method&quot;:&quot;xpath&quot;,&quot;selector&quot;:&quot;//div[@id='pathology-select']/div/button&quot;}&#10;  (Session info: chrome-headless-shell=123.0.6312.58); For documentation on this error, please visit: https://www.selenium.dev/documentation/webdriver/troubleshooting/errors#no-such-element-exception&#10;Stacktrace:&#10;#0 0x558e2de50993 &lt;unknown&gt;&#10;#1 0x558e2db4b136 &lt;unknown&gt;&#10;#2 0x558e2db95d48 &lt;unknown&gt;&#10;#3 0x558e2db95e01 &lt;unknown&gt;&#10;#4 0x558e2dbd8e44 &lt;unknown&gt;&#10;#5 0x558e2dbb7cfd &lt;unknown&gt;&#10;#6 0x558e2dbd6319 &lt;unknown&gt;&#10;#7 0x558e2dbb7a73 &lt;unknown&gt;&#10;#8 0x558e2db88c93 &lt;unknown&gt;&#10;#9 0x558e2db8965e &lt;unknown&gt;&#10;#10 0x558e2de1508b &lt;unknown&gt;&#10;#11 0x558e2de19005 &lt;unknown&gt;&#10;#12 0x558e2de03491 &lt;unknown&gt;&#10;#13 0x558e2de19b92 &lt;unknown&gt;&#10;#14 0x558e2dde89ef &lt;unknown&gt;&#10;#15 0x558e2de3fdf8 &lt;unknown&gt;&#10;#16 0x558e2de3ffcb &lt;unknown&gt;&#10;#17 0x558e2de4fae4 &lt;unknown&gt;&#10;#18 0x7ffb4d6dd134 &lt;unknown&gt;">self = &lt;test_qa_federation.TestMIPQAFederation object at 0x7f17b280b4c0&gt;

    def test_data(self):
        """Integration tests (data) of the MIP QA Federation."""
&gt;       super().test_data()

test_qa_federation.py:24: 
_ _ _ _ _ _ _ _ _ _ _ _ _ _ _ _ _ _ _ _ _ _ _ _ _ _ _ _ _ _ _ _ _ _ _ _ _ _ _ _ 
basetest.py:63: in test_data
    dementia = selenium_driver.find_element(
/usr/local/lib/python3.9/site-packages/selenium/webdriver/remote/webdriver.py:739: in find_element
    return self.execute(Command.FIND_ELEMENT, {"using": by, "value": value})["value"]
/usr/local/lib/python3.9/site-packages/selenium/webdriver/remote/webdriver.py:345: in execute
    self.error_handler.check_response(response)
_ _ _ _ _ _ _ _ _ _ _ _ _ _ _ _ _ _ _ _ _ _ _ _ _ _ _ _ _ _ _ _ _ _ _ _ _ _ _ _ 

self = &lt;selenium.webdriver.remote.errorhandler.ErrorHandler object at 0x7f17b280b0a0&gt;
response = {'status': 404, 'value': '{"value":{"error":"no such element","message":"no such element: Unable to locate element: {\...\\n#16 0x558e2de3ffcb \\u003Cunknown&gt;\\n#17 0x558e2de4fae4 \\u003Cunknown&gt;\\n#18 0x7ffb4d6dd134 \\u003Cunknown&gt;\\n"}}'}

    def check_response(self, response: Dict[str, Any]) -&gt; None:
        """Checks that a JSON response from the WebDriver does not have an
        error.
    
        :Args:
         - response - The JSON response from the WebDriver server as a dictionary
           object.
    
        :Raises: If the response contains an error message.
        """
        status = response.get("status", None)
        if not status or status == ErrorCode.SUCCESS:
            return
        value = None
        message = response.get("message", "")
        screen: str = response.get("screen", "")
        stacktrace = None
        if isinstance(status, int):
            value_json = response.get("value", None)
            if value_json and isinstance(value_json, str):
                import json
    
                try:
                    value = json.loads(value_json)
                    if len(value) == 1:
                        value = value["value"]
                    status = value.get("error", None)
                    if not status:
                        status = value.get("status", ErrorCode.UNKNOWN_ERROR)
                        message = value.get("value") or value.get("message")
                        if not isinstance(message, str):
                            value = message
                            message = message.get("message")
                    else:
                        message = value.get("message", None)
                except ValueError:
                    pass
    
        exception_class: Type[WebDriverException]
        e = ErrorCode()
        error_codes = [item for item in dir(e) if not item.startswith("__")]
        for error_code in error_codes:
            error_info = getattr(ErrorCode, error_code)
            if isinstance(error_info, list) and status in error_info:
                exception_class = getattr(ExceptionMapping, error_code, WebDriverException)
                break
        else:
            exception_class = WebDriverException
    
        if not value:
            value = response["value"]
        if isinstance(value, str):
            raise exception_class(value)
        if message == "" and "message" in value:
            message = value["message"]
    
        screen = None  # type: ignore[assignment]
        if "screen" in value:
            screen = value["screen"]
    
        stacktrace = None
        st_value = value.get("stackTrace") or value.get("stacktrace")
        if st_value:
            if isinstance(st_value, str):
                stacktrace = st_value.split("\n")
            else:
                stacktrace = []
                try:
                    for frame in st_value:
                        line = frame.get("lineNumber", "")
                        file = frame.get("fileName", "&lt;anonymous&gt;")
                        if line:
                            file = f"{file}:{line}"
                        meth = frame.get("methodName", "&lt;anonymous&gt;")
                        if "className" in frame:
                            meth = f"{frame['className']}.{meth}"
                        msg = "    at %s (%s)"
                        msg = msg % (meth, file)
                        stacktrace.append(msg)
                except TypeError:
                    pass
        if exception_class == UnexpectedAlertPresentException:
            alert_text = None
            if "data" in value:
                alert_text = value["data"].get("text")
            elif "alert" in value:
                alert_text = value["alert"].get("text")
            raise exception_class(message, screen, stacktrace, alert_text)  # type: ignore[call-arg]  # mypy is not smart enough here
&gt;       raise exception_class(message, screen, stacktrace)
E       selenium.common.exceptions.NoSuchElementException: Message: no such element: Unable to locate element: {"method":"xpath","selector":"//div[@id='pathology-select']/div/button"}
E         (Session info: chrome-headless-shell=123.0.6312.58); For documentation on this error, please visit: https://www.selenium.dev/documentation/webdriver/troubleshooting/errors#no-such-element-exception
E       Stacktrace:
E       #0 0x558e2de50993 &lt;unknown&gt;
E       #1 0x558e2db4b136 &lt;unknown&gt;
E       #2 0x558e2db95d48 &lt;unknown&gt;
E       #3 0x558e2db95e01 &lt;unknown&gt;
E       #4 0x558e2dbd8e44 &lt;unknown&gt;
E       #5 0x558e2dbb7cfd &lt;unknown&gt;
E       #6 0x558e2dbd6319 &lt;unknown&gt;
E       #7 0x558e2dbb7a73 &lt;unknown&gt;
E       #8 0x558e2db88c93 &lt;unknown&gt;
E       #9 0x558e2db8965e &lt;unknown&gt;
E       #10 0x558e2de1508b &lt;unknown&gt;
E       #11 0x558e2de19005 &lt;unknown&gt;
E       #12 0x558e2de03491 &lt;unknown&gt;
E       #13 0x558e2de19b92 &lt;unknown&gt;
E       #14 0x558e2dde89ef &lt;unknown&gt;
E       #15 0x558e2de3fdf8 &lt;unknown&gt;
E       #16 0x558e2de3ffcb &lt;unknown&gt;
E       #17 0x558e2de4fae4 &lt;unknown&gt;
E       #18 0x7ffb4d6dd134 &lt;unknown&gt;

/usr/local/lib/python3.9/site-packages/selenium/webdriver/remote/errorhandler.py:229: NoSuchElementException</failure></testcase><testcase classname="test_stroke_federation.TestStrokeMIP" name="test_login_and_accept_terms[https://stroke.hbpmip.link/]" time="46.062" /><testcase classname="test_stroke_federation.TestStrokeMIP" name="test_data[https://stroke.hbpmip.link/]" time="20.072"><failure message="selenium.common.exceptions.NoSuchElementException: Message: no such element: Unable to locate element: {&quot;method&quot;:&quot;css selector&quot;,&quot;selector&quot;:&quot;#dropdown-basic&quot;}&#10;  (Session info: chrome-headless-shell=123.0.6312.58); For documentation on this error, please visit: https://www.selenium.dev/documentation/webdriver/troubleshooting/errors#no-such-element-exception&#10;Stacktrace:&#10;#0 0x55b1a45a9993 &lt;unknown&gt;&#10;#1 0x55b1a42a4136 &lt;unknown&gt;&#10;#2 0x55b1a42eed48 &lt;unknown&gt;&#10;#3 0x55b1a42eee01 &lt;unknown&gt;&#10;#4 0x55b1a4331e44 &lt;unknown&gt;&#10;#5 0x55b1a4310cfd &lt;unknown&gt;&#10;#6 0x55b1a432f319 &lt;unknown&gt;&#10;#7 0x55b1a4310a73 &lt;unknown&gt;&#10;#8 0x55b1a42e1c93 &lt;unknown&gt;&#10;#9 0x55b1a42e265e &lt;unknown&gt;&#10;#10 0x55b1a456e08b &lt;unknown&gt;&#10;#11 0x55b1a4572005 &lt;unknown&gt;&#10;#12 0x55b1a455c491 &lt;unknown&gt;&#10;#13 0x55b1a4572b92 &lt;unknown&gt;&#10;#14 0x55b1a45419ef &lt;unknown&gt;&#10;#15 0x55b1a4598df8 &lt;unknown&gt;&#10;#16 0x55b1a4598fcb &lt;unknown&gt;&#10;#17 0x55b1a45a8ae4 &lt;unknown&gt;&#10;#18 0x7fd9fcb9f134 &lt;unknown&gt;">self = &lt;test_stroke_federation.TestStrokeMIP object at 0x7f17b27ecd60&gt;

    def test_data(self):
        """Integration tests (data) of the Stroke (FERES) MIP."""
        selenium_driver = self.driver
    
        # 1. Click 'Datasets'
&gt;       datasets = selenium_driver.find_element(By.CSS_SELECTOR, "#dropdown-basic")

test_stroke_federation.py:33: 
_ _ _ _ _ _ _ _ _ _ _ _ _ _ _ _ _ _ _ _ _ _ _ _ _ _ _ _ _ _ _ _ _ _ _ _ _ _ _ _ 
/usr/local/lib/python3.9/site-packages/selenium/webdriver/remote/webdriver.py:739: in find_element
    return self.execute(Command.FIND_ELEMENT, {"using": by, "value": value})["value"]
/usr/local/lib/python3.9/site-packages/selenium/webdriver/remote/webdriver.py:345: in execute
    self.error_handler.check_response(response)
_ _ _ _ _ _ _ _ _ _ _ _ _ _ _ _ _ _ _ _ _ _ _ _ _ _ _ _ _ _ _ _ _ _ _ _ _ _ _ _ 

self = &lt;selenium.webdriver.remote.errorhandler.ErrorHandler object at 0x7f17b2874550&gt;
response = {'status': 404, 'value': '{"value":{"error":"no such element","message":"no such element: Unable to locate element: {\...\\n#16 0x55b1a4598fcb \\u003Cunknown&gt;\\n#17 0x55b1a45a8ae4 \\u003Cunknown&gt;\\n#18 0x7fd9fcb9f134 \\u003Cunknown&gt;\\n"}}'}

    def check_response(self, response: Dict[str, Any]) -&gt; None:
        """Checks that a JSON response from the WebDriver does not have an
        error.
    
        :Args:
         - response - The JSON response from the WebDriver server as a dictionary
           object.
    
        :Raises: If the response contains an error message.
        """
        status = response.get("status", None)
        if not status or status == ErrorCode.SUCCESS:
            return
        value = None
        message = response.get("message", "")
        screen: str = response.get("screen", "")
        stacktrace = None
        if isinstance(status, int):
            value_json = response.get("value", None)
            if value_json and isinstance(value_json, str):
                import json
    
                try:
                    value = json.loads(value_json)
                    if len(value) == 1:
                        value = value["value"]
                    status = value.get("error", None)
                    if not status:
                        status = value.get("status", ErrorCode.UNKNOWN_ERROR)
                        message = value.get("value") or value.get("message")
                        if not isinstance(message, str):
                            value = message
                            message = message.get("message")
                    else:
                        message = value.get("message", None)
                except ValueError:
                    pass
    
        exception_class: Type[WebDriverException]
        e = ErrorCode()
        error_codes = [item for item in dir(e) if not item.startswith("__")]
        for error_code in error_codes:
            error_info = getattr(ErrorCode, error_code)
            if isinstance(error_info, list) and status in error_info:
                exception_class = getattr(ExceptionMapping, error_code, WebDriverException)
                break
        else:
            exception_class = WebDriverException
    
        if not value:
            value = response["value"]
        if isinstance(value, str):
            raise exception_class(value)
        if message == "" and "message" in value:
            message = value["message"]
    
        screen = None  # type: ignore[assignment]
        if "screen" in value:
            screen = value["screen"]
    
        stacktrace = None
        st_value = value.get("stackTrace") or value.get("stacktrace")
        if st_value:
            if isinstance(st_value, str):
                stacktrace = st_value.split("\n")
            else:
                stacktrace = []
                try:
                    for frame in st_value:
                        line = frame.get("lineNumber", "")
                        file = frame.get("fileName", "&lt;anonymous&gt;")
                        if line:
                            file = f"{file}:{line}"
                        meth = frame.get("methodName", "&lt;anonymous&gt;")
                        if "className" in frame:
                            meth = f"{frame['className']}.{meth}"
                        msg = "    at %s (%s)"
                        msg = msg % (meth, file)
                        stacktrace.append(msg)
                except TypeError:
                    pass
        if exception_class == UnexpectedAlertPresentException:
            alert_text = None
            if "data" in value:
                alert_text = value["data"].get("text")
            elif "alert" in value:
                alert_text = value["alert"].get("text")
            raise exception_class(message, screen, stacktrace, alert_text)  # type: ignore[call-arg]  # mypy is not smart enough here
&gt;       raise exception_class(message, screen, stacktrace)
E       selenium.common.exceptions.NoSuchElementException: Message: no such element: Unable to locate element: {"method":"css selector","selector":"#dropdown-basic"}
E         (Session info: chrome-headless-shell=123.0.6312.58); For documentation on this error, please visit: https://www.selenium.dev/documentation/webdriver/troubleshooting/errors#no-such-element-exception
E       Stacktrace:
E       #0 0x55b1a45a9993 &lt;unknown&gt;
E       #1 0x55b1a42a4136 &lt;unknown&gt;
E       #2 0x55b1a42eed48 &lt;unknown&gt;
E       #3 0x55b1a42eee01 &lt;unknown&gt;
E       #4 0x55b1a4331e44 &lt;unknown&gt;
E       #5 0x55b1a4310cfd &lt;unknown&gt;
E       #6 0x55b1a432f319 &lt;unknown&gt;
E       #7 0x55b1a4310a73 &lt;unknown&gt;
E       #8 0x55b1a42e1c93 &lt;unknown&gt;
E       #9 0x55b1a42e265e &lt;unknown&gt;
E       #10 0x55b1a456e08b &lt;unknown&gt;
E       #11 0x55b1a4572005 &lt;unknown&gt;
E       #12 0x55b1a455c491 &lt;unknown&gt;
E       #13 0x55b1a4572b92 &lt;unknown&gt;
E       #14 0x55b1a45419ef &lt;unknown&gt;
E       #15 0x55b1a4598df8 &lt;unknown&gt;
E       #16 0x55b1a4598fcb &lt;unknown&gt;
E       #17 0x55b1a45a8ae4 &lt;unknown&gt;
E       #18 0x7fd9fcb9f134 &lt;unknown&gt;

/usr/local/lib/python3.9/site-packages/selenium/webdriver/remote/errorhandler.py:229: NoSuchElementException</failure></testcase></testsuite></testsuites>