<?xml version="1.0" encoding="utf-8"?><testsuites><testsuite name="pytest" errors="0" failures="3" skipped="0" tests="6" time="152.022" timestamp="2023-11-03T07:00:00.047885" hostname="ea5063129235"><testcase classname="test_public_mip.TestPublicMIP" name="test_login_and_accept_terms[https://hbpmip.link/]" time="27.120" /><testcase classname="test_public_mip.TestPublicMIP" name="test_data[https://hbpmip.link/]" time="24.006"><failure message="selenium.common.exceptions.NoSuchElementException: Message: no such element: Unable to locate element: {&quot;method&quot;:&quot;xpath&quot;,&quot;selector&quot;:&quot;//*[name()='circle'][. = 'Left opercular part of the inferior frontal gyrus&#10;']&quot;}&#10;  (Session info: headless chrome=119.0.6045.105); For documentation on this error, please visit: https://www.selenium.dev/documentation/webdriver/troubleshooting/errors#no-such-element-exception&#10;Stacktrace:&#10;#0 0x55e5f46645e3 &lt;unknown&gt;&#10;#1 0x55e5f43270b7 &lt;unknown&gt;&#10;#2 0x55e5f4374f53 &lt;unknown&gt;&#10;#3 0x55e5f4375051 &lt;unknown&gt;&#10;#4 0x55e5f43ba9c4 &lt;unknown&gt;&#10;#5 0x55e5f439bf1d &lt;unknown&gt;&#10;#6 0x55e5f43b7b3d &lt;unknown&gt;&#10;#7 0x55e5f439bcc3 &lt;unknown&gt;&#10;#8 0x55e5f43670e4 &lt;unknown&gt;&#10;#9 0x55e5f43680ae &lt;unknown&gt;&#10;#10 0x55e5f462ace1 &lt;unknown&gt;&#10;#11 0x55e5f462eb7e &lt;unknown&gt;&#10;#12 0x55e5f46184b5 &lt;unknown&gt;&#10;#13 0x55e5f462f7d6 &lt;unknown&gt;&#10;#14 0x55e5f45fbdbf &lt;unknown&gt;&#10;#15 0x55e5f4652748 &lt;unknown&gt;&#10;#16 0x55e5f4652917 &lt;unknown&gt;&#10;#17 0x55e5f4663773 &lt;unknown&gt;&#10;#18 0x7f6bd6897044 &lt;unknown&gt;">self = &lt;test_public_mip.TestPublicMIP object at 0x7f94820f4be0&gt;

    def test_data(self):
        """Integration tests (data) of the public MIP."""
&gt;       super().test_data()

test_public_mip.py:24: 
_ _ _ _ _ _ _ _ _ _ _ _ _ _ _ _ _ _ _ _ _ _ _ _ _ _ _ _ _ _ _ _ _ _ _ _ _ _ _ _ 
basetest.py:106: in test_data
    left_opercular_part_of_the_inferior_f_ = selenium_driver.find_element(
/usr/local/lib/python3.9/site-packages/selenium/webdriver/remote/webdriver.py:739: in find_element
    return self.execute(Command.FIND_ELEMENT, {"using": by, "value": value})["value"]
/usr/local/lib/python3.9/site-packages/selenium/webdriver/remote/webdriver.py:345: in execute
    self.error_handler.check_response(response)
_ _ _ _ _ _ _ _ _ _ _ _ _ _ _ _ _ _ _ _ _ _ _ _ _ _ _ _ _ _ _ _ _ _ _ _ _ _ _ _ 

self = &lt;selenium.webdriver.remote.errorhandler.ErrorHandler object at 0x7f948217acd0&gt;
response = {'status': 404, 'value': '{"value":{"error":"no such element","message":"no such element: Unable to locate element: {\...\\n#16 0x55e5f4652917 \\u003Cunknown&gt;\\n#17 0x55e5f4663773 \\u003Cunknown&gt;\\n#18 0x7f6bd6897044 \\u003Cunknown&gt;\\n"}}'}

    def check_response(self, response: Dict[str, Any]) -&gt; None:
        """Checks that a JSON response from the WebDriver does not have an
        error.
    
        :Args:
         - response - The JSON response from the WebDriver server as a dictionary
           object.
    
        :Raises: If the response contains an error message.
        """
        status = response.get("status", None)
        if not status or status == ErrorCode.SUCCESS:
            return
        value = None
        message = response.get("message", "")
        screen: str = response.get("screen", "")
        stacktrace = None
        if isinstance(status, int):
            value_json = response.get("value", None)
            if value_json and isinstance(value_json, str):
                import json
    
                try:
                    value = json.loads(value_json)
                    if len(value) == 1:
                        value = value["value"]
                    status = value.get("error", None)
                    if not status:
                        status = value.get("status", ErrorCode.UNKNOWN_ERROR)
                        message = value.get("value") or value.get("message")
                        if not isinstance(message, str):
                            value = message
                            message = message.get("message")
                    else:
                        message = value.get("message", None)
                except ValueError:
                    pass
    
        exception_class: Type[WebDriverException]
        e = ErrorCode()
        error_codes = [item for item in dir(e) if not item.startswith("__")]
        for error_code in error_codes:
            error_info = getattr(ErrorCode, error_code)
            if isinstance(error_info, list) and status in error_info:
                exception_class = getattr(ExceptionMapping, error_code, WebDriverException)
                break
        else:
            exception_class = WebDriverException
    
        if not value:
            value = response["value"]
        if isinstance(value, str):
            raise exception_class(value)
        if message == "" and "message" in value:
            message = value["message"]
    
        screen = None  # type: ignore[assignment]
        if "screen" in value:
            screen = value["screen"]
    
        stacktrace = None
        st_value = value.get("stackTrace") or value.get("stacktrace")
        if st_value:
            if isinstance(st_value, str):
                stacktrace = st_value.split("\n")
            else:
                stacktrace = []
                try:
                    for frame in st_value:
                        line = frame.get("lineNumber", "")
                        file = frame.get("fileName", "&lt;anonymous&gt;")
                        if line:
                            file = f"{file}:{line}"
                        meth = frame.get("methodName", "&lt;anonymous&gt;")
                        if "className" in frame:
                            meth = f"{frame['className']}.{meth}"
                        msg = "    at %s (%s)"
                        msg = msg % (meth, file)
                        stacktrace.append(msg)
                except TypeError:
                    pass
        if exception_class == UnexpectedAlertPresentException:
            alert_text = None
            if "data" in value:
                alert_text = value["data"].get("text")
            elif "alert" in value:
                alert_text = value["alert"].get("text")
            raise exception_class(message, screen, stacktrace, alert_text)  # type: ignore[call-arg]  # mypy is not smart enough here
&gt;       raise exception_class(message, screen, stacktrace)
E       selenium.common.exceptions.NoSuchElementException: Message: no such element: Unable to locate element: {"method":"xpath","selector":"//*[name()='circle'][. = 'Left opercular part of the inferior frontal gyrus
E       ']"}
E         (Session info: headless chrome=119.0.6045.105); For documentation on this error, please visit: https://www.selenium.dev/documentation/webdriver/troubleshooting/errors#no-such-element-exception
E       Stacktrace:
E       #0 0x55e5f46645e3 &lt;unknown&gt;
E       #1 0x55e5f43270b7 &lt;unknown&gt;
E       #2 0x55e5f4374f53 &lt;unknown&gt;
E       #3 0x55e5f4375051 &lt;unknown&gt;
E       #4 0x55e5f43ba9c4 &lt;unknown&gt;
E       #5 0x55e5f439bf1d &lt;unknown&gt;
E       #6 0x55e5f43b7b3d &lt;unknown&gt;
E       #7 0x55e5f439bcc3 &lt;unknown&gt;
E       #8 0x55e5f43670e4 &lt;unknown&gt;
E       #9 0x55e5f43680ae &lt;unknown&gt;
E       #10 0x55e5f462ace1 &lt;unknown&gt;
E       #11 0x55e5f462eb7e &lt;unknown&gt;
E       #12 0x55e5f46184b5 &lt;unknown&gt;
E       #13 0x55e5f462f7d6 &lt;unknown&gt;
E       #14 0x55e5f45fbdbf &lt;unknown&gt;
E       #15 0x55e5f4652748 &lt;unknown&gt;
E       #16 0x55e5f4652917 &lt;unknown&gt;
E       #17 0x55e5f4663773 &lt;unknown&gt;
E       #18 0x7f6bd6897044 &lt;unknown&gt;

/usr/local/lib/python3.9/site-packages/selenium/webdriver/remote/errorhandler.py:229: NoSuchElementException</failure></testcase><testcase classname="test_qa_federation.TestMIPQAFederation" name="test_login_and_accept_terms[https://qa.hbpmip.link/]" time="26.783" /><testcase classname="test_qa_federation.TestMIPQAFederation" name="test_data[https://qa.hbpmip.link/]" time="23.603"><failure message="selenium.common.exceptions.NoSuchElementException: Message: no such element: Unable to locate element: {&quot;method&quot;:&quot;css selector&quot;,&quot;selector&quot;:&quot;#default-synth_mh_wk3&quot;}&#10;  (Session info: headless chrome=119.0.6045.105); For documentation on this error, please visit: https://www.selenium.dev/documentation/webdriver/troubleshooting/errors#no-such-element-exception&#10;Stacktrace:&#10;#0 0x5624c6a3a5e3 &lt;unknown&gt;&#10;#1 0x5624c66fd0b7 &lt;unknown&gt;&#10;#2 0x5624c674af53 &lt;unknown&gt;&#10;#3 0x5624c674b051 &lt;unknown&gt;&#10;#4 0x5624c67909c4 &lt;unknown&gt;&#10;#5 0x5624c6771f1d &lt;unknown&gt;&#10;#6 0x5624c678db3d &lt;unknown&gt;&#10;#7 0x5624c6771cc3 &lt;unknown&gt;&#10;#8 0x5624c673d0e4 &lt;unknown&gt;&#10;#9 0x5624c673e0ae &lt;unknown&gt;&#10;#10 0x5624c6a00ce1 &lt;unknown&gt;&#10;#11 0x5624c6a04b7e &lt;unknown&gt;&#10;#12 0x5624c69ee4b5 &lt;unknown&gt;&#10;#13 0x5624c6a057d6 &lt;unknown&gt;&#10;#14 0x5624c69d1dbf &lt;unknown&gt;&#10;#15 0x5624c6a28748 &lt;unknown&gt;&#10;#16 0x5624c6a28917 &lt;unknown&gt;&#10;#17 0x5624c6a39773 &lt;unknown&gt;&#10;#18 0x7f3090f77044 &lt;unknown&gt;">self = &lt;test_qa_federation.TestMIPQAFederation object at 0x7f94821480d0&gt;

    def test_data(self):
        """Integration tests (data) of the MIP QA Federation."""
&gt;       super().test_data()

test_qa_federation.py:24: 
_ _ _ _ _ _ _ _ _ _ _ _ _ _ _ _ _ _ _ _ _ _ _ _ _ _ _ _ _ _ _ _ _ _ _ _ _ _ _ _ 
basetest.py:88: in test_data
    default_synth_mh_wk3 = selenium_driver.find_element(
/usr/local/lib/python3.9/site-packages/selenium/webdriver/remote/webdriver.py:739: in find_element
    return self.execute(Command.FIND_ELEMENT, {"using": by, "value": value})["value"]
/usr/local/lib/python3.9/site-packages/selenium/webdriver/remote/webdriver.py:345: in execute
    self.error_handler.check_response(response)
_ _ _ _ _ _ _ _ _ _ _ _ _ _ _ _ _ _ _ _ _ _ _ _ _ _ _ _ _ _ _ _ _ _ _ _ _ _ _ _ 

self = &lt;selenium.webdriver.remote.errorhandler.ErrorHandler object at 0x7f94820f06a0&gt;
response = {'status': 404, 'value': '{"value":{"error":"no such element","message":"no such element: Unable to locate element: {\...\\n#16 0x5624c6a28917 \\u003Cunknown&gt;\\n#17 0x5624c6a39773 \\u003Cunknown&gt;\\n#18 0x7f3090f77044 \\u003Cunknown&gt;\\n"}}'}

    def check_response(self, response: Dict[str, Any]) -&gt; None:
        """Checks that a JSON response from the WebDriver does not have an
        error.
    
        :Args:
         - response - The JSON response from the WebDriver server as a dictionary
           object.
    
        :Raises: If the response contains an error message.
        """
        status = response.get("status", None)
        if not status or status == ErrorCode.SUCCESS:
            return
        value = None
        message = response.get("message", "")
        screen: str = response.get("screen", "")
        stacktrace = None
        if isinstance(status, int):
            value_json = response.get("value", None)
            if value_json and isinstance(value_json, str):
                import json
    
                try:
                    value = json.loads(value_json)
                    if len(value) == 1:
                        value = value["value"]
                    status = value.get("error", None)
                    if not status:
                        status = value.get("status", ErrorCode.UNKNOWN_ERROR)
                        message = value.get("value") or value.get("message")
                        if not isinstance(message, str):
                            value = message
                            message = message.get("message")
                    else:
                        message = value.get("message", None)
                except ValueError:
                    pass
    
        exception_class: Type[WebDriverException]
        e = ErrorCode()
        error_codes = [item for item in dir(e) if not item.startswith("__")]
        for error_code in error_codes:
            error_info = getattr(ErrorCode, error_code)
            if isinstance(error_info, list) and status in error_info:
                exception_class = getattr(ExceptionMapping, error_code, WebDriverException)
                break
        else:
            exception_class = WebDriverException
    
        if not value:
            value = response["value"]
        if isinstance(value, str):
            raise exception_class(value)
        if message == "" and "message" in value:
            message = value["message"]
    
        screen = None  # type: ignore[assignment]
        if "screen" in value:
            screen = value["screen"]
    
        stacktrace = None
        st_value = value.get("stackTrace") or value.get("stacktrace")
        if st_value:
            if isinstance(st_value, str):
                stacktrace = st_value.split("\n")
            else:
                stacktrace = []
                try:
                    for frame in st_value:
                        line = frame.get("lineNumber", "")
                        file = frame.get("fileName", "&lt;anonymous&gt;")
                        if line:
                            file = f"{file}:{line}"
                        meth = frame.get("methodName", "&lt;anonymous&gt;")
                        if "className" in frame:
                            meth = f"{frame['className']}.{meth}"
                        msg = "    at %s (%s)"
                        msg = msg % (meth, file)
                        stacktrace.append(msg)
                except TypeError:
                    pass
        if exception_class == UnexpectedAlertPresentException:
            alert_text = None
            if "data" in value:
                alert_text = value["data"].get("text")
            elif "alert" in value:
                alert_text = value["alert"].get("text")
            raise exception_class(message, screen, stacktrace, alert_text)  # type: ignore[call-arg]  # mypy is not smart enough here
&gt;       raise exception_class(message, screen, stacktrace)
E       selenium.common.exceptions.NoSuchElementException: Message: no such element: Unable to locate element: {"method":"css selector","selector":"#default-synth_mh_wk3"}
E         (Session info: headless chrome=119.0.6045.105); For documentation on this error, please visit: https://www.selenium.dev/documentation/webdriver/troubleshooting/errors#no-such-element-exception
E       Stacktrace:
E       #0 0x5624c6a3a5e3 &lt;unknown&gt;
E       #1 0x5624c66fd0b7 &lt;unknown&gt;
E       #2 0x5624c674af53 &lt;unknown&gt;
E       #3 0x5624c674b051 &lt;unknown&gt;
E       #4 0x5624c67909c4 &lt;unknown&gt;
E       #5 0x5624c6771f1d &lt;unknown&gt;
E       #6 0x5624c678db3d &lt;unknown&gt;
E       #7 0x5624c6771cc3 &lt;unknown&gt;
E       #8 0x5624c673d0e4 &lt;unknown&gt;
E       #9 0x5624c673e0ae &lt;unknown&gt;
E       #10 0x5624c6a00ce1 &lt;unknown&gt;
E       #11 0x5624c6a04b7e &lt;unknown&gt;
E       #12 0x5624c69ee4b5 &lt;unknown&gt;
E       #13 0x5624c6a057d6 &lt;unknown&gt;
E       #14 0x5624c69d1dbf &lt;unknown&gt;
E       #15 0x5624c6a28748 &lt;unknown&gt;
E       #16 0x5624c6a28917 &lt;unknown&gt;
E       #17 0x5624c6a39773 &lt;unknown&gt;
E       #18 0x7f3090f77044 &lt;unknown&gt;

/usr/local/lib/python3.9/site-packages/selenium/webdriver/remote/errorhandler.py:229: NoSuchElementException</failure></testcase><testcase classname="test_stroke_federation.TestStrokeMIP" name="test_login_and_accept_terms[https://stroke.hbpmip.link/]" time="26.263" /><testcase classname="test_stroke_federation.TestStrokeMIP" name="test_data[https://stroke.hbpmip.link/]" time="23.123"><failure message="selenium.common.exceptions.NoSuchElementException: Message: no such element: Unable to locate element: {&quot;method&quot;:&quot;css selector&quot;,&quot;selector&quot;:&quot;#default-unibas&quot;}&#10;  (Session info: headless chrome=119.0.6045.105); For documentation on this error, please visit: https://www.selenium.dev/documentation/webdriver/troubleshooting/errors#no-such-element-exception&#10;Stacktrace:&#10;#0 0x556dd1cc05e3 &lt;unknown&gt;&#10;#1 0x556dd19830b7 &lt;unknown&gt;&#10;#2 0x556dd19d0f53 &lt;unknown&gt;&#10;#3 0x556dd19d1051 &lt;unknown&gt;&#10;#4 0x556dd1a169c4 &lt;unknown&gt;&#10;#5 0x556dd19f7f1d &lt;unknown&gt;&#10;#6 0x556dd1a13b3d &lt;unknown&gt;&#10;#7 0x556dd19f7cc3 &lt;unknown&gt;&#10;#8 0x556dd19c30e4 &lt;unknown&gt;&#10;#9 0x556dd19c40ae &lt;unknown&gt;&#10;#10 0x556dd1c86ce1 &lt;unknown&gt;&#10;#11 0x556dd1c8ab7e &lt;unknown&gt;&#10;#12 0x556dd1c744b5 &lt;unknown&gt;&#10;#13 0x556dd1c8b7d6 &lt;unknown&gt;&#10;#14 0x556dd1c57dbf &lt;unknown&gt;&#10;#15 0x556dd1cae748 &lt;unknown&gt;&#10;#16 0x556dd1cae917 &lt;unknown&gt;&#10;#17 0x556dd1cbf773 &lt;unknown&gt;&#10;#18 0x7f41fdffb044 &lt;unknown&gt;">self = &lt;test_stroke_federation.TestStrokeMIP object at 0x7f94820f4c70&gt;

    def test_data(self):
        """Integration tests (data) of the Stroke (FERES) MIP."""
        selenium_driver = self.driver
    
        # 1. Click 'Datasets'
        datasets = selenium_driver.find_element(By.CSS_SELECTOR, "#dropdown-basic")
        datasets.click()
    
        # 2. Disable and enable again 'default-unibas'
        time.sleep(3)
&gt;       default_unibas_wk = selenium_driver.find_element(
            By.CSS_SELECTOR, "#default-unibas"
        )

test_stroke_federation.py:38: 
_ _ _ _ _ _ _ _ _ _ _ _ _ _ _ _ _ _ _ _ _ _ _ _ _ _ _ _ _ _ _ _ _ _ _ _ _ _ _ _ 
/usr/local/lib/python3.9/site-packages/selenium/webdriver/remote/webdriver.py:739: in find_element
    return self.execute(Command.FIND_ELEMENT, {"using": by, "value": value})["value"]
/usr/local/lib/python3.9/site-packages/selenium/webdriver/remote/webdriver.py:345: in execute
    self.error_handler.check_response(response)
_ _ _ _ _ _ _ _ _ _ _ _ _ _ _ _ _ _ _ _ _ _ _ _ _ _ _ _ _ _ _ _ _ _ _ _ _ _ _ _ 

self = &lt;selenium.webdriver.remote.errorhandler.ErrorHandler object at 0x7f9483162d30&gt;
response = {'status': 404, 'value': '{"value":{"error":"no such element","message":"no such element: Unable to locate element: {\...\\n#16 0x556dd1cae917 \\u003Cunknown&gt;\\n#17 0x556dd1cbf773 \\u003Cunknown&gt;\\n#18 0x7f41fdffb044 \\u003Cunknown&gt;\\n"}}'}

    def check_response(self, response: Dict[str, Any]) -&gt; None:
        """Checks that a JSON response from the WebDriver does not have an
        error.
    
        :Args:
         - response - The JSON response from the WebDriver server as a dictionary
           object.
    
        :Raises: If the response contains an error message.
        """
        status = response.get("status", None)
        if not status or status == ErrorCode.SUCCESS:
            return
        value = None
        message = response.get("message", "")
        screen: str = response.get("screen", "")
        stacktrace = None
        if isinstance(status, int):
            value_json = response.get("value", None)
            if value_json and isinstance(value_json, str):
                import json
    
                try:
                    value = json.loads(value_json)
                    if len(value) == 1:
                        value = value["value"]
                    status = value.get("error", None)
                    if not status:
                        status = value.get("status", ErrorCode.UNKNOWN_ERROR)
                        message = value.get("value") or value.get("message")
                        if not isinstance(message, str):
                            value = message
                            message = message.get("message")
                    else:
                        message = value.get("message", None)
                except ValueError:
                    pass
    
        exception_class: Type[WebDriverException]
        e = ErrorCode()
        error_codes = [item for item in dir(e) if not item.startswith("__")]
        for error_code in error_codes:
            error_info = getattr(ErrorCode, error_code)
            if isinstance(error_info, list) and status in error_info:
                exception_class = getattr(ExceptionMapping, error_code, WebDriverException)
                break
        else:
            exception_class = WebDriverException
    
        if not value:
            value = response["value"]
        if isinstance(value, str):
            raise exception_class(value)
        if message == "" and "message" in value:
            message = value["message"]
    
        screen = None  # type: ignore[assignment]
        if "screen" in value:
            screen = value["screen"]
    
        stacktrace = None
        st_value = value.get("stackTrace") or value.get("stacktrace")
        if st_value:
            if isinstance(st_value, str):
                stacktrace = st_value.split("\n")
            else:
                stacktrace = []
                try:
                    for frame in st_value:
                        line = frame.get("lineNumber", "")
                        file = frame.get("fileName", "&lt;anonymous&gt;")
                        if line:
                            file = f"{file}:{line}"
                        meth = frame.get("methodName", "&lt;anonymous&gt;")
                        if "className" in frame:
                            meth = f"{frame['className']}.{meth}"
                        msg = "    at %s (%s)"
                        msg = msg % (meth, file)
                        stacktrace.append(msg)
                except TypeError:
                    pass
        if exception_class == UnexpectedAlertPresentException:
            alert_text = None
            if "data" in value:
                alert_text = value["data"].get("text")
            elif "alert" in value:
                alert_text = value["alert"].get("text")
            raise exception_class(message, screen, stacktrace, alert_text)  # type: ignore[call-arg]  # mypy is not smart enough here
&gt;       raise exception_class(message, screen, stacktrace)
E       selenium.common.exceptions.NoSuchElementException: Message: no such element: Unable to locate element: {"method":"css selector","selector":"#default-unibas"}
E         (Session info: headless chrome=119.0.6045.105); For documentation on this error, please visit: https://www.selenium.dev/documentation/webdriver/troubleshooting/errors#no-such-element-exception
E       Stacktrace:
E       #0 0x556dd1cc05e3 &lt;unknown&gt;
E       #1 0x556dd19830b7 &lt;unknown&gt;
E       #2 0x556dd19d0f53 &lt;unknown&gt;
E       #3 0x556dd19d1051 &lt;unknown&gt;
E       #4 0x556dd1a169c4 &lt;unknown&gt;
E       #5 0x556dd19f7f1d &lt;unknown&gt;
E       #6 0x556dd1a13b3d &lt;unknown&gt;
E       #7 0x556dd19f7cc3 &lt;unknown&gt;
E       #8 0x556dd19c30e4 &lt;unknown&gt;
E       #9 0x556dd19c40ae &lt;unknown&gt;
E       #10 0x556dd1c86ce1 &lt;unknown&gt;
E       #11 0x556dd1c8ab7e &lt;unknown&gt;
E       #12 0x556dd1c744b5 &lt;unknown&gt;
E       #13 0x556dd1c8b7d6 &lt;unknown&gt;
E       #14 0x556dd1c57dbf &lt;unknown&gt;
E       #15 0x556dd1cae748 &lt;unknown&gt;
E       #16 0x556dd1cae917 &lt;unknown&gt;
E       #17 0x556dd1cbf773 &lt;unknown&gt;
E       #18 0x7f41fdffb044 &lt;unknown&gt;

/usr/local/lib/python3.9/site-packages/selenium/webdriver/remote/errorhandler.py:229: NoSuchElementException</failure></testcase></testsuite></testsuites>