<?xml version="1.0" encoding="utf-8"?><testsuites><testsuite name="pytest" errors="0" failures="3" skipped="0" tests="6" time="206.655" timestamp="2024-03-13T07:01:34.812486" hostname="0bcd7063a41d"><testcase classname="test_public_mip.TestPublicMIP" name="test_login_and_accept_terms[https://hbpmip.link/]" time="49.691" /><testcase classname="test_public_mip.TestPublicMIP" name="test_data[https://hbpmip.link/]" time="20.112"><failure message="selenium.common.exceptions.NoSuchElementException: Message: no such element: Unable to locate element: {&quot;method&quot;:&quot;xpath&quot;,&quot;selector&quot;:&quot;//div[@id='pathology-select']/div/button&quot;}&#10;  (Session info: chrome-headless-shell=122.0.6261.128); For documentation on this error, please visit: https://www.selenium.dev/documentation/webdriver/troubleshooting/errors#no-such-element-exception&#10;Stacktrace:&#10;#0 0x5620599a9f33 &lt;unknown&gt;&#10;#1 0x5620596a1ce6 &lt;unknown&gt;&#10;#2 0x5620596ece48 &lt;unknown&gt;&#10;#3 0x5620596ecf01 &lt;unknown&gt;&#10;#4 0x5620597303f4 &lt;unknown&gt;&#10;#5 0x56205970eedd &lt;unknown&gt;&#10;#6 0x56205972d899 &lt;unknown&gt;&#10;#7 0x56205970ec53 &lt;unknown&gt;&#10;#8 0x5620596dfdb3 &lt;unknown&gt;&#10;#9 0x5620596e077e &lt;unknown&gt;&#10;#10 0x56205996f86b &lt;unknown&gt;&#10;#11 0x562059973885 &lt;unknown&gt;&#10;#12 0x56205995d181 &lt;unknown&gt;&#10;#13 0x562059974412 &lt;unknown&gt;&#10;#14 0x56205994125f &lt;unknown&gt;&#10;#15 0x562059998528 &lt;unknown&gt;&#10;#16 0x562059998723 &lt;unknown&gt;&#10;#17 0x5620599a90e4 &lt;unknown&gt;&#10;#18 0x7fe935d99134 &lt;unknown&gt;">self = &lt;test_public_mip.TestPublicMIP object at 0x7f25ab614e80&gt;

    def test_data(self):
        """Integration tests (data) of the public MIP."""
&gt;       super().test_data()

test_public_mip.py:24: 
_ _ _ _ _ _ _ _ _ _ _ _ _ _ _ _ _ _ _ _ _ _ _ _ _ _ _ _ _ _ _ _ _ _ _ _ _ _ _ _ 
basetest.py:63: in test_data
    dementia = selenium_driver.find_element(
/usr/local/lib/python3.9/site-packages/selenium/webdriver/remote/webdriver.py:739: in find_element
    return self.execute(Command.FIND_ELEMENT, {"using": by, "value": value})["value"]
/usr/local/lib/python3.9/site-packages/selenium/webdriver/remote/webdriver.py:345: in execute
    self.error_handler.check_response(response)
_ _ _ _ _ _ _ _ _ _ _ _ _ _ _ _ _ _ _ _ _ _ _ _ _ _ _ _ _ _ _ _ _ _ _ _ _ _ _ _ 

self = &lt;selenium.webdriver.remote.errorhandler.ErrorHandler object at 0x7f25ab370e80&gt;
response = {'status': 404, 'value': '{"value":{"error":"no such element","message":"no such element: Unable to locate element: {\...\\n#16 0x562059998723 \\u003Cunknown&gt;\\n#17 0x5620599a90e4 \\u003Cunknown&gt;\\n#18 0x7fe935d99134 \\u003Cunknown&gt;\\n"}}'}

    def check_response(self, response: Dict[str, Any]) -&gt; None:
        """Checks that a JSON response from the WebDriver does not have an
        error.
    
        :Args:
         - response - The JSON response from the WebDriver server as a dictionary
           object.
    
        :Raises: If the response contains an error message.
        """
        status = response.get("status", None)
        if not status or status == ErrorCode.SUCCESS:
            return
        value = None
        message = response.get("message", "")
        screen: str = response.get("screen", "")
        stacktrace = None
        if isinstance(status, int):
            value_json = response.get("value", None)
            if value_json and isinstance(value_json, str):
                import json
    
                try:
                    value = json.loads(value_json)
                    if len(value) == 1:
                        value = value["value"]
                    status = value.get("error", None)
                    if not status:
                        status = value.get("status", ErrorCode.UNKNOWN_ERROR)
                        message = value.get("value") or value.get("message")
                        if not isinstance(message, str):
                            value = message
                            message = message.get("message")
                    else:
                        message = value.get("message", None)
                except ValueError:
                    pass
    
        exception_class: Type[WebDriverException]
        e = ErrorCode()
        error_codes = [item for item in dir(e) if not item.startswith("__")]
        for error_code in error_codes:
            error_info = getattr(ErrorCode, error_code)
            if isinstance(error_info, list) and status in error_info:
                exception_class = getattr(ExceptionMapping, error_code, WebDriverException)
                break
        else:
            exception_class = WebDriverException
    
        if not value:
            value = response["value"]
        if isinstance(value, str):
            raise exception_class(value)
        if message == "" and "message" in value:
            message = value["message"]
    
        screen = None  # type: ignore[assignment]
        if "screen" in value:
            screen = value["screen"]
    
        stacktrace = None
        st_value = value.get("stackTrace") or value.get("stacktrace")
        if st_value:
            if isinstance(st_value, str):
                stacktrace = st_value.split("\n")
            else:
                stacktrace = []
                try:
                    for frame in st_value:
                        line = frame.get("lineNumber", "")
                        file = frame.get("fileName", "&lt;anonymous&gt;")
                        if line:
                            file = f"{file}:{line}"
                        meth = frame.get("methodName", "&lt;anonymous&gt;")
                        if "className" in frame:
                            meth = f"{frame['className']}.{meth}"
                        msg = "    at %s (%s)"
                        msg = msg % (meth, file)
                        stacktrace.append(msg)
                except TypeError:
                    pass
        if exception_class == UnexpectedAlertPresentException:
            alert_text = None
            if "data" in value:
                alert_text = value["data"].get("text")
            elif "alert" in value:
                alert_text = value["alert"].get("text")
            raise exception_class(message, screen, stacktrace, alert_text)  # type: ignore[call-arg]  # mypy is not smart enough here
&gt;       raise exception_class(message, screen, stacktrace)
E       selenium.common.exceptions.NoSuchElementException: Message: no such element: Unable to locate element: {"method":"xpath","selector":"//div[@id='pathology-select']/div/button"}
E         (Session info: chrome-headless-shell=122.0.6261.128); For documentation on this error, please visit: https://www.selenium.dev/documentation/webdriver/troubleshooting/errors#no-such-element-exception
E       Stacktrace:
E       #0 0x5620599a9f33 &lt;unknown&gt;
E       #1 0x5620596a1ce6 &lt;unknown&gt;
E       #2 0x5620596ece48 &lt;unknown&gt;
E       #3 0x5620596ecf01 &lt;unknown&gt;
E       #4 0x5620597303f4 &lt;unknown&gt;
E       #5 0x56205970eedd &lt;unknown&gt;
E       #6 0x56205972d899 &lt;unknown&gt;
E       #7 0x56205970ec53 &lt;unknown&gt;
E       #8 0x5620596dfdb3 &lt;unknown&gt;
E       #9 0x5620596e077e &lt;unknown&gt;
E       #10 0x56205996f86b &lt;unknown&gt;
E       #11 0x562059973885 &lt;unknown&gt;
E       #12 0x56205995d181 &lt;unknown&gt;
E       #13 0x562059974412 &lt;unknown&gt;
E       #14 0x56205994125f &lt;unknown&gt;
E       #15 0x562059998528 &lt;unknown&gt;
E       #16 0x562059998723 &lt;unknown&gt;
E       #17 0x5620599a90e4 &lt;unknown&gt;
E       #18 0x7fe935d99134 &lt;unknown&gt;

/usr/local/lib/python3.9/site-packages/selenium/webdriver/remote/errorhandler.py:229: NoSuchElementException</failure></testcase><testcase classname="test_qa_federation.TestMIPQAFederation" name="test_login_and_accept_terms[https://qa.hbpmip.link/]" time="48.266" /><testcase classname="test_qa_federation.TestMIPQAFederation" name="test_data[https://qa.hbpmip.link/]" time="20.090"><failure message="selenium.common.exceptions.NoSuchElementException: Message: no such element: Unable to locate element: {&quot;method&quot;:&quot;xpath&quot;,&quot;selector&quot;:&quot;//div[@id='pathology-select']/div/button&quot;}&#10;  (Session info: chrome-headless-shell=122.0.6261.128); For documentation on this error, please visit: https://www.selenium.dev/documentation/webdriver/troubleshooting/errors#no-such-element-exception&#10;Stacktrace:&#10;#0 0x557f45b61f33 &lt;unknown&gt;&#10;#1 0x557f45859ce6 &lt;unknown&gt;&#10;#2 0x557f458a4e48 &lt;unknown&gt;&#10;#3 0x557f458a4f01 &lt;unknown&gt;&#10;#4 0x557f458e83f4 &lt;unknown&gt;&#10;#5 0x557f458c6edd &lt;unknown&gt;&#10;#6 0x557f458e5899 &lt;unknown&gt;&#10;#7 0x557f458c6c53 &lt;unknown&gt;&#10;#8 0x557f45897db3 &lt;unknown&gt;&#10;#9 0x557f4589877e &lt;unknown&gt;&#10;#10 0x557f45b2786b &lt;unknown&gt;&#10;#11 0x557f45b2b885 &lt;unknown&gt;&#10;#12 0x557f45b15181 &lt;unknown&gt;&#10;#13 0x557f45b2c412 &lt;unknown&gt;&#10;#14 0x557f45af925f &lt;unknown&gt;&#10;#15 0x557f45b50528 &lt;unknown&gt;&#10;#16 0x557f45b50723 &lt;unknown&gt;&#10;#17 0x557f45b610e4 &lt;unknown&gt;&#10;#18 0x7f364b3fd134 &lt;unknown&gt;">self = &lt;test_qa_federation.TestMIPQAFederation object at 0x7f25aa58a160&gt;

    def test_data(self):
        """Integration tests (data) of the MIP QA Federation."""
&gt;       super().test_data()

test_qa_federation.py:24: 
_ _ _ _ _ _ _ _ _ _ _ _ _ _ _ _ _ _ _ _ _ _ _ _ _ _ _ _ _ _ _ _ _ _ _ _ _ _ _ _ 
basetest.py:63: in test_data
    dementia = selenium_driver.find_element(
/usr/local/lib/python3.9/site-packages/selenium/webdriver/remote/webdriver.py:739: in find_element
    return self.execute(Command.FIND_ELEMENT, {"using": by, "value": value})["value"]
/usr/local/lib/python3.9/site-packages/selenium/webdriver/remote/webdriver.py:345: in execute
    self.error_handler.check_response(response)
_ _ _ _ _ _ _ _ _ _ _ _ _ _ _ _ _ _ _ _ _ _ _ _ _ _ _ _ _ _ _ _ _ _ _ _ _ _ _ _ 

self = &lt;selenium.webdriver.remote.errorhandler.ErrorHandler object at 0x7f25ab5a47f0&gt;
response = {'status': 404, 'value': '{"value":{"error":"no such element","message":"no such element: Unable to locate element: {\...\\n#16 0x557f45b50723 \\u003Cunknown&gt;\\n#17 0x557f45b610e4 \\u003Cunknown&gt;\\n#18 0x7f364b3fd134 \\u003Cunknown&gt;\\n"}}'}

    def check_response(self, response: Dict[str, Any]) -&gt; None:
        """Checks that a JSON response from the WebDriver does not have an
        error.
    
        :Args:
         - response - The JSON response from the WebDriver server as a dictionary
           object.
    
        :Raises: If the response contains an error message.
        """
        status = response.get("status", None)
        if not status or status == ErrorCode.SUCCESS:
            return
        value = None
        message = response.get("message", "")
        screen: str = response.get("screen", "")
        stacktrace = None
        if isinstance(status, int):
            value_json = response.get("value", None)
            if value_json and isinstance(value_json, str):
                import json
    
                try:
                    value = json.loads(value_json)
                    if len(value) == 1:
                        value = value["value"]
                    status = value.get("error", None)
                    if not status:
                        status = value.get("status", ErrorCode.UNKNOWN_ERROR)
                        message = value.get("value") or value.get("message")
                        if not isinstance(message, str):
                            value = message
                            message = message.get("message")
                    else:
                        message = value.get("message", None)
                except ValueError:
                    pass
    
        exception_class: Type[WebDriverException]
        e = ErrorCode()
        error_codes = [item for item in dir(e) if not item.startswith("__")]
        for error_code in error_codes:
            error_info = getattr(ErrorCode, error_code)
            if isinstance(error_info, list) and status in error_info:
                exception_class = getattr(ExceptionMapping, error_code, WebDriverException)
                break
        else:
            exception_class = WebDriverException
    
        if not value:
            value = response["value"]
        if isinstance(value, str):
            raise exception_class(value)
        if message == "" and "message" in value:
            message = value["message"]
    
        screen = None  # type: ignore[assignment]
        if "screen" in value:
            screen = value["screen"]
    
        stacktrace = None
        st_value = value.get("stackTrace") or value.get("stacktrace")
        if st_value:
            if isinstance(st_value, str):
                stacktrace = st_value.split("\n")
            else:
                stacktrace = []
                try:
                    for frame in st_value:
                        line = frame.get("lineNumber", "")
                        file = frame.get("fileName", "&lt;anonymous&gt;")
                        if line:
                            file = f"{file}:{line}"
                        meth = frame.get("methodName", "&lt;anonymous&gt;")
                        if "className" in frame:
                            meth = f"{frame['className']}.{meth}"
                        msg = "    at %s (%s)"
                        msg = msg % (meth, file)
                        stacktrace.append(msg)
                except TypeError:
                    pass
        if exception_class == UnexpectedAlertPresentException:
            alert_text = None
            if "data" in value:
                alert_text = value["data"].get("text")
            elif "alert" in value:
                alert_text = value["alert"].get("text")
            raise exception_class(message, screen, stacktrace, alert_text)  # type: ignore[call-arg]  # mypy is not smart enough here
&gt;       raise exception_class(message, screen, stacktrace)
E       selenium.common.exceptions.NoSuchElementException: Message: no such element: Unable to locate element: {"method":"xpath","selector":"//div[@id='pathology-select']/div/button"}
E         (Session info: chrome-headless-shell=122.0.6261.128); For documentation on this error, please visit: https://www.selenium.dev/documentation/webdriver/troubleshooting/errors#no-such-element-exception
E       Stacktrace:
E       #0 0x557f45b61f33 &lt;unknown&gt;
E       #1 0x557f45859ce6 &lt;unknown&gt;
E       #2 0x557f458a4e48 &lt;unknown&gt;
E       #3 0x557f458a4f01 &lt;unknown&gt;
E       #4 0x557f458e83f4 &lt;unknown&gt;
E       #5 0x557f458c6edd &lt;unknown&gt;
E       #6 0x557f458e5899 &lt;unknown&gt;
E       #7 0x557f458c6c53 &lt;unknown&gt;
E       #8 0x557f45897db3 &lt;unknown&gt;
E       #9 0x557f4589877e &lt;unknown&gt;
E       #10 0x557f45b2786b &lt;unknown&gt;
E       #11 0x557f45b2b885 &lt;unknown&gt;
E       #12 0x557f45b15181 &lt;unknown&gt;
E       #13 0x557f45b2c412 &lt;unknown&gt;
E       #14 0x557f45af925f &lt;unknown&gt;
E       #15 0x557f45b50528 &lt;unknown&gt;
E       #16 0x557f45b50723 &lt;unknown&gt;
E       #17 0x557f45b610e4 &lt;unknown&gt;
E       #18 0x7f364b3fd134 &lt;unknown&gt;

/usr/local/lib/python3.9/site-packages/selenium/webdriver/remote/errorhandler.py:229: NoSuchElementException</failure></testcase><testcase classname="test_stroke_federation.TestStrokeMIP" name="test_login_and_accept_terms[https://stroke.hbpmip.link/]" time="47.930" /><testcase classname="test_stroke_federation.TestStrokeMIP" name="test_data[https://stroke.hbpmip.link/]" time="20.071"><failure message="selenium.common.exceptions.NoSuchElementException: Message: no such element: Unable to locate element: {&quot;method&quot;:&quot;css selector&quot;,&quot;selector&quot;:&quot;#dropdown-basic&quot;}&#10;  (Session info: chrome-headless-shell=122.0.6261.128); For documentation on this error, please visit: https://www.selenium.dev/documentation/webdriver/troubleshooting/errors#no-such-element-exception&#10;Stacktrace:&#10;#0 0x561e502b7f33 &lt;unknown&gt;&#10;#1 0x561e4ffafce6 &lt;unknown&gt;&#10;#2 0x561e4fffae48 &lt;unknown&gt;&#10;#3 0x561e4fffaf01 &lt;unknown&gt;&#10;#4 0x561e5003e3f4 &lt;unknown&gt;&#10;#5 0x561e5001cedd &lt;unknown&gt;&#10;#6 0x561e5003b899 &lt;unknown&gt;&#10;#7 0x561e5001cc53 &lt;unknown&gt;&#10;#8 0x561e4ffeddb3 &lt;unknown&gt;&#10;#9 0x561e4ffee77e &lt;unknown&gt;&#10;#10 0x561e5027d86b &lt;unknown&gt;&#10;#11 0x561e50281885 &lt;unknown&gt;&#10;#12 0x561e5026b181 &lt;unknown&gt;&#10;#13 0x561e50282412 &lt;unknown&gt;&#10;#14 0x561e5024f25f &lt;unknown&gt;&#10;#15 0x561e502a6528 &lt;unknown&gt;&#10;#16 0x561e502a6723 &lt;unknown&gt;&#10;#17 0x561e502b70e4 &lt;unknown&gt;&#10;#18 0x7f3b510f4134 &lt;unknown&gt;">self = &lt;test_stroke_federation.TestStrokeMIP object at 0x7f25aa5713a0&gt;

    def test_data(self):
        """Integration tests (data) of the Stroke (FERES) MIP."""
        selenium_driver = self.driver
    
        # 1. Click 'Datasets'
&gt;       datasets = selenium_driver.find_element(By.CSS_SELECTOR, "#dropdown-basic")

test_stroke_federation.py:33: 
_ _ _ _ _ _ _ _ _ _ _ _ _ _ _ _ _ _ _ _ _ _ _ _ _ _ _ _ _ _ _ _ _ _ _ _ _ _ _ _ 
/usr/local/lib/python3.9/site-packages/selenium/webdriver/remote/webdriver.py:739: in find_element
    return self.execute(Command.FIND_ELEMENT, {"using": by, "value": value})["value"]
/usr/local/lib/python3.9/site-packages/selenium/webdriver/remote/webdriver.py:345: in execute
    self.error_handler.check_response(response)
_ _ _ _ _ _ _ _ _ _ _ _ _ _ _ _ _ _ _ _ _ _ _ _ _ _ _ _ _ _ _ _ _ _ _ _ _ _ _ _ 

self = &lt;selenium.webdriver.remote.errorhandler.ErrorHandler object at 0x7f25aa44d9a0&gt;
response = {'status': 404, 'value': '{"value":{"error":"no such element","message":"no such element: Unable to locate element: {\...\\n#16 0x561e502a6723 \\u003Cunknown&gt;\\n#17 0x561e502b70e4 \\u003Cunknown&gt;\\n#18 0x7f3b510f4134 \\u003Cunknown&gt;\\n"}}'}

    def check_response(self, response: Dict[str, Any]) -&gt; None:
        """Checks that a JSON response from the WebDriver does not have an
        error.
    
        :Args:
         - response - The JSON response from the WebDriver server as a dictionary
           object.
    
        :Raises: If the response contains an error message.
        """
        status = response.get("status", None)
        if not status or status == ErrorCode.SUCCESS:
            return
        value = None
        message = response.get("message", "")
        screen: str = response.get("screen", "")
        stacktrace = None
        if isinstance(status, int):
            value_json = response.get("value", None)
            if value_json and isinstance(value_json, str):
                import json
    
                try:
                    value = json.loads(value_json)
                    if len(value) == 1:
                        value = value["value"]
                    status = value.get("error", None)
                    if not status:
                        status = value.get("status", ErrorCode.UNKNOWN_ERROR)
                        message = value.get("value") or value.get("message")
                        if not isinstance(message, str):
                            value = message
                            message = message.get("message")
                    else:
                        message = value.get("message", None)
                except ValueError:
                    pass
    
        exception_class: Type[WebDriverException]
        e = ErrorCode()
        error_codes = [item for item in dir(e) if not item.startswith("__")]
        for error_code in error_codes:
            error_info = getattr(ErrorCode, error_code)
            if isinstance(error_info, list) and status in error_info:
                exception_class = getattr(ExceptionMapping, error_code, WebDriverException)
                break
        else:
            exception_class = WebDriverException
    
        if not value:
            value = response["value"]
        if isinstance(value, str):
            raise exception_class(value)
        if message == "" and "message" in value:
            message = value["message"]
    
        screen = None  # type: ignore[assignment]
        if "screen" in value:
            screen = value["screen"]
    
        stacktrace = None
        st_value = value.get("stackTrace") or value.get("stacktrace")
        if st_value:
            if isinstance(st_value, str):
                stacktrace = st_value.split("\n")
            else:
                stacktrace = []
                try:
                    for frame in st_value:
                        line = frame.get("lineNumber", "")
                        file = frame.get("fileName", "&lt;anonymous&gt;")
                        if line:
                            file = f"{file}:{line}"
                        meth = frame.get("methodName", "&lt;anonymous&gt;")
                        if "className" in frame:
                            meth = f"{frame['className']}.{meth}"
                        msg = "    at %s (%s)"
                        msg = msg % (meth, file)
                        stacktrace.append(msg)
                except TypeError:
                    pass
        if exception_class == UnexpectedAlertPresentException:
            alert_text = None
            if "data" in value:
                alert_text = value["data"].get("text")
            elif "alert" in value:
                alert_text = value["alert"].get("text")
            raise exception_class(message, screen, stacktrace, alert_text)  # type: ignore[call-arg]  # mypy is not smart enough here
&gt;       raise exception_class(message, screen, stacktrace)
E       selenium.common.exceptions.NoSuchElementException: Message: no such element: Unable to locate element: {"method":"css selector","selector":"#dropdown-basic"}
E         (Session info: chrome-headless-shell=122.0.6261.128); For documentation on this error, please visit: https://www.selenium.dev/documentation/webdriver/troubleshooting/errors#no-such-element-exception
E       Stacktrace:
E       #0 0x561e502b7f33 &lt;unknown&gt;
E       #1 0x561e4ffafce6 &lt;unknown&gt;
E       #2 0x561e4fffae48 &lt;unknown&gt;
E       #3 0x561e4fffaf01 &lt;unknown&gt;
E       #4 0x561e5003e3f4 &lt;unknown&gt;
E       #5 0x561e5001cedd &lt;unknown&gt;
E       #6 0x561e5003b899 &lt;unknown&gt;
E       #7 0x561e5001cc53 &lt;unknown&gt;
E       #8 0x561e4ffeddb3 &lt;unknown&gt;
E       #9 0x561e4ffee77e &lt;unknown&gt;
E       #10 0x561e5027d86b &lt;unknown&gt;
E       #11 0x561e50281885 &lt;unknown&gt;
E       #12 0x561e5026b181 &lt;unknown&gt;
E       #13 0x561e50282412 &lt;unknown&gt;
E       #14 0x561e5024f25f &lt;unknown&gt;
E       #15 0x561e502a6528 &lt;unknown&gt;
E       #16 0x561e502a6723 &lt;unknown&gt;
E       #17 0x561e502b70e4 &lt;unknown&gt;
E       #18 0x7f3b510f4134 &lt;unknown&gt;

/usr/local/lib/python3.9/site-packages/selenium/webdriver/remote/errorhandler.py:229: NoSuchElementException</failure></testcase></testsuite></testsuites>