<?xml version="1.0" encoding="utf-8"?><testsuites><testsuite name="pytest" errors="0" failures="3" skipped="0" tests="6" time="158.769" timestamp="2023-11-01T07:00:22.578893" hostname="42251df2ff3e"><testcase classname="test_public_mip.TestPublicMIP" name="test_login_and_accept_terms[https://hbpmip.link/]" time="30.717" /><testcase classname="test_public_mip.TestPublicMIP" name="test_data[https://hbpmip.link/]" time="24.620"><failure message="selenium.common.exceptions.NoSuchElementException: Message: no such element: Unable to locate element: {&quot;method&quot;:&quot;xpath&quot;,&quot;selector&quot;:&quot;//*[name()='circle'][. = 'Left opercular part of the inferior frontal gyrus&#10;']&quot;}&#10;  (Session info: headless chrome=118.0.5993.88); For documentation on this error, please visit: https://www.selenium.dev/documentation/webdriver/troubleshooting/errors#no-such-element-exception&#10;Stacktrace:&#10;#0 0x55ff0cb5afb3 &lt;unknown&gt;&#10;#1 0x55ff0c82e4a7 &lt;unknown&gt;&#10;#2 0x55ff0c875dd6 &lt;unknown&gt;&#10;#3 0x55ff0c875ec1 &lt;unknown&gt;&#10;#4 0x55ff0c8b3354 &lt;unknown&gt;&#10;#5 0x55ff0c89796d &lt;unknown&gt;&#10;#6 0x55ff0c8b0c02 &lt;unknown&gt;&#10;#7 0x55ff0c897713 &lt;unknown&gt;&#10;#8 0x55ff0c86a18b &lt;unknown&gt;&#10;#9 0x55ff0c86af7e &lt;unknown&gt;&#10;#10 0x55ff0cb208d8 &lt;unknown&gt;&#10;#11 0x55ff0cb24800 &lt;unknown&gt;&#10;#12 0x55ff0cb2ecfc &lt;unknown&gt;&#10;#13 0x55ff0cb25418 &lt;unknown&gt;&#10;#14 0x55ff0caf242f &lt;unknown&gt;&#10;#15 0x55ff0cb494e8 &lt;unknown&gt;&#10;#16 0x55ff0cb496b4 &lt;unknown&gt;&#10;#17 0x55ff0cb5a143 &lt;unknown&gt;&#10;#18 0x7f8158c64044 &lt;unknown&gt;">self = &lt;test_public_mip.TestPublicMIP object at 0x7fa46ca5dd00&gt;

    def test_data(self):
        """Integration tests (data) of the public MIP."""
&gt;       super().test_data()

test_public_mip.py:24: 
_ _ _ _ _ _ _ _ _ _ _ _ _ _ _ _ _ _ _ _ _ _ _ _ _ _ _ _ _ _ _ _ _ _ _ _ _ _ _ _ 
basetest.py:106: in test_data
    left_opercular_part_of_the_inferior_f_ = selenium_driver.find_element(
/usr/local/lib/python3.9/site-packages/selenium/webdriver/remote/webdriver.py:739: in find_element
    return self.execute(Command.FIND_ELEMENT, {"using": by, "value": value})["value"]
/usr/local/lib/python3.9/site-packages/selenium/webdriver/remote/webdriver.py:345: in execute
    self.error_handler.check_response(response)
_ _ _ _ _ _ _ _ _ _ _ _ _ _ _ _ _ _ _ _ _ _ _ _ _ _ _ _ _ _ _ _ _ _ _ _ _ _ _ _ 

self = &lt;selenium.webdriver.remote.errorhandler.ErrorHandler object at 0x7fa46da1e6d0&gt;
response = {'status': 404, 'value': '{"value":{"error":"no such element","message":"no such element: Unable to locate element: {\...\\n#16 0x55ff0cb496b4 \\u003Cunknown&gt;\\n#17 0x55ff0cb5a143 \\u003Cunknown&gt;\\n#18 0x7f8158c64044 \\u003Cunknown&gt;\\n"}}'}

    def check_response(self, response: Dict[str, Any]) -&gt; None:
        """Checks that a JSON response from the WebDriver does not have an
        error.
    
        :Args:
         - response - The JSON response from the WebDriver server as a dictionary
           object.
    
        :Raises: If the response contains an error message.
        """
        status = response.get("status", None)
        if not status or status == ErrorCode.SUCCESS:
            return
        value = None
        message = response.get("message", "")
        screen: str = response.get("screen", "")
        stacktrace = None
        if isinstance(status, int):
            value_json = response.get("value", None)
            if value_json and isinstance(value_json, str):
                import json
    
                try:
                    value = json.loads(value_json)
                    if len(value) == 1:
                        value = value["value"]
                    status = value.get("error", None)
                    if not status:
                        status = value.get("status", ErrorCode.UNKNOWN_ERROR)
                        message = value.get("value") or value.get("message")
                        if not isinstance(message, str):
                            value = message
                            message = message.get("message")
                    else:
                        message = value.get("message", None)
                except ValueError:
                    pass
    
        exception_class: Type[WebDriverException]
        e = ErrorCode()
        error_codes = [item for item in dir(e) if not item.startswith("__")]
        for error_code in error_codes:
            error_info = getattr(ErrorCode, error_code)
            if isinstance(error_info, list) and status in error_info:
                exception_class = getattr(ExceptionMapping, error_code, WebDriverException)
                break
        else:
            exception_class = WebDriverException
    
        if not value:
            value = response["value"]
        if isinstance(value, str):
            raise exception_class(value)
        if message == "" and "message" in value:
            message = value["message"]
    
        screen = None  # type: ignore[assignment]
        if "screen" in value:
            screen = value["screen"]
    
        stacktrace = None
        st_value = value.get("stackTrace") or value.get("stacktrace")
        if st_value:
            if isinstance(st_value, str):
                stacktrace = st_value.split("\n")
            else:
                stacktrace = []
                try:
                    for frame in st_value:
                        line = frame.get("lineNumber", "")
                        file = frame.get("fileName", "&lt;anonymous&gt;")
                        if line:
                            file = f"{file}:{line}"
                        meth = frame.get("methodName", "&lt;anonymous&gt;")
                        if "className" in frame:
                            meth = f"{frame['className']}.{meth}"
                        msg = "    at %s (%s)"
                        msg = msg % (meth, file)
                        stacktrace.append(msg)
                except TypeError:
                    pass
        if exception_class == UnexpectedAlertPresentException:
            alert_text = None
            if "data" in value:
                alert_text = value["data"].get("text")
            elif "alert" in value:
                alert_text = value["alert"].get("text")
            raise exception_class(message, screen, stacktrace, alert_text)  # type: ignore[call-arg]  # mypy is not smart enough here
&gt;       raise exception_class(message, screen, stacktrace)
E       selenium.common.exceptions.NoSuchElementException: Message: no such element: Unable to locate element: {"method":"xpath","selector":"//*[name()='circle'][. = 'Left opercular part of the inferior frontal gyrus
E       ']"}
E         (Session info: headless chrome=118.0.5993.88); For documentation on this error, please visit: https://www.selenium.dev/documentation/webdriver/troubleshooting/errors#no-such-element-exception
E       Stacktrace:
E       #0 0x55ff0cb5afb3 &lt;unknown&gt;
E       #1 0x55ff0c82e4a7 &lt;unknown&gt;
E       #2 0x55ff0c875dd6 &lt;unknown&gt;
E       #3 0x55ff0c875ec1 &lt;unknown&gt;
E       #4 0x55ff0c8b3354 &lt;unknown&gt;
E       #5 0x55ff0c89796d &lt;unknown&gt;
E       #6 0x55ff0c8b0c02 &lt;unknown&gt;
E       #7 0x55ff0c897713 &lt;unknown&gt;
E       #8 0x55ff0c86a18b &lt;unknown&gt;
E       #9 0x55ff0c86af7e &lt;unknown&gt;
E       #10 0x55ff0cb208d8 &lt;unknown&gt;
E       #11 0x55ff0cb24800 &lt;unknown&gt;
E       #12 0x55ff0cb2ecfc &lt;unknown&gt;
E       #13 0x55ff0cb25418 &lt;unknown&gt;
E       #14 0x55ff0caf242f &lt;unknown&gt;
E       #15 0x55ff0cb494e8 &lt;unknown&gt;
E       #16 0x55ff0cb496b4 &lt;unknown&gt;
E       #17 0x55ff0cb5a143 &lt;unknown&gt;
E       #18 0x7f8158c64044 &lt;unknown&gt;

/usr/local/lib/python3.9/site-packages/selenium/webdriver/remote/errorhandler.py:229: NoSuchElementException</failure></testcase><testcase classname="test_qa_federation.TestMIPQAFederation" name="test_login_and_accept_terms[https://qa.hbpmip.link/]" time="27.614" /><testcase classname="test_qa_federation.TestMIPQAFederation" name="test_data[https://qa.hbpmip.link/]" time="23.951"><failure message="selenium.common.exceptions.NoSuchElementException: Message: no such element: Unable to locate element: {&quot;method&quot;:&quot;css selector&quot;,&quot;selector&quot;:&quot;#default-synth_mh_wk3&quot;}&#10;  (Session info: headless chrome=118.0.5993.88); For documentation on this error, please visit: https://www.selenium.dev/documentation/webdriver/troubleshooting/errors#no-such-element-exception&#10;Stacktrace:&#10;#0 0x55621eda1fb3 &lt;unknown&gt;&#10;#1 0x55621ea754a7 &lt;unknown&gt;&#10;#2 0x55621eabcdd6 &lt;unknown&gt;&#10;#3 0x55621eabcec1 &lt;unknown&gt;&#10;#4 0x55621eafa354 &lt;unknown&gt;&#10;#5 0x55621eade96d &lt;unknown&gt;&#10;#6 0x55621eaf7c02 &lt;unknown&gt;&#10;#7 0x55621eade713 &lt;unknown&gt;&#10;#8 0x55621eab118b &lt;unknown&gt;&#10;#9 0x55621eab1f7e &lt;unknown&gt;&#10;#10 0x55621ed678d8 &lt;unknown&gt;&#10;#11 0x55621ed6b800 &lt;unknown&gt;&#10;#12 0x55621ed75cfc &lt;unknown&gt;&#10;#13 0x55621ed6c418 &lt;unknown&gt;&#10;#14 0x55621ed3942f &lt;unknown&gt;&#10;#15 0x55621ed904e8 &lt;unknown&gt;&#10;#16 0x55621ed906b4 &lt;unknown&gt;&#10;#17 0x55621eda1143 &lt;unknown&gt;&#10;#18 0x7f672cac6044 &lt;unknown&gt;">self = &lt;test_qa_federation.TestMIPQAFederation object at 0x7fa46c9f55e0&gt;

    def test_data(self):
        """Integration tests (data) of the MIP QA Federation."""
&gt;       super().test_data()

test_qa_federation.py:24: 
_ _ _ _ _ _ _ _ _ _ _ _ _ _ _ _ _ _ _ _ _ _ _ _ _ _ _ _ _ _ _ _ _ _ _ _ _ _ _ _ 
basetest.py:88: in test_data
    default_synth_mh_wk3 = selenium_driver.find_element(
/usr/local/lib/python3.9/site-packages/selenium/webdriver/remote/webdriver.py:739: in find_element
    return self.execute(Command.FIND_ELEMENT, {"using": by, "value": value})["value"]
/usr/local/lib/python3.9/site-packages/selenium/webdriver/remote/webdriver.py:345: in execute
    self.error_handler.check_response(response)
_ _ _ _ _ _ _ _ _ _ _ _ _ _ _ _ _ _ _ _ _ _ _ _ _ _ _ _ _ _ _ _ _ _ _ _ _ _ _ _ 

self = &lt;selenium.webdriver.remote.errorhandler.ErrorHandler object at 0x7fa46da7ff10&gt;
response = {'status': 404, 'value': '{"value":{"error":"no such element","message":"no such element: Unable to locate element: {\...\\n#16 0x55621ed906b4 \\u003Cunknown&gt;\\n#17 0x55621eda1143 \\u003Cunknown&gt;\\n#18 0x7f672cac6044 \\u003Cunknown&gt;\\n"}}'}

    def check_response(self, response: Dict[str, Any]) -&gt; None:
        """Checks that a JSON response from the WebDriver does not have an
        error.
    
        :Args:
         - response - The JSON response from the WebDriver server as a dictionary
           object.
    
        :Raises: If the response contains an error message.
        """
        status = response.get("status", None)
        if not status or status == ErrorCode.SUCCESS:
            return
        value = None
        message = response.get("message", "")
        screen: str = response.get("screen", "")
        stacktrace = None
        if isinstance(status, int):
            value_json = response.get("value", None)
            if value_json and isinstance(value_json, str):
                import json
    
                try:
                    value = json.loads(value_json)
                    if len(value) == 1:
                        value = value["value"]
                    status = value.get("error", None)
                    if not status:
                        status = value.get("status", ErrorCode.UNKNOWN_ERROR)
                        message = value.get("value") or value.get("message")
                        if not isinstance(message, str):
                            value = message
                            message = message.get("message")
                    else:
                        message = value.get("message", None)
                except ValueError:
                    pass
    
        exception_class: Type[WebDriverException]
        e = ErrorCode()
        error_codes = [item for item in dir(e) if not item.startswith("__")]
        for error_code in error_codes:
            error_info = getattr(ErrorCode, error_code)
            if isinstance(error_info, list) and status in error_info:
                exception_class = getattr(ExceptionMapping, error_code, WebDriverException)
                break
        else:
            exception_class = WebDriverException
    
        if not value:
            value = response["value"]
        if isinstance(value, str):
            raise exception_class(value)
        if message == "" and "message" in value:
            message = value["message"]
    
        screen = None  # type: ignore[assignment]
        if "screen" in value:
            screen = value["screen"]
    
        stacktrace = None
        st_value = value.get("stackTrace") or value.get("stacktrace")
        if st_value:
            if isinstance(st_value, str):
                stacktrace = st_value.split("\n")
            else:
                stacktrace = []
                try:
                    for frame in st_value:
                        line = frame.get("lineNumber", "")
                        file = frame.get("fileName", "&lt;anonymous&gt;")
                        if line:
                            file = f"{file}:{line}"
                        meth = frame.get("methodName", "&lt;anonymous&gt;")
                        if "className" in frame:
                            meth = f"{frame['className']}.{meth}"
                        msg = "    at %s (%s)"
                        msg = msg % (meth, file)
                        stacktrace.append(msg)
                except TypeError:
                    pass
        if exception_class == UnexpectedAlertPresentException:
            alert_text = None
            if "data" in value:
                alert_text = value["data"].get("text")
            elif "alert" in value:
                alert_text = value["alert"].get("text")
            raise exception_class(message, screen, stacktrace, alert_text)  # type: ignore[call-arg]  # mypy is not smart enough here
&gt;       raise exception_class(message, screen, stacktrace)
E       selenium.common.exceptions.NoSuchElementException: Message: no such element: Unable to locate element: {"method":"css selector","selector":"#default-synth_mh_wk3"}
E         (Session info: headless chrome=118.0.5993.88); For documentation on this error, please visit: https://www.selenium.dev/documentation/webdriver/troubleshooting/errors#no-such-element-exception
E       Stacktrace:
E       #0 0x55621eda1fb3 &lt;unknown&gt;
E       #1 0x55621ea754a7 &lt;unknown&gt;
E       #2 0x55621eabcdd6 &lt;unknown&gt;
E       #3 0x55621eabcec1 &lt;unknown&gt;
E       #4 0x55621eafa354 &lt;unknown&gt;
E       #5 0x55621eade96d &lt;unknown&gt;
E       #6 0x55621eaf7c02 &lt;unknown&gt;
E       #7 0x55621eade713 &lt;unknown&gt;
E       #8 0x55621eab118b &lt;unknown&gt;
E       #9 0x55621eab1f7e &lt;unknown&gt;
E       #10 0x55621ed678d8 &lt;unknown&gt;
E       #11 0x55621ed6b800 &lt;unknown&gt;
E       #12 0x55621ed75cfc &lt;unknown&gt;
E       #13 0x55621ed6c418 &lt;unknown&gt;
E       #14 0x55621ed3942f &lt;unknown&gt;
E       #15 0x55621ed904e8 &lt;unknown&gt;
E       #16 0x55621ed906b4 &lt;unknown&gt;
E       #17 0x55621eda1143 &lt;unknown&gt;
E       #18 0x7f672cac6044 &lt;unknown&gt;

/usr/local/lib/python3.9/site-packages/selenium/webdriver/remote/errorhandler.py:229: NoSuchElementException</failure></testcase><testcase classname="test_stroke_federation.TestStrokeMIP" name="test_login_and_accept_terms[https://stroke.hbpmip.link/]" time="26.944" /><testcase classname="test_stroke_federation.TestStrokeMIP" name="test_data[https://stroke.hbpmip.link/]" time="23.177"><failure message="selenium.common.exceptions.NoSuchElementException: Message: no such element: Unable to locate element: {&quot;method&quot;:&quot;css selector&quot;,&quot;selector&quot;:&quot;#default-unibas&quot;}&#10;  (Session info: headless chrome=118.0.5993.88); For documentation on this error, please visit: https://www.selenium.dev/documentation/webdriver/troubleshooting/errors#no-such-element-exception&#10;Stacktrace:&#10;#0 0x559c82342fb3 &lt;unknown&gt;&#10;#1 0x559c820164a7 &lt;unknown&gt;&#10;#2 0x559c8205ddd6 &lt;unknown&gt;&#10;#3 0x559c8205dec1 &lt;unknown&gt;&#10;#4 0x559c8209b354 &lt;unknown&gt;&#10;#5 0x559c8207f96d &lt;unknown&gt;&#10;#6 0x559c82098c02 &lt;unknown&gt;&#10;#7 0x559c8207f713 &lt;unknown&gt;&#10;#8 0x559c8205218b &lt;unknown&gt;&#10;#9 0x559c82052f7e &lt;unknown&gt;&#10;#10 0x559c823088d8 &lt;unknown&gt;&#10;#11 0x559c8230c800 &lt;unknown&gt;&#10;#12 0x559c82316cfc &lt;unknown&gt;&#10;#13 0x559c8230d418 &lt;unknown&gt;&#10;#14 0x559c822da42f &lt;unknown&gt;&#10;#15 0x559c823314e8 &lt;unknown&gt;&#10;#16 0x559c823316b4 &lt;unknown&gt;&#10;#17 0x559c82342143 &lt;unknown&gt;&#10;#18 0x7f5b36426044 &lt;unknown&gt;">self = &lt;test_stroke_federation.TestStrokeMIP object at 0x7fa46da1e670&gt;

    def test_data(self):
        """Integration tests (data) of the Stroke (FERES) MIP."""
        selenium_driver = self.driver
    
        # 1. Click 'Datasets'
        datasets = selenium_driver.find_element(By.CSS_SELECTOR, "#dropdown-basic")
        datasets.click()
    
        # 2. Disable and enable again 'default-unibas'
        time.sleep(3)
&gt;       default_unibas_wk = selenium_driver.find_element(
            By.CSS_SELECTOR, "#default-unibas"
        )

test_stroke_federation.py:38: 
_ _ _ _ _ _ _ _ _ _ _ _ _ _ _ _ _ _ _ _ _ _ _ _ _ _ _ _ _ _ _ _ _ _ _ _ _ _ _ _ 
/usr/local/lib/python3.9/site-packages/selenium/webdriver/remote/webdriver.py:739: in find_element
    return self.execute(Command.FIND_ELEMENT, {"using": by, "value": value})["value"]
/usr/local/lib/python3.9/site-packages/selenium/webdriver/remote/webdriver.py:345: in execute
    self.error_handler.check_response(response)
_ _ _ _ _ _ _ _ _ _ _ _ _ _ _ _ _ _ _ _ _ _ _ _ _ _ _ _ _ _ _ _ _ _ _ _ _ _ _ _ 

self = &lt;selenium.webdriver.remote.errorhandler.ErrorHandler object at 0x7fa46c9f5ac0&gt;
response = {'status': 404, 'value': '{"value":{"error":"no such element","message":"no such element: Unable to locate element: {\...\\n#16 0x559c823316b4 \\u003Cunknown&gt;\\n#17 0x559c82342143 \\u003Cunknown&gt;\\n#18 0x7f5b36426044 \\u003Cunknown&gt;\\n"}}'}

    def check_response(self, response: Dict[str, Any]) -&gt; None:
        """Checks that a JSON response from the WebDriver does not have an
        error.
    
        :Args:
         - response - The JSON response from the WebDriver server as a dictionary
           object.
    
        :Raises: If the response contains an error message.
        """
        status = response.get("status", None)
        if not status or status == ErrorCode.SUCCESS:
            return
        value = None
        message = response.get("message", "")
        screen: str = response.get("screen", "")
        stacktrace = None
        if isinstance(status, int):
            value_json = response.get("value", None)
            if value_json and isinstance(value_json, str):
                import json
    
                try:
                    value = json.loads(value_json)
                    if len(value) == 1:
                        value = value["value"]
                    status = value.get("error", None)
                    if not status:
                        status = value.get("status", ErrorCode.UNKNOWN_ERROR)
                        message = value.get("value") or value.get("message")
                        if not isinstance(message, str):
                            value = message
                            message = message.get("message")
                    else:
                        message = value.get("message", None)
                except ValueError:
                    pass
    
        exception_class: Type[WebDriverException]
        e = ErrorCode()
        error_codes = [item for item in dir(e) if not item.startswith("__")]
        for error_code in error_codes:
            error_info = getattr(ErrorCode, error_code)
            if isinstance(error_info, list) and status in error_info:
                exception_class = getattr(ExceptionMapping, error_code, WebDriverException)
                break
        else:
            exception_class = WebDriverException
    
        if not value:
            value = response["value"]
        if isinstance(value, str):
            raise exception_class(value)
        if message == "" and "message" in value:
            message = value["message"]
    
        screen = None  # type: ignore[assignment]
        if "screen" in value:
            screen = value["screen"]
    
        stacktrace = None
        st_value = value.get("stackTrace") or value.get("stacktrace")
        if st_value:
            if isinstance(st_value, str):
                stacktrace = st_value.split("\n")
            else:
                stacktrace = []
                try:
                    for frame in st_value:
                        line = frame.get("lineNumber", "")
                        file = frame.get("fileName", "&lt;anonymous&gt;")
                        if line:
                            file = f"{file}:{line}"
                        meth = frame.get("methodName", "&lt;anonymous&gt;")
                        if "className" in frame:
                            meth = f"{frame['className']}.{meth}"
                        msg = "    at %s (%s)"
                        msg = msg % (meth, file)
                        stacktrace.append(msg)
                except TypeError:
                    pass
        if exception_class == UnexpectedAlertPresentException:
            alert_text = None
            if "data" in value:
                alert_text = value["data"].get("text")
            elif "alert" in value:
                alert_text = value["alert"].get("text")
            raise exception_class(message, screen, stacktrace, alert_text)  # type: ignore[call-arg]  # mypy is not smart enough here
&gt;       raise exception_class(message, screen, stacktrace)
E       selenium.common.exceptions.NoSuchElementException: Message: no such element: Unable to locate element: {"method":"css selector","selector":"#default-unibas"}
E         (Session info: headless chrome=118.0.5993.88); For documentation on this error, please visit: https://www.selenium.dev/documentation/webdriver/troubleshooting/errors#no-such-element-exception
E       Stacktrace:
E       #0 0x559c82342fb3 &lt;unknown&gt;
E       #1 0x559c820164a7 &lt;unknown&gt;
E       #2 0x559c8205ddd6 &lt;unknown&gt;
E       #3 0x559c8205dec1 &lt;unknown&gt;
E       #4 0x559c8209b354 &lt;unknown&gt;
E       #5 0x559c8207f96d &lt;unknown&gt;
E       #6 0x559c82098c02 &lt;unknown&gt;
E       #7 0x559c8207f713 &lt;unknown&gt;
E       #8 0x559c8205218b &lt;unknown&gt;
E       #9 0x559c82052f7e &lt;unknown&gt;
E       #10 0x559c823088d8 &lt;unknown&gt;
E       #11 0x559c8230c800 &lt;unknown&gt;
E       #12 0x559c82316cfc &lt;unknown&gt;
E       #13 0x559c8230d418 &lt;unknown&gt;
E       #14 0x559c822da42f &lt;unknown&gt;
E       #15 0x559c823314e8 &lt;unknown&gt;
E       #16 0x559c823316b4 &lt;unknown&gt;
E       #17 0x559c82342143 &lt;unknown&gt;
E       #18 0x7f5b36426044 &lt;unknown&gt;

/usr/local/lib/python3.9/site-packages/selenium/webdriver/remote/errorhandler.py:229: NoSuchElementException</failure></testcase></testsuite></testsuites>