<?xml version="1.0" encoding="utf-8"?><testsuites><testsuite name="pytest" errors="0" failures="3" skipped="0" tests="6" time="199.596" timestamp="2024-03-16T06:59:54.625900" hostname="96d0ee19af97"><testcase classname="test_public_mip.TestPublicMIP" name="test_login_and_accept_terms[https://hbpmip.link/]" time="46.356" /><testcase classname="test_public_mip.TestPublicMIP" name="test_data[https://hbpmip.link/]" time="20.093"><failure message="selenium.common.exceptions.NoSuchElementException: Message: no such element: Unable to locate element: {&quot;method&quot;:&quot;xpath&quot;,&quot;selector&quot;:&quot;//div[@id='pathology-select']/div/button&quot;}&#10;  (Session info: chrome-headless-shell=122.0.6261.128); For documentation on this error, please visit: https://www.selenium.dev/documentation/webdriver/troubleshooting/errors#no-such-element-exception&#10;Stacktrace:&#10;#0 0x5c2fd4c71f33 &lt;unknown&gt;&#10;#1 0x5c2fd4969ce6 &lt;unknown&gt;&#10;#2 0x5c2fd49b4e48 &lt;unknown&gt;&#10;#3 0x5c2fd49b4f01 &lt;unknown&gt;&#10;#4 0x5c2fd49f83f4 &lt;unknown&gt;&#10;#5 0x5c2fd49d6edd &lt;unknown&gt;&#10;#6 0x5c2fd49f5899 &lt;unknown&gt;&#10;#7 0x5c2fd49d6c53 &lt;unknown&gt;&#10;#8 0x5c2fd49a7db3 &lt;unknown&gt;&#10;#9 0x5c2fd49a877e &lt;unknown&gt;&#10;#10 0x5c2fd4c3786b &lt;unknown&gt;&#10;#11 0x5c2fd4c3b885 &lt;unknown&gt;&#10;#12 0x5c2fd4c25181 &lt;unknown&gt;&#10;#13 0x5c2fd4c3c412 &lt;unknown&gt;&#10;#14 0x5c2fd4c0925f &lt;unknown&gt;&#10;#15 0x5c2fd4c60528 &lt;unknown&gt;&#10;#16 0x5c2fd4c60723 &lt;unknown&gt;&#10;#17 0x5c2fd4c710e4 &lt;unknown&gt;&#10;#18 0x70da36f50134 &lt;unknown&gt;">self = &lt;test_public_mip.TestPublicMIP object at 0x71d1aed91af0&gt;

    def test_data(self):
        """Integration tests (data) of the public MIP."""
&gt;       super().test_data()

test_public_mip.py:24: 
_ _ _ _ _ _ _ _ _ _ _ _ _ _ _ _ _ _ _ _ _ _ _ _ _ _ _ _ _ _ _ _ _ _ _ _ _ _ _ _ 
basetest.py:63: in test_data
    dementia = selenium_driver.find_element(
/usr/local/lib/python3.9/site-packages/selenium/webdriver/remote/webdriver.py:739: in find_element
    return self.execute(Command.FIND_ELEMENT, {"using": by, "value": value})["value"]
/usr/local/lib/python3.9/site-packages/selenium/webdriver/remote/webdriver.py:345: in execute
    self.error_handler.check_response(response)
_ _ _ _ _ _ _ _ _ _ _ _ _ _ _ _ _ _ _ _ _ _ _ _ _ _ _ _ _ _ _ _ _ _ _ _ _ _ _ _ 

self = &lt;selenium.webdriver.remote.errorhandler.ErrorHandler object at 0x71d1aea91be0&gt;
response = {'status': 404, 'value': '{"value":{"error":"no such element","message":"no such element: Unable to locate element: {\...\\n#16 0x5c2fd4c60723 \\u003Cunknown&gt;\\n#17 0x5c2fd4c710e4 \\u003Cunknown&gt;\\n#18 0x70da36f50134 \\u003Cunknown&gt;\\n"}}'}

    def check_response(self, response: Dict[str, Any]) -&gt; None:
        """Checks that a JSON response from the WebDriver does not have an
        error.
    
        :Args:
         - response - The JSON response from the WebDriver server as a dictionary
           object.
    
        :Raises: If the response contains an error message.
        """
        status = response.get("status", None)
        if not status or status == ErrorCode.SUCCESS:
            return
        value = None
        message = response.get("message", "")
        screen: str = response.get("screen", "")
        stacktrace = None
        if isinstance(status, int):
            value_json = response.get("value", None)
            if value_json and isinstance(value_json, str):
                import json
    
                try:
                    value = json.loads(value_json)
                    if len(value) == 1:
                        value = value["value"]
                    status = value.get("error", None)
                    if not status:
                        status = value.get("status", ErrorCode.UNKNOWN_ERROR)
                        message = value.get("value") or value.get("message")
                        if not isinstance(message, str):
                            value = message
                            message = message.get("message")
                    else:
                        message = value.get("message", None)
                except ValueError:
                    pass
    
        exception_class: Type[WebDriverException]
        e = ErrorCode()
        error_codes = [item for item in dir(e) if not item.startswith("__")]
        for error_code in error_codes:
            error_info = getattr(ErrorCode, error_code)
            if isinstance(error_info, list) and status in error_info:
                exception_class = getattr(ExceptionMapping, error_code, WebDriverException)
                break
        else:
            exception_class = WebDriverException
    
        if not value:
            value = response["value"]
        if isinstance(value, str):
            raise exception_class(value)
        if message == "" and "message" in value:
            message = value["message"]
    
        screen = None  # type: ignore[assignment]
        if "screen" in value:
            screen = value["screen"]
    
        stacktrace = None
        st_value = value.get("stackTrace") or value.get("stacktrace")
        if st_value:
            if isinstance(st_value, str):
                stacktrace = st_value.split("\n")
            else:
                stacktrace = []
                try:
                    for frame in st_value:
                        line = frame.get("lineNumber", "")
                        file = frame.get("fileName", "&lt;anonymous&gt;")
                        if line:
                            file = f"{file}:{line}"
                        meth = frame.get("methodName", "&lt;anonymous&gt;")
                        if "className" in frame:
                            meth = f"{frame['className']}.{meth}"
                        msg = "    at %s (%s)"
                        msg = msg % (meth, file)
                        stacktrace.append(msg)
                except TypeError:
                    pass
        if exception_class == UnexpectedAlertPresentException:
            alert_text = None
            if "data" in value:
                alert_text = value["data"].get("text")
            elif "alert" in value:
                alert_text = value["alert"].get("text")
            raise exception_class(message, screen, stacktrace, alert_text)  # type: ignore[call-arg]  # mypy is not smart enough here
&gt;       raise exception_class(message, screen, stacktrace)
E       selenium.common.exceptions.NoSuchElementException: Message: no such element: Unable to locate element: {"method":"xpath","selector":"//div[@id='pathology-select']/div/button"}
E         (Session info: chrome-headless-shell=122.0.6261.128); For documentation on this error, please visit: https://www.selenium.dev/documentation/webdriver/troubleshooting/errors#no-such-element-exception
E       Stacktrace:
E       #0 0x5c2fd4c71f33 &lt;unknown&gt;
E       #1 0x5c2fd4969ce6 &lt;unknown&gt;
E       #2 0x5c2fd49b4e48 &lt;unknown&gt;
E       #3 0x5c2fd49b4f01 &lt;unknown&gt;
E       #4 0x5c2fd49f83f4 &lt;unknown&gt;
E       #5 0x5c2fd49d6edd &lt;unknown&gt;
E       #6 0x5c2fd49f5899 &lt;unknown&gt;
E       #7 0x5c2fd49d6c53 &lt;unknown&gt;
E       #8 0x5c2fd49a7db3 &lt;unknown&gt;
E       #9 0x5c2fd49a877e &lt;unknown&gt;
E       #10 0x5c2fd4c3786b &lt;unknown&gt;
E       #11 0x5c2fd4c3b885 &lt;unknown&gt;
E       #12 0x5c2fd4c25181 &lt;unknown&gt;
E       #13 0x5c2fd4c3c412 &lt;unknown&gt;
E       #14 0x5c2fd4c0925f &lt;unknown&gt;
E       #15 0x5c2fd4c60528 &lt;unknown&gt;
E       #16 0x5c2fd4c60723 &lt;unknown&gt;
E       #17 0x5c2fd4c710e4 &lt;unknown&gt;
E       #18 0x70da36f50134 &lt;unknown&gt;

/usr/local/lib/python3.9/site-packages/selenium/webdriver/remote/errorhandler.py:229: NoSuchElementException</failure></testcase><testcase classname="test_qa_federation.TestMIPQAFederation" name="test_login_and_accept_terms[https://qa.hbpmip.link/]" time="46.395" /><testcase classname="test_qa_federation.TestMIPQAFederation" name="test_data[https://qa.hbpmip.link/]" time="20.094"><failure message="selenium.common.exceptions.NoSuchElementException: Message: no such element: Unable to locate element: {&quot;method&quot;:&quot;xpath&quot;,&quot;selector&quot;:&quot;//div[@id='pathology-select']/div/button&quot;}&#10;  (Session info: chrome-headless-shell=122.0.6261.128); For documentation on this error, please visit: https://www.selenium.dev/documentation/webdriver/troubleshooting/errors#no-such-element-exception&#10;Stacktrace:&#10;#0 0x5a17cb5f9f33 &lt;unknown&gt;&#10;#1 0x5a17cb2f1ce6 &lt;unknown&gt;&#10;#2 0x5a17cb33ce48 &lt;unknown&gt;&#10;#3 0x5a17cb33cf01 &lt;unknown&gt;&#10;#4 0x5a17cb3803f4 &lt;unknown&gt;&#10;#5 0x5a17cb35eedd &lt;unknown&gt;&#10;#6 0x5a17cb37d899 &lt;unknown&gt;&#10;#7 0x5a17cb35ec53 &lt;unknown&gt;&#10;#8 0x5a17cb32fdb3 &lt;unknown&gt;&#10;#9 0x5a17cb33077e &lt;unknown&gt;&#10;#10 0x5a17cb5bf86b &lt;unknown&gt;&#10;#11 0x5a17cb5c3885 &lt;unknown&gt;&#10;#12 0x5a17cb5ad181 &lt;unknown&gt;&#10;#13 0x5a17cb5c4412 &lt;unknown&gt;&#10;#14 0x5a17cb59125f &lt;unknown&gt;&#10;#15 0x5a17cb5e8528 &lt;unknown&gt;&#10;#16 0x5a17cb5e8723 &lt;unknown&gt;&#10;#17 0x5a17cb5f90e4 &lt;unknown&gt;&#10;#18 0x728c3a9a1134 &lt;unknown&gt;">self = &lt;test_qa_federation.TestMIPQAFederation object at 0x71d1add71e80&gt;

    def test_data(self):
        """Integration tests (data) of the MIP QA Federation."""
&gt;       super().test_data()

test_qa_federation.py:24: 
_ _ _ _ _ _ _ _ _ _ _ _ _ _ _ _ _ _ _ _ _ _ _ _ _ _ _ _ _ _ _ _ _ _ _ _ _ _ _ _ 
basetest.py:63: in test_data
    dementia = selenium_driver.find_element(
/usr/local/lib/python3.9/site-packages/selenium/webdriver/remote/webdriver.py:739: in find_element
    return self.execute(Command.FIND_ELEMENT, {"using": by, "value": value})["value"]
/usr/local/lib/python3.9/site-packages/selenium/webdriver/remote/webdriver.py:345: in execute
    self.error_handler.check_response(response)
_ _ _ _ _ _ _ _ _ _ _ _ _ _ _ _ _ _ _ _ _ _ _ _ _ _ _ _ _ _ _ _ _ _ _ _ _ _ _ _ 

self = &lt;selenium.webdriver.remote.errorhandler.ErrorHandler object at 0x71d1aed279a0&gt;
response = {'status': 404, 'value': '{"value":{"error":"no such element","message":"no such element: Unable to locate element: {\...\\n#16 0x5a17cb5e8723 \\u003Cunknown&gt;\\n#17 0x5a17cb5f90e4 \\u003Cunknown&gt;\\n#18 0x728c3a9a1134 \\u003Cunknown&gt;\\n"}}'}

    def check_response(self, response: Dict[str, Any]) -&gt; None:
        """Checks that a JSON response from the WebDriver does not have an
        error.
    
        :Args:
         - response - The JSON response from the WebDriver server as a dictionary
           object.
    
        :Raises: If the response contains an error message.
        """
        status = response.get("status", None)
        if not status or status == ErrorCode.SUCCESS:
            return
        value = None
        message = response.get("message", "")
        screen: str = response.get("screen", "")
        stacktrace = None
        if isinstance(status, int):
            value_json = response.get("value", None)
            if value_json and isinstance(value_json, str):
                import json
    
                try:
                    value = json.loads(value_json)
                    if len(value) == 1:
                        value = value["value"]
                    status = value.get("error", None)
                    if not status:
                        status = value.get("status", ErrorCode.UNKNOWN_ERROR)
                        message = value.get("value") or value.get("message")
                        if not isinstance(message, str):
                            value = message
                            message = message.get("message")
                    else:
                        message = value.get("message", None)
                except ValueError:
                    pass
    
        exception_class: Type[WebDriverException]
        e = ErrorCode()
        error_codes = [item for item in dir(e) if not item.startswith("__")]
        for error_code in error_codes:
            error_info = getattr(ErrorCode, error_code)
            if isinstance(error_info, list) and status in error_info:
                exception_class = getattr(ExceptionMapping, error_code, WebDriverException)
                break
        else:
            exception_class = WebDriverException
    
        if not value:
            value = response["value"]
        if isinstance(value, str):
            raise exception_class(value)
        if message == "" and "message" in value:
            message = value["message"]
    
        screen = None  # type: ignore[assignment]
        if "screen" in value:
            screen = value["screen"]
    
        stacktrace = None
        st_value = value.get("stackTrace") or value.get("stacktrace")
        if st_value:
            if isinstance(st_value, str):
                stacktrace = st_value.split("\n")
            else:
                stacktrace = []
                try:
                    for frame in st_value:
                        line = frame.get("lineNumber", "")
                        file = frame.get("fileName", "&lt;anonymous&gt;")
                        if line:
                            file = f"{file}:{line}"
                        meth = frame.get("methodName", "&lt;anonymous&gt;")
                        if "className" in frame:
                            meth = f"{frame['className']}.{meth}"
                        msg = "    at %s (%s)"
                        msg = msg % (meth, file)
                        stacktrace.append(msg)
                except TypeError:
                    pass
        if exception_class == UnexpectedAlertPresentException:
            alert_text = None
            if "data" in value:
                alert_text = value["data"].get("text")
            elif "alert" in value:
                alert_text = value["alert"].get("text")
            raise exception_class(message, screen, stacktrace, alert_text)  # type: ignore[call-arg]  # mypy is not smart enough here
&gt;       raise exception_class(message, screen, stacktrace)
E       selenium.common.exceptions.NoSuchElementException: Message: no such element: Unable to locate element: {"method":"xpath","selector":"//div[@id='pathology-select']/div/button"}
E         (Session info: chrome-headless-shell=122.0.6261.128); For documentation on this error, please visit: https://www.selenium.dev/documentation/webdriver/troubleshooting/errors#no-such-element-exception
E       Stacktrace:
E       #0 0x5a17cb5f9f33 &lt;unknown&gt;
E       #1 0x5a17cb2f1ce6 &lt;unknown&gt;
E       #2 0x5a17cb33ce48 &lt;unknown&gt;
E       #3 0x5a17cb33cf01 &lt;unknown&gt;
E       #4 0x5a17cb3803f4 &lt;unknown&gt;
E       #5 0x5a17cb35eedd &lt;unknown&gt;
E       #6 0x5a17cb37d899 &lt;unknown&gt;
E       #7 0x5a17cb35ec53 &lt;unknown&gt;
E       #8 0x5a17cb32fdb3 &lt;unknown&gt;
E       #9 0x5a17cb33077e &lt;unknown&gt;
E       #10 0x5a17cb5bf86b &lt;unknown&gt;
E       #11 0x5a17cb5c3885 &lt;unknown&gt;
E       #12 0x5a17cb5ad181 &lt;unknown&gt;
E       #13 0x5a17cb5c4412 &lt;unknown&gt;
E       #14 0x5a17cb59125f &lt;unknown&gt;
E       #15 0x5a17cb5e8528 &lt;unknown&gt;
E       #16 0x5a17cb5e8723 &lt;unknown&gt;
E       #17 0x5a17cb5f90e4 &lt;unknown&gt;
E       #18 0x728c3a9a1134 &lt;unknown&gt;

/usr/local/lib/python3.9/site-packages/selenium/webdriver/remote/errorhandler.py:229: NoSuchElementException</failure></testcase><testcase classname="test_stroke_federation.TestStrokeMIP" name="test_login_and_accept_terms[https://stroke.hbpmip.link/]" time="46.060" /><testcase classname="test_stroke_federation.TestStrokeMIP" name="test_data[https://stroke.hbpmip.link/]" time="20.112"><failure message="selenium.common.exceptions.NoSuchElementException: Message: no such element: Unable to locate element: {&quot;method&quot;:&quot;css selector&quot;,&quot;selector&quot;:&quot;#dropdown-basic&quot;}&#10;  (Session info: chrome-headless-shell=122.0.6261.128); For documentation on this error, please visit: https://www.selenium.dev/documentation/webdriver/troubleshooting/errors#no-such-element-exception&#10;Stacktrace:&#10;#0 0x5aa715591f33 &lt;unknown&gt;&#10;#1 0x5aa715289ce6 &lt;unknown&gt;&#10;#2 0x5aa7152d4e48 &lt;unknown&gt;&#10;#3 0x5aa7152d4f01 &lt;unknown&gt;&#10;#4 0x5aa7153183f4 &lt;unknown&gt;&#10;#5 0x5aa7152f6edd &lt;unknown&gt;&#10;#6 0x5aa715315899 &lt;unknown&gt;&#10;#7 0x5aa7152f6c53 &lt;unknown&gt;&#10;#8 0x5aa7152c7db3 &lt;unknown&gt;&#10;#9 0x5aa7152c877e &lt;unknown&gt;&#10;#10 0x5aa71555786b &lt;unknown&gt;&#10;#11 0x5aa71555b885 &lt;unknown&gt;&#10;#12 0x5aa715545181 &lt;unknown&gt;&#10;#13 0x5aa71555c412 &lt;unknown&gt;&#10;#14 0x5aa71552925f &lt;unknown&gt;&#10;#15 0x5aa715580528 &lt;unknown&gt;&#10;#16 0x5aa715580723 &lt;unknown&gt;&#10;#17 0x5aa7155910e4 &lt;unknown&gt;&#10;#18 0x7a49cbac2134 &lt;unknown&gt;">self = &lt;test_stroke_federation.TestStrokeMIP object at 0x71d1aed91ac0&gt;

    def test_data(self):
        """Integration tests (data) of the Stroke (FERES) MIP."""
        selenium_driver = self.driver
    
        # 1. Click 'Datasets'
&gt;       datasets = selenium_driver.find_element(By.CSS_SELECTOR, "#dropdown-basic")

test_stroke_federation.py:33: 
_ _ _ _ _ _ _ _ _ _ _ _ _ _ _ _ _ _ _ _ _ _ _ _ _ _ _ _ _ _ _ _ _ _ _ _ _ _ _ _ 
/usr/local/lib/python3.9/site-packages/selenium/webdriver/remote/webdriver.py:739: in find_element
    return self.execute(Command.FIND_ELEMENT, {"using": by, "value": value})["value"]
/usr/local/lib/python3.9/site-packages/selenium/webdriver/remote/webdriver.py:345: in execute
    self.error_handler.check_response(response)
_ _ _ _ _ _ _ _ _ _ _ _ _ _ _ _ _ _ _ _ _ _ _ _ _ _ _ _ _ _ _ _ _ _ _ _ _ _ _ _ 

self = &lt;selenium.webdriver.remote.errorhandler.ErrorHandler object at 0x71d1aed40a30&gt;
response = {'status': 404, 'value': '{"value":{"error":"no such element","message":"no such element: Unable to locate element: {\...\\n#16 0x5aa715580723 \\u003Cunknown&gt;\\n#17 0x5aa7155910e4 \\u003Cunknown&gt;\\n#18 0x7a49cbac2134 \\u003Cunknown&gt;\\n"}}'}

    def check_response(self, response: Dict[str, Any]) -&gt; None:
        """Checks that a JSON response from the WebDriver does not have an
        error.
    
        :Args:
         - response - The JSON response from the WebDriver server as a dictionary
           object.
    
        :Raises: If the response contains an error message.
        """
        status = response.get("status", None)
        if not status or status == ErrorCode.SUCCESS:
            return
        value = None
        message = response.get("message", "")
        screen: str = response.get("screen", "")
        stacktrace = None
        if isinstance(status, int):
            value_json = response.get("value", None)
            if value_json and isinstance(value_json, str):
                import json
    
                try:
                    value = json.loads(value_json)
                    if len(value) == 1:
                        value = value["value"]
                    status = value.get("error", None)
                    if not status:
                        status = value.get("status", ErrorCode.UNKNOWN_ERROR)
                        message = value.get("value") or value.get("message")
                        if not isinstance(message, str):
                            value = message
                            message = message.get("message")
                    else:
                        message = value.get("message", None)
                except ValueError:
                    pass
    
        exception_class: Type[WebDriverException]
        e = ErrorCode()
        error_codes = [item for item in dir(e) if not item.startswith("__")]
        for error_code in error_codes:
            error_info = getattr(ErrorCode, error_code)
            if isinstance(error_info, list) and status in error_info:
                exception_class = getattr(ExceptionMapping, error_code, WebDriverException)
                break
        else:
            exception_class = WebDriverException
    
        if not value:
            value = response["value"]
        if isinstance(value, str):
            raise exception_class(value)
        if message == "" and "message" in value:
            message = value["message"]
    
        screen = None  # type: ignore[assignment]
        if "screen" in value:
            screen = value["screen"]
    
        stacktrace = None
        st_value = value.get("stackTrace") or value.get("stacktrace")
        if st_value:
            if isinstance(st_value, str):
                stacktrace = st_value.split("\n")
            else:
                stacktrace = []
                try:
                    for frame in st_value:
                        line = frame.get("lineNumber", "")
                        file = frame.get("fileName", "&lt;anonymous&gt;")
                        if line:
                            file = f"{file}:{line}"
                        meth = frame.get("methodName", "&lt;anonymous&gt;")
                        if "className" in frame:
                            meth = f"{frame['className']}.{meth}"
                        msg = "    at %s (%s)"
                        msg = msg % (meth, file)
                        stacktrace.append(msg)
                except TypeError:
                    pass
        if exception_class == UnexpectedAlertPresentException:
            alert_text = None
            if "data" in value:
                alert_text = value["data"].get("text")
            elif "alert" in value:
                alert_text = value["alert"].get("text")
            raise exception_class(message, screen, stacktrace, alert_text)  # type: ignore[call-arg]  # mypy is not smart enough here
&gt;       raise exception_class(message, screen, stacktrace)
E       selenium.common.exceptions.NoSuchElementException: Message: no such element: Unable to locate element: {"method":"css selector","selector":"#dropdown-basic"}
E         (Session info: chrome-headless-shell=122.0.6261.128); For documentation on this error, please visit: https://www.selenium.dev/documentation/webdriver/troubleshooting/errors#no-such-element-exception
E       Stacktrace:
E       #0 0x5aa715591f33 &lt;unknown&gt;
E       #1 0x5aa715289ce6 &lt;unknown&gt;
E       #2 0x5aa7152d4e48 &lt;unknown&gt;
E       #3 0x5aa7152d4f01 &lt;unknown&gt;
E       #4 0x5aa7153183f4 &lt;unknown&gt;
E       #5 0x5aa7152f6edd &lt;unknown&gt;
E       #6 0x5aa715315899 &lt;unknown&gt;
E       #7 0x5aa7152f6c53 &lt;unknown&gt;
E       #8 0x5aa7152c7db3 &lt;unknown&gt;
E       #9 0x5aa7152c877e &lt;unknown&gt;
E       #10 0x5aa71555786b &lt;unknown&gt;
E       #11 0x5aa71555b885 &lt;unknown&gt;
E       #12 0x5aa715545181 &lt;unknown&gt;
E       #13 0x5aa71555c412 &lt;unknown&gt;
E       #14 0x5aa71552925f &lt;unknown&gt;
E       #15 0x5aa715580528 &lt;unknown&gt;
E       #16 0x5aa715580723 &lt;unknown&gt;
E       #17 0x5aa7155910e4 &lt;unknown&gt;
E       #18 0x7a49cbac2134 &lt;unknown&gt;

/usr/local/lib/python3.9/site-packages/selenium/webdriver/remote/errorhandler.py:229: NoSuchElementException</failure></testcase></testsuite></testsuites>