<?xml version="1.0" encoding="utf-8"?><testsuites><testsuite name="pytest" errors="0" failures="3" skipped="0" tests="6" time="209.902" timestamp="2024-03-28T06:59:55.970840" hostname="6c2757f72cfa"><testcase classname="test_public_mip.TestPublicMIP" name="test_login_and_accept_terms[https://hbpmip.link/]" time="52.265" /><testcase classname="test_public_mip.TestPublicMIP" name="test_data[https://hbpmip.link/]" time="20.101"><failure message="selenium.common.exceptions.NoSuchElementException: Message: no such element: Unable to locate element: {&quot;method&quot;:&quot;xpath&quot;,&quot;selector&quot;:&quot;//div[@id='pathology-select']/div/button&quot;}&#10;  (Session info: chrome-headless-shell=123.0.6312.58); For documentation on this error, please visit: https://www.selenium.dev/documentation/webdriver/troubleshooting/errors#no-such-element-exception&#10;Stacktrace:&#10;#0 0x560b8bb848a3 &lt;unknown&gt;&#10;#1 0x560b8b87a8c6 &lt;unknown&gt;&#10;#2 0x560b8b8c5618 &lt;unknown&gt;&#10;#3 0x560b8b8c56d1 &lt;unknown&gt;&#10;#4 0x560b8b908744 &lt;unknown&gt;&#10;#5 0x560b8b8e75cd &lt;unknown&gt;&#10;#6 0x560b8b905c19 &lt;unknown&gt;&#10;#7 0x560b8b8e7343 &lt;unknown&gt;&#10;#8 0x560b8b8b8593 &lt;unknown&gt;&#10;#9 0x560b8b8b8f5e &lt;unknown&gt;&#10;#10 0x560b8bb4888b &lt;unknown&gt;&#10;#11 0x560b8bb4c7e5 &lt;unknown&gt;&#10;#12 0x560b8bb365b1 &lt;unknown&gt;&#10;#13 0x560b8bb4d372 &lt;unknown&gt;&#10;#14 0x560b8bb1b8bf &lt;unknown&gt;&#10;#15 0x560b8bb73768 &lt;unknown&gt;&#10;#16 0x560b8bb7393b &lt;unknown&gt;&#10;#17 0x560b8bb839f4 &lt;unknown&gt;&#10;#18 0x7fe222ec3134 &lt;unknown&gt;">self = &lt;test_public_mip.TestPublicMIP object at 0x7f3a89ac6a30&gt;

    def test_data(self):
        """Integration tests (data) of the public MIP."""
&gt;       super().test_data()

test_public_mip.py:24: 
_ _ _ _ _ _ _ _ _ _ _ _ _ _ _ _ _ _ _ _ _ _ _ _ _ _ _ _ _ _ _ _ _ _ _ _ _ _ _ _ 
basetest.py:63: in test_data
    dementia = selenium_driver.find_element(
/usr/local/lib/python3.9/site-packages/selenium/webdriver/remote/webdriver.py:739: in find_element
    return self.execute(Command.FIND_ELEMENT, {"using": by, "value": value})["value"]
/usr/local/lib/python3.9/site-packages/selenium/webdriver/remote/webdriver.py:345: in execute
    self.error_handler.check_response(response)
_ _ _ _ _ _ _ _ _ _ _ _ _ _ _ _ _ _ _ _ _ _ _ _ _ _ _ _ _ _ _ _ _ _ _ _ _ _ _ _ 

self = &lt;selenium.webdriver.remote.errorhandler.ErrorHandler object at 0x7f3a8980c670&gt;
response = {'status': 404, 'value': '{"value":{"error":"no such element","message":"no such element: Unable to locate element: {\...\\n#16 0x560b8bb7393b \\u003Cunknown&gt;\\n#17 0x560b8bb839f4 \\u003Cunknown&gt;\\n#18 0x7fe222ec3134 \\u003Cunknown&gt;\\n"}}'}

    def check_response(self, response: Dict[str, Any]) -&gt; None:
        """Checks that a JSON response from the WebDriver does not have an
        error.
    
        :Args:
         - response - The JSON response from the WebDriver server as a dictionary
           object.
    
        :Raises: If the response contains an error message.
        """
        status = response.get("status", None)
        if not status or status == ErrorCode.SUCCESS:
            return
        value = None
        message = response.get("message", "")
        screen: str = response.get("screen", "")
        stacktrace = None
        if isinstance(status, int):
            value_json = response.get("value", None)
            if value_json and isinstance(value_json, str):
                import json
    
                try:
                    value = json.loads(value_json)
                    if len(value) == 1:
                        value = value["value"]
                    status = value.get("error", None)
                    if not status:
                        status = value.get("status", ErrorCode.UNKNOWN_ERROR)
                        message = value.get("value") or value.get("message")
                        if not isinstance(message, str):
                            value = message
                            message = message.get("message")
                    else:
                        message = value.get("message", None)
                except ValueError:
                    pass
    
        exception_class: Type[WebDriverException]
        e = ErrorCode()
        error_codes = [item for item in dir(e) if not item.startswith("__")]
        for error_code in error_codes:
            error_info = getattr(ErrorCode, error_code)
            if isinstance(error_info, list) and status in error_info:
                exception_class = getattr(ExceptionMapping, error_code, WebDriverException)
                break
        else:
            exception_class = WebDriverException
    
        if not value:
            value = response["value"]
        if isinstance(value, str):
            raise exception_class(value)
        if message == "" and "message" in value:
            message = value["message"]
    
        screen = None  # type: ignore[assignment]
        if "screen" in value:
            screen = value["screen"]
    
        stacktrace = None
        st_value = value.get("stackTrace") or value.get("stacktrace")
        if st_value:
            if isinstance(st_value, str):
                stacktrace = st_value.split("\n")
            else:
                stacktrace = []
                try:
                    for frame in st_value:
                        line = frame.get("lineNumber", "")
                        file = frame.get("fileName", "&lt;anonymous&gt;")
                        if line:
                            file = f"{file}:{line}"
                        meth = frame.get("methodName", "&lt;anonymous&gt;")
                        if "className" in frame:
                            meth = f"{frame['className']}.{meth}"
                        msg = "    at %s (%s)"
                        msg = msg % (meth, file)
                        stacktrace.append(msg)
                except TypeError:
                    pass
        if exception_class == UnexpectedAlertPresentException:
            alert_text = None
            if "data" in value:
                alert_text = value["data"].get("text")
            elif "alert" in value:
                alert_text = value["alert"].get("text")
            raise exception_class(message, screen, stacktrace, alert_text)  # type: ignore[call-arg]  # mypy is not smart enough here
&gt;       raise exception_class(message, screen, stacktrace)
E       selenium.common.exceptions.NoSuchElementException: Message: no such element: Unable to locate element: {"method":"xpath","selector":"//div[@id='pathology-select']/div/button"}
E         (Session info: chrome-headless-shell=123.0.6312.58); For documentation on this error, please visit: https://www.selenium.dev/documentation/webdriver/troubleshooting/errors#no-such-element-exception
E       Stacktrace:
E       #0 0x560b8bb848a3 &lt;unknown&gt;
E       #1 0x560b8b87a8c6 &lt;unknown&gt;
E       #2 0x560b8b8c5618 &lt;unknown&gt;
E       #3 0x560b8b8c56d1 &lt;unknown&gt;
E       #4 0x560b8b908744 &lt;unknown&gt;
E       #5 0x560b8b8e75cd &lt;unknown&gt;
E       #6 0x560b8b905c19 &lt;unknown&gt;
E       #7 0x560b8b8e7343 &lt;unknown&gt;
E       #8 0x560b8b8b8593 &lt;unknown&gt;
E       #9 0x560b8b8b8f5e &lt;unknown&gt;
E       #10 0x560b8bb4888b &lt;unknown&gt;
E       #11 0x560b8bb4c7e5 &lt;unknown&gt;
E       #12 0x560b8bb365b1 &lt;unknown&gt;
E       #13 0x560b8bb4d372 &lt;unknown&gt;
E       #14 0x560b8bb1b8bf &lt;unknown&gt;
E       #15 0x560b8bb73768 &lt;unknown&gt;
E       #16 0x560b8bb7393b &lt;unknown&gt;
E       #17 0x560b8bb839f4 &lt;unknown&gt;
E       #18 0x7fe222ec3134 &lt;unknown&gt;

/usr/local/lib/python3.9/site-packages/selenium/webdriver/remote/errorhandler.py:229: NoSuchElementException</failure></testcase><testcase classname="test_qa_federation.TestMIPQAFederation" name="test_login_and_accept_terms[https://qa.hbpmip.link/]" time="48.157" /><testcase classname="test_qa_federation.TestMIPQAFederation" name="test_data[https://qa.hbpmip.link/]" time="20.090"><failure message="selenium.common.exceptions.NoSuchElementException: Message: no such element: Unable to locate element: {&quot;method&quot;:&quot;xpath&quot;,&quot;selector&quot;:&quot;//div[@id='pathology-select']/div/button&quot;}&#10;  (Session info: chrome-headless-shell=123.0.6312.58); For documentation on this error, please visit: https://www.selenium.dev/documentation/webdriver/troubleshooting/errors#no-such-element-exception&#10;Stacktrace:&#10;#0 0x55a9d900a8a3 &lt;unknown&gt;&#10;#1 0x55a9d8d008c6 &lt;unknown&gt;&#10;#2 0x55a9d8d4b618 &lt;unknown&gt;&#10;#3 0x55a9d8d4b6d1 &lt;unknown&gt;&#10;#4 0x55a9d8d8e744 &lt;unknown&gt;&#10;#5 0x55a9d8d6d5cd &lt;unknown&gt;&#10;#6 0x55a9d8d8bc19 &lt;unknown&gt;&#10;#7 0x55a9d8d6d343 &lt;unknown&gt;&#10;#8 0x55a9d8d3e593 &lt;unknown&gt;&#10;#9 0x55a9d8d3ef5e &lt;unknown&gt;&#10;#10 0x55a9d8fce88b &lt;unknown&gt;&#10;#11 0x55a9d8fd27e5 &lt;unknown&gt;&#10;#12 0x55a9d8fbc5b1 &lt;unknown&gt;&#10;#13 0x55a9d8fd3372 &lt;unknown&gt;&#10;#14 0x55a9d8fa18bf &lt;unknown&gt;&#10;#15 0x55a9d8ff9768 &lt;unknown&gt;&#10;#16 0x55a9d8ff993b &lt;unknown&gt;&#10;#17 0x55a9d90099f4 &lt;unknown&gt;&#10;#18 0x7f9e2fae4134 &lt;unknown&gt;">self = &lt;test_qa_federation.TestMIPQAFederation object at 0x7f3a88a3a4c0&gt;

    def test_data(self):
        """Integration tests (data) of the MIP QA Federation."""
&gt;       super().test_data()

test_qa_federation.py:24: 
_ _ _ _ _ _ _ _ _ _ _ _ _ _ _ _ _ _ _ _ _ _ _ _ _ _ _ _ _ _ _ _ _ _ _ _ _ _ _ _ 
basetest.py:63: in test_data
    dementia = selenium_driver.find_element(
/usr/local/lib/python3.9/site-packages/selenium/webdriver/remote/webdriver.py:739: in find_element
    return self.execute(Command.FIND_ELEMENT, {"using": by, "value": value})["value"]
/usr/local/lib/python3.9/site-packages/selenium/webdriver/remote/webdriver.py:345: in execute
    self.error_handler.check_response(response)
_ _ _ _ _ _ _ _ _ _ _ _ _ _ _ _ _ _ _ _ _ _ _ _ _ _ _ _ _ _ _ _ _ _ _ _ _ _ _ _ 

self = &lt;selenium.webdriver.remote.errorhandler.ErrorHandler object at 0x7f3a89824940&gt;
response = {'status': 404, 'value': '{"value":{"error":"no such element","message":"no such element: Unable to locate element: {\...\\n#16 0x55a9d8ff993b \\u003Cunknown&gt;\\n#17 0x55a9d90099f4 \\u003Cunknown&gt;\\n#18 0x7f9e2fae4134 \\u003Cunknown&gt;\\n"}}'}

    def check_response(self, response: Dict[str, Any]) -&gt; None:
        """Checks that a JSON response from the WebDriver does not have an
        error.
    
        :Args:
         - response - The JSON response from the WebDriver server as a dictionary
           object.
    
        :Raises: If the response contains an error message.
        """
        status = response.get("status", None)
        if not status or status == ErrorCode.SUCCESS:
            return
        value = None
        message = response.get("message", "")
        screen: str = response.get("screen", "")
        stacktrace = None
        if isinstance(status, int):
            value_json = response.get("value", None)
            if value_json and isinstance(value_json, str):
                import json
    
                try:
                    value = json.loads(value_json)
                    if len(value) == 1:
                        value = value["value"]
                    status = value.get("error", None)
                    if not status:
                        status = value.get("status", ErrorCode.UNKNOWN_ERROR)
                        message = value.get("value") or value.get("message")
                        if not isinstance(message, str):
                            value = message
                            message = message.get("message")
                    else:
                        message = value.get("message", None)
                except ValueError:
                    pass
    
        exception_class: Type[WebDriverException]
        e = ErrorCode()
        error_codes = [item for item in dir(e) if not item.startswith("__")]
        for error_code in error_codes:
            error_info = getattr(ErrorCode, error_code)
            if isinstance(error_info, list) and status in error_info:
                exception_class = getattr(ExceptionMapping, error_code, WebDriverException)
                break
        else:
            exception_class = WebDriverException
    
        if not value:
            value = response["value"]
        if isinstance(value, str):
            raise exception_class(value)
        if message == "" and "message" in value:
            message = value["message"]
    
        screen = None  # type: ignore[assignment]
        if "screen" in value:
            screen = value["screen"]
    
        stacktrace = None
        st_value = value.get("stackTrace") or value.get("stacktrace")
        if st_value:
            if isinstance(st_value, str):
                stacktrace = st_value.split("\n")
            else:
                stacktrace = []
                try:
                    for frame in st_value:
                        line = frame.get("lineNumber", "")
                        file = frame.get("fileName", "&lt;anonymous&gt;")
                        if line:
                            file = f"{file}:{line}"
                        meth = frame.get("methodName", "&lt;anonymous&gt;")
                        if "className" in frame:
                            meth = f"{frame['className']}.{meth}"
                        msg = "    at %s (%s)"
                        msg = msg % (meth, file)
                        stacktrace.append(msg)
                except TypeError:
                    pass
        if exception_class == UnexpectedAlertPresentException:
            alert_text = None
            if "data" in value:
                alert_text = value["data"].get("text")
            elif "alert" in value:
                alert_text = value["alert"].get("text")
            raise exception_class(message, screen, stacktrace, alert_text)  # type: ignore[call-arg]  # mypy is not smart enough here
&gt;       raise exception_class(message, screen, stacktrace)
E       selenium.common.exceptions.NoSuchElementException: Message: no such element: Unable to locate element: {"method":"xpath","selector":"//div[@id='pathology-select']/div/button"}
E         (Session info: chrome-headless-shell=123.0.6312.58); For documentation on this error, please visit: https://www.selenium.dev/documentation/webdriver/troubleshooting/errors#no-such-element-exception
E       Stacktrace:
E       #0 0x55a9d900a8a3 &lt;unknown&gt;
E       #1 0x55a9d8d008c6 &lt;unknown&gt;
E       #2 0x55a9d8d4b618 &lt;unknown&gt;
E       #3 0x55a9d8d4b6d1 &lt;unknown&gt;
E       #4 0x55a9d8d8e744 &lt;unknown&gt;
E       #5 0x55a9d8d6d5cd &lt;unknown&gt;
E       #6 0x55a9d8d8bc19 &lt;unknown&gt;
E       #7 0x55a9d8d6d343 &lt;unknown&gt;
E       #8 0x55a9d8d3e593 &lt;unknown&gt;
E       #9 0x55a9d8d3ef5e &lt;unknown&gt;
E       #10 0x55a9d8fce88b &lt;unknown&gt;
E       #11 0x55a9d8fd27e5 &lt;unknown&gt;
E       #12 0x55a9d8fbc5b1 &lt;unknown&gt;
E       #13 0x55a9d8fd3372 &lt;unknown&gt;
E       #14 0x55a9d8fa18bf &lt;unknown&gt;
E       #15 0x55a9d8ff9768 &lt;unknown&gt;
E       #16 0x55a9d8ff993b &lt;unknown&gt;
E       #17 0x55a9d90099f4 &lt;unknown&gt;
E       #18 0x7f9e2fae4134 &lt;unknown&gt;

/usr/local/lib/python3.9/site-packages/selenium/webdriver/remote/errorhandler.py:229: NoSuchElementException</failure></testcase><testcase classname="test_stroke_federation.TestStrokeMIP" name="test_login_and_accept_terms[https://stroke.hbpmip.link/]" time="48.708" /><testcase classname="test_stroke_federation.TestStrokeMIP" name="test_data[https://stroke.hbpmip.link/]" time="20.082"><failure message="selenium.common.exceptions.NoSuchElementException: Message: no such element: Unable to locate element: {&quot;method&quot;:&quot;css selector&quot;,&quot;selector&quot;:&quot;#dropdown-basic&quot;}&#10;  (Session info: chrome-headless-shell=123.0.6312.58); For documentation on this error, please visit: https://www.selenium.dev/documentation/webdriver/troubleshooting/errors#no-such-element-exception&#10;Stacktrace:&#10;#0 0x5566dcff08a3 &lt;unknown&gt;&#10;#1 0x5566dcce68c6 &lt;unknown&gt;&#10;#2 0x5566dcd31618 &lt;unknown&gt;&#10;#3 0x5566dcd316d1 &lt;unknown&gt;&#10;#4 0x5566dcd74744 &lt;unknown&gt;&#10;#5 0x5566dcd535cd &lt;unknown&gt;&#10;#6 0x5566dcd71c19 &lt;unknown&gt;&#10;#7 0x5566dcd53343 &lt;unknown&gt;&#10;#8 0x5566dcd24593 &lt;unknown&gt;&#10;#9 0x5566dcd24f5e &lt;unknown&gt;&#10;#10 0x5566dcfb488b &lt;unknown&gt;&#10;#11 0x5566dcfb87e5 &lt;unknown&gt;&#10;#12 0x5566dcfa25b1 &lt;unknown&gt;&#10;#13 0x5566dcfb9372 &lt;unknown&gt;&#10;#14 0x5566dcf878bf &lt;unknown&gt;&#10;#15 0x5566dcfdf768 &lt;unknown&gt;&#10;#16 0x5566dcfdf93b &lt;unknown&gt;&#10;#17 0x5566dcfef9f4 &lt;unknown&gt;&#10;#18 0x7fdc6f965134 &lt;unknown&gt;">self = &lt;test_stroke_federation.TestStrokeMIP object at 0x7f3a88a1bd60&gt;

    def test_data(self):
        """Integration tests (data) of the Stroke (FERES) MIP."""
        selenium_driver = self.driver
    
        # 1. Click 'Datasets'
&gt;       datasets = selenium_driver.find_element(By.CSS_SELECTOR, "#dropdown-basic")

test_stroke_federation.py:33: 
_ _ _ _ _ _ _ _ _ _ _ _ _ _ _ _ _ _ _ _ _ _ _ _ _ _ _ _ _ _ _ _ _ _ _ _ _ _ _ _ 
/usr/local/lib/python3.9/site-packages/selenium/webdriver/remote/webdriver.py:739: in find_element
    return self.execute(Command.FIND_ELEMENT, {"using": by, "value": value})["value"]
/usr/local/lib/python3.9/site-packages/selenium/webdriver/remote/webdriver.py:345: in execute
    self.error_handler.check_response(response)
_ _ _ _ _ _ _ _ _ _ _ _ _ _ _ _ _ _ _ _ _ _ _ _ _ _ _ _ _ _ _ _ _ _ _ _ _ _ _ _ 

self = &lt;selenium.webdriver.remote.errorhandler.ErrorHandler object at 0x7f3a88a2d8e0&gt;
response = {'status': 404, 'value': '{"value":{"error":"no such element","message":"no such element: Unable to locate element: {\...\\n#16 0x5566dcfdf93b \\u003Cunknown&gt;\\n#17 0x5566dcfef9f4 \\u003Cunknown&gt;\\n#18 0x7fdc6f965134 \\u003Cunknown&gt;\\n"}}'}

    def check_response(self, response: Dict[str, Any]) -&gt; None:
        """Checks that a JSON response from the WebDriver does not have an
        error.
    
        :Args:
         - response - The JSON response from the WebDriver server as a dictionary
           object.
    
        :Raises: If the response contains an error message.
        """
        status = response.get("status", None)
        if not status or status == ErrorCode.SUCCESS:
            return
        value = None
        message = response.get("message", "")
        screen: str = response.get("screen", "")
        stacktrace = None
        if isinstance(status, int):
            value_json = response.get("value", None)
            if value_json and isinstance(value_json, str):
                import json
    
                try:
                    value = json.loads(value_json)
                    if len(value) == 1:
                        value = value["value"]
                    status = value.get("error", None)
                    if not status:
                        status = value.get("status", ErrorCode.UNKNOWN_ERROR)
                        message = value.get("value") or value.get("message")
                        if not isinstance(message, str):
                            value = message
                            message = message.get("message")
                    else:
                        message = value.get("message", None)
                except ValueError:
                    pass
    
        exception_class: Type[WebDriverException]
        e = ErrorCode()
        error_codes = [item for item in dir(e) if not item.startswith("__")]
        for error_code in error_codes:
            error_info = getattr(ErrorCode, error_code)
            if isinstance(error_info, list) and status in error_info:
                exception_class = getattr(ExceptionMapping, error_code, WebDriverException)
                break
        else:
            exception_class = WebDriverException
    
        if not value:
            value = response["value"]
        if isinstance(value, str):
            raise exception_class(value)
        if message == "" and "message" in value:
            message = value["message"]
    
        screen = None  # type: ignore[assignment]
        if "screen" in value:
            screen = value["screen"]
    
        stacktrace = None
        st_value = value.get("stackTrace") or value.get("stacktrace")
        if st_value:
            if isinstance(st_value, str):
                stacktrace = st_value.split("\n")
            else:
                stacktrace = []
                try:
                    for frame in st_value:
                        line = frame.get("lineNumber", "")
                        file = frame.get("fileName", "&lt;anonymous&gt;")
                        if line:
                            file = f"{file}:{line}"
                        meth = frame.get("methodName", "&lt;anonymous&gt;")
                        if "className" in frame:
                            meth = f"{frame['className']}.{meth}"
                        msg = "    at %s (%s)"
                        msg = msg % (meth, file)
                        stacktrace.append(msg)
                except TypeError:
                    pass
        if exception_class == UnexpectedAlertPresentException:
            alert_text = None
            if "data" in value:
                alert_text = value["data"].get("text")
            elif "alert" in value:
                alert_text = value["alert"].get("text")
            raise exception_class(message, screen, stacktrace, alert_text)  # type: ignore[call-arg]  # mypy is not smart enough here
&gt;       raise exception_class(message, screen, stacktrace)
E       selenium.common.exceptions.NoSuchElementException: Message: no such element: Unable to locate element: {"method":"css selector","selector":"#dropdown-basic"}
E         (Session info: chrome-headless-shell=123.0.6312.58); For documentation on this error, please visit: https://www.selenium.dev/documentation/webdriver/troubleshooting/errors#no-such-element-exception
E       Stacktrace:
E       #0 0x5566dcff08a3 &lt;unknown&gt;
E       #1 0x5566dcce68c6 &lt;unknown&gt;
E       #2 0x5566dcd31618 &lt;unknown&gt;
E       #3 0x5566dcd316d1 &lt;unknown&gt;
E       #4 0x5566dcd74744 &lt;unknown&gt;
E       #5 0x5566dcd535cd &lt;unknown&gt;
E       #6 0x5566dcd71c19 &lt;unknown&gt;
E       #7 0x5566dcd53343 &lt;unknown&gt;
E       #8 0x5566dcd24593 &lt;unknown&gt;
E       #9 0x5566dcd24f5e &lt;unknown&gt;
E       #10 0x5566dcfb488b &lt;unknown&gt;
E       #11 0x5566dcfb87e5 &lt;unknown&gt;
E       #12 0x5566dcfa25b1 &lt;unknown&gt;
E       #13 0x5566dcfb9372 &lt;unknown&gt;
E       #14 0x5566dcf878bf &lt;unknown&gt;
E       #15 0x5566dcfdf768 &lt;unknown&gt;
E       #16 0x5566dcfdf93b &lt;unknown&gt;
E       #17 0x5566dcfef9f4 &lt;unknown&gt;
E       #18 0x7fdc6f965134 &lt;unknown&gt;

/usr/local/lib/python3.9/site-packages/selenium/webdriver/remote/errorhandler.py:229: NoSuchElementException</failure></testcase></testsuite></testsuites>