<?xml version="1.0" encoding="utf-8"?><testsuites><testsuite name="pytest" errors="0" failures="3" skipped="0" tests="6" time="209.496" timestamp="2023-09-19T07:00:31.567844" hostname="f76e606b3567"><testcase classname="test_public_mip.TestPublicMIP" name="test_login_and_accept_terms[https://hbpmip.link/]" time="51.246" /><testcase classname="test_public_mip.TestPublicMIP" name="test_data[https://hbpmip.link/]" time="20.087"><failure message="selenium.common.exceptions.NoSuchElementException: Message: no such element: Unable to locate element: {&quot;method&quot;:&quot;xpath&quot;,&quot;selector&quot;:&quot;//div[@id='pathology-select']/div/button&quot;}&#10;  (Session info: headless chrome=116.0.5845.179); For documentation on this error, please visit: https://www.selenium.dev/documentation/webdriver/troubleshooting/errors#no-such-element-exception&#10;Stacktrace:&#10;#0 0x55cb05cf3e23 &lt;unknown&gt;&#10;#1 0x55cb05a1c7a7 &lt;unknown&gt;&#10;#2 0x55cb05a5b1d3 &lt;unknown&gt;&#10;#3 0x55cb05a5b2c1 &lt;unknown&gt;&#10;#4 0x55cb05a96a04 &lt;unknown&gt;&#10;#5 0x55cb05a7c03d &lt;unknown&gt;&#10;#6 0x55cb05a94369 &lt;unknown&gt;&#10;#7 0x55cb05a7bde3 &lt;unknown&gt;&#10;#8 0x55cb05a4fa7b &lt;unknown&gt;&#10;#9 0x55cb05a5081e &lt;unknown&gt;&#10;#10 0x55cb05cb5638 &lt;unknown&gt;&#10;#11 0x55cb05cb9507 &lt;unknown&gt;&#10;#12 0x55cb05cc3c4c &lt;unknown&gt;&#10;#13 0x55cb05cba136 &lt;unknown&gt;&#10;#14 0x55cb05c889cf &lt;unknown&gt;&#10;#15 0x55cb05cddb98 &lt;unknown&gt;&#10;#16 0x55cb05cddd68 &lt;unknown&gt;&#10;#17 0x55cb05ceccb3 &lt;unknown&gt;&#10;#18 0x7fb87b6f9044 &lt;unknown&gt;">self = &lt;test_public_mip.TestPublicMIP object at 0x7f20674b41c0&gt;

    def test_data(self):
        """Integration tests (data) of the public MIP."""
&gt;       super().test_data()

test_public_mip.py:24: 
_ _ _ _ _ _ _ _ _ _ _ _ _ _ _ _ _ _ _ _ _ _ _ _ _ _ _ _ _ _ _ _ _ _ _ _ _ _ _ _ 
basetest.py:63: in test_data
    dementia = selenium_driver.find_element(
/usr/local/lib/python3.9/site-packages/selenium/webdriver/remote/webdriver.py:739: in find_element
    return self.execute(Command.FIND_ELEMENT, {"using": by, "value": value})["value"]
/usr/local/lib/python3.9/site-packages/selenium/webdriver/remote/webdriver.py:345: in execute
    self.error_handler.check_response(response)
_ _ _ _ _ _ _ _ _ _ _ _ _ _ _ _ _ _ _ _ _ _ _ _ _ _ _ _ _ _ _ _ _ _ _ _ _ _ _ _ 

self = &lt;selenium.webdriver.remote.errorhandler.ErrorHandler object at 0x7f20674b4820&gt;
response = {'status': 404, 'value': '{"value":{"error":"no such element","message":"no such element: Unable to locate element: {\...\\n#16 0x55cb05cddd68 \\u003Cunknown&gt;\\n#17 0x55cb05ceccb3 \\u003Cunknown&gt;\\n#18 0x7fb87b6f9044 \\u003Cunknown&gt;\\n"}}'}

    def check_response(self, response: Dict[str, Any]) -&gt; None:
        """Checks that a JSON response from the WebDriver does not have an
        error.
    
        :Args:
         - response - The JSON response from the WebDriver server as a dictionary
           object.
    
        :Raises: If the response contains an error message.
        """
        status = response.get("status", None)
        if not status or status == ErrorCode.SUCCESS:
            return
        value = None
        message = response.get("message", "")
        screen: str = response.get("screen", "")
        stacktrace = None
        if isinstance(status, int):
            value_json = response.get("value", None)
            if value_json and isinstance(value_json, str):
                import json
    
                try:
                    value = json.loads(value_json)
                    if len(value) == 1:
                        value = value["value"]
                    status = value.get("error", None)
                    if not status:
                        status = value.get("status", ErrorCode.UNKNOWN_ERROR)
                        message = value.get("value") or value.get("message")
                        if not isinstance(message, str):
                            value = message
                            message = message.get("message")
                    else:
                        message = value.get("message", None)
                except ValueError:
                    pass
    
        exception_class: Type[WebDriverException]
        e = ErrorCode()
        error_codes = [item for item in dir(e) if not item.startswith("__")]
        for error_code in error_codes:
            error_info = getattr(ErrorCode, error_code)
            if isinstance(error_info, list) and status in error_info:
                exception_class = getattr(ExceptionMapping, error_code, WebDriverException)
                break
        else:
            exception_class = WebDriverException
    
        if not value:
            value = response["value"]
        if isinstance(value, str):
            raise exception_class(value)
        if message == "" and "message" in value:
            message = value["message"]
    
        screen = None  # type: ignore[assignment]
        if "screen" in value:
            screen = value["screen"]
    
        stacktrace = None
        st_value = value.get("stackTrace") or value.get("stacktrace")
        if st_value:
            if isinstance(st_value, str):
                stacktrace = st_value.split("\n")
            else:
                stacktrace = []
                try:
                    for frame in st_value:
                        line = frame.get("lineNumber", "")
                        file = frame.get("fileName", "&lt;anonymous&gt;")
                        if line:
                            file = f"{file}:{line}"
                        meth = frame.get("methodName", "&lt;anonymous&gt;")
                        if "className" in frame:
                            meth = f"{frame['className']}.{meth}"
                        msg = "    at %s (%s)"
                        msg = msg % (meth, file)
                        stacktrace.append(msg)
                except TypeError:
                    pass
        if exception_class == UnexpectedAlertPresentException:
            alert_text = None
            if "data" in value:
                alert_text = value["data"].get("text")
            elif "alert" in value:
                alert_text = value["alert"].get("text")
            raise exception_class(message, screen, stacktrace, alert_text)  # type: ignore[call-arg]  # mypy is not smart enough here
&gt;       raise exception_class(message, screen, stacktrace)
E       selenium.common.exceptions.NoSuchElementException: Message: no such element: Unable to locate element: {"method":"xpath","selector":"//div[@id='pathology-select']/div/button"}
E         (Session info: headless chrome=116.0.5845.179); For documentation on this error, please visit: https://www.selenium.dev/documentation/webdriver/troubleshooting/errors#no-such-element-exception
E       Stacktrace:
E       #0 0x55cb05cf3e23 &lt;unknown&gt;
E       #1 0x55cb05a1c7a7 &lt;unknown&gt;
E       #2 0x55cb05a5b1d3 &lt;unknown&gt;
E       #3 0x55cb05a5b2c1 &lt;unknown&gt;
E       #4 0x55cb05a96a04 &lt;unknown&gt;
E       #5 0x55cb05a7c03d &lt;unknown&gt;
E       #6 0x55cb05a94369 &lt;unknown&gt;
E       #7 0x55cb05a7bde3 &lt;unknown&gt;
E       #8 0x55cb05a4fa7b &lt;unknown&gt;
E       #9 0x55cb05a5081e &lt;unknown&gt;
E       #10 0x55cb05cb5638 &lt;unknown&gt;
E       #11 0x55cb05cb9507 &lt;unknown&gt;
E       #12 0x55cb05cc3c4c &lt;unknown&gt;
E       #13 0x55cb05cba136 &lt;unknown&gt;
E       #14 0x55cb05c889cf &lt;unknown&gt;
E       #15 0x55cb05cddb98 &lt;unknown&gt;
E       #16 0x55cb05cddd68 &lt;unknown&gt;
E       #17 0x55cb05ceccb3 &lt;unknown&gt;
E       #18 0x7fb87b6f9044 &lt;unknown&gt;

/usr/local/lib/python3.9/site-packages/selenium/webdriver/remote/errorhandler.py:229: NoSuchElementException</failure></testcase><testcase classname="test_qa_federation.TestMIPQAFederation" name="test_login_and_accept_terms[https://qa.hbpmip.link/]" time="48.559" /><testcase classname="test_qa_federation.TestMIPQAFederation" name="test_data[https://qa.hbpmip.link/]" time="20.077"><failure message="selenium.common.exceptions.NoSuchElementException: Message: no such element: Unable to locate element: {&quot;method&quot;:&quot;xpath&quot;,&quot;selector&quot;:&quot;//div[@id='pathology-select']/div/button&quot;}&#10;  (Session info: headless chrome=116.0.5845.179); For documentation on this error, please visit: https://www.selenium.dev/documentation/webdriver/troubleshooting/errors#no-such-element-exception&#10;Stacktrace:&#10;#0 0x55ce3e0e5e23 &lt;unknown&gt;&#10;#1 0x55ce3de0e7a7 &lt;unknown&gt;&#10;#2 0x55ce3de4d1d3 &lt;unknown&gt;&#10;#3 0x55ce3de4d2c1 &lt;unknown&gt;&#10;#4 0x55ce3de88a04 &lt;unknown&gt;&#10;#5 0x55ce3de6e03d &lt;unknown&gt;&#10;#6 0x55ce3de86369 &lt;unknown&gt;&#10;#7 0x55ce3de6dde3 &lt;unknown&gt;&#10;#8 0x55ce3de41a7b &lt;unknown&gt;&#10;#9 0x55ce3de4281e &lt;unknown&gt;&#10;#10 0x55ce3e0a7638 &lt;unknown&gt;&#10;#11 0x55ce3e0ab507 &lt;unknown&gt;&#10;#12 0x55ce3e0b5c4c &lt;unknown&gt;&#10;#13 0x55ce3e0ac136 &lt;unknown&gt;&#10;#14 0x55ce3e07a9cf &lt;unknown&gt;&#10;#15 0x55ce3e0cfb98 &lt;unknown&gt;&#10;#16 0x55ce3e0cfd68 &lt;unknown&gt;&#10;#17 0x55ce3e0decb3 &lt;unknown&gt;&#10;#18 0x7f1425e52044 &lt;unknown&gt;">self = &lt;test_qa_federation.TestMIPQAFederation object at 0x7f206744d190&gt;

    def test_data(self):
        """Integration tests (data) of the MIP QA Federation."""
&gt;       super().test_data()

test_qa_federation.py:24: 
_ _ _ _ _ _ _ _ _ _ _ _ _ _ _ _ _ _ _ _ _ _ _ _ _ _ _ _ _ _ _ _ _ _ _ _ _ _ _ _ 
basetest.py:63: in test_data
    dementia = selenium_driver.find_element(
/usr/local/lib/python3.9/site-packages/selenium/webdriver/remote/webdriver.py:739: in find_element
    return self.execute(Command.FIND_ELEMENT, {"using": by, "value": value})["value"]
/usr/local/lib/python3.9/site-packages/selenium/webdriver/remote/webdriver.py:345: in execute
    self.error_handler.check_response(response)
_ _ _ _ _ _ _ _ _ _ _ _ _ _ _ _ _ _ _ _ _ _ _ _ _ _ _ _ _ _ _ _ _ _ _ _ _ _ _ _ 

self = &lt;selenium.webdriver.remote.errorhandler.ErrorHandler object at 0x7f20674b4b50&gt;
response = {'status': 404, 'value': '{"value":{"error":"no such element","message":"no such element: Unable to locate element: {\...\\n#16 0x55ce3e0cfd68 \\u003Cunknown&gt;\\n#17 0x55ce3e0decb3 \\u003Cunknown&gt;\\n#18 0x7f1425e52044 \\u003Cunknown&gt;\\n"}}'}

    def check_response(self, response: Dict[str, Any]) -&gt; None:
        """Checks that a JSON response from the WebDriver does not have an
        error.
    
        :Args:
         - response - The JSON response from the WebDriver server as a dictionary
           object.
    
        :Raises: If the response contains an error message.
        """
        status = response.get("status", None)
        if not status or status == ErrorCode.SUCCESS:
            return
        value = None
        message = response.get("message", "")
        screen: str = response.get("screen", "")
        stacktrace = None
        if isinstance(status, int):
            value_json = response.get("value", None)
            if value_json and isinstance(value_json, str):
                import json
    
                try:
                    value = json.loads(value_json)
                    if len(value) == 1:
                        value = value["value"]
                    status = value.get("error", None)
                    if not status:
                        status = value.get("status", ErrorCode.UNKNOWN_ERROR)
                        message = value.get("value") or value.get("message")
                        if not isinstance(message, str):
                            value = message
                            message = message.get("message")
                    else:
                        message = value.get("message", None)
                except ValueError:
                    pass
    
        exception_class: Type[WebDriverException]
        e = ErrorCode()
        error_codes = [item for item in dir(e) if not item.startswith("__")]
        for error_code in error_codes:
            error_info = getattr(ErrorCode, error_code)
            if isinstance(error_info, list) and status in error_info:
                exception_class = getattr(ExceptionMapping, error_code, WebDriverException)
                break
        else:
            exception_class = WebDriverException
    
        if not value:
            value = response["value"]
        if isinstance(value, str):
            raise exception_class(value)
        if message == "" and "message" in value:
            message = value["message"]
    
        screen = None  # type: ignore[assignment]
        if "screen" in value:
            screen = value["screen"]
    
        stacktrace = None
        st_value = value.get("stackTrace") or value.get("stacktrace")
        if st_value:
            if isinstance(st_value, str):
                stacktrace = st_value.split("\n")
            else:
                stacktrace = []
                try:
                    for frame in st_value:
                        line = frame.get("lineNumber", "")
                        file = frame.get("fileName", "&lt;anonymous&gt;")
                        if line:
                            file = f"{file}:{line}"
                        meth = frame.get("methodName", "&lt;anonymous&gt;")
                        if "className" in frame:
                            meth = f"{frame['className']}.{meth}"
                        msg = "    at %s (%s)"
                        msg = msg % (meth, file)
                        stacktrace.append(msg)
                except TypeError:
                    pass
        if exception_class == UnexpectedAlertPresentException:
            alert_text = None
            if "data" in value:
                alert_text = value["data"].get("text")
            elif "alert" in value:
                alert_text = value["alert"].get("text")
            raise exception_class(message, screen, stacktrace, alert_text)  # type: ignore[call-arg]  # mypy is not smart enough here
&gt;       raise exception_class(message, screen, stacktrace)
E       selenium.common.exceptions.NoSuchElementException: Message: no such element: Unable to locate element: {"method":"xpath","selector":"//div[@id='pathology-select']/div/button"}
E         (Session info: headless chrome=116.0.5845.179); For documentation on this error, please visit: https://www.selenium.dev/documentation/webdriver/troubleshooting/errors#no-such-element-exception
E       Stacktrace:
E       #0 0x55ce3e0e5e23 &lt;unknown&gt;
E       #1 0x55ce3de0e7a7 &lt;unknown&gt;
E       #2 0x55ce3de4d1d3 &lt;unknown&gt;
E       #3 0x55ce3de4d2c1 &lt;unknown&gt;
E       #4 0x55ce3de88a04 &lt;unknown&gt;
E       #5 0x55ce3de6e03d &lt;unknown&gt;
E       #6 0x55ce3de86369 &lt;unknown&gt;
E       #7 0x55ce3de6dde3 &lt;unknown&gt;
E       #8 0x55ce3de41a7b &lt;unknown&gt;
E       #9 0x55ce3de4281e &lt;unknown&gt;
E       #10 0x55ce3e0a7638 &lt;unknown&gt;
E       #11 0x55ce3e0ab507 &lt;unknown&gt;
E       #12 0x55ce3e0b5c4c &lt;unknown&gt;
E       #13 0x55ce3e0ac136 &lt;unknown&gt;
E       #14 0x55ce3e07a9cf &lt;unknown&gt;
E       #15 0x55ce3e0cfb98 &lt;unknown&gt;
E       #16 0x55ce3e0cfd68 &lt;unknown&gt;
E       #17 0x55ce3e0decb3 &lt;unknown&gt;
E       #18 0x7f1425e52044 &lt;unknown&gt;

/usr/local/lib/python3.9/site-packages/selenium/webdriver/remote/errorhandler.py:229: NoSuchElementException</failure></testcase><testcase classname="test_stroke_federation.TestStrokeMIP" name="test_login_and_accept_terms[https://stroke.hbpmip.link/]" time="48.558" /><testcase classname="test_stroke_federation.TestStrokeMIP" name="test_data[https://stroke.hbpmip.link/]" time="20.124"><failure message="selenium.common.exceptions.NoSuchElementException: Message: no such element: Unable to locate element: {&quot;method&quot;:&quot;css selector&quot;,&quot;selector&quot;:&quot;#dropdown-basic&quot;}&#10;  (Session info: headless chrome=116.0.5845.179); For documentation on this error, please visit: https://www.selenium.dev/documentation/webdriver/troubleshooting/errors#no-such-element-exception&#10;Stacktrace:&#10;#0 0x5612c3c25e23 &lt;unknown&gt;&#10;#1 0x5612c394e7a7 &lt;unknown&gt;&#10;#2 0x5612c398d1d3 &lt;unknown&gt;&#10;#3 0x5612c398d2c1 &lt;unknown&gt;&#10;#4 0x5612c39c8a04 &lt;unknown&gt;&#10;#5 0x5612c39ae03d &lt;unknown&gt;&#10;#6 0x5612c39c6369 &lt;unknown&gt;&#10;#7 0x5612c39adde3 &lt;unknown&gt;&#10;#8 0x5612c3981a7b &lt;unknown&gt;&#10;#9 0x5612c398281e &lt;unknown&gt;&#10;#10 0x5612c3be7638 &lt;unknown&gt;&#10;#11 0x5612c3beb507 &lt;unknown&gt;&#10;#12 0x5612c3bf5c4c &lt;unknown&gt;&#10;#13 0x5612c3bec136 &lt;unknown&gt;&#10;#14 0x5612c3bba9cf &lt;unknown&gt;&#10;#15 0x5612c3c0fb98 &lt;unknown&gt;&#10;#16 0x5612c3c0fd68 &lt;unknown&gt;&#10;#17 0x5612c3c1ecb3 &lt;unknown&gt;&#10;#18 0x7f45865a1044 &lt;unknown&gt;">self = &lt;test_stroke_federation.TestStrokeMIP object at 0x7f20674b4610&gt;

    def test_data(self):
        """Integration tests (data) of the Stroke (FERES) MIP."""
        selenium_driver = self.driver
    
        # 1. Click 'Datasets'
&gt;       datasets = selenium_driver.find_element(By.CSS_SELECTOR, "#dropdown-basic")

test_stroke_federation.py:33: 
_ _ _ _ _ _ _ _ _ _ _ _ _ _ _ _ _ _ _ _ _ _ _ _ _ _ _ _ _ _ _ _ _ _ _ _ _ _ _ _ 
/usr/local/lib/python3.9/site-packages/selenium/webdriver/remote/webdriver.py:739: in find_element
    return self.execute(Command.FIND_ELEMENT, {"using": by, "value": value})["value"]
/usr/local/lib/python3.9/site-packages/selenium/webdriver/remote/webdriver.py:345: in execute
    self.error_handler.check_response(response)
_ _ _ _ _ _ _ _ _ _ _ _ _ _ _ _ _ _ _ _ _ _ _ _ _ _ _ _ _ _ _ _ _ _ _ _ _ _ _ _ 

self = &lt;selenium.webdriver.remote.errorhandler.ErrorHandler object at 0x7f20674839d0&gt;
response = {'status': 404, 'value': '{"value":{"error":"no such element","message":"no such element: Unable to locate element: {\...\\n#16 0x5612c3c0fd68 \\u003Cunknown&gt;\\n#17 0x5612c3c1ecb3 \\u003Cunknown&gt;\\n#18 0x7f45865a1044 \\u003Cunknown&gt;\\n"}}'}

    def check_response(self, response: Dict[str, Any]) -&gt; None:
        """Checks that a JSON response from the WebDriver does not have an
        error.
    
        :Args:
         - response - The JSON response from the WebDriver server as a dictionary
           object.
    
        :Raises: If the response contains an error message.
        """
        status = response.get("status", None)
        if not status or status == ErrorCode.SUCCESS:
            return
        value = None
        message = response.get("message", "")
        screen: str = response.get("screen", "")
        stacktrace = None
        if isinstance(status, int):
            value_json = response.get("value", None)
            if value_json and isinstance(value_json, str):
                import json
    
                try:
                    value = json.loads(value_json)
                    if len(value) == 1:
                        value = value["value"]
                    status = value.get("error", None)
                    if not status:
                        status = value.get("status", ErrorCode.UNKNOWN_ERROR)
                        message = value.get("value") or value.get("message")
                        if not isinstance(message, str):
                            value = message
                            message = message.get("message")
                    else:
                        message = value.get("message", None)
                except ValueError:
                    pass
    
        exception_class: Type[WebDriverException]
        e = ErrorCode()
        error_codes = [item for item in dir(e) if not item.startswith("__")]
        for error_code in error_codes:
            error_info = getattr(ErrorCode, error_code)
            if isinstance(error_info, list) and status in error_info:
                exception_class = getattr(ExceptionMapping, error_code, WebDriverException)
                break
        else:
            exception_class = WebDriverException
    
        if not value:
            value = response["value"]
        if isinstance(value, str):
            raise exception_class(value)
        if message == "" and "message" in value:
            message = value["message"]
    
        screen = None  # type: ignore[assignment]
        if "screen" in value:
            screen = value["screen"]
    
        stacktrace = None
        st_value = value.get("stackTrace") or value.get("stacktrace")
        if st_value:
            if isinstance(st_value, str):
                stacktrace = st_value.split("\n")
            else:
                stacktrace = []
                try:
                    for frame in st_value:
                        line = frame.get("lineNumber", "")
                        file = frame.get("fileName", "&lt;anonymous&gt;")
                        if line:
                            file = f"{file}:{line}"
                        meth = frame.get("methodName", "&lt;anonymous&gt;")
                        if "className" in frame:
                            meth = f"{frame['className']}.{meth}"
                        msg = "    at %s (%s)"
                        msg = msg % (meth, file)
                        stacktrace.append(msg)
                except TypeError:
                    pass
        if exception_class == UnexpectedAlertPresentException:
            alert_text = None
            if "data" in value:
                alert_text = value["data"].get("text")
            elif "alert" in value:
                alert_text = value["alert"].get("text")
            raise exception_class(message, screen, stacktrace, alert_text)  # type: ignore[call-arg]  # mypy is not smart enough here
&gt;       raise exception_class(message, screen, stacktrace)
E       selenium.common.exceptions.NoSuchElementException: Message: no such element: Unable to locate element: {"method":"css selector","selector":"#dropdown-basic"}
E         (Session info: headless chrome=116.0.5845.179); For documentation on this error, please visit: https://www.selenium.dev/documentation/webdriver/troubleshooting/errors#no-such-element-exception
E       Stacktrace:
E       #0 0x5612c3c25e23 &lt;unknown&gt;
E       #1 0x5612c394e7a7 &lt;unknown&gt;
E       #2 0x5612c398d1d3 &lt;unknown&gt;
E       #3 0x5612c398d2c1 &lt;unknown&gt;
E       #4 0x5612c39c8a04 &lt;unknown&gt;
E       #5 0x5612c39ae03d &lt;unknown&gt;
E       #6 0x5612c39c6369 &lt;unknown&gt;
E       #7 0x5612c39adde3 &lt;unknown&gt;
E       #8 0x5612c3981a7b &lt;unknown&gt;
E       #9 0x5612c398281e &lt;unknown&gt;
E       #10 0x5612c3be7638 &lt;unknown&gt;
E       #11 0x5612c3beb507 &lt;unknown&gt;
E       #12 0x5612c3bf5c4c &lt;unknown&gt;
E       #13 0x5612c3bec136 &lt;unknown&gt;
E       #14 0x5612c3bba9cf &lt;unknown&gt;
E       #15 0x5612c3c0fb98 &lt;unknown&gt;
E       #16 0x5612c3c0fd68 &lt;unknown&gt;
E       #17 0x5612c3c1ecb3 &lt;unknown&gt;
E       #18 0x7f45865a1044 &lt;unknown&gt;

/usr/local/lib/python3.9/site-packages/selenium/webdriver/remote/errorhandler.py:229: NoSuchElementException</failure></testcase></testsuite></testsuites>