<?xml version="1.0" encoding="utf-8"?><testsuites><testsuite name="pytest" errors="0" failures="6" skipped="0" tests="6" time="142.167" timestamp="2023-10-25T07:00:13.765281" hostname="707acd0e68d7"><testcase classname="test_public_mip.TestPublicMIP" name="test_login_and_accept_terms[https://hbpmip.link/]" time="29.033"><failure message="selenium.common.exceptions.NoSuchElementException: Message: no such element: Unable to locate element: {&quot;method&quot;:&quot;css selector&quot;,&quot;selector&quot;:&quot;#username&quot;}&#10;  (Session info: headless chrome=118.0.5993.88); For documentation on this error, please visit: https://www.selenium.dev/documentation/webdriver/troubleshooting/errors#no-such-element-exception&#10;Stacktrace:&#10;#0 0x55a59df59fb3 &lt;unknown&gt;&#10;#1 0x55a59dc2d4a7 &lt;unknown&gt;&#10;#2 0x55a59dc74dd6 &lt;unknown&gt;&#10;#3 0x55a59dc74ec1 &lt;unknown&gt;&#10;#4 0x55a59dcb2354 &lt;unknown&gt;&#10;#5 0x55a59dc9696d &lt;unknown&gt;&#10;#6 0x55a59dcafc02 &lt;unknown&gt;&#10;#7 0x55a59dc96713 &lt;unknown&gt;&#10;#8 0x55a59dc6918b &lt;unknown&gt;&#10;#9 0x55a59dc69f7e &lt;unknown&gt;&#10;#10 0x55a59df1f8d8 &lt;unknown&gt;&#10;#11 0x55a59df23800 &lt;unknown&gt;&#10;#12 0x55a59df2dcfc &lt;unknown&gt;&#10;#13 0x55a59df24418 &lt;unknown&gt;&#10;#14 0x55a59def142f &lt;unknown&gt;&#10;#15 0x55a59df484e8 &lt;unknown&gt;&#10;#16 0x55a59df486b4 &lt;unknown&gt;&#10;#17 0x55a59df59143 &lt;unknown&gt;&#10;#18 0x7faaaa6a5044 &lt;unknown&gt;">self = &lt;test_public_mip.TestPublicMIP object at 0x7fe355368fa0&gt;

    def test_login_and_accept_terms(self):
        """Test login and accept terms on the public MIP."""
&gt;       super().test_login_and_accept_terms()

test_public_mip.py:20: 
_ _ _ _ _ _ _ _ _ _ _ _ _ _ _ _ _ _ _ _ _ _ _ _ _ _ _ _ _ _ _ _ _ _ _ _ _ _ _ _ 
basetest.py:18: in test_login_and_accept_terms
    username = selenium_driver.find_element(By.CSS_SELECTOR, "#username")
/usr/local/lib/python3.9/site-packages/selenium/webdriver/remote/webdriver.py:739: in find_element
    return self.execute(Command.FIND_ELEMENT, {"using": by, "value": value})["value"]
/usr/local/lib/python3.9/site-packages/selenium/webdriver/remote/webdriver.py:345: in execute
    self.error_handler.check_response(response)
_ _ _ _ _ _ _ _ _ _ _ _ _ _ _ _ _ _ _ _ _ _ _ _ _ _ _ _ _ _ _ _ _ _ _ _ _ _ _ _ 

self = &lt;selenium.webdriver.remote.errorhandler.ErrorHandler object at 0x7fe356328a00&gt;
response = {'status': 404, 'value': '{"value":{"error":"no such element","message":"no such element: Unable to locate element: {\...\\n#16 0x55a59df486b4 \\u003Cunknown&gt;\\n#17 0x55a59df59143 \\u003Cunknown&gt;\\n#18 0x7faaaa6a5044 \\u003Cunknown&gt;\\n"}}'}

    def check_response(self, response: Dict[str, Any]) -&gt; None:
        """Checks that a JSON response from the WebDriver does not have an
        error.
    
        :Args:
         - response - The JSON response from the WebDriver server as a dictionary
           object.
    
        :Raises: If the response contains an error message.
        """
        status = response.get("status", None)
        if not status or status == ErrorCode.SUCCESS:
            return
        value = None
        message = response.get("message", "")
        screen: str = response.get("screen", "")
        stacktrace = None
        if isinstance(status, int):
            value_json = response.get("value", None)
            if value_json and isinstance(value_json, str):
                import json
    
                try:
                    value = json.loads(value_json)
                    if len(value) == 1:
                        value = value["value"]
                    status = value.get("error", None)
                    if not status:
                        status = value.get("status", ErrorCode.UNKNOWN_ERROR)
                        message = value.get("value") or value.get("message")
                        if not isinstance(message, str):
                            value = message
                            message = message.get("message")
                    else:
                        message = value.get("message", None)
                except ValueError:
                    pass
    
        exception_class: Type[WebDriverException]
        e = ErrorCode()
        error_codes = [item for item in dir(e) if not item.startswith("__")]
        for error_code in error_codes:
            error_info = getattr(ErrorCode, error_code)
            if isinstance(error_info, list) and status in error_info:
                exception_class = getattr(ExceptionMapping, error_code, WebDriverException)
                break
        else:
            exception_class = WebDriverException
    
        if not value:
            value = response["value"]
        if isinstance(value, str):
            raise exception_class(value)
        if message == "" and "message" in value:
            message = value["message"]
    
        screen = None  # type: ignore[assignment]
        if "screen" in value:
            screen = value["screen"]
    
        stacktrace = None
        st_value = value.get("stackTrace") or value.get("stacktrace")
        if st_value:
            if isinstance(st_value, str):
                stacktrace = st_value.split("\n")
            else:
                stacktrace = []
                try:
                    for frame in st_value:
                        line = frame.get("lineNumber", "")
                        file = frame.get("fileName", "&lt;anonymous&gt;")
                        if line:
                            file = f"{file}:{line}"
                        meth = frame.get("methodName", "&lt;anonymous&gt;")
                        if "className" in frame:
                            meth = f"{frame['className']}.{meth}"
                        msg = "    at %s (%s)"
                        msg = msg % (meth, file)
                        stacktrace.append(msg)
                except TypeError:
                    pass
        if exception_class == UnexpectedAlertPresentException:
            alert_text = None
            if "data" in value:
                alert_text = value["data"].get("text")
            elif "alert" in value:
                alert_text = value["alert"].get("text")
            raise exception_class(message, screen, stacktrace, alert_text)  # type: ignore[call-arg]  # mypy is not smart enough here
&gt;       raise exception_class(message, screen, stacktrace)
E       selenium.common.exceptions.NoSuchElementException: Message: no such element: Unable to locate element: {"method":"css selector","selector":"#username"}
E         (Session info: headless chrome=118.0.5993.88); For documentation on this error, please visit: https://www.selenium.dev/documentation/webdriver/troubleshooting/errors#no-such-element-exception
E       Stacktrace:
E       #0 0x55a59df59fb3 &lt;unknown&gt;
E       #1 0x55a59dc2d4a7 &lt;unknown&gt;
E       #2 0x55a59dc74dd6 &lt;unknown&gt;
E       #3 0x55a59dc74ec1 &lt;unknown&gt;
E       #4 0x55a59dcb2354 &lt;unknown&gt;
E       #5 0x55a59dc9696d &lt;unknown&gt;
E       #6 0x55a59dcafc02 &lt;unknown&gt;
E       #7 0x55a59dc96713 &lt;unknown&gt;
E       #8 0x55a59dc6918b &lt;unknown&gt;
E       #9 0x55a59dc69f7e &lt;unknown&gt;
E       #10 0x55a59df1f8d8 &lt;unknown&gt;
E       #11 0x55a59df23800 &lt;unknown&gt;
E       #12 0x55a59df2dcfc &lt;unknown&gt;
E       #13 0x55a59df24418 &lt;unknown&gt;
E       #14 0x55a59def142f &lt;unknown&gt;
E       #15 0x55a59df484e8 &lt;unknown&gt;
E       #16 0x55a59df486b4 &lt;unknown&gt;
E       #17 0x55a59df59143 &lt;unknown&gt;
E       #18 0x7faaaa6a5044 &lt;unknown&gt;

/usr/local/lib/python3.9/site-packages/selenium/webdriver/remote/errorhandler.py:229: NoSuchElementException</failure></testcase><testcase classname="test_public_mip.TestPublicMIP" name="test_data[https://hbpmip.link/]" time="20.117"><failure message="selenium.common.exceptions.NoSuchElementException: Message: no such element: Unable to locate element: {&quot;method&quot;:&quot;xpath&quot;,&quot;selector&quot;:&quot;//div[@id='pathology-select']/div/button&quot;}&#10;  (Session info: headless chrome=118.0.5993.88); For documentation on this error, please visit: https://www.selenium.dev/documentation/webdriver/troubleshooting/errors#no-such-element-exception&#10;Stacktrace:&#10;#0 0x55a59df59fb3 &lt;unknown&gt;&#10;#1 0x55a59dc2d4a7 &lt;unknown&gt;&#10;#2 0x55a59dc74dd6 &lt;unknown&gt;&#10;#3 0x55a59dc74ec1 &lt;unknown&gt;&#10;#4 0x55a59dcb2354 &lt;unknown&gt;&#10;#5 0x55a59dc9696d &lt;unknown&gt;&#10;#6 0x55a59dcafc02 &lt;unknown&gt;&#10;#7 0x55a59dc96713 &lt;unknown&gt;&#10;#8 0x55a59dc6918b &lt;unknown&gt;&#10;#9 0x55a59dc69f7e &lt;unknown&gt;&#10;#10 0x55a59df1f8d8 &lt;unknown&gt;&#10;#11 0x55a59df23800 &lt;unknown&gt;&#10;#12 0x55a59df2dcfc &lt;unknown&gt;&#10;#13 0x55a59df24418 &lt;unknown&gt;&#10;#14 0x55a59def142f &lt;unknown&gt;&#10;#15 0x55a59df484e8 &lt;unknown&gt;&#10;#16 0x55a59df486b4 &lt;unknown&gt;&#10;#17 0x55a59df59143 &lt;unknown&gt;&#10;#18 0x7faaaa6a5044 &lt;unknown&gt;">self = &lt;test_public_mip.TestPublicMIP object at 0x7fe355368d00&gt;

    def test_data(self):
        """Integration tests (data) of the public MIP."""
&gt;       super().test_data()

test_public_mip.py:24: 
_ _ _ _ _ _ _ _ _ _ _ _ _ _ _ _ _ _ _ _ _ _ _ _ _ _ _ _ _ _ _ _ _ _ _ _ _ _ _ _ 
basetest.py:63: in test_data
    dementia = selenium_driver.find_element(
/usr/local/lib/python3.9/site-packages/selenium/webdriver/remote/webdriver.py:739: in find_element
    return self.execute(Command.FIND_ELEMENT, {"using": by, "value": value})["value"]
/usr/local/lib/python3.9/site-packages/selenium/webdriver/remote/webdriver.py:345: in execute
    self.error_handler.check_response(response)
_ _ _ _ _ _ _ _ _ _ _ _ _ _ _ _ _ _ _ _ _ _ _ _ _ _ _ _ _ _ _ _ _ _ _ _ _ _ _ _ 

self = &lt;selenium.webdriver.remote.errorhandler.ErrorHandler object at 0x7fe356328a00&gt;
response = {'status': 404, 'value': '{"value":{"error":"no such element","message":"no such element: Unable to locate element: {\...\\n#16 0x55a59df486b4 \\u003Cunknown&gt;\\n#17 0x55a59df59143 \\u003Cunknown&gt;\\n#18 0x7faaaa6a5044 \\u003Cunknown&gt;\\n"}}'}

    def check_response(self, response: Dict[str, Any]) -&gt; None:
        """Checks that a JSON response from the WebDriver does not have an
        error.
    
        :Args:
         - response - The JSON response from the WebDriver server as a dictionary
           object.
    
        :Raises: If the response contains an error message.
        """
        status = response.get("status", None)
        if not status or status == ErrorCode.SUCCESS:
            return
        value = None
        message = response.get("message", "")
        screen: str = response.get("screen", "")
        stacktrace = None
        if isinstance(status, int):
            value_json = response.get("value", None)
            if value_json and isinstance(value_json, str):
                import json
    
                try:
                    value = json.loads(value_json)
                    if len(value) == 1:
                        value = value["value"]
                    status = value.get("error", None)
                    if not status:
                        status = value.get("status", ErrorCode.UNKNOWN_ERROR)
                        message = value.get("value") or value.get("message")
                        if not isinstance(message, str):
                            value = message
                            message = message.get("message")
                    else:
                        message = value.get("message", None)
                except ValueError:
                    pass
    
        exception_class: Type[WebDriverException]
        e = ErrorCode()
        error_codes = [item for item in dir(e) if not item.startswith("__")]
        for error_code in error_codes:
            error_info = getattr(ErrorCode, error_code)
            if isinstance(error_info, list) and status in error_info:
                exception_class = getattr(ExceptionMapping, error_code, WebDriverException)
                break
        else:
            exception_class = WebDriverException
    
        if not value:
            value = response["value"]
        if isinstance(value, str):
            raise exception_class(value)
        if message == "" and "message" in value:
            message = value["message"]
    
        screen = None  # type: ignore[assignment]
        if "screen" in value:
            screen = value["screen"]
    
        stacktrace = None
        st_value = value.get("stackTrace") or value.get("stacktrace")
        if st_value:
            if isinstance(st_value, str):
                stacktrace = st_value.split("\n")
            else:
                stacktrace = []
                try:
                    for frame in st_value:
                        line = frame.get("lineNumber", "")
                        file = frame.get("fileName", "&lt;anonymous&gt;")
                        if line:
                            file = f"{file}:{line}"
                        meth = frame.get("methodName", "&lt;anonymous&gt;")
                        if "className" in frame:
                            meth = f"{frame['className']}.{meth}"
                        msg = "    at %s (%s)"
                        msg = msg % (meth, file)
                        stacktrace.append(msg)
                except TypeError:
                    pass
        if exception_class == UnexpectedAlertPresentException:
            alert_text = None
            if "data" in value:
                alert_text = value["data"].get("text")
            elif "alert" in value:
                alert_text = value["alert"].get("text")
            raise exception_class(message, screen, stacktrace, alert_text)  # type: ignore[call-arg]  # mypy is not smart enough here
&gt;       raise exception_class(message, screen, stacktrace)
E       selenium.common.exceptions.NoSuchElementException: Message: no such element: Unable to locate element: {"method":"xpath","selector":"//div[@id='pathology-select']/div/button"}
E         (Session info: headless chrome=118.0.5993.88); For documentation on this error, please visit: https://www.selenium.dev/documentation/webdriver/troubleshooting/errors#no-such-element-exception
E       Stacktrace:
E       #0 0x55a59df59fb3 &lt;unknown&gt;
E       #1 0x55a59dc2d4a7 &lt;unknown&gt;
E       #2 0x55a59dc74dd6 &lt;unknown&gt;
E       #3 0x55a59dc74ec1 &lt;unknown&gt;
E       #4 0x55a59dcb2354 &lt;unknown&gt;
E       #5 0x55a59dc9696d &lt;unknown&gt;
E       #6 0x55a59dcafc02 &lt;unknown&gt;
E       #7 0x55a59dc96713 &lt;unknown&gt;
E       #8 0x55a59dc6918b &lt;unknown&gt;
E       #9 0x55a59dc69f7e &lt;unknown&gt;
E       #10 0x55a59df1f8d8 &lt;unknown&gt;
E       #11 0x55a59df23800 &lt;unknown&gt;
E       #12 0x55a59df2dcfc &lt;unknown&gt;
E       #13 0x55a59df24418 &lt;unknown&gt;
E       #14 0x55a59def142f &lt;unknown&gt;
E       #15 0x55a59df484e8 &lt;unknown&gt;
E       #16 0x55a59df486b4 &lt;unknown&gt;
E       #17 0x55a59df59143 &lt;unknown&gt;
E       #18 0x7faaaa6a5044 &lt;unknown&gt;

/usr/local/lib/python3.9/site-packages/selenium/webdriver/remote/errorhandler.py:229: NoSuchElementException</failure></testcase><testcase classname="test_qa_federation.TestMIPQAFederation" name="test_login_and_accept_terms[https://qa.hbpmip.link/]" time="25.944"><failure message="selenium.common.exceptions.NoSuchElementException: Message: no such element: Unable to locate element: {&quot;method&quot;:&quot;css selector&quot;,&quot;selector&quot;:&quot;#username&quot;}&#10;  (Session info: headless chrome=118.0.5993.88); For documentation on this error, please visit: https://www.selenium.dev/documentation/webdriver/troubleshooting/errors#no-such-element-exception&#10;Stacktrace:&#10;#0 0x556885034fb3 &lt;unknown&gt;&#10;#1 0x556884d084a7 &lt;unknown&gt;&#10;#2 0x556884d4fdd6 &lt;unknown&gt;&#10;#3 0x556884d4fec1 &lt;unknown&gt;&#10;#4 0x556884d8d354 &lt;unknown&gt;&#10;#5 0x556884d7196d &lt;unknown&gt;&#10;#6 0x556884d8ac02 &lt;unknown&gt;&#10;#7 0x556884d71713 &lt;unknown&gt;&#10;#8 0x556884d4418b &lt;unknown&gt;&#10;#9 0x556884d44f7e &lt;unknown&gt;&#10;#10 0x556884ffa8d8 &lt;unknown&gt;&#10;#11 0x556884ffe800 &lt;unknown&gt;&#10;#12 0x556885008cfc &lt;unknown&gt;&#10;#13 0x556884fff418 &lt;unknown&gt;&#10;#14 0x556884fcc42f &lt;unknown&gt;&#10;#15 0x5568850234e8 &lt;unknown&gt;&#10;#16 0x5568850236b4 &lt;unknown&gt;&#10;#17 0x556885034143 &lt;unknown&gt;&#10;#18 0x7f8cfdeea044 &lt;unknown&gt;">self = &lt;test_qa_federation.TestMIPQAFederation object at 0x7fe3552ffc70&gt;

    def test_login_and_accept_terms(self):
        """Test login and accept terms on the MIP QA Federation."""
&gt;       super().test_login_and_accept_terms()

test_qa_federation.py:20: 
_ _ _ _ _ _ _ _ _ _ _ _ _ _ _ _ _ _ _ _ _ _ _ _ _ _ _ _ _ _ _ _ _ _ _ _ _ _ _ _ 
basetest.py:18: in test_login_and_accept_terms
    username = selenium_driver.find_element(By.CSS_SELECTOR, "#username")
/usr/local/lib/python3.9/site-packages/selenium/webdriver/remote/webdriver.py:739: in find_element
    return self.execute(Command.FIND_ELEMENT, {"using": by, "value": value})["value"]
/usr/local/lib/python3.9/site-packages/selenium/webdriver/remote/webdriver.py:345: in execute
    self.error_handler.check_response(response)
_ _ _ _ _ _ _ _ _ _ _ _ _ _ _ _ _ _ _ _ _ _ _ _ _ _ _ _ _ _ _ _ _ _ _ _ _ _ _ _ 

self = &lt;selenium.webdriver.remote.errorhandler.ErrorHandler object at 0x7fe35532e970&gt;
response = {'status': 404, 'value': '{"value":{"error":"no such element","message":"no such element: Unable to locate element: {\...\\n#16 0x5568850236b4 \\u003Cunknown&gt;\\n#17 0x556885034143 \\u003Cunknown&gt;\\n#18 0x7f8cfdeea044 \\u003Cunknown&gt;\\n"}}'}

    def check_response(self, response: Dict[str, Any]) -&gt; None:
        """Checks that a JSON response from the WebDriver does not have an
        error.
    
        :Args:
         - response - The JSON response from the WebDriver server as a dictionary
           object.
    
        :Raises: If the response contains an error message.
        """
        status = response.get("status", None)
        if not status or status == ErrorCode.SUCCESS:
            return
        value = None
        message = response.get("message", "")
        screen: str = response.get("screen", "")
        stacktrace = None
        if isinstance(status, int):
            value_json = response.get("value", None)
            if value_json and isinstance(value_json, str):
                import json
    
                try:
                    value = json.loads(value_json)
                    if len(value) == 1:
                        value = value["value"]
                    status = value.get("error", None)
                    if not status:
                        status = value.get("status", ErrorCode.UNKNOWN_ERROR)
                        message = value.get("value") or value.get("message")
                        if not isinstance(message, str):
                            value = message
                            message = message.get("message")
                    else:
                        message = value.get("message", None)
                except ValueError:
                    pass
    
        exception_class: Type[WebDriverException]
        e = ErrorCode()
        error_codes = [item for item in dir(e) if not item.startswith("__")]
        for error_code in error_codes:
            error_info = getattr(ErrorCode, error_code)
            if isinstance(error_info, list) and status in error_info:
                exception_class = getattr(ExceptionMapping, error_code, WebDriverException)
                break
        else:
            exception_class = WebDriverException
    
        if not value:
            value = response["value"]
        if isinstance(value, str):
            raise exception_class(value)
        if message == "" and "message" in value:
            message = value["message"]
    
        screen = None  # type: ignore[assignment]
        if "screen" in value:
            screen = value["screen"]
    
        stacktrace = None
        st_value = value.get("stackTrace") or value.get("stacktrace")
        if st_value:
            if isinstance(st_value, str):
                stacktrace = st_value.split("\n")
            else:
                stacktrace = []
                try:
                    for frame in st_value:
                        line = frame.get("lineNumber", "")
                        file = frame.get("fileName", "&lt;anonymous&gt;")
                        if line:
                            file = f"{file}:{line}"
                        meth = frame.get("methodName", "&lt;anonymous&gt;")
                        if "className" in frame:
                            meth = f"{frame['className']}.{meth}"
                        msg = "    at %s (%s)"
                        msg = msg % (meth, file)
                        stacktrace.append(msg)
                except TypeError:
                    pass
        if exception_class == UnexpectedAlertPresentException:
            alert_text = None
            if "data" in value:
                alert_text = value["data"].get("text")
            elif "alert" in value:
                alert_text = value["alert"].get("text")
            raise exception_class(message, screen, stacktrace, alert_text)  # type: ignore[call-arg]  # mypy is not smart enough here
&gt;       raise exception_class(message, screen, stacktrace)
E       selenium.common.exceptions.NoSuchElementException: Message: no such element: Unable to locate element: {"method":"css selector","selector":"#username"}
E         (Session info: headless chrome=118.0.5993.88); For documentation on this error, please visit: https://www.selenium.dev/documentation/webdriver/troubleshooting/errors#no-such-element-exception
E       Stacktrace:
E       #0 0x556885034fb3 &lt;unknown&gt;
E       #1 0x556884d084a7 &lt;unknown&gt;
E       #2 0x556884d4fdd6 &lt;unknown&gt;
E       #3 0x556884d4fec1 &lt;unknown&gt;
E       #4 0x556884d8d354 &lt;unknown&gt;
E       #5 0x556884d7196d &lt;unknown&gt;
E       #6 0x556884d8ac02 &lt;unknown&gt;
E       #7 0x556884d71713 &lt;unknown&gt;
E       #8 0x556884d4418b &lt;unknown&gt;
E       #9 0x556884d44f7e &lt;unknown&gt;
E       #10 0x556884ffa8d8 &lt;unknown&gt;
E       #11 0x556884ffe800 &lt;unknown&gt;
E       #12 0x556885008cfc &lt;unknown&gt;
E       #13 0x556884fff418 &lt;unknown&gt;
E       #14 0x556884fcc42f &lt;unknown&gt;
E       #15 0x5568850234e8 &lt;unknown&gt;
E       #16 0x5568850236b4 &lt;unknown&gt;
E       #17 0x556885034143 &lt;unknown&gt;
E       #18 0x7f8cfdeea044 &lt;unknown&gt;

/usr/local/lib/python3.9/site-packages/selenium/webdriver/remote/errorhandler.py:229: NoSuchElementException</failure></testcase><testcase classname="test_qa_federation.TestMIPQAFederation" name="test_data[https://qa.hbpmip.link/]" time="20.107"><failure message="selenium.common.exceptions.NoSuchElementException: Message: no such element: Unable to locate element: {&quot;method&quot;:&quot;xpath&quot;,&quot;selector&quot;:&quot;//div[@id='pathology-select']/div/button&quot;}&#10;  (Session info: headless chrome=118.0.5993.88); For documentation on this error, please visit: https://www.selenium.dev/documentation/webdriver/troubleshooting/errors#no-such-element-exception&#10;Stacktrace:&#10;#0 0x556885034fb3 &lt;unknown&gt;&#10;#1 0x556884d084a7 &lt;unknown&gt;&#10;#2 0x556884d4fdd6 &lt;unknown&gt;&#10;#3 0x556884d4fec1 &lt;unknown&gt;&#10;#4 0x556884d8d354 &lt;unknown&gt;&#10;#5 0x556884d7196d &lt;unknown&gt;&#10;#6 0x556884d8ac02 &lt;unknown&gt;&#10;#7 0x556884d71713 &lt;unknown&gt;&#10;#8 0x556884d4418b &lt;unknown&gt;&#10;#9 0x556884d44f7e &lt;unknown&gt;&#10;#10 0x556884ffa8d8 &lt;unknown&gt;&#10;#11 0x556884ffe800 &lt;unknown&gt;&#10;#12 0x556885008cfc &lt;unknown&gt;&#10;#13 0x556884fff418 &lt;unknown&gt;&#10;#14 0x556884fcc42f &lt;unknown&gt;&#10;#15 0x5568850234e8 &lt;unknown&gt;&#10;#16 0x5568850236b4 &lt;unknown&gt;&#10;#17 0x556885034143 &lt;unknown&gt;&#10;#18 0x7f8cfdeea044 &lt;unknown&gt;">self = &lt;test_qa_federation.TestMIPQAFederation object at 0x7fe3552ff370&gt;

    def test_data(self):
        """Integration tests (data) of the MIP QA Federation."""
&gt;       super().test_data()

test_qa_federation.py:24: 
_ _ _ _ _ _ _ _ _ _ _ _ _ _ _ _ _ _ _ _ _ _ _ _ _ _ _ _ _ _ _ _ _ _ _ _ _ _ _ _ 
basetest.py:63: in test_data
    dementia = selenium_driver.find_element(
/usr/local/lib/python3.9/site-packages/selenium/webdriver/remote/webdriver.py:739: in find_element
    return self.execute(Command.FIND_ELEMENT, {"using": by, "value": value})["value"]
/usr/local/lib/python3.9/site-packages/selenium/webdriver/remote/webdriver.py:345: in execute
    self.error_handler.check_response(response)
_ _ _ _ _ _ _ _ _ _ _ _ _ _ _ _ _ _ _ _ _ _ _ _ _ _ _ _ _ _ _ _ _ _ _ _ _ _ _ _ 

self = &lt;selenium.webdriver.remote.errorhandler.ErrorHandler object at 0x7fe35532e970&gt;
response = {'status': 404, 'value': '{"value":{"error":"no such element","message":"no such element: Unable to locate element: {\...\\n#16 0x5568850236b4 \\u003Cunknown&gt;\\n#17 0x556885034143 \\u003Cunknown&gt;\\n#18 0x7f8cfdeea044 \\u003Cunknown&gt;\\n"}}'}

    def check_response(self, response: Dict[str, Any]) -&gt; None:
        """Checks that a JSON response from the WebDriver does not have an
        error.
    
        :Args:
         - response - The JSON response from the WebDriver server as a dictionary
           object.
    
        :Raises: If the response contains an error message.
        """
        status = response.get("status", None)
        if not status or status == ErrorCode.SUCCESS:
            return
        value = None
        message = response.get("message", "")
        screen: str = response.get("screen", "")
        stacktrace = None
        if isinstance(status, int):
            value_json = response.get("value", None)
            if value_json and isinstance(value_json, str):
                import json
    
                try:
                    value = json.loads(value_json)
                    if len(value) == 1:
                        value = value["value"]
                    status = value.get("error", None)
                    if not status:
                        status = value.get("status", ErrorCode.UNKNOWN_ERROR)
                        message = value.get("value") or value.get("message")
                        if not isinstance(message, str):
                            value = message
                            message = message.get("message")
                    else:
                        message = value.get("message", None)
                except ValueError:
                    pass
    
        exception_class: Type[WebDriverException]
        e = ErrorCode()
        error_codes = [item for item in dir(e) if not item.startswith("__")]
        for error_code in error_codes:
            error_info = getattr(ErrorCode, error_code)
            if isinstance(error_info, list) and status in error_info:
                exception_class = getattr(ExceptionMapping, error_code, WebDriverException)
                break
        else:
            exception_class = WebDriverException
    
        if not value:
            value = response["value"]
        if isinstance(value, str):
            raise exception_class(value)
        if message == "" and "message" in value:
            message = value["message"]
    
        screen = None  # type: ignore[assignment]
        if "screen" in value:
            screen = value["screen"]
    
        stacktrace = None
        st_value = value.get("stackTrace") or value.get("stacktrace")
        if st_value:
            if isinstance(st_value, str):
                stacktrace = st_value.split("\n")
            else:
                stacktrace = []
                try:
                    for frame in st_value:
                        line = frame.get("lineNumber", "")
                        file = frame.get("fileName", "&lt;anonymous&gt;")
                        if line:
                            file = f"{file}:{line}"
                        meth = frame.get("methodName", "&lt;anonymous&gt;")
                        if "className" in frame:
                            meth = f"{frame['className']}.{meth}"
                        msg = "    at %s (%s)"
                        msg = msg % (meth, file)
                        stacktrace.append(msg)
                except TypeError:
                    pass
        if exception_class == UnexpectedAlertPresentException:
            alert_text = None
            if "data" in value:
                alert_text = value["data"].get("text")
            elif "alert" in value:
                alert_text = value["alert"].get("text")
            raise exception_class(message, screen, stacktrace, alert_text)  # type: ignore[call-arg]  # mypy is not smart enough here
&gt;       raise exception_class(message, screen, stacktrace)
E       selenium.common.exceptions.NoSuchElementException: Message: no such element: Unable to locate element: {"method":"xpath","selector":"//div[@id='pathology-select']/div/button"}
E         (Session info: headless chrome=118.0.5993.88); For documentation on this error, please visit: https://www.selenium.dev/documentation/webdriver/troubleshooting/errors#no-such-element-exception
E       Stacktrace:
E       #0 0x556885034fb3 &lt;unknown&gt;
E       #1 0x556884d084a7 &lt;unknown&gt;
E       #2 0x556884d4fdd6 &lt;unknown&gt;
E       #3 0x556884d4fec1 &lt;unknown&gt;
E       #4 0x556884d8d354 &lt;unknown&gt;
E       #5 0x556884d7196d &lt;unknown&gt;
E       #6 0x556884d8ac02 &lt;unknown&gt;
E       #7 0x556884d71713 &lt;unknown&gt;
E       #8 0x556884d4418b &lt;unknown&gt;
E       #9 0x556884d44f7e &lt;unknown&gt;
E       #10 0x556884ffa8d8 &lt;unknown&gt;
E       #11 0x556884ffe800 &lt;unknown&gt;
E       #12 0x556885008cfc &lt;unknown&gt;
E       #13 0x556884fff418 &lt;unknown&gt;
E       #14 0x556884fcc42f &lt;unknown&gt;
E       #15 0x5568850234e8 &lt;unknown&gt;
E       #16 0x5568850236b4 &lt;unknown&gt;
E       #17 0x556885034143 &lt;unknown&gt;
E       #18 0x7f8cfdeea044 &lt;unknown&gt;

/usr/local/lib/python3.9/site-packages/selenium/webdriver/remote/errorhandler.py:229: NoSuchElementException</failure></testcase><testcase classname="test_stroke_federation.TestStrokeMIP" name="test_login_and_accept_terms[https://stroke.hbpmip.link/]" time="25.634"><failure message="selenium.common.exceptions.NoSuchElementException: Message: no such element: Unable to locate element: {&quot;method&quot;:&quot;css selector&quot;,&quot;selector&quot;:&quot;#username&quot;}&#10;  (Session info: headless chrome=118.0.5993.88); For documentation on this error, please visit: https://www.selenium.dev/documentation/webdriver/troubleshooting/errors#no-such-element-exception&#10;Stacktrace:&#10;#0 0x55622d616fb3 &lt;unknown&gt;&#10;#1 0x55622d2ea4a7 &lt;unknown&gt;&#10;#2 0x55622d331dd6 &lt;unknown&gt;&#10;#3 0x55622d331ec1 &lt;unknown&gt;&#10;#4 0x55622d36f354 &lt;unknown&gt;&#10;#5 0x55622d35396d &lt;unknown&gt;&#10;#6 0x55622d36cc02 &lt;unknown&gt;&#10;#7 0x55622d353713 &lt;unknown&gt;&#10;#8 0x55622d32618b &lt;unknown&gt;&#10;#9 0x55622d326f7e &lt;unknown&gt;&#10;#10 0x55622d5dc8d8 &lt;unknown&gt;&#10;#11 0x55622d5e0800 &lt;unknown&gt;&#10;#12 0x55622d5eacfc &lt;unknown&gt;&#10;#13 0x55622d5e1418 &lt;unknown&gt;&#10;#14 0x55622d5ae42f &lt;unknown&gt;&#10;#15 0x55622d6054e8 &lt;unknown&gt;&#10;#16 0x55622d6056b4 &lt;unknown&gt;&#10;#17 0x55622d616143 &lt;unknown&gt;&#10;#18 0x7f11069d5044 &lt;unknown&gt;">self = &lt;test_stroke_federation.TestStrokeMIP object at 0x7fe3563284c0&gt;

    def test_login_and_accept_terms(self):
        """Test login and accept terms on the Stroke (FERES) MIP."""
&gt;       super().test_login_and_accept_terms()

test_stroke_federation.py:26: 
_ _ _ _ _ _ _ _ _ _ _ _ _ _ _ _ _ _ _ _ _ _ _ _ _ _ _ _ _ _ _ _ _ _ _ _ _ _ _ _ 
basetest.py:18: in test_login_and_accept_terms
    username = selenium_driver.find_element(By.CSS_SELECTOR, "#username")
/usr/local/lib/python3.9/site-packages/selenium/webdriver/remote/webdriver.py:739: in find_element
    return self.execute(Command.FIND_ELEMENT, {"using": by, "value": value})["value"]
/usr/local/lib/python3.9/site-packages/selenium/webdriver/remote/webdriver.py:345: in execute
    self.error_handler.check_response(response)
_ _ _ _ _ _ _ _ _ _ _ _ _ _ _ _ _ _ _ _ _ _ _ _ _ _ _ _ _ _ _ _ _ _ _ _ _ _ _ _ 

self = &lt;selenium.webdriver.remote.errorhandler.ErrorHandler object at 0x7fe3552b2a30&gt;
response = {'status': 404, 'value': '{"value":{"error":"no such element","message":"no such element: Unable to locate element: {\...\\n#16 0x55622d6056b4 \\u003Cunknown&gt;\\n#17 0x55622d616143 \\u003Cunknown&gt;\\n#18 0x7f11069d5044 \\u003Cunknown&gt;\\n"}}'}

    def check_response(self, response: Dict[str, Any]) -&gt; None:
        """Checks that a JSON response from the WebDriver does not have an
        error.
    
        :Args:
         - response - The JSON response from the WebDriver server as a dictionary
           object.
    
        :Raises: If the response contains an error message.
        """
        status = response.get("status", None)
        if not status or status == ErrorCode.SUCCESS:
            return
        value = None
        message = response.get("message", "")
        screen: str = response.get("screen", "")
        stacktrace = None
        if isinstance(status, int):
            value_json = response.get("value", None)
            if value_json and isinstance(value_json, str):
                import json
    
                try:
                    value = json.loads(value_json)
                    if len(value) == 1:
                        value = value["value"]
                    status = value.get("error", None)
                    if not status:
                        status = value.get("status", ErrorCode.UNKNOWN_ERROR)
                        message = value.get("value") or value.get("message")
                        if not isinstance(message, str):
                            value = message
                            message = message.get("message")
                    else:
                        message = value.get("message", None)
                except ValueError:
                    pass
    
        exception_class: Type[WebDriverException]
        e = ErrorCode()
        error_codes = [item for item in dir(e) if not item.startswith("__")]
        for error_code in error_codes:
            error_info = getattr(ErrorCode, error_code)
            if isinstance(error_info, list) and status in error_info:
                exception_class = getattr(ExceptionMapping, error_code, WebDriverException)
                break
        else:
            exception_class = WebDriverException
    
        if not value:
            value = response["value"]
        if isinstance(value, str):
            raise exception_class(value)
        if message == "" and "message" in value:
            message = value["message"]
    
        screen = None  # type: ignore[assignment]
        if "screen" in value:
            screen = value["screen"]
    
        stacktrace = None
        st_value = value.get("stackTrace") or value.get("stacktrace")
        if st_value:
            if isinstance(st_value, str):
                stacktrace = st_value.split("\n")
            else:
                stacktrace = []
                try:
                    for frame in st_value:
                        line = frame.get("lineNumber", "")
                        file = frame.get("fileName", "&lt;anonymous&gt;")
                        if line:
                            file = f"{file}:{line}"
                        meth = frame.get("methodName", "&lt;anonymous&gt;")
                        if "className" in frame:
                            meth = f"{frame['className']}.{meth}"
                        msg = "    at %s (%s)"
                        msg = msg % (meth, file)
                        stacktrace.append(msg)
                except TypeError:
                    pass
        if exception_class == UnexpectedAlertPresentException:
            alert_text = None
            if "data" in value:
                alert_text = value["data"].get("text")
            elif "alert" in value:
                alert_text = value["alert"].get("text")
            raise exception_class(message, screen, stacktrace, alert_text)  # type: ignore[call-arg]  # mypy is not smart enough here
&gt;       raise exception_class(message, screen, stacktrace)
E       selenium.common.exceptions.NoSuchElementException: Message: no such element: Unable to locate element: {"method":"css selector","selector":"#username"}
E         (Session info: headless chrome=118.0.5993.88); For documentation on this error, please visit: https://www.selenium.dev/documentation/webdriver/troubleshooting/errors#no-such-element-exception
E       Stacktrace:
E       #0 0x55622d616fb3 &lt;unknown&gt;
E       #1 0x55622d2ea4a7 &lt;unknown&gt;
E       #2 0x55622d331dd6 &lt;unknown&gt;
E       #3 0x55622d331ec1 &lt;unknown&gt;
E       #4 0x55622d36f354 &lt;unknown&gt;
E       #5 0x55622d35396d &lt;unknown&gt;
E       #6 0x55622d36cc02 &lt;unknown&gt;
E       #7 0x55622d353713 &lt;unknown&gt;
E       #8 0x55622d32618b &lt;unknown&gt;
E       #9 0x55622d326f7e &lt;unknown&gt;
E       #10 0x55622d5dc8d8 &lt;unknown&gt;
E       #11 0x55622d5e0800 &lt;unknown&gt;
E       #12 0x55622d5eacfc &lt;unknown&gt;
E       #13 0x55622d5e1418 &lt;unknown&gt;
E       #14 0x55622d5ae42f &lt;unknown&gt;
E       #15 0x55622d6054e8 &lt;unknown&gt;
E       #16 0x55622d6056b4 &lt;unknown&gt;
E       #17 0x55622d616143 &lt;unknown&gt;
E       #18 0x7f11069d5044 &lt;unknown&gt;

/usr/local/lib/python3.9/site-packages/selenium/webdriver/remote/errorhandler.py:229: NoSuchElementException</failure></testcase><testcase classname="test_stroke_federation.TestStrokeMIP" name="test_data[https://stroke.hbpmip.link/]" time="20.078"><failure message="selenium.common.exceptions.NoSuchElementException: Message: no such element: Unable to locate element: {&quot;method&quot;:&quot;css selector&quot;,&quot;selector&quot;:&quot;#dropdown-basic&quot;}&#10;  (Session info: headless chrome=118.0.5993.88); For documentation on this error, please visit: https://www.selenium.dev/documentation/webdriver/troubleshooting/errors#no-such-element-exception&#10;Stacktrace:&#10;#0 0x55622d616fb3 &lt;unknown&gt;&#10;#1 0x55622d2ea4a7 &lt;unknown&gt;&#10;#2 0x55622d331dd6 &lt;unknown&gt;&#10;#3 0x55622d331ec1 &lt;unknown&gt;&#10;#4 0x55622d36f354 &lt;unknown&gt;&#10;#5 0x55622d35396d &lt;unknown&gt;&#10;#6 0x55622d36cc02 &lt;unknown&gt;&#10;#7 0x55622d353713 &lt;unknown&gt;&#10;#8 0x55622d32618b &lt;unknown&gt;&#10;#9 0x55622d326f7e &lt;unknown&gt;&#10;#10 0x55622d5dc8d8 &lt;unknown&gt;&#10;#11 0x55622d5e0800 &lt;unknown&gt;&#10;#12 0x55622d5eacfc &lt;unknown&gt;&#10;#13 0x55622d5e1418 &lt;unknown&gt;&#10;#14 0x55622d5ae42f &lt;unknown&gt;&#10;#15 0x55622d6054e8 &lt;unknown&gt;&#10;#16 0x55622d6056b4 &lt;unknown&gt;&#10;#17 0x55622d616143 &lt;unknown&gt;&#10;#18 0x7f11069d5044 &lt;unknown&gt;">self = &lt;test_stroke_federation.TestStrokeMIP object at 0x7fe356328820&gt;

    def test_data(self):
        """Integration tests (data) of the Stroke (FERES) MIP."""
        selenium_driver = self.driver
    
        # 1. Click 'Datasets'
&gt;       datasets = selenium_driver.find_element(By.CSS_SELECTOR, "#dropdown-basic")

test_stroke_federation.py:33: 
_ _ _ _ _ _ _ _ _ _ _ _ _ _ _ _ _ _ _ _ _ _ _ _ _ _ _ _ _ _ _ _ _ _ _ _ _ _ _ _ 
/usr/local/lib/python3.9/site-packages/selenium/webdriver/remote/webdriver.py:739: in find_element
    return self.execute(Command.FIND_ELEMENT, {"using": by, "value": value})["value"]
/usr/local/lib/python3.9/site-packages/selenium/webdriver/remote/webdriver.py:345: in execute
    self.error_handler.check_response(response)
_ _ _ _ _ _ _ _ _ _ _ _ _ _ _ _ _ _ _ _ _ _ _ _ _ _ _ _ _ _ _ _ _ _ _ _ _ _ _ _ 

self = &lt;selenium.webdriver.remote.errorhandler.ErrorHandler object at 0x7fe3552b2a30&gt;
response = {'status': 404, 'value': '{"value":{"error":"no such element","message":"no such element: Unable to locate element: {\...\\n#16 0x55622d6056b4 \\u003Cunknown&gt;\\n#17 0x55622d616143 \\u003Cunknown&gt;\\n#18 0x7f11069d5044 \\u003Cunknown&gt;\\n"}}'}

    def check_response(self, response: Dict[str, Any]) -&gt; None:
        """Checks that a JSON response from the WebDriver does not have an
        error.
    
        :Args:
         - response - The JSON response from the WebDriver server as a dictionary
           object.
    
        :Raises: If the response contains an error message.
        """
        status = response.get("status", None)
        if not status or status == ErrorCode.SUCCESS:
            return
        value = None
        message = response.get("message", "")
        screen: str = response.get("screen", "")
        stacktrace = None
        if isinstance(status, int):
            value_json = response.get("value", None)
            if value_json and isinstance(value_json, str):
                import json
    
                try:
                    value = json.loads(value_json)
                    if len(value) == 1:
                        value = value["value"]
                    status = value.get("error", None)
                    if not status:
                        status = value.get("status", ErrorCode.UNKNOWN_ERROR)
                        message = value.get("value") or value.get("message")
                        if not isinstance(message, str):
                            value = message
                            message = message.get("message")
                    else:
                        message = value.get("message", None)
                except ValueError:
                    pass
    
        exception_class: Type[WebDriverException]
        e = ErrorCode()
        error_codes = [item for item in dir(e) if not item.startswith("__")]
        for error_code in error_codes:
            error_info = getattr(ErrorCode, error_code)
            if isinstance(error_info, list) and status in error_info:
                exception_class = getattr(ExceptionMapping, error_code, WebDriverException)
                break
        else:
            exception_class = WebDriverException
    
        if not value:
            value = response["value"]
        if isinstance(value, str):
            raise exception_class(value)
        if message == "" and "message" in value:
            message = value["message"]
    
        screen = None  # type: ignore[assignment]
        if "screen" in value:
            screen = value["screen"]
    
        stacktrace = None
        st_value = value.get("stackTrace") or value.get("stacktrace")
        if st_value:
            if isinstance(st_value, str):
                stacktrace = st_value.split("\n")
            else:
                stacktrace = []
                try:
                    for frame in st_value:
                        line = frame.get("lineNumber", "")
                        file = frame.get("fileName", "&lt;anonymous&gt;")
                        if line:
                            file = f"{file}:{line}"
                        meth = frame.get("methodName", "&lt;anonymous&gt;")
                        if "className" in frame:
                            meth = f"{frame['className']}.{meth}"
                        msg = "    at %s (%s)"
                        msg = msg % (meth, file)
                        stacktrace.append(msg)
                except TypeError:
                    pass
        if exception_class == UnexpectedAlertPresentException:
            alert_text = None
            if "data" in value:
                alert_text = value["data"].get("text")
            elif "alert" in value:
                alert_text = value["alert"].get("text")
            raise exception_class(message, screen, stacktrace, alert_text)  # type: ignore[call-arg]  # mypy is not smart enough here
&gt;       raise exception_class(message, screen, stacktrace)
E       selenium.common.exceptions.NoSuchElementException: Message: no such element: Unable to locate element: {"method":"css selector","selector":"#dropdown-basic"}
E         (Session info: headless chrome=118.0.5993.88); For documentation on this error, please visit: https://www.selenium.dev/documentation/webdriver/troubleshooting/errors#no-such-element-exception
E       Stacktrace:
E       #0 0x55622d616fb3 &lt;unknown&gt;
E       #1 0x55622d2ea4a7 &lt;unknown&gt;
E       #2 0x55622d331dd6 &lt;unknown&gt;
E       #3 0x55622d331ec1 &lt;unknown&gt;
E       #4 0x55622d36f354 &lt;unknown&gt;
E       #5 0x55622d35396d &lt;unknown&gt;
E       #6 0x55622d36cc02 &lt;unknown&gt;
E       #7 0x55622d353713 &lt;unknown&gt;
E       #8 0x55622d32618b &lt;unknown&gt;
E       #9 0x55622d326f7e &lt;unknown&gt;
E       #10 0x55622d5dc8d8 &lt;unknown&gt;
E       #11 0x55622d5e0800 &lt;unknown&gt;
E       #12 0x55622d5eacfc &lt;unknown&gt;
E       #13 0x55622d5e1418 &lt;unknown&gt;
E       #14 0x55622d5ae42f &lt;unknown&gt;
E       #15 0x55622d6054e8 &lt;unknown&gt;
E       #16 0x55622d6056b4 &lt;unknown&gt;
E       #17 0x55622d616143 &lt;unknown&gt;
E       #18 0x7f11069d5044 &lt;unknown&gt;

/usr/local/lib/python3.9/site-packages/selenium/webdriver/remote/errorhandler.py:229: NoSuchElementException</failure></testcase></testsuite></testsuites>