<?xml version="1.0" encoding="utf-8"?><testsuites><testsuite name="pytest" errors="0" failures="4" skipped="0" tests="6" time="178.160" timestamp="2023-09-09T07:00:14.908408" hostname="48a472b356c1"><testcase classname="test_public_mip.TestPublicMIP" name="test_login_and_accept_terms[https://hbpmip.link/]" time="46.418" /><testcase classname="test_public_mip.TestPublicMIP" name="test_data[https://hbpmip.link/]" time="20.074"><failure message="selenium.common.exceptions.NoSuchElementException: Message: no such element: Unable to locate element: {&quot;method&quot;:&quot;xpath&quot;,&quot;selector&quot;:&quot;//div[@id='pathology-select']/div/button&quot;}&#10;  (Session info: headless chrome=116.0.5845.179); For documentation on this error, please visit: https://www.selenium.dev/documentation/webdriver/troubleshooting/errors#no-such-element-exception&#10;Stacktrace:&#10;#0 0x564c04065e23 &lt;unknown&gt;&#10;#1 0x564c03d8e7a7 &lt;unknown&gt;&#10;#2 0x564c03dcd1d3 &lt;unknown&gt;&#10;#3 0x564c03dcd2c1 &lt;unknown&gt;&#10;#4 0x564c03e08a04 &lt;unknown&gt;&#10;#5 0x564c03dee03d &lt;unknown&gt;&#10;#6 0x564c03e06369 &lt;unknown&gt;&#10;#7 0x564c03dedde3 &lt;unknown&gt;&#10;#8 0x564c03dc1a7b &lt;unknown&gt;&#10;#9 0x564c03dc281e &lt;unknown&gt;&#10;#10 0x564c04027638 &lt;unknown&gt;&#10;#11 0x564c0402b507 &lt;unknown&gt;&#10;#12 0x564c04035c4c &lt;unknown&gt;&#10;#13 0x564c0402c136 &lt;unknown&gt;&#10;#14 0x564c03ffa9cf &lt;unknown&gt;&#10;#15 0x564c0404fb98 &lt;unknown&gt;&#10;#16 0x564c0404fd68 &lt;unknown&gt;&#10;#17 0x564c0405ecb3 &lt;unknown&gt;&#10;#18 0x7fbe0c541044 &lt;unknown&gt;">self = &lt;test_public_mip.TestPublicMIP object at 0x7fd9cf18cdc0&gt;

    def test_data(self):
        """Integration tests (data) of the public MIP."""
&gt;       super().test_data()

test_public_mip.py:24: 
_ _ _ _ _ _ _ _ _ _ _ _ _ _ _ _ _ _ _ _ _ _ _ _ _ _ _ _ _ _ _ _ _ _ _ _ _ _ _ _ 
basetest.py:63: in test_data
    dementia = selenium_driver.find_element(
/usr/local/lib/python3.9/site-packages/selenium/webdriver/remote/webdriver.py:739: in find_element
    return self.execute(Command.FIND_ELEMENT, {"using": by, "value": value})["value"]
/usr/local/lib/python3.9/site-packages/selenium/webdriver/remote/webdriver.py:345: in execute
    self.error_handler.check_response(response)
_ _ _ _ _ _ _ _ _ _ _ _ _ _ _ _ _ _ _ _ _ _ _ _ _ _ _ _ _ _ _ _ _ _ _ _ _ _ _ _ 

self = &lt;selenium.webdriver.remote.errorhandler.ErrorHandler object at 0x7fd9cf18cb20&gt;
response = {'status': 404, 'value': '{"value":{"error":"no such element","message":"no such element: Unable to locate element: {\...\\n#16 0x564c0404fd68 \\u003Cunknown&gt;\\n#17 0x564c0405ecb3 \\u003Cunknown&gt;\\n#18 0x7fbe0c541044 \\u003Cunknown&gt;\\n"}}'}

    def check_response(self, response: Dict[str, Any]) -&gt; None:
        """Checks that a JSON response from the WebDriver does not have an
        error.
    
        :Args:
         - response - The JSON response from the WebDriver server as a dictionary
           object.
    
        :Raises: If the response contains an error message.
        """
        status = response.get("status", None)
        if not status or status == ErrorCode.SUCCESS:
            return
        value = None
        message = response.get("message", "")
        screen: str = response.get("screen", "")
        stacktrace = None
        if isinstance(status, int):
            value_json = response.get("value", None)
            if value_json and isinstance(value_json, str):
                import json
    
                try:
                    value = json.loads(value_json)
                    if len(value) == 1:
                        value = value["value"]
                    status = value.get("error", None)
                    if not status:
                        status = value.get("status", ErrorCode.UNKNOWN_ERROR)
                        message = value.get("value") or value.get("message")
                        if not isinstance(message, str):
                            value = message
                            message = message.get("message")
                    else:
                        message = value.get("message", None)
                except ValueError:
                    pass
    
        exception_class: Type[WebDriverException]
        e = ErrorCode()
        error_codes = [item for item in dir(e) if not item.startswith("__")]
        for error_code in error_codes:
            error_info = getattr(ErrorCode, error_code)
            if isinstance(error_info, list) and status in error_info:
                exception_class = getattr(ExceptionMapping, error_code, WebDriverException)
                break
        else:
            exception_class = WebDriverException
    
        if not value:
            value = response["value"]
        if isinstance(value, str):
            raise exception_class(value)
        if message == "" and "message" in value:
            message = value["message"]
    
        screen = None  # type: ignore[assignment]
        if "screen" in value:
            screen = value["screen"]
    
        stacktrace = None
        st_value = value.get("stackTrace") or value.get("stacktrace")
        if st_value:
            if isinstance(st_value, str):
                stacktrace = st_value.split("\n")
            else:
                stacktrace = []
                try:
                    for frame in st_value:
                        line = frame.get("lineNumber", "")
                        file = frame.get("fileName", "&lt;anonymous&gt;")
                        if line:
                            file = f"{file}:{line}"
                        meth = frame.get("methodName", "&lt;anonymous&gt;")
                        if "className" in frame:
                            meth = f"{frame['className']}.{meth}"
                        msg = "    at %s (%s)"
                        msg = msg % (meth, file)
                        stacktrace.append(msg)
                except TypeError:
                    pass
        if exception_class == UnexpectedAlertPresentException:
            alert_text = None
            if "data" in value:
                alert_text = value["data"].get("text")
            elif "alert" in value:
                alert_text = value["alert"].get("text")
            raise exception_class(message, screen, stacktrace, alert_text)  # type: ignore[call-arg]  # mypy is not smart enough here
&gt;       raise exception_class(message, screen, stacktrace)
E       selenium.common.exceptions.NoSuchElementException: Message: no such element: Unable to locate element: {"method":"xpath","selector":"//div[@id='pathology-select']/div/button"}
E         (Session info: headless chrome=116.0.5845.179); For documentation on this error, please visit: https://www.selenium.dev/documentation/webdriver/troubleshooting/errors#no-such-element-exception
E       Stacktrace:
E       #0 0x564c04065e23 &lt;unknown&gt;
E       #1 0x564c03d8e7a7 &lt;unknown&gt;
E       #2 0x564c03dcd1d3 &lt;unknown&gt;
E       #3 0x564c03dcd2c1 &lt;unknown&gt;
E       #4 0x564c03e08a04 &lt;unknown&gt;
E       #5 0x564c03dee03d &lt;unknown&gt;
E       #6 0x564c03e06369 &lt;unknown&gt;
E       #7 0x564c03dedde3 &lt;unknown&gt;
E       #8 0x564c03dc1a7b &lt;unknown&gt;
E       #9 0x564c03dc281e &lt;unknown&gt;
E       #10 0x564c04027638 &lt;unknown&gt;
E       #11 0x564c0402b507 &lt;unknown&gt;
E       #12 0x564c04035c4c &lt;unknown&gt;
E       #13 0x564c0402c136 &lt;unknown&gt;
E       #14 0x564c03ffa9cf &lt;unknown&gt;
E       #15 0x564c0404fb98 &lt;unknown&gt;
E       #16 0x564c0404fd68 &lt;unknown&gt;
E       #17 0x564c0405ecb3 &lt;unknown&gt;
E       #18 0x7fbe0c541044 &lt;unknown&gt;

/usr/local/lib/python3.9/site-packages/selenium/webdriver/remote/errorhandler.py:229: NoSuchElementException</failure></testcase><testcase classname="test_qa_federation.TestMIPQAFederation" name="test_login_and_accept_terms[https://qa.hbpmip.link/]" time="23.108"><failure message="selenium.common.exceptions.NoSuchElementException: Message: no such element: Unable to locate element: {&quot;method&quot;:&quot;css selector&quot;,&quot;selector&quot;:&quot;#username&quot;}&#10;  (Session info: headless chrome=116.0.5845.179); For documentation on this error, please visit: https://www.selenium.dev/documentation/webdriver/troubleshooting/errors#no-such-element-exception&#10;Stacktrace:&#10;#0 0x5598fa6b9e23 &lt;unknown&gt;&#10;#1 0x5598fa3e27a7 &lt;unknown&gt;&#10;#2 0x5598fa4211d3 &lt;unknown&gt;&#10;#3 0x5598fa4212c1 &lt;unknown&gt;&#10;#4 0x5598fa45ca04 &lt;unknown&gt;&#10;#5 0x5598fa44203d &lt;unknown&gt;&#10;#6 0x5598fa45a369 &lt;unknown&gt;&#10;#7 0x5598fa441de3 &lt;unknown&gt;&#10;#8 0x5598fa415a7b &lt;unknown&gt;&#10;#9 0x5598fa41681e &lt;unknown&gt;&#10;#10 0x5598fa67b638 &lt;unknown&gt;&#10;#11 0x5598fa67f507 &lt;unknown&gt;&#10;#12 0x5598fa689c4c &lt;unknown&gt;&#10;#13 0x5598fa680136 &lt;unknown&gt;&#10;#14 0x5598fa64e9cf &lt;unknown&gt;&#10;#15 0x5598fa6a3b98 &lt;unknown&gt;&#10;#16 0x5598fa6a3d68 &lt;unknown&gt;&#10;#17 0x5598fa6b2cb3 &lt;unknown&gt;&#10;#18 0x7fdbb5149044 &lt;unknown&gt;">self = &lt;test_qa_federation.TestMIPQAFederation object at 0x7fd9cf125280&gt;

    def test_login_and_accept_terms(self):
        """Test login and accept terms on the MIP QA Federation."""
&gt;       super().test_login_and_accept_terms()

test_qa_federation.py:20: 
_ _ _ _ _ _ _ _ _ _ _ _ _ _ _ _ _ _ _ _ _ _ _ _ _ _ _ _ _ _ _ _ _ _ _ _ _ _ _ _ 
basetest.py:18: in test_login_and_accept_terms
    username = selenium_driver.find_element(By.CSS_SELECTOR, "#username")
/usr/local/lib/python3.9/site-packages/selenium/webdriver/remote/webdriver.py:739: in find_element
    return self.execute(Command.FIND_ELEMENT, {"using": by, "value": value})["value"]
/usr/local/lib/python3.9/site-packages/selenium/webdriver/remote/webdriver.py:345: in execute
    self.error_handler.check_response(response)
_ _ _ _ _ _ _ _ _ _ _ _ _ _ _ _ _ _ _ _ _ _ _ _ _ _ _ _ _ _ _ _ _ _ _ _ _ _ _ _ 

self = &lt;selenium.webdriver.remote.errorhandler.ErrorHandler object at 0x7fd9cf125400&gt;
response = {'status': 404, 'value': '{"value":{"error":"no such element","message":"no such element: Unable to locate element: {\...\\n#16 0x5598fa6a3d68 \\u003Cunknown&gt;\\n#17 0x5598fa6b2cb3 \\u003Cunknown&gt;\\n#18 0x7fdbb5149044 \\u003Cunknown&gt;\\n"}}'}

    def check_response(self, response: Dict[str, Any]) -&gt; None:
        """Checks that a JSON response from the WebDriver does not have an
        error.
    
        :Args:
         - response - The JSON response from the WebDriver server as a dictionary
           object.
    
        :Raises: If the response contains an error message.
        """
        status = response.get("status", None)
        if not status or status == ErrorCode.SUCCESS:
            return
        value = None
        message = response.get("message", "")
        screen: str = response.get("screen", "")
        stacktrace = None
        if isinstance(status, int):
            value_json = response.get("value", None)
            if value_json and isinstance(value_json, str):
                import json
    
                try:
                    value = json.loads(value_json)
                    if len(value) == 1:
                        value = value["value"]
                    status = value.get("error", None)
                    if not status:
                        status = value.get("status", ErrorCode.UNKNOWN_ERROR)
                        message = value.get("value") or value.get("message")
                        if not isinstance(message, str):
                            value = message
                            message = message.get("message")
                    else:
                        message = value.get("message", None)
                except ValueError:
                    pass
    
        exception_class: Type[WebDriverException]
        e = ErrorCode()
        error_codes = [item for item in dir(e) if not item.startswith("__")]
        for error_code in error_codes:
            error_info = getattr(ErrorCode, error_code)
            if isinstance(error_info, list) and status in error_info:
                exception_class = getattr(ExceptionMapping, error_code, WebDriverException)
                break
        else:
            exception_class = WebDriverException
    
        if not value:
            value = response["value"]
        if isinstance(value, str):
            raise exception_class(value)
        if message == "" and "message" in value:
            message = value["message"]
    
        screen = None  # type: ignore[assignment]
        if "screen" in value:
            screen = value["screen"]
    
        stacktrace = None
        st_value = value.get("stackTrace") or value.get("stacktrace")
        if st_value:
            if isinstance(st_value, str):
                stacktrace = st_value.split("\n")
            else:
                stacktrace = []
                try:
                    for frame in st_value:
                        line = frame.get("lineNumber", "")
                        file = frame.get("fileName", "&lt;anonymous&gt;")
                        if line:
                            file = f"{file}:{line}"
                        meth = frame.get("methodName", "&lt;anonymous&gt;")
                        if "className" in frame:
                            meth = f"{frame['className']}.{meth}"
                        msg = "    at %s (%s)"
                        msg = msg % (meth, file)
                        stacktrace.append(msg)
                except TypeError:
                    pass
        if exception_class == UnexpectedAlertPresentException:
            alert_text = None
            if "data" in value:
                alert_text = value["data"].get("text")
            elif "alert" in value:
                alert_text = value["alert"].get("text")
            raise exception_class(message, screen, stacktrace, alert_text)  # type: ignore[call-arg]  # mypy is not smart enough here
&gt;       raise exception_class(message, screen, stacktrace)
E       selenium.common.exceptions.NoSuchElementException: Message: no such element: Unable to locate element: {"method":"css selector","selector":"#username"}
E         (Session info: headless chrome=116.0.5845.179); For documentation on this error, please visit: https://www.selenium.dev/documentation/webdriver/troubleshooting/errors#no-such-element-exception
E       Stacktrace:
E       #0 0x5598fa6b9e23 &lt;unknown&gt;
E       #1 0x5598fa3e27a7 &lt;unknown&gt;
E       #2 0x5598fa4211d3 &lt;unknown&gt;
E       #3 0x5598fa4212c1 &lt;unknown&gt;
E       #4 0x5598fa45ca04 &lt;unknown&gt;
E       #5 0x5598fa44203d &lt;unknown&gt;
E       #6 0x5598fa45a369 &lt;unknown&gt;
E       #7 0x5598fa441de3 &lt;unknown&gt;
E       #8 0x5598fa415a7b &lt;unknown&gt;
E       #9 0x5598fa41681e &lt;unknown&gt;
E       #10 0x5598fa67b638 &lt;unknown&gt;
E       #11 0x5598fa67f507 &lt;unknown&gt;
E       #12 0x5598fa689c4c &lt;unknown&gt;
E       #13 0x5598fa680136 &lt;unknown&gt;
E       #14 0x5598fa64e9cf &lt;unknown&gt;
E       #15 0x5598fa6a3b98 &lt;unknown&gt;
E       #16 0x5598fa6a3d68 &lt;unknown&gt;
E       #17 0x5598fa6b2cb3 &lt;unknown&gt;
E       #18 0x7fdbb5149044 &lt;unknown&gt;

/usr/local/lib/python3.9/site-packages/selenium/webdriver/remote/errorhandler.py:229: NoSuchElementException</failure></testcase><testcase classname="test_qa_federation.TestMIPQAFederation" name="test_data[https://qa.hbpmip.link/]" time="20.119"><failure message="selenium.common.exceptions.NoSuchElementException: Message: no such element: Unable to locate element: {&quot;method&quot;:&quot;xpath&quot;,&quot;selector&quot;:&quot;//div[@id='pathology-select']/div/button&quot;}&#10;  (Session info: headless chrome=116.0.5845.179); For documentation on this error, please visit: https://www.selenium.dev/documentation/webdriver/troubleshooting/errors#no-such-element-exception&#10;Stacktrace:&#10;#0 0x5598fa6b9e23 &lt;unknown&gt;&#10;#1 0x5598fa3e27a7 &lt;unknown&gt;&#10;#2 0x5598fa4211d3 &lt;unknown&gt;&#10;#3 0x5598fa4212c1 &lt;unknown&gt;&#10;#4 0x5598fa45ca04 &lt;unknown&gt;&#10;#5 0x5598fa44203d &lt;unknown&gt;&#10;#6 0x5598fa45a369 &lt;unknown&gt;&#10;#7 0x5598fa441de3 &lt;unknown&gt;&#10;#8 0x5598fa415a7b &lt;unknown&gt;&#10;#9 0x5598fa41681e &lt;unknown&gt;&#10;#10 0x5598fa67b638 &lt;unknown&gt;&#10;#11 0x5598fa67f507 &lt;unknown&gt;&#10;#12 0x5598fa689c4c &lt;unknown&gt;&#10;#13 0x5598fa680136 &lt;unknown&gt;&#10;#14 0x5598fa64e9cf &lt;unknown&gt;&#10;#15 0x5598fa6a3b98 &lt;unknown&gt;&#10;#16 0x5598fa6a3d68 &lt;unknown&gt;&#10;#17 0x5598fa6b2cb3 &lt;unknown&gt;&#10;#18 0x7fdbb5149044 &lt;unknown&gt;">self = &lt;test_qa_federation.TestMIPQAFederation object at 0x7fd9cf125130&gt;

    def test_data(self):
        """Integration tests (data) of the MIP QA Federation."""
&gt;       super().test_data()

test_qa_federation.py:24: 
_ _ _ _ _ _ _ _ _ _ _ _ _ _ _ _ _ _ _ _ _ _ _ _ _ _ _ _ _ _ _ _ _ _ _ _ _ _ _ _ 
basetest.py:63: in test_data
    dementia = selenium_driver.find_element(
/usr/local/lib/python3.9/site-packages/selenium/webdriver/remote/webdriver.py:739: in find_element
    return self.execute(Command.FIND_ELEMENT, {"using": by, "value": value})["value"]
/usr/local/lib/python3.9/site-packages/selenium/webdriver/remote/webdriver.py:345: in execute
    self.error_handler.check_response(response)
_ _ _ _ _ _ _ _ _ _ _ _ _ _ _ _ _ _ _ _ _ _ _ _ _ _ _ _ _ _ _ _ _ _ _ _ _ _ _ _ 

self = &lt;selenium.webdriver.remote.errorhandler.ErrorHandler object at 0x7fd9cf125400&gt;
response = {'status': 404, 'value': '{"value":{"error":"no such element","message":"no such element: Unable to locate element: {\...\\n#16 0x5598fa6a3d68 \\u003Cunknown&gt;\\n#17 0x5598fa6b2cb3 \\u003Cunknown&gt;\\n#18 0x7fdbb5149044 \\u003Cunknown&gt;\\n"}}'}

    def check_response(self, response: Dict[str, Any]) -&gt; None:
        """Checks that a JSON response from the WebDriver does not have an
        error.
    
        :Args:
         - response - The JSON response from the WebDriver server as a dictionary
           object.
    
        :Raises: If the response contains an error message.
        """
        status = response.get("status", None)
        if not status or status == ErrorCode.SUCCESS:
            return
        value = None
        message = response.get("message", "")
        screen: str = response.get("screen", "")
        stacktrace = None
        if isinstance(status, int):
            value_json = response.get("value", None)
            if value_json and isinstance(value_json, str):
                import json
    
                try:
                    value = json.loads(value_json)
                    if len(value) == 1:
                        value = value["value"]
                    status = value.get("error", None)
                    if not status:
                        status = value.get("status", ErrorCode.UNKNOWN_ERROR)
                        message = value.get("value") or value.get("message")
                        if not isinstance(message, str):
                            value = message
                            message = message.get("message")
                    else:
                        message = value.get("message", None)
                except ValueError:
                    pass
    
        exception_class: Type[WebDriverException]
        e = ErrorCode()
        error_codes = [item for item in dir(e) if not item.startswith("__")]
        for error_code in error_codes:
            error_info = getattr(ErrorCode, error_code)
            if isinstance(error_info, list) and status in error_info:
                exception_class = getattr(ExceptionMapping, error_code, WebDriverException)
                break
        else:
            exception_class = WebDriverException
    
        if not value:
            value = response["value"]
        if isinstance(value, str):
            raise exception_class(value)
        if message == "" and "message" in value:
            message = value["message"]
    
        screen = None  # type: ignore[assignment]
        if "screen" in value:
            screen = value["screen"]
    
        stacktrace = None
        st_value = value.get("stackTrace") or value.get("stacktrace")
        if st_value:
            if isinstance(st_value, str):
                stacktrace = st_value.split("\n")
            else:
                stacktrace = []
                try:
                    for frame in st_value:
                        line = frame.get("lineNumber", "")
                        file = frame.get("fileName", "&lt;anonymous&gt;")
                        if line:
                            file = f"{file}:{line}"
                        meth = frame.get("methodName", "&lt;anonymous&gt;")
                        if "className" in frame:
                            meth = f"{frame['className']}.{meth}"
                        msg = "    at %s (%s)"
                        msg = msg % (meth, file)
                        stacktrace.append(msg)
                except TypeError:
                    pass
        if exception_class == UnexpectedAlertPresentException:
            alert_text = None
            if "data" in value:
                alert_text = value["data"].get("text")
            elif "alert" in value:
                alert_text = value["alert"].get("text")
            raise exception_class(message, screen, stacktrace, alert_text)  # type: ignore[call-arg]  # mypy is not smart enough here
&gt;       raise exception_class(message, screen, stacktrace)
E       selenium.common.exceptions.NoSuchElementException: Message: no such element: Unable to locate element: {"method":"xpath","selector":"//div[@id='pathology-select']/div/button"}
E         (Session info: headless chrome=116.0.5845.179); For documentation on this error, please visit: https://www.selenium.dev/documentation/webdriver/troubleshooting/errors#no-such-element-exception
E       Stacktrace:
E       #0 0x5598fa6b9e23 &lt;unknown&gt;
E       #1 0x5598fa3e27a7 &lt;unknown&gt;
E       #2 0x5598fa4211d3 &lt;unknown&gt;
E       #3 0x5598fa4212c1 &lt;unknown&gt;
E       #4 0x5598fa45ca04 &lt;unknown&gt;
E       #5 0x5598fa44203d &lt;unknown&gt;
E       #6 0x5598fa45a369 &lt;unknown&gt;
E       #7 0x5598fa441de3 &lt;unknown&gt;
E       #8 0x5598fa415a7b &lt;unknown&gt;
E       #9 0x5598fa41681e &lt;unknown&gt;
E       #10 0x5598fa67b638 &lt;unknown&gt;
E       #11 0x5598fa67f507 &lt;unknown&gt;
E       #12 0x5598fa689c4c &lt;unknown&gt;
E       #13 0x5598fa680136 &lt;unknown&gt;
E       #14 0x5598fa64e9cf &lt;unknown&gt;
E       #15 0x5598fa6a3b98 &lt;unknown&gt;
E       #16 0x5598fa6a3d68 &lt;unknown&gt;
E       #17 0x5598fa6b2cb3 &lt;unknown&gt;
E       #18 0x7fdbb5149044 &lt;unknown&gt;

/usr/local/lib/python3.9/site-packages/selenium/webdriver/remote/errorhandler.py:229: NoSuchElementException</failure></testcase><testcase classname="test_stroke_federation.TestStrokeMIP" name="test_login_and_accept_terms[https://stroke.hbpmip.link/]" time="45.891" /><testcase classname="test_stroke_federation.TestStrokeMIP" name="test_data[https://stroke.hbpmip.link/]" time="20.101"><failure message="selenium.common.exceptions.NoSuchElementException: Message: no such element: Unable to locate element: {&quot;method&quot;:&quot;css selector&quot;,&quot;selector&quot;:&quot;#dropdown-basic&quot;}&#10;  (Session info: headless chrome=116.0.5845.179); For documentation on this error, please visit: https://www.selenium.dev/documentation/webdriver/troubleshooting/errors#no-such-element-exception&#10;Stacktrace:&#10;#0 0x55883edd3e23 &lt;unknown&gt;&#10;#1 0x55883eafc7a7 &lt;unknown&gt;&#10;#2 0x55883eb3b1d3 &lt;unknown&gt;&#10;#3 0x55883eb3b2c1 &lt;unknown&gt;&#10;#4 0x55883eb76a04 &lt;unknown&gt;&#10;#5 0x55883eb5c03d &lt;unknown&gt;&#10;#6 0x55883eb74369 &lt;unknown&gt;&#10;#7 0x55883eb5bde3 &lt;unknown&gt;&#10;#8 0x55883eb2fa7b &lt;unknown&gt;&#10;#9 0x55883eb3081e &lt;unknown&gt;&#10;#10 0x55883ed95638 &lt;unknown&gt;&#10;#11 0x55883ed99507 &lt;unknown&gt;&#10;#12 0x55883eda3c4c &lt;unknown&gt;&#10;#13 0x55883ed9a136 &lt;unknown&gt;&#10;#14 0x55883ed689cf &lt;unknown&gt;&#10;#15 0x55883edbdb98 &lt;unknown&gt;&#10;#16 0x55883edbdd68 &lt;unknown&gt;&#10;#17 0x55883edcccb3 &lt;unknown&gt;&#10;#18 0x7f30b4756044 &lt;unknown&gt;">self = &lt;test_stroke_federation.TestStrokeMIP object at 0x7fd9cf18cac0&gt;

    def test_data(self):
        """Integration tests (data) of the Stroke (FERES) MIP."""
        selenium_driver = self.driver
    
        # 1. Click 'Datasets'
&gt;       datasets = selenium_driver.find_element(By.CSS_SELECTOR, "#dropdown-basic")

test_stroke_federation.py:33: 
_ _ _ _ _ _ _ _ _ _ _ _ _ _ _ _ _ _ _ _ _ _ _ _ _ _ _ _ _ _ _ _ _ _ _ _ _ _ _ _ 
/usr/local/lib/python3.9/site-packages/selenium/webdriver/remote/webdriver.py:739: in find_element
    return self.execute(Command.FIND_ELEMENT, {"using": by, "value": value})["value"]
/usr/local/lib/python3.9/site-packages/selenium/webdriver/remote/webdriver.py:345: in execute
    self.error_handler.check_response(response)
_ _ _ _ _ _ _ _ _ _ _ _ _ _ _ _ _ _ _ _ _ _ _ _ _ _ _ _ _ _ _ _ _ _ _ _ _ _ _ _ 

self = &lt;selenium.webdriver.remote.errorhandler.ErrorHandler object at 0x7fd9cf11a5e0&gt;
response = {'status': 404, 'value': '{"value":{"error":"no such element","message":"no such element: Unable to locate element: {\...\\n#16 0x55883edbdd68 \\u003Cunknown&gt;\\n#17 0x55883edcccb3 \\u003Cunknown&gt;\\n#18 0x7f30b4756044 \\u003Cunknown&gt;\\n"}}'}

    def check_response(self, response: Dict[str, Any]) -&gt; None:
        """Checks that a JSON response from the WebDriver does not have an
        error.
    
        :Args:
         - response - The JSON response from the WebDriver server as a dictionary
           object.
    
        :Raises: If the response contains an error message.
        """
        status = response.get("status", None)
        if not status or status == ErrorCode.SUCCESS:
            return
        value = None
        message = response.get("message", "")
        screen: str = response.get("screen", "")
        stacktrace = None
        if isinstance(status, int):
            value_json = response.get("value", None)
            if value_json and isinstance(value_json, str):
                import json
    
                try:
                    value = json.loads(value_json)
                    if len(value) == 1:
                        value = value["value"]
                    status = value.get("error", None)
                    if not status:
                        status = value.get("status", ErrorCode.UNKNOWN_ERROR)
                        message = value.get("value") or value.get("message")
                        if not isinstance(message, str):
                            value = message
                            message = message.get("message")
                    else:
                        message = value.get("message", None)
                except ValueError:
                    pass
    
        exception_class: Type[WebDriverException]
        e = ErrorCode()
        error_codes = [item for item in dir(e) if not item.startswith("__")]
        for error_code in error_codes:
            error_info = getattr(ErrorCode, error_code)
            if isinstance(error_info, list) and status in error_info:
                exception_class = getattr(ExceptionMapping, error_code, WebDriverException)
                break
        else:
            exception_class = WebDriverException
    
        if not value:
            value = response["value"]
        if isinstance(value, str):
            raise exception_class(value)
        if message == "" and "message" in value:
            message = value["message"]
    
        screen = None  # type: ignore[assignment]
        if "screen" in value:
            screen = value["screen"]
    
        stacktrace = None
        st_value = value.get("stackTrace") or value.get("stacktrace")
        if st_value:
            if isinstance(st_value, str):
                stacktrace = st_value.split("\n")
            else:
                stacktrace = []
                try:
                    for frame in st_value:
                        line = frame.get("lineNumber", "")
                        file = frame.get("fileName", "&lt;anonymous&gt;")
                        if line:
                            file = f"{file}:{line}"
                        meth = frame.get("methodName", "&lt;anonymous&gt;")
                        if "className" in frame:
                            meth = f"{frame['className']}.{meth}"
                        msg = "    at %s (%s)"
                        msg = msg % (meth, file)
                        stacktrace.append(msg)
                except TypeError:
                    pass
        if exception_class == UnexpectedAlertPresentException:
            alert_text = None
            if "data" in value:
                alert_text = value["data"].get("text")
            elif "alert" in value:
                alert_text = value["alert"].get("text")
            raise exception_class(message, screen, stacktrace, alert_text)  # type: ignore[call-arg]  # mypy is not smart enough here
&gt;       raise exception_class(message, screen, stacktrace)
E       selenium.common.exceptions.NoSuchElementException: Message: no such element: Unable to locate element: {"method":"css selector","selector":"#dropdown-basic"}
E         (Session info: headless chrome=116.0.5845.179); For documentation on this error, please visit: https://www.selenium.dev/documentation/webdriver/troubleshooting/errors#no-such-element-exception
E       Stacktrace:
E       #0 0x55883edd3e23 &lt;unknown&gt;
E       #1 0x55883eafc7a7 &lt;unknown&gt;
E       #2 0x55883eb3b1d3 &lt;unknown&gt;
E       #3 0x55883eb3b2c1 &lt;unknown&gt;
E       #4 0x55883eb76a04 &lt;unknown&gt;
E       #5 0x55883eb5c03d &lt;unknown&gt;
E       #6 0x55883eb74369 &lt;unknown&gt;
E       #7 0x55883eb5bde3 &lt;unknown&gt;
E       #8 0x55883eb2fa7b &lt;unknown&gt;
E       #9 0x55883eb3081e &lt;unknown&gt;
E       #10 0x55883ed95638 &lt;unknown&gt;
E       #11 0x55883ed99507 &lt;unknown&gt;
E       #12 0x55883eda3c4c &lt;unknown&gt;
E       #13 0x55883ed9a136 &lt;unknown&gt;
E       #14 0x55883ed689cf &lt;unknown&gt;
E       #15 0x55883edbdb98 &lt;unknown&gt;
E       #16 0x55883edbdd68 &lt;unknown&gt;
E       #17 0x55883edcccb3 &lt;unknown&gt;
E       #18 0x7f30b4756044 &lt;unknown&gt;

/usr/local/lib/python3.9/site-packages/selenium/webdriver/remote/errorhandler.py:229: NoSuchElementException</failure></testcase></testsuite></testsuites>