<?xml version="1.0" encoding="utf-8"?><testsuites><testsuite name="pytest" errors="0" failures="3" skipped="0" tests="6" time="200.820" timestamp="2023-09-16T06:59:45.729067" hostname="1e29a4e7938f"><testcase classname="test_public_mip.TestPublicMIP" name="test_login_and_accept_terms[https://hbpmip.link/]" time="47.473" /><testcase classname="test_public_mip.TestPublicMIP" name="test_data[https://hbpmip.link/]" time="20.095"><failure message="selenium.common.exceptions.NoSuchElementException: Message: no such element: Unable to locate element: {&quot;method&quot;:&quot;xpath&quot;,&quot;selector&quot;:&quot;//div[@id='pathology-select']/div/button&quot;}&#10;  (Session info: headless chrome=116.0.5845.179); For documentation on this error, please visit: https://www.selenium.dev/documentation/webdriver/troubleshooting/errors#no-such-element-exception&#10;Stacktrace:&#10;#0 0x5653c4ad0e23 &lt;unknown&gt;&#10;#1 0x5653c47f97a7 &lt;unknown&gt;&#10;#2 0x5653c48381d3 &lt;unknown&gt;&#10;#3 0x5653c48382c1 &lt;unknown&gt;&#10;#4 0x5653c4873a04 &lt;unknown&gt;&#10;#5 0x5653c485903d &lt;unknown&gt;&#10;#6 0x5653c4871369 &lt;unknown&gt;&#10;#7 0x5653c4858de3 &lt;unknown&gt;&#10;#8 0x5653c482ca7b &lt;unknown&gt;&#10;#9 0x5653c482d81e &lt;unknown&gt;&#10;#10 0x5653c4a92638 &lt;unknown&gt;&#10;#11 0x5653c4a96507 &lt;unknown&gt;&#10;#12 0x5653c4aa0c4c &lt;unknown&gt;&#10;#13 0x5653c4a97136 &lt;unknown&gt;&#10;#14 0x5653c4a659cf &lt;unknown&gt;&#10;#15 0x5653c4abab98 &lt;unknown&gt;&#10;#16 0x5653c4abad68 &lt;unknown&gt;&#10;#17 0x5653c4ac9cb3 &lt;unknown&gt;&#10;#18 0x7f07ddc9c044 &lt;unknown&gt;">self = &lt;test_public_mip.TestPublicMIP object at 0x7f414323cdf0&gt;

    def test_data(self):
        """Integration tests (data) of the public MIP."""
&gt;       super().test_data()

test_public_mip.py:24: 
_ _ _ _ _ _ _ _ _ _ _ _ _ _ _ _ _ _ _ _ _ _ _ _ _ _ _ _ _ _ _ _ _ _ _ _ _ _ _ _ 
basetest.py:63: in test_data
    dementia = selenium_driver.find_element(
/usr/local/lib/python3.9/site-packages/selenium/webdriver/remote/webdriver.py:739: in find_element
    return self.execute(Command.FIND_ELEMENT, {"using": by, "value": value})["value"]
/usr/local/lib/python3.9/site-packages/selenium/webdriver/remote/webdriver.py:345: in execute
    self.error_handler.check_response(response)
_ _ _ _ _ _ _ _ _ _ _ _ _ _ _ _ _ _ _ _ _ _ _ _ _ _ _ _ _ _ _ _ _ _ _ _ _ _ _ _ 

self = &lt;selenium.webdriver.remote.errorhandler.ErrorHandler object at 0x7f41431f94c0&gt;
response = {'status': 404, 'value': '{"value":{"error":"no such element","message":"no such element: Unable to locate element: {\...\\n#16 0x5653c4abad68 \\u003Cunknown&gt;\\n#17 0x5653c4ac9cb3 \\u003Cunknown&gt;\\n#18 0x7f07ddc9c044 \\u003Cunknown&gt;\\n"}}'}

    def check_response(self, response: Dict[str, Any]) -&gt; None:
        """Checks that a JSON response from the WebDriver does not have an
        error.
    
        :Args:
         - response - The JSON response from the WebDriver server as a dictionary
           object.
    
        :Raises: If the response contains an error message.
        """
        status = response.get("status", None)
        if not status or status == ErrorCode.SUCCESS:
            return
        value = None
        message = response.get("message", "")
        screen: str = response.get("screen", "")
        stacktrace = None
        if isinstance(status, int):
            value_json = response.get("value", None)
            if value_json and isinstance(value_json, str):
                import json
    
                try:
                    value = json.loads(value_json)
                    if len(value) == 1:
                        value = value["value"]
                    status = value.get("error", None)
                    if not status:
                        status = value.get("status", ErrorCode.UNKNOWN_ERROR)
                        message = value.get("value") or value.get("message")
                        if not isinstance(message, str):
                            value = message
                            message = message.get("message")
                    else:
                        message = value.get("message", None)
                except ValueError:
                    pass
    
        exception_class: Type[WebDriverException]
        e = ErrorCode()
        error_codes = [item for item in dir(e) if not item.startswith("__")]
        for error_code in error_codes:
            error_info = getattr(ErrorCode, error_code)
            if isinstance(error_info, list) and status in error_info:
                exception_class = getattr(ExceptionMapping, error_code, WebDriverException)
                break
        else:
            exception_class = WebDriverException
    
        if not value:
            value = response["value"]
        if isinstance(value, str):
            raise exception_class(value)
        if message == "" and "message" in value:
            message = value["message"]
    
        screen = None  # type: ignore[assignment]
        if "screen" in value:
            screen = value["screen"]
    
        stacktrace = None
        st_value = value.get("stackTrace") or value.get("stacktrace")
        if st_value:
            if isinstance(st_value, str):
                stacktrace = st_value.split("\n")
            else:
                stacktrace = []
                try:
                    for frame in st_value:
                        line = frame.get("lineNumber", "")
                        file = frame.get("fileName", "&lt;anonymous&gt;")
                        if line:
                            file = f"{file}:{line}"
                        meth = frame.get("methodName", "&lt;anonymous&gt;")
                        if "className" in frame:
                            meth = f"{frame['className']}.{meth}"
                        msg = "    at %s (%s)"
                        msg = msg % (meth, file)
                        stacktrace.append(msg)
                except TypeError:
                    pass
        if exception_class == UnexpectedAlertPresentException:
            alert_text = None
            if "data" in value:
                alert_text = value["data"].get("text")
            elif "alert" in value:
                alert_text = value["alert"].get("text")
            raise exception_class(message, screen, stacktrace, alert_text)  # type: ignore[call-arg]  # mypy is not smart enough here
&gt;       raise exception_class(message, screen, stacktrace)
E       selenium.common.exceptions.NoSuchElementException: Message: no such element: Unable to locate element: {"method":"xpath","selector":"//div[@id='pathology-select']/div/button"}
E         (Session info: headless chrome=116.0.5845.179); For documentation on this error, please visit: https://www.selenium.dev/documentation/webdriver/troubleshooting/errors#no-such-element-exception
E       Stacktrace:
E       #0 0x5653c4ad0e23 &lt;unknown&gt;
E       #1 0x5653c47f97a7 &lt;unknown&gt;
E       #2 0x5653c48381d3 &lt;unknown&gt;
E       #3 0x5653c48382c1 &lt;unknown&gt;
E       #4 0x5653c4873a04 &lt;unknown&gt;
E       #5 0x5653c485903d &lt;unknown&gt;
E       #6 0x5653c4871369 &lt;unknown&gt;
E       #7 0x5653c4858de3 &lt;unknown&gt;
E       #8 0x5653c482ca7b &lt;unknown&gt;
E       #9 0x5653c482d81e &lt;unknown&gt;
E       #10 0x5653c4a92638 &lt;unknown&gt;
E       #11 0x5653c4a96507 &lt;unknown&gt;
E       #12 0x5653c4aa0c4c &lt;unknown&gt;
E       #13 0x5653c4a97136 &lt;unknown&gt;
E       #14 0x5653c4a659cf &lt;unknown&gt;
E       #15 0x5653c4abab98 &lt;unknown&gt;
E       #16 0x5653c4abad68 &lt;unknown&gt;
E       #17 0x5653c4ac9cb3 &lt;unknown&gt;
E       #18 0x7f07ddc9c044 &lt;unknown&gt;

/usr/local/lib/python3.9/site-packages/selenium/webdriver/remote/errorhandler.py:229: NoSuchElementException</failure></testcase><testcase classname="test_qa_federation.TestMIPQAFederation" name="test_login_and_accept_terms[https://qa.hbpmip.link/]" time="46.392" /><testcase classname="test_qa_federation.TestMIPQAFederation" name="test_data[https://qa.hbpmip.link/]" time="20.063"><failure message="selenium.common.exceptions.NoSuchElementException: Message: no such element: Unable to locate element: {&quot;method&quot;:&quot;xpath&quot;,&quot;selector&quot;:&quot;//div[@id='pathology-select']/div/button&quot;}&#10;  (Session info: headless chrome=116.0.5845.179); For documentation on this error, please visit: https://www.selenium.dev/documentation/webdriver/troubleshooting/errors#no-such-element-exception&#10;Stacktrace:&#10;#0 0x558a311b8e23 &lt;unknown&gt;&#10;#1 0x558a30ee17a7 &lt;unknown&gt;&#10;#2 0x558a30f201d3 &lt;unknown&gt;&#10;#3 0x558a30f202c1 &lt;unknown&gt;&#10;#4 0x558a30f5ba04 &lt;unknown&gt;&#10;#5 0x558a30f4103d &lt;unknown&gt;&#10;#6 0x558a30f59369 &lt;unknown&gt;&#10;#7 0x558a30f40de3 &lt;unknown&gt;&#10;#8 0x558a30f14a7b &lt;unknown&gt;&#10;#9 0x558a30f1581e &lt;unknown&gt;&#10;#10 0x558a3117a638 &lt;unknown&gt;&#10;#11 0x558a3117e507 &lt;unknown&gt;&#10;#12 0x558a31188c4c &lt;unknown&gt;&#10;#13 0x558a3117f136 &lt;unknown&gt;&#10;#14 0x558a3114d9cf &lt;unknown&gt;&#10;#15 0x558a311a2b98 &lt;unknown&gt;&#10;#16 0x558a311a2d68 &lt;unknown&gt;&#10;#17 0x558a311b1cb3 &lt;unknown&gt;&#10;#18 0x7f40859b4044 &lt;unknown&gt;">self = &lt;test_qa_federation.TestMIPQAFederation object at 0x7f414326d250&gt;

    def test_data(self):
        """Integration tests (data) of the MIP QA Federation."""
&gt;       super().test_data()

test_qa_federation.py:24: 
_ _ _ _ _ _ _ _ _ _ _ _ _ _ _ _ _ _ _ _ _ _ _ _ _ _ _ _ _ _ _ _ _ _ _ _ _ _ _ _ 
basetest.py:63: in test_data
    dementia = selenium_driver.find_element(
/usr/local/lib/python3.9/site-packages/selenium/webdriver/remote/webdriver.py:739: in find_element
    return self.execute(Command.FIND_ELEMENT, {"using": by, "value": value})["value"]
/usr/local/lib/python3.9/site-packages/selenium/webdriver/remote/webdriver.py:345: in execute
    self.error_handler.check_response(response)
_ _ _ _ _ _ _ _ _ _ _ _ _ _ _ _ _ _ _ _ _ _ _ _ _ _ _ _ _ _ _ _ _ _ _ _ _ _ _ _ 

self = &lt;selenium.webdriver.remote.errorhandler.ErrorHandler object at 0x7f4143f8e940&gt;
response = {'status': 404, 'value': '{"value":{"error":"no such element","message":"no such element: Unable to locate element: {\...\\n#16 0x558a311a2d68 \\u003Cunknown&gt;\\n#17 0x558a311b1cb3 \\u003Cunknown&gt;\\n#18 0x7f40859b4044 \\u003Cunknown&gt;\\n"}}'}

    def check_response(self, response: Dict[str, Any]) -&gt; None:
        """Checks that a JSON response from the WebDriver does not have an
        error.
    
        :Args:
         - response - The JSON response from the WebDriver server as a dictionary
           object.
    
        :Raises: If the response contains an error message.
        """
        status = response.get("status", None)
        if not status or status == ErrorCode.SUCCESS:
            return
        value = None
        message = response.get("message", "")
        screen: str = response.get("screen", "")
        stacktrace = None
        if isinstance(status, int):
            value_json = response.get("value", None)
            if value_json and isinstance(value_json, str):
                import json
    
                try:
                    value = json.loads(value_json)
                    if len(value) == 1:
                        value = value["value"]
                    status = value.get("error", None)
                    if not status:
                        status = value.get("status", ErrorCode.UNKNOWN_ERROR)
                        message = value.get("value") or value.get("message")
                        if not isinstance(message, str):
                            value = message
                            message = message.get("message")
                    else:
                        message = value.get("message", None)
                except ValueError:
                    pass
    
        exception_class: Type[WebDriverException]
        e = ErrorCode()
        error_codes = [item for item in dir(e) if not item.startswith("__")]
        for error_code in error_codes:
            error_info = getattr(ErrorCode, error_code)
            if isinstance(error_info, list) and status in error_info:
                exception_class = getattr(ExceptionMapping, error_code, WebDriverException)
                break
        else:
            exception_class = WebDriverException
    
        if not value:
            value = response["value"]
        if isinstance(value, str):
            raise exception_class(value)
        if message == "" and "message" in value:
            message = value["message"]
    
        screen = None  # type: ignore[assignment]
        if "screen" in value:
            screen = value["screen"]
    
        stacktrace = None
        st_value = value.get("stackTrace") or value.get("stacktrace")
        if st_value:
            if isinstance(st_value, str):
                stacktrace = st_value.split("\n")
            else:
                stacktrace = []
                try:
                    for frame in st_value:
                        line = frame.get("lineNumber", "")
                        file = frame.get("fileName", "&lt;anonymous&gt;")
                        if line:
                            file = f"{file}:{line}"
                        meth = frame.get("methodName", "&lt;anonymous&gt;")
                        if "className" in frame:
                            meth = f"{frame['className']}.{meth}"
                        msg = "    at %s (%s)"
                        msg = msg % (meth, file)
                        stacktrace.append(msg)
                except TypeError:
                    pass
        if exception_class == UnexpectedAlertPresentException:
            alert_text = None
            if "data" in value:
                alert_text = value["data"].get("text")
            elif "alert" in value:
                alert_text = value["alert"].get("text")
            raise exception_class(message, screen, stacktrace, alert_text)  # type: ignore[call-arg]  # mypy is not smart enough here
&gt;       raise exception_class(message, screen, stacktrace)
E       selenium.common.exceptions.NoSuchElementException: Message: no such element: Unable to locate element: {"method":"xpath","selector":"//div[@id='pathology-select']/div/button"}
E         (Session info: headless chrome=116.0.5845.179); For documentation on this error, please visit: https://www.selenium.dev/documentation/webdriver/troubleshooting/errors#no-such-element-exception
E       Stacktrace:
E       #0 0x558a311b8e23 &lt;unknown&gt;
E       #1 0x558a30ee17a7 &lt;unknown&gt;
E       #2 0x558a30f201d3 &lt;unknown&gt;
E       #3 0x558a30f202c1 &lt;unknown&gt;
E       #4 0x558a30f5ba04 &lt;unknown&gt;
E       #5 0x558a30f4103d &lt;unknown&gt;
E       #6 0x558a30f59369 &lt;unknown&gt;
E       #7 0x558a30f40de3 &lt;unknown&gt;
E       #8 0x558a30f14a7b &lt;unknown&gt;
E       #9 0x558a30f1581e &lt;unknown&gt;
E       #10 0x558a3117a638 &lt;unknown&gt;
E       #11 0x558a3117e507 &lt;unknown&gt;
E       #12 0x558a31188c4c &lt;unknown&gt;
E       #13 0x558a3117f136 &lt;unknown&gt;
E       #14 0x558a3114d9cf &lt;unknown&gt;
E       #15 0x558a311a2b98 &lt;unknown&gt;
E       #16 0x558a311a2d68 &lt;unknown&gt;
E       #17 0x558a311b1cb3 &lt;unknown&gt;
E       #18 0x7f40859b4044 &lt;unknown&gt;

/usr/local/lib/python3.9/site-packages/selenium/webdriver/remote/errorhandler.py:229: NoSuchElementException</failure></testcase><testcase classname="test_stroke_federation.TestStrokeMIP" name="test_login_and_accept_terms[https://stroke.hbpmip.link/]" time="46.072" /><testcase classname="test_stroke_federation.TestStrokeMIP" name="test_data[https://stroke.hbpmip.link/]" time="20.117"><failure message="selenium.common.exceptions.NoSuchElementException: Message: no such element: Unable to locate element: {&quot;method&quot;:&quot;css selector&quot;,&quot;selector&quot;:&quot;#dropdown-basic&quot;}&#10;  (Session info: headless chrome=116.0.5845.179); For documentation on this error, please visit: https://www.selenium.dev/documentation/webdriver/troubleshooting/errors#no-such-element-exception&#10;Stacktrace:&#10;#0 0x564146cc6e23 &lt;unknown&gt;&#10;#1 0x5641469ef7a7 &lt;unknown&gt;&#10;#2 0x564146a2e1d3 &lt;unknown&gt;&#10;#3 0x564146a2e2c1 &lt;unknown&gt;&#10;#4 0x564146a69a04 &lt;unknown&gt;&#10;#5 0x564146a4f03d &lt;unknown&gt;&#10;#6 0x564146a67369 &lt;unknown&gt;&#10;#7 0x564146a4ede3 &lt;unknown&gt;&#10;#8 0x564146a22a7b &lt;unknown&gt;&#10;#9 0x564146a2381e &lt;unknown&gt;&#10;#10 0x564146c88638 &lt;unknown&gt;&#10;#11 0x564146c8c507 &lt;unknown&gt;&#10;#12 0x564146c96c4c &lt;unknown&gt;&#10;#13 0x564146c8d136 &lt;unknown&gt;&#10;#14 0x564146c5b9cf &lt;unknown&gt;&#10;#15 0x564146cb0b98 &lt;unknown&gt;&#10;#16 0x564146cb0d68 &lt;unknown&gt;&#10;#17 0x564146cbfcb3 &lt;unknown&gt;&#10;#18 0x7f949e7a3044 &lt;unknown&gt;">self = &lt;test_stroke_federation.TestStrokeMIP object at 0x7f414323cc70&gt;

    def test_data(self):
        """Integration tests (data) of the Stroke (FERES) MIP."""
        selenium_driver = self.driver
    
        # 1. Click 'Datasets'
&gt;       datasets = selenium_driver.find_element(By.CSS_SELECTOR, "#dropdown-basic")

test_stroke_federation.py:33: 
_ _ _ _ _ _ _ _ _ _ _ _ _ _ _ _ _ _ _ _ _ _ _ _ _ _ _ _ _ _ _ _ _ _ _ _ _ _ _ _ 
/usr/local/lib/python3.9/site-packages/selenium/webdriver/remote/webdriver.py:739: in find_element
    return self.execute(Command.FIND_ELEMENT, {"using": by, "value": value})["value"]
/usr/local/lib/python3.9/site-packages/selenium/webdriver/remote/webdriver.py:345: in execute
    self.error_handler.check_response(response)
_ _ _ _ _ _ _ _ _ _ _ _ _ _ _ _ _ _ _ _ _ _ _ _ _ _ _ _ _ _ _ _ _ _ _ _ _ _ _ _ 

self = &lt;selenium.webdriver.remote.errorhandler.ErrorHandler object at 0x7f4143174be0&gt;
response = {'status': 404, 'value': '{"value":{"error":"no such element","message":"no such element: Unable to locate element: {\...\\n#16 0x564146cb0d68 \\u003Cunknown&gt;\\n#17 0x564146cbfcb3 \\u003Cunknown&gt;\\n#18 0x7f949e7a3044 \\u003Cunknown&gt;\\n"}}'}

    def check_response(self, response: Dict[str, Any]) -&gt; None:
        """Checks that a JSON response from the WebDriver does not have an
        error.
    
        :Args:
         - response - The JSON response from the WebDriver server as a dictionary
           object.
    
        :Raises: If the response contains an error message.
        """
        status = response.get("status", None)
        if not status or status == ErrorCode.SUCCESS:
            return
        value = None
        message = response.get("message", "")
        screen: str = response.get("screen", "")
        stacktrace = None
        if isinstance(status, int):
            value_json = response.get("value", None)
            if value_json and isinstance(value_json, str):
                import json
    
                try:
                    value = json.loads(value_json)
                    if len(value) == 1:
                        value = value["value"]
                    status = value.get("error", None)
                    if not status:
                        status = value.get("status", ErrorCode.UNKNOWN_ERROR)
                        message = value.get("value") or value.get("message")
                        if not isinstance(message, str):
                            value = message
                            message = message.get("message")
                    else:
                        message = value.get("message", None)
                except ValueError:
                    pass
    
        exception_class: Type[WebDriverException]
        e = ErrorCode()
        error_codes = [item for item in dir(e) if not item.startswith("__")]
        for error_code in error_codes:
            error_info = getattr(ErrorCode, error_code)
            if isinstance(error_info, list) and status in error_info:
                exception_class = getattr(ExceptionMapping, error_code, WebDriverException)
                break
        else:
            exception_class = WebDriverException
    
        if not value:
            value = response["value"]
        if isinstance(value, str):
            raise exception_class(value)
        if message == "" and "message" in value:
            message = value["message"]
    
        screen = None  # type: ignore[assignment]
        if "screen" in value:
            screen = value["screen"]
    
        stacktrace = None
        st_value = value.get("stackTrace") or value.get("stacktrace")
        if st_value:
            if isinstance(st_value, str):
                stacktrace = st_value.split("\n")
            else:
                stacktrace = []
                try:
                    for frame in st_value:
                        line = frame.get("lineNumber", "")
                        file = frame.get("fileName", "&lt;anonymous&gt;")
                        if line:
                            file = f"{file}:{line}"
                        meth = frame.get("methodName", "&lt;anonymous&gt;")
                        if "className" in frame:
                            meth = f"{frame['className']}.{meth}"
                        msg = "    at %s (%s)"
                        msg = msg % (meth, file)
                        stacktrace.append(msg)
                except TypeError:
                    pass
        if exception_class == UnexpectedAlertPresentException:
            alert_text = None
            if "data" in value:
                alert_text = value["data"].get("text")
            elif "alert" in value:
                alert_text = value["alert"].get("text")
            raise exception_class(message, screen, stacktrace, alert_text)  # type: ignore[call-arg]  # mypy is not smart enough here
&gt;       raise exception_class(message, screen, stacktrace)
E       selenium.common.exceptions.NoSuchElementException: Message: no such element: Unable to locate element: {"method":"css selector","selector":"#dropdown-basic"}
E         (Session info: headless chrome=116.0.5845.179); For documentation on this error, please visit: https://www.selenium.dev/documentation/webdriver/troubleshooting/errors#no-such-element-exception
E       Stacktrace:
E       #0 0x564146cc6e23 &lt;unknown&gt;
E       #1 0x5641469ef7a7 &lt;unknown&gt;
E       #2 0x564146a2e1d3 &lt;unknown&gt;
E       #3 0x564146a2e2c1 &lt;unknown&gt;
E       #4 0x564146a69a04 &lt;unknown&gt;
E       #5 0x564146a4f03d &lt;unknown&gt;
E       #6 0x564146a67369 &lt;unknown&gt;
E       #7 0x564146a4ede3 &lt;unknown&gt;
E       #8 0x564146a22a7b &lt;unknown&gt;
E       #9 0x564146a2381e &lt;unknown&gt;
E       #10 0x564146c88638 &lt;unknown&gt;
E       #11 0x564146c8c507 &lt;unknown&gt;
E       #12 0x564146c96c4c &lt;unknown&gt;
E       #13 0x564146c8d136 &lt;unknown&gt;
E       #14 0x564146c5b9cf &lt;unknown&gt;
E       #15 0x564146cb0b98 &lt;unknown&gt;
E       #16 0x564146cb0d68 &lt;unknown&gt;
E       #17 0x564146cbfcb3 &lt;unknown&gt;
E       #18 0x7f949e7a3044 &lt;unknown&gt;

/usr/local/lib/python3.9/site-packages/selenium/webdriver/remote/errorhandler.py:229: NoSuchElementException</failure></testcase></testsuite></testsuites>