<?xml version="1.0" encoding="utf-8"?><testsuites><testsuite name="pytest" errors="0" failures="2" skipped="0" tests="6" time="161.584" timestamp="2023-12-03T06:59:55.829677" hostname="ab119fb482d0"><testcase classname="test_public_mip.TestPublicMIP" name="test_login_and_accept_terms[https://hbpmip.link/]" time="30.680" /><testcase classname="test_public_mip.TestPublicMIP" name="test_data[https://hbpmip.link/]" time="23.992"><failure message="selenium.common.exceptions.NoSuchElementException: Message: no such element: Unable to locate element: {&quot;method&quot;:&quot;xpath&quot;,&quot;selector&quot;:&quot;//*[name()='circle'][. = 'Left opercular part of the inferior frontal gyrus&#10;']&quot;}&#10;  (Session info: headless chrome=119.0.6045.199); For documentation on this error, please visit: https://www.selenium.dev/documentation/webdriver/troubleshooting/errors#no-such-element-exception&#10;Stacktrace:&#10;#0 0x555d413d75e3 &lt;unknown&gt;&#10;#1 0x555d4109a0b7 &lt;unknown&gt;&#10;#2 0x555d410e7f53 &lt;unknown&gt;&#10;#3 0x555d410e8051 &lt;unknown&gt;&#10;#4 0x555d4112d9c4 &lt;unknown&gt;&#10;#5 0x555d4110ef1d &lt;unknown&gt;&#10;#6 0x555d4112ab3d &lt;unknown&gt;&#10;#7 0x555d4110ecc3 &lt;unknown&gt;&#10;#8 0x555d410da0e4 &lt;unknown&gt;&#10;#9 0x555d410db0ae &lt;unknown&gt;&#10;#10 0x555d4139dce1 &lt;unknown&gt;&#10;#11 0x555d413a1b7e &lt;unknown&gt;&#10;#12 0x555d4138b4b5 &lt;unknown&gt;&#10;#13 0x555d413a27d6 &lt;unknown&gt;&#10;#14 0x555d4136edbf &lt;unknown&gt;&#10;#15 0x555d413c5748 &lt;unknown&gt;&#10;#16 0x555d413c5917 &lt;unknown&gt;&#10;#17 0x555d413d6773 &lt;unknown&gt;&#10;#18 0x7ffb2d759044 &lt;unknown&gt;">self = &lt;test_public_mip.TestPublicMIP object at 0x7f56ead3faf0&gt;

    def test_data(self):
        """Integration tests (data) of the public MIP."""
&gt;       super().test_data()

test_public_mip.py:24: 
_ _ _ _ _ _ _ _ _ _ _ _ _ _ _ _ _ _ _ _ _ _ _ _ _ _ _ _ _ _ _ _ _ _ _ _ _ _ _ _ 
basetest.py:106: in test_data
    left_opercular_part_of_the_inferior_f_ = selenium_driver.find_element(
/usr/local/lib/python3.9/site-packages/selenium/webdriver/remote/webdriver.py:739: in find_element
    return self.execute(Command.FIND_ELEMENT, {"using": by, "value": value})["value"]
/usr/local/lib/python3.9/site-packages/selenium/webdriver/remote/webdriver.py:345: in execute
    self.error_handler.check_response(response)
_ _ _ _ _ _ _ _ _ _ _ _ _ _ _ _ _ _ _ _ _ _ _ _ _ _ _ _ _ _ _ _ _ _ _ _ _ _ _ _ 

self = &lt;selenium.webdriver.remote.errorhandler.ErrorHandler object at 0x7f56e9cd0ca0&gt;
response = {'status': 404, 'value': '{"value":{"error":"no such element","message":"no such element: Unable to locate element: {\...\\n#16 0x555d413c5917 \\u003Cunknown&gt;\\n#17 0x555d413d6773 \\u003Cunknown&gt;\\n#18 0x7ffb2d759044 \\u003Cunknown&gt;\\n"}}'}

    def check_response(self, response: Dict[str, Any]) -&gt; None:
        """Checks that a JSON response from the WebDriver does not have an
        error.
    
        :Args:
         - response - The JSON response from the WebDriver server as a dictionary
           object.
    
        :Raises: If the response contains an error message.
        """
        status = response.get("status", None)
        if not status or status == ErrorCode.SUCCESS:
            return
        value = None
        message = response.get("message", "")
        screen: str = response.get("screen", "")
        stacktrace = None
        if isinstance(status, int):
            value_json = response.get("value", None)
            if value_json and isinstance(value_json, str):
                import json
    
                try:
                    value = json.loads(value_json)
                    if len(value) == 1:
                        value = value["value"]
                    status = value.get("error", None)
                    if not status:
                        status = value.get("status", ErrorCode.UNKNOWN_ERROR)
                        message = value.get("value") or value.get("message")
                        if not isinstance(message, str):
                            value = message
                            message = message.get("message")
                    else:
                        message = value.get("message", None)
                except ValueError:
                    pass
    
        exception_class: Type[WebDriverException]
        e = ErrorCode()
        error_codes = [item for item in dir(e) if not item.startswith("__")]
        for error_code in error_codes:
            error_info = getattr(ErrorCode, error_code)
            if isinstance(error_info, list) and status in error_info:
                exception_class = getattr(ExceptionMapping, error_code, WebDriverException)
                break
        else:
            exception_class = WebDriverException
    
        if not value:
            value = response["value"]
        if isinstance(value, str):
            raise exception_class(value)
        if message == "" and "message" in value:
            message = value["message"]
    
        screen = None  # type: ignore[assignment]
        if "screen" in value:
            screen = value["screen"]
    
        stacktrace = None
        st_value = value.get("stackTrace") or value.get("stacktrace")
        if st_value:
            if isinstance(st_value, str):
                stacktrace = st_value.split("\n")
            else:
                stacktrace = []
                try:
                    for frame in st_value:
                        line = frame.get("lineNumber", "")
                        file = frame.get("fileName", "&lt;anonymous&gt;")
                        if line:
                            file = f"{file}:{line}"
                        meth = frame.get("methodName", "&lt;anonymous&gt;")
                        if "className" in frame:
                            meth = f"{frame['className']}.{meth}"
                        msg = "    at %s (%s)"
                        msg = msg % (meth, file)
                        stacktrace.append(msg)
                except TypeError:
                    pass
        if exception_class == UnexpectedAlertPresentException:
            alert_text = None
            if "data" in value:
                alert_text = value["data"].get("text")
            elif "alert" in value:
                alert_text = value["alert"].get("text")
            raise exception_class(message, screen, stacktrace, alert_text)  # type: ignore[call-arg]  # mypy is not smart enough here
&gt;       raise exception_class(message, screen, stacktrace)
E       selenium.common.exceptions.NoSuchElementException: Message: no such element: Unable to locate element: {"method":"xpath","selector":"//*[name()='circle'][. = 'Left opercular part of the inferior frontal gyrus
E       ']"}
E         (Session info: headless chrome=119.0.6045.199); For documentation on this error, please visit: https://www.selenium.dev/documentation/webdriver/troubleshooting/errors#no-such-element-exception
E       Stacktrace:
E       #0 0x555d413d75e3 &lt;unknown&gt;
E       #1 0x555d4109a0b7 &lt;unknown&gt;
E       #2 0x555d410e7f53 &lt;unknown&gt;
E       #3 0x555d410e8051 &lt;unknown&gt;
E       #4 0x555d4112d9c4 &lt;unknown&gt;
E       #5 0x555d4110ef1d &lt;unknown&gt;
E       #6 0x555d4112ab3d &lt;unknown&gt;
E       #7 0x555d4110ecc3 &lt;unknown&gt;
E       #8 0x555d410da0e4 &lt;unknown&gt;
E       #9 0x555d410db0ae &lt;unknown&gt;
E       #10 0x555d4139dce1 &lt;unknown&gt;
E       #11 0x555d413a1b7e &lt;unknown&gt;
E       #12 0x555d4138b4b5 &lt;unknown&gt;
E       #13 0x555d413a27d6 &lt;unknown&gt;
E       #14 0x555d4136edbf &lt;unknown&gt;
E       #15 0x555d413c5748 &lt;unknown&gt;
E       #16 0x555d413c5917 &lt;unknown&gt;
E       #17 0x555d413d6773 &lt;unknown&gt;
E       #18 0x7ffb2d759044 &lt;unknown&gt;

/usr/local/lib/python3.9/site-packages/selenium/webdriver/remote/errorhandler.py:229: NoSuchElementException</failure></testcase><testcase classname="test_qa_federation.TestMIPQAFederation" name="test_login_and_accept_terms[https://qa.hbpmip.link/]" time="28.000" /><testcase classname="test_qa_federation.TestMIPQAFederation" name="test_data[https://qa.hbpmip.link/]" time="23.673"><failure message="selenium.common.exceptions.NoSuchElementException: Message: no such element: Unable to locate element: {&quot;method&quot;:&quot;css selector&quot;,&quot;selector&quot;:&quot;#default-synth_mh_wk3&quot;}&#10;  (Session info: headless chrome=119.0.6045.199); For documentation on this error, please visit: https://www.selenium.dev/documentation/webdriver/troubleshooting/errors#no-such-element-exception&#10;Stacktrace:&#10;#0 0x5622e46575e3 &lt;unknown&gt;&#10;#1 0x5622e431a0b7 &lt;unknown&gt;&#10;#2 0x5622e4367f53 &lt;unknown&gt;&#10;#3 0x5622e4368051 &lt;unknown&gt;&#10;#4 0x5622e43ad9c4 &lt;unknown&gt;&#10;#5 0x5622e438ef1d &lt;unknown&gt;&#10;#6 0x5622e43aab3d &lt;unknown&gt;&#10;#7 0x5622e438ecc3 &lt;unknown&gt;&#10;#8 0x5622e435a0e4 &lt;unknown&gt;&#10;#9 0x5622e435b0ae &lt;unknown&gt;&#10;#10 0x5622e461dce1 &lt;unknown&gt;&#10;#11 0x5622e4621b7e &lt;unknown&gt;&#10;#12 0x5622e460b4b5 &lt;unknown&gt;&#10;#13 0x5622e46227d6 &lt;unknown&gt;&#10;#14 0x5622e45eedbf &lt;unknown&gt;&#10;#15 0x5622e4645748 &lt;unknown&gt;&#10;#16 0x5622e4645917 &lt;unknown&gt;&#10;#17 0x5622e4656773 &lt;unknown&gt;&#10;#18 0x7f6a4e387044 &lt;unknown&gt;">self = &lt;test_qa_federation.TestMIPQAFederation object at 0x7f56e9cb7100&gt;

    def test_data(self):
        """Integration tests (data) of the MIP QA Federation."""
&gt;       super().test_data()

test_qa_federation.py:24: 
_ _ _ _ _ _ _ _ _ _ _ _ _ _ _ _ _ _ _ _ _ _ _ _ _ _ _ _ _ _ _ _ _ _ _ _ _ _ _ _ 
basetest.py:88: in test_data
    default_synth_mh_wk3 = selenium_driver.find_element(
/usr/local/lib/python3.9/site-packages/selenium/webdriver/remote/webdriver.py:739: in find_element
    return self.execute(Command.FIND_ELEMENT, {"using": by, "value": value})["value"]
/usr/local/lib/python3.9/site-packages/selenium/webdriver/remote/webdriver.py:345: in execute
    self.error_handler.check_response(response)
_ _ _ _ _ _ _ _ _ _ _ _ _ _ _ _ _ _ _ _ _ _ _ _ _ _ _ _ _ _ _ _ _ _ _ _ _ _ _ _ 

self = &lt;selenium.webdriver.remote.errorhandler.ErrorHandler object at 0x7f56ea9fc700&gt;
response = {'status': 404, 'value': '{"value":{"error":"no such element","message":"no such element: Unable to locate element: {\...\\n#16 0x5622e4645917 \\u003Cunknown&gt;\\n#17 0x5622e4656773 \\u003Cunknown&gt;\\n#18 0x7f6a4e387044 \\u003Cunknown&gt;\\n"}}'}

    def check_response(self, response: Dict[str, Any]) -&gt; None:
        """Checks that a JSON response from the WebDriver does not have an
        error.
    
        :Args:
         - response - The JSON response from the WebDriver server as a dictionary
           object.
    
        :Raises: If the response contains an error message.
        """
        status = response.get("status", None)
        if not status or status == ErrorCode.SUCCESS:
            return
        value = None
        message = response.get("message", "")
        screen: str = response.get("screen", "")
        stacktrace = None
        if isinstance(status, int):
            value_json = response.get("value", None)
            if value_json and isinstance(value_json, str):
                import json
    
                try:
                    value = json.loads(value_json)
                    if len(value) == 1:
                        value = value["value"]
                    status = value.get("error", None)
                    if not status:
                        status = value.get("status", ErrorCode.UNKNOWN_ERROR)
                        message = value.get("value") or value.get("message")
                        if not isinstance(message, str):
                            value = message
                            message = message.get("message")
                    else:
                        message = value.get("message", None)
                except ValueError:
                    pass
    
        exception_class: Type[WebDriverException]
        e = ErrorCode()
        error_codes = [item for item in dir(e) if not item.startswith("__")]
        for error_code in error_codes:
            error_info = getattr(ErrorCode, error_code)
            if isinstance(error_info, list) and status in error_info:
                exception_class = getattr(ExceptionMapping, error_code, WebDriverException)
                break
        else:
            exception_class = WebDriverException
    
        if not value:
            value = response["value"]
        if isinstance(value, str):
            raise exception_class(value)
        if message == "" and "message" in value:
            message = value["message"]
    
        screen = None  # type: ignore[assignment]
        if "screen" in value:
            screen = value["screen"]
    
        stacktrace = None
        st_value = value.get("stackTrace") or value.get("stacktrace")
        if st_value:
            if isinstance(st_value, str):
                stacktrace = st_value.split("\n")
            else:
                stacktrace = []
                try:
                    for frame in st_value:
                        line = frame.get("lineNumber", "")
                        file = frame.get("fileName", "&lt;anonymous&gt;")
                        if line:
                            file = f"{file}:{line}"
                        meth = frame.get("methodName", "&lt;anonymous&gt;")
                        if "className" in frame:
                            meth = f"{frame['className']}.{meth}"
                        msg = "    at %s (%s)"
                        msg = msg % (meth, file)
                        stacktrace.append(msg)
                except TypeError:
                    pass
        if exception_class == UnexpectedAlertPresentException:
            alert_text = None
            if "data" in value:
                alert_text = value["data"].get("text")
            elif "alert" in value:
                alert_text = value["alert"].get("text")
            raise exception_class(message, screen, stacktrace, alert_text)  # type: ignore[call-arg]  # mypy is not smart enough here
&gt;       raise exception_class(message, screen, stacktrace)
E       selenium.common.exceptions.NoSuchElementException: Message: no such element: Unable to locate element: {"method":"css selector","selector":"#default-synth_mh_wk3"}
E         (Session info: headless chrome=119.0.6045.199); For documentation on this error, please visit: https://www.selenium.dev/documentation/webdriver/troubleshooting/errors#no-such-element-exception
E       Stacktrace:
E       #0 0x5622e46575e3 &lt;unknown&gt;
E       #1 0x5622e431a0b7 &lt;unknown&gt;
E       #2 0x5622e4367f53 &lt;unknown&gt;
E       #3 0x5622e4368051 &lt;unknown&gt;
E       #4 0x5622e43ad9c4 &lt;unknown&gt;
E       #5 0x5622e438ef1d &lt;unknown&gt;
E       #6 0x5622e43aab3d &lt;unknown&gt;
E       #7 0x5622e438ecc3 &lt;unknown&gt;
E       #8 0x5622e435a0e4 &lt;unknown&gt;
E       #9 0x5622e435b0ae &lt;unknown&gt;
E       #10 0x5622e461dce1 &lt;unknown&gt;
E       #11 0x5622e4621b7e &lt;unknown&gt;
E       #12 0x5622e460b4b5 &lt;unknown&gt;
E       #13 0x5622e46227d6 &lt;unknown&gt;
E       #14 0x5622e45eedbf &lt;unknown&gt;
E       #15 0x5622e4645748 &lt;unknown&gt;
E       #16 0x5622e4645917 &lt;unknown&gt;
E       #17 0x5622e4656773 &lt;unknown&gt;
E       #18 0x7f6a4e387044 &lt;unknown&gt;

/usr/local/lib/python3.9/site-packages/selenium/webdriver/remote/errorhandler.py:229: NoSuchElementException</failure></testcase><testcase classname="test_stroke_federation.TestStrokeMIP" name="test_login_and_accept_terms[https://stroke.hbpmip.link/]" time="28.381" /><testcase classname="test_stroke_federation.TestStrokeMIP" name="test_data[https://stroke.hbpmip.link/]" time="26.284" /></testsuite></testsuites>