<?xml version="1.0" encoding="utf-8"?><testsuites><testsuite name="pytest" errors="0" failures="4" skipped="0" tests="6" time="144.087" timestamp="2023-11-04T06:59:46.594315" hostname="44f6b1ce6b22"><testcase classname="test_public_mip.TestPublicMIP" name="test_login_and_accept_terms[https://hbpmip.link/]" time="26.767" /><testcase classname="test_public_mip.TestPublicMIP" name="test_data[https://hbpmip.link/]" time="24.025"><failure message="selenium.common.exceptions.NoSuchElementException: Message: no such element: Unable to locate element: {&quot;method&quot;:&quot;xpath&quot;,&quot;selector&quot;:&quot;//*[name()='circle'][. = 'Left opercular part of the inferior frontal gyrus&#10;']&quot;}&#10;  (Session info: headless chrome=119.0.6045.105); For documentation on this error, please visit: https://www.selenium.dev/documentation/webdriver/troubleshooting/errors#no-such-element-exception&#10;Stacktrace:&#10;#0 0x556a9e6c95e3 &lt;unknown&gt;&#10;#1 0x556a9e38c0b7 &lt;unknown&gt;&#10;#2 0x556a9e3d9f53 &lt;unknown&gt;&#10;#3 0x556a9e3da051 &lt;unknown&gt;&#10;#4 0x556a9e41f9c4 &lt;unknown&gt;&#10;#5 0x556a9e400f1d &lt;unknown&gt;&#10;#6 0x556a9e41cb3d &lt;unknown&gt;&#10;#7 0x556a9e400cc3 &lt;unknown&gt;&#10;#8 0x556a9e3cc0e4 &lt;unknown&gt;&#10;#9 0x556a9e3cd0ae &lt;unknown&gt;&#10;#10 0x556a9e68fce1 &lt;unknown&gt;&#10;#11 0x556a9e693b7e &lt;unknown&gt;&#10;#12 0x556a9e67d4b5 &lt;unknown&gt;&#10;#13 0x556a9e6947d6 &lt;unknown&gt;&#10;#14 0x556a9e660dbf &lt;unknown&gt;&#10;#15 0x556a9e6b7748 &lt;unknown&gt;&#10;#16 0x556a9e6b7917 &lt;unknown&gt;&#10;#17 0x556a9e6c8773 &lt;unknown&gt;&#10;#18 0x7f4cbc1e2044 &lt;unknown&gt;">self = &lt;test_public_mip.TestPublicMIP object at 0x7fce5515dbe0&gt;

    def test_data(self):
        """Integration tests (data) of the public MIP."""
&gt;       super().test_data()

test_public_mip.py:24: 
_ _ _ _ _ _ _ _ _ _ _ _ _ _ _ _ _ _ _ _ _ _ _ _ _ _ _ _ _ _ _ _ _ _ _ _ _ _ _ _ 
basetest.py:106: in test_data
    left_opercular_part_of_the_inferior_f_ = selenium_driver.find_element(
/usr/local/lib/python3.9/site-packages/selenium/webdriver/remote/webdriver.py:739: in find_element
    return self.execute(Command.FIND_ELEMENT, {"using": by, "value": value})["value"]
/usr/local/lib/python3.9/site-packages/selenium/webdriver/remote/webdriver.py:345: in execute
    self.error_handler.check_response(response)
_ _ _ _ _ _ _ _ _ _ _ _ _ _ _ _ _ _ _ _ _ _ _ _ _ _ _ _ _ _ _ _ _ _ _ _ _ _ _ _ 

self = &lt;selenium.webdriver.remote.errorhandler.ErrorHandler object at 0x7fce551e3ca0&gt;
response = {'status': 404, 'value': '{"value":{"error":"no such element","message":"no such element: Unable to locate element: {\...\\n#16 0x556a9e6b7917 \\u003Cunknown&gt;\\n#17 0x556a9e6c8773 \\u003Cunknown&gt;\\n#18 0x7f4cbc1e2044 \\u003Cunknown&gt;\\n"}}'}

    def check_response(self, response: Dict[str, Any]) -&gt; None:
        """Checks that a JSON response from the WebDriver does not have an
        error.
    
        :Args:
         - response - The JSON response from the WebDriver server as a dictionary
           object.
    
        :Raises: If the response contains an error message.
        """
        status = response.get("status", None)
        if not status or status == ErrorCode.SUCCESS:
            return
        value = None
        message = response.get("message", "")
        screen: str = response.get("screen", "")
        stacktrace = None
        if isinstance(status, int):
            value_json = response.get("value", None)
            if value_json and isinstance(value_json, str):
                import json
    
                try:
                    value = json.loads(value_json)
                    if len(value) == 1:
                        value = value["value"]
                    status = value.get("error", None)
                    if not status:
                        status = value.get("status", ErrorCode.UNKNOWN_ERROR)
                        message = value.get("value") or value.get("message")
                        if not isinstance(message, str):
                            value = message
                            message = message.get("message")
                    else:
                        message = value.get("message", None)
                except ValueError:
                    pass
    
        exception_class: Type[WebDriverException]
        e = ErrorCode()
        error_codes = [item for item in dir(e) if not item.startswith("__")]
        for error_code in error_codes:
            error_info = getattr(ErrorCode, error_code)
            if isinstance(error_info, list) and status in error_info:
                exception_class = getattr(ExceptionMapping, error_code, WebDriverException)
                break
        else:
            exception_class = WebDriverException
    
        if not value:
            value = response["value"]
        if isinstance(value, str):
            raise exception_class(value)
        if message == "" and "message" in value:
            message = value["message"]
    
        screen = None  # type: ignore[assignment]
        if "screen" in value:
            screen = value["screen"]
    
        stacktrace = None
        st_value = value.get("stackTrace") or value.get("stacktrace")
        if st_value:
            if isinstance(st_value, str):
                stacktrace = st_value.split("\n")
            else:
                stacktrace = []
                try:
                    for frame in st_value:
                        line = frame.get("lineNumber", "")
                        file = frame.get("fileName", "&lt;anonymous&gt;")
                        if line:
                            file = f"{file}:{line}"
                        meth = frame.get("methodName", "&lt;anonymous&gt;")
                        if "className" in frame:
                            meth = f"{frame['className']}.{meth}"
                        msg = "    at %s (%s)"
                        msg = msg % (meth, file)
                        stacktrace.append(msg)
                except TypeError:
                    pass
        if exception_class == UnexpectedAlertPresentException:
            alert_text = None
            if "data" in value:
                alert_text = value["data"].get("text")
            elif "alert" in value:
                alert_text = value["alert"].get("text")
            raise exception_class(message, screen, stacktrace, alert_text)  # type: ignore[call-arg]  # mypy is not smart enough here
&gt;       raise exception_class(message, screen, stacktrace)
E       selenium.common.exceptions.NoSuchElementException: Message: no such element: Unable to locate element: {"method":"xpath","selector":"//*[name()='circle'][. = 'Left opercular part of the inferior frontal gyrus
E       ']"}
E         (Session info: headless chrome=119.0.6045.105); For documentation on this error, please visit: https://www.selenium.dev/documentation/webdriver/troubleshooting/errors#no-such-element-exception
E       Stacktrace:
E       #0 0x556a9e6c95e3 &lt;unknown&gt;
E       #1 0x556a9e38c0b7 &lt;unknown&gt;
E       #2 0x556a9e3d9f53 &lt;unknown&gt;
E       #3 0x556a9e3da051 &lt;unknown&gt;
E       #4 0x556a9e41f9c4 &lt;unknown&gt;
E       #5 0x556a9e400f1d &lt;unknown&gt;
E       #6 0x556a9e41cb3d &lt;unknown&gt;
E       #7 0x556a9e400cc3 &lt;unknown&gt;
E       #8 0x556a9e3cc0e4 &lt;unknown&gt;
E       #9 0x556a9e3cd0ae &lt;unknown&gt;
E       #10 0x556a9e68fce1 &lt;unknown&gt;
E       #11 0x556a9e693b7e &lt;unknown&gt;
E       #12 0x556a9e67d4b5 &lt;unknown&gt;
E       #13 0x556a9e6947d6 &lt;unknown&gt;
E       #14 0x556a9e660dbf &lt;unknown&gt;
E       #15 0x556a9e6b7748 &lt;unknown&gt;
E       #16 0x556a9e6b7917 &lt;unknown&gt;
E       #17 0x556a9e6c8773 &lt;unknown&gt;
E       #18 0x7f4cbc1e2044 &lt;unknown&gt;

/usr/local/lib/python3.9/site-packages/selenium/webdriver/remote/errorhandler.py:229: NoSuchElementException</failure></testcase><testcase classname="test_qa_federation.TestMIPQAFederation" name="test_login_and_accept_terms[https://qa.hbpmip.link/]" time="27.054" /><testcase classname="test_qa_federation.TestMIPQAFederation" name="test_data[https://qa.hbpmip.link/]" time="23.653"><failure message="selenium.common.exceptions.NoSuchElementException: Message: no such element: Unable to locate element: {&quot;method&quot;:&quot;css selector&quot;,&quot;selector&quot;:&quot;#default-synth_mh_wk3&quot;}&#10;  (Session info: headless chrome=119.0.6045.105); For documentation on this error, please visit: https://www.selenium.dev/documentation/webdriver/troubleshooting/errors#no-such-element-exception&#10;Stacktrace:&#10;#0 0x55d2080a35e3 &lt;unknown&gt;&#10;#1 0x55d207d660b7 &lt;unknown&gt;&#10;#2 0x55d207db3f53 &lt;unknown&gt;&#10;#3 0x55d207db4051 &lt;unknown&gt;&#10;#4 0x55d207df99c4 &lt;unknown&gt;&#10;#5 0x55d207ddaf1d &lt;unknown&gt;&#10;#6 0x55d207df6b3d &lt;unknown&gt;&#10;#7 0x55d207ddacc3 &lt;unknown&gt;&#10;#8 0x55d207da60e4 &lt;unknown&gt;&#10;#9 0x55d207da70ae &lt;unknown&gt;&#10;#10 0x55d208069ce1 &lt;unknown&gt;&#10;#11 0x55d20806db7e &lt;unknown&gt;&#10;#12 0x55d2080574b5 &lt;unknown&gt;&#10;#13 0x55d20806e7d6 &lt;unknown&gt;&#10;#14 0x55d20803adbf &lt;unknown&gt;&#10;#15 0x55d208091748 &lt;unknown&gt;&#10;#16 0x55d208091917 &lt;unknown&gt;&#10;#17 0x55d2080a2773 &lt;unknown&gt;&#10;#18 0x7f7413c3b044 &lt;unknown&gt;">self = &lt;test_qa_federation.TestMIPQAFederation object at 0x7fce551b10d0&gt;

    def test_data(self):
        """Integration tests (data) of the MIP QA Federation."""
&gt;       super().test_data()

test_qa_federation.py:24: 
_ _ _ _ _ _ _ _ _ _ _ _ _ _ _ _ _ _ _ _ _ _ _ _ _ _ _ _ _ _ _ _ _ _ _ _ _ _ _ _ 
basetest.py:88: in test_data
    default_synth_mh_wk3 = selenium_driver.find_element(
/usr/local/lib/python3.9/site-packages/selenium/webdriver/remote/webdriver.py:739: in find_element
    return self.execute(Command.FIND_ELEMENT, {"using": by, "value": value})["value"]
/usr/local/lib/python3.9/site-packages/selenium/webdriver/remote/webdriver.py:345: in execute
    self.error_handler.check_response(response)
_ _ _ _ _ _ _ _ _ _ _ _ _ _ _ _ _ _ _ _ _ _ _ _ _ _ _ _ _ _ _ _ _ _ _ _ _ _ _ _ 

self = &lt;selenium.webdriver.remote.errorhandler.ErrorHandler object at 0x7fce5515b6a0&gt;
response = {'status': 404, 'value': '{"value":{"error":"no such element","message":"no such element: Unable to locate element: {\...\\n#16 0x55d208091917 \\u003Cunknown&gt;\\n#17 0x55d2080a2773 \\u003Cunknown&gt;\\n#18 0x7f7413c3b044 \\u003Cunknown&gt;\\n"}}'}

    def check_response(self, response: Dict[str, Any]) -&gt; None:
        """Checks that a JSON response from the WebDriver does not have an
        error.
    
        :Args:
         - response - The JSON response from the WebDriver server as a dictionary
           object.
    
        :Raises: If the response contains an error message.
        """
        status = response.get("status", None)
        if not status or status == ErrorCode.SUCCESS:
            return
        value = None
        message = response.get("message", "")
        screen: str = response.get("screen", "")
        stacktrace = None
        if isinstance(status, int):
            value_json = response.get("value", None)
            if value_json and isinstance(value_json, str):
                import json
    
                try:
                    value = json.loads(value_json)
                    if len(value) == 1:
                        value = value["value"]
                    status = value.get("error", None)
                    if not status:
                        status = value.get("status", ErrorCode.UNKNOWN_ERROR)
                        message = value.get("value") or value.get("message")
                        if not isinstance(message, str):
                            value = message
                            message = message.get("message")
                    else:
                        message = value.get("message", None)
                except ValueError:
                    pass
    
        exception_class: Type[WebDriverException]
        e = ErrorCode()
        error_codes = [item for item in dir(e) if not item.startswith("__")]
        for error_code in error_codes:
            error_info = getattr(ErrorCode, error_code)
            if isinstance(error_info, list) and status in error_info:
                exception_class = getattr(ExceptionMapping, error_code, WebDriverException)
                break
        else:
            exception_class = WebDriverException
    
        if not value:
            value = response["value"]
        if isinstance(value, str):
            raise exception_class(value)
        if message == "" and "message" in value:
            message = value["message"]
    
        screen = None  # type: ignore[assignment]
        if "screen" in value:
            screen = value["screen"]
    
        stacktrace = None
        st_value = value.get("stackTrace") or value.get("stacktrace")
        if st_value:
            if isinstance(st_value, str):
                stacktrace = st_value.split("\n")
            else:
                stacktrace = []
                try:
                    for frame in st_value:
                        line = frame.get("lineNumber", "")
                        file = frame.get("fileName", "&lt;anonymous&gt;")
                        if line:
                            file = f"{file}:{line}"
                        meth = frame.get("methodName", "&lt;anonymous&gt;")
                        if "className" in frame:
                            meth = f"{frame['className']}.{meth}"
                        msg = "    at %s (%s)"
                        msg = msg % (meth, file)
                        stacktrace.append(msg)
                except TypeError:
                    pass
        if exception_class == UnexpectedAlertPresentException:
            alert_text = None
            if "data" in value:
                alert_text = value["data"].get("text")
            elif "alert" in value:
                alert_text = value["alert"].get("text")
            raise exception_class(message, screen, stacktrace, alert_text)  # type: ignore[call-arg]  # mypy is not smart enough here
&gt;       raise exception_class(message, screen, stacktrace)
E       selenium.common.exceptions.NoSuchElementException: Message: no such element: Unable to locate element: {"method":"css selector","selector":"#default-synth_mh_wk3"}
E         (Session info: headless chrome=119.0.6045.105); For documentation on this error, please visit: https://www.selenium.dev/documentation/webdriver/troubleshooting/errors#no-such-element-exception
E       Stacktrace:
E       #0 0x55d2080a35e3 &lt;unknown&gt;
E       #1 0x55d207d660b7 &lt;unknown&gt;
E       #2 0x55d207db3f53 &lt;unknown&gt;
E       #3 0x55d207db4051 &lt;unknown&gt;
E       #4 0x55d207df99c4 &lt;unknown&gt;
E       #5 0x55d207ddaf1d &lt;unknown&gt;
E       #6 0x55d207df6b3d &lt;unknown&gt;
E       #7 0x55d207ddacc3 &lt;unknown&gt;
E       #8 0x55d207da60e4 &lt;unknown&gt;
E       #9 0x55d207da70ae &lt;unknown&gt;
E       #10 0x55d208069ce1 &lt;unknown&gt;
E       #11 0x55d20806db7e &lt;unknown&gt;
E       #12 0x55d2080574b5 &lt;unknown&gt;
E       #13 0x55d20806e7d6 &lt;unknown&gt;
E       #14 0x55d20803adbf &lt;unknown&gt;
E       #15 0x55d208091748 &lt;unknown&gt;
E       #16 0x55d208091917 &lt;unknown&gt;
E       #17 0x55d2080a2773 &lt;unknown&gt;
E       #18 0x7f7413c3b044 &lt;unknown&gt;

/usr/local/lib/python3.9/site-packages/selenium/webdriver/remote/errorhandler.py:229: NoSuchElementException</failure></testcase><testcase classname="test_stroke_federation.TestStrokeMIP" name="test_login_and_accept_terms[https://stroke.hbpmip.link/]" time="21.618"><failure message="selenium.common.exceptions.NoSuchElementException: Message: no such element: Unable to locate element: {&quot;method&quot;:&quot;xpath&quot;,&quot;selector&quot;:&quot;//button[. = 'Login']&quot;}&#10;  (Session info: headless chrome=119.0.6045.105); For documentation on this error, please visit: https://www.selenium.dev/documentation/webdriver/troubleshooting/errors#no-such-element-exception&#10;Stacktrace:&#10;#0 0x55873c5f65e3 &lt;unknown&gt;&#10;#1 0x55873c2b90b7 &lt;unknown&gt;&#10;#2 0x55873c306f53 &lt;unknown&gt;&#10;#3 0x55873c307051 &lt;unknown&gt;&#10;#4 0x55873c34c9c4 &lt;unknown&gt;&#10;#5 0x55873c32df1d &lt;unknown&gt;&#10;#6 0x55873c349b3d &lt;unknown&gt;&#10;#7 0x55873c32dcc3 &lt;unknown&gt;&#10;#8 0x55873c2f90e4 &lt;unknown&gt;&#10;#9 0x55873c2fa0ae &lt;unknown&gt;&#10;#10 0x55873c5bcce1 &lt;unknown&gt;&#10;#11 0x55873c5c0b7e &lt;unknown&gt;&#10;#12 0x55873c5aa4b5 &lt;unknown&gt;&#10;#13 0x55873c5c17d6 &lt;unknown&gt;&#10;#14 0x55873c58ddbf &lt;unknown&gt;&#10;#15 0x55873c5e4748 &lt;unknown&gt;&#10;#16 0x55873c5e4917 &lt;unknown&gt;&#10;#17 0x55873c5f5773 &lt;unknown&gt;&#10;#18 0x7f08aa5bc044 &lt;unknown&gt;">self = &lt;test_stroke_federation.TestStrokeMIP object at 0x7fce551e3d30&gt;

    def test_login_and_accept_terms(self):
        """Test login and accept terms on the Stroke (FERES) MIP."""
&gt;       super().test_login_and_accept_terms()

test_stroke_federation.py:26: 
_ _ _ _ _ _ _ _ _ _ _ _ _ _ _ _ _ _ _ _ _ _ _ _ _ _ _ _ _ _ _ _ _ _ _ _ _ _ _ _ 
basetest.py:14: in test_login_and_accept_terms
    login = selenium_driver.find_element(By.XPATH, "//button[. = 'Login']")
/usr/local/lib/python3.9/site-packages/selenium/webdriver/remote/webdriver.py:739: in find_element
    return self.execute(Command.FIND_ELEMENT, {"using": by, "value": value})["value"]
/usr/local/lib/python3.9/site-packages/selenium/webdriver/remote/webdriver.py:345: in execute
    self.error_handler.check_response(response)
_ _ _ _ _ _ _ _ _ _ _ _ _ _ _ _ _ _ _ _ _ _ _ _ _ _ _ _ _ _ _ _ _ _ _ _ _ _ _ _ 

self = &lt;selenium.webdriver.remote.errorhandler.ErrorHandler object at 0x7fce561ce2e0&gt;
response = {'status': 404, 'value': '{"value":{"error":"no such element","message":"no such element: Unable to locate element: {\...\\n#16 0x55873c5e4917 \\u003Cunknown&gt;\\n#17 0x55873c5f5773 \\u003Cunknown&gt;\\n#18 0x7f08aa5bc044 \\u003Cunknown&gt;\\n"}}'}

    def check_response(self, response: Dict[str, Any]) -&gt; None:
        """Checks that a JSON response from the WebDriver does not have an
        error.
    
        :Args:
         - response - The JSON response from the WebDriver server as a dictionary
           object.
    
        :Raises: If the response contains an error message.
        """
        status = response.get("status", None)
        if not status or status == ErrorCode.SUCCESS:
            return
        value = None
        message = response.get("message", "")
        screen: str = response.get("screen", "")
        stacktrace = None
        if isinstance(status, int):
            value_json = response.get("value", None)
            if value_json and isinstance(value_json, str):
                import json
    
                try:
                    value = json.loads(value_json)
                    if len(value) == 1:
                        value = value["value"]
                    status = value.get("error", None)
                    if not status:
                        status = value.get("status", ErrorCode.UNKNOWN_ERROR)
                        message = value.get("value") or value.get("message")
                        if not isinstance(message, str):
                            value = message
                            message = message.get("message")
                    else:
                        message = value.get("message", None)
                except ValueError:
                    pass
    
        exception_class: Type[WebDriverException]
        e = ErrorCode()
        error_codes = [item for item in dir(e) if not item.startswith("__")]
        for error_code in error_codes:
            error_info = getattr(ErrorCode, error_code)
            if isinstance(error_info, list) and status in error_info:
                exception_class = getattr(ExceptionMapping, error_code, WebDriverException)
                break
        else:
            exception_class = WebDriverException
    
        if not value:
            value = response["value"]
        if isinstance(value, str):
            raise exception_class(value)
        if message == "" and "message" in value:
            message = value["message"]
    
        screen = None  # type: ignore[assignment]
        if "screen" in value:
            screen = value["screen"]
    
        stacktrace = None
        st_value = value.get("stackTrace") or value.get("stacktrace")
        if st_value:
            if isinstance(st_value, str):
                stacktrace = st_value.split("\n")
            else:
                stacktrace = []
                try:
                    for frame in st_value:
                        line = frame.get("lineNumber", "")
                        file = frame.get("fileName", "&lt;anonymous&gt;")
                        if line:
                            file = f"{file}:{line}"
                        meth = frame.get("methodName", "&lt;anonymous&gt;")
                        if "className" in frame:
                            meth = f"{frame['className']}.{meth}"
                        msg = "    at %s (%s)"
                        msg = msg % (meth, file)
                        stacktrace.append(msg)
                except TypeError:
                    pass
        if exception_class == UnexpectedAlertPresentException:
            alert_text = None
            if "data" in value:
                alert_text = value["data"].get("text")
            elif "alert" in value:
                alert_text = value["alert"].get("text")
            raise exception_class(message, screen, stacktrace, alert_text)  # type: ignore[call-arg]  # mypy is not smart enough here
&gt;       raise exception_class(message, screen, stacktrace)
E       selenium.common.exceptions.NoSuchElementException: Message: no such element: Unable to locate element: {"method":"xpath","selector":"//button[. = 'Login']"}
E         (Session info: headless chrome=119.0.6045.105); For documentation on this error, please visit: https://www.selenium.dev/documentation/webdriver/troubleshooting/errors#no-such-element-exception
E       Stacktrace:
E       #0 0x55873c5f65e3 &lt;unknown&gt;
E       #1 0x55873c2b90b7 &lt;unknown&gt;
E       #2 0x55873c306f53 &lt;unknown&gt;
E       #3 0x55873c307051 &lt;unknown&gt;
E       #4 0x55873c34c9c4 &lt;unknown&gt;
E       #5 0x55873c32df1d &lt;unknown&gt;
E       #6 0x55873c349b3d &lt;unknown&gt;
E       #7 0x55873c32dcc3 &lt;unknown&gt;
E       #8 0x55873c2f90e4 &lt;unknown&gt;
E       #9 0x55873c2fa0ae &lt;unknown&gt;
E       #10 0x55873c5bcce1 &lt;unknown&gt;
E       #11 0x55873c5c0b7e &lt;unknown&gt;
E       #12 0x55873c5aa4b5 &lt;unknown&gt;
E       #13 0x55873c5c17d6 &lt;unknown&gt;
E       #14 0x55873c58ddbf &lt;unknown&gt;
E       #15 0x55873c5e4748 &lt;unknown&gt;
E       #16 0x55873c5e4917 &lt;unknown&gt;
E       #17 0x55873c5f5773 &lt;unknown&gt;
E       #18 0x7f08aa5bc044 &lt;unknown&gt;

/usr/local/lib/python3.9/site-packages/selenium/webdriver/remote/errorhandler.py:229: NoSuchElementException</failure></testcase><testcase classname="test_stroke_federation.TestStrokeMIP" name="test_data[https://stroke.hbpmip.link/]" time="20.076"><failure message="selenium.common.exceptions.NoSuchElementException: Message: no such element: Unable to locate element: {&quot;method&quot;:&quot;css selector&quot;,&quot;selector&quot;:&quot;#dropdown-basic&quot;}&#10;  (Session info: headless chrome=119.0.6045.105); For documentation on this error, please visit: https://www.selenium.dev/documentation/webdriver/troubleshooting/errors#no-such-element-exception&#10;Stacktrace:&#10;#0 0x55873c5f65e3 &lt;unknown&gt;&#10;#1 0x55873c2b90b7 &lt;unknown&gt;&#10;#2 0x55873c306f53 &lt;unknown&gt;&#10;#3 0x55873c307051 &lt;unknown&gt;&#10;#4 0x55873c34c9c4 &lt;unknown&gt;&#10;#5 0x55873c32df1d &lt;unknown&gt;&#10;#6 0x55873c349b3d &lt;unknown&gt;&#10;#7 0x55873c32dcc3 &lt;unknown&gt;&#10;#8 0x55873c2f90e4 &lt;unknown&gt;&#10;#9 0x55873c2fa0ae &lt;unknown&gt;&#10;#10 0x55873c5bcce1 &lt;unknown&gt;&#10;#11 0x55873c5c0b7e &lt;unknown&gt;&#10;#12 0x55873c5aa4b5 &lt;unknown&gt;&#10;#13 0x55873c5c17d6 &lt;unknown&gt;&#10;#14 0x55873c58ddbf &lt;unknown&gt;&#10;#15 0x55873c5e4748 &lt;unknown&gt;&#10;#16 0x55873c5e4917 &lt;unknown&gt;&#10;#17 0x55873c5f5773 &lt;unknown&gt;&#10;#18 0x7f08aa5bc044 &lt;unknown&gt;">self = &lt;test_stroke_federation.TestStrokeMIP object at 0x7fce5515dc70&gt;

    def test_data(self):
        """Integration tests (data) of the Stroke (FERES) MIP."""
        selenium_driver = self.driver
    
        # 1. Click 'Datasets'
&gt;       datasets = selenium_driver.find_element(By.CSS_SELECTOR, "#dropdown-basic")

test_stroke_federation.py:33: 
_ _ _ _ _ _ _ _ _ _ _ _ _ _ _ _ _ _ _ _ _ _ _ _ _ _ _ _ _ _ _ _ _ _ _ _ _ _ _ _ 
/usr/local/lib/python3.9/site-packages/selenium/webdriver/remote/webdriver.py:739: in find_element
    return self.execute(Command.FIND_ELEMENT, {"using": by, "value": value})["value"]
/usr/local/lib/python3.9/site-packages/selenium/webdriver/remote/webdriver.py:345: in execute
    self.error_handler.check_response(response)
_ _ _ _ _ _ _ _ _ _ _ _ _ _ _ _ _ _ _ _ _ _ _ _ _ _ _ _ _ _ _ _ _ _ _ _ _ _ _ _ 

self = &lt;selenium.webdriver.remote.errorhandler.ErrorHandler object at 0x7fce561ce2e0&gt;
response = {'status': 404, 'value': '{"value":{"error":"no such element","message":"no such element: Unable to locate element: {\...\\n#16 0x55873c5e4917 \\u003Cunknown&gt;\\n#17 0x55873c5f5773 \\u003Cunknown&gt;\\n#18 0x7f08aa5bc044 \\u003Cunknown&gt;\\n"}}'}

    def check_response(self, response: Dict[str, Any]) -&gt; None:
        """Checks that a JSON response from the WebDriver does not have an
        error.
    
        :Args:
         - response - The JSON response from the WebDriver server as a dictionary
           object.
    
        :Raises: If the response contains an error message.
        """
        status = response.get("status", None)
        if not status or status == ErrorCode.SUCCESS:
            return
        value = None
        message = response.get("message", "")
        screen: str = response.get("screen", "")
        stacktrace = None
        if isinstance(status, int):
            value_json = response.get("value", None)
            if value_json and isinstance(value_json, str):
                import json
    
                try:
                    value = json.loads(value_json)
                    if len(value) == 1:
                        value = value["value"]
                    status = value.get("error", None)
                    if not status:
                        status = value.get("status", ErrorCode.UNKNOWN_ERROR)
                        message = value.get("value") or value.get("message")
                        if not isinstance(message, str):
                            value = message
                            message = message.get("message")
                    else:
                        message = value.get("message", None)
                except ValueError:
                    pass
    
        exception_class: Type[WebDriverException]
        e = ErrorCode()
        error_codes = [item for item in dir(e) if not item.startswith("__")]
        for error_code in error_codes:
            error_info = getattr(ErrorCode, error_code)
            if isinstance(error_info, list) and status in error_info:
                exception_class = getattr(ExceptionMapping, error_code, WebDriverException)
                break
        else:
            exception_class = WebDriverException
    
        if not value:
            value = response["value"]
        if isinstance(value, str):
            raise exception_class(value)
        if message == "" and "message" in value:
            message = value["message"]
    
        screen = None  # type: ignore[assignment]
        if "screen" in value:
            screen = value["screen"]
    
        stacktrace = None
        st_value = value.get("stackTrace") or value.get("stacktrace")
        if st_value:
            if isinstance(st_value, str):
                stacktrace = st_value.split("\n")
            else:
                stacktrace = []
                try:
                    for frame in st_value:
                        line = frame.get("lineNumber", "")
                        file = frame.get("fileName", "&lt;anonymous&gt;")
                        if line:
                            file = f"{file}:{line}"
                        meth = frame.get("methodName", "&lt;anonymous&gt;")
                        if "className" in frame:
                            meth = f"{frame['className']}.{meth}"
                        msg = "    at %s (%s)"
                        msg = msg % (meth, file)
                        stacktrace.append(msg)
                except TypeError:
                    pass
        if exception_class == UnexpectedAlertPresentException:
            alert_text = None
            if "data" in value:
                alert_text = value["data"].get("text")
            elif "alert" in value:
                alert_text = value["alert"].get("text")
            raise exception_class(message, screen, stacktrace, alert_text)  # type: ignore[call-arg]  # mypy is not smart enough here
&gt;       raise exception_class(message, screen, stacktrace)
E       selenium.common.exceptions.NoSuchElementException: Message: no such element: Unable to locate element: {"method":"css selector","selector":"#dropdown-basic"}
E         (Session info: headless chrome=119.0.6045.105); For documentation on this error, please visit: https://www.selenium.dev/documentation/webdriver/troubleshooting/errors#no-such-element-exception
E       Stacktrace:
E       #0 0x55873c5f65e3 &lt;unknown&gt;
E       #1 0x55873c2b90b7 &lt;unknown&gt;
E       #2 0x55873c306f53 &lt;unknown&gt;
E       #3 0x55873c307051 &lt;unknown&gt;
E       #4 0x55873c34c9c4 &lt;unknown&gt;
E       #5 0x55873c32df1d &lt;unknown&gt;
E       #6 0x55873c349b3d &lt;unknown&gt;
E       #7 0x55873c32dcc3 &lt;unknown&gt;
E       #8 0x55873c2f90e4 &lt;unknown&gt;
E       #9 0x55873c2fa0ae &lt;unknown&gt;
E       #10 0x55873c5bcce1 &lt;unknown&gt;
E       #11 0x55873c5c0b7e &lt;unknown&gt;
E       #12 0x55873c5aa4b5 &lt;unknown&gt;
E       #13 0x55873c5c17d6 &lt;unknown&gt;
E       #14 0x55873c58ddbf &lt;unknown&gt;
E       #15 0x55873c5e4748 &lt;unknown&gt;
E       #16 0x55873c5e4917 &lt;unknown&gt;
E       #17 0x55873c5f5773 &lt;unknown&gt;
E       #18 0x7f08aa5bc044 &lt;unknown&gt;

/usr/local/lib/python3.9/site-packages/selenium/webdriver/remote/errorhandler.py:229: NoSuchElementException</failure></testcase></testsuite></testsuites>