<?xml version="1.0" encoding="utf-8"?><testsuites><testsuite name="pytest" errors="0" failures="3" skipped="0" tests="6" time="199.580" timestamp="2023-09-12T07:00:12.742368" hostname="983de21bb963"><testcase classname="test_public_mip.TestPublicMIP" name="test_login_and_accept_terms[https://hbpmip.link/]" time="46.143" /><testcase classname="test_public_mip.TestPublicMIP" name="test_data[https://hbpmip.link/]" time="20.086"><failure message="selenium.common.exceptions.NoSuchElementException: Message: no such element: Unable to locate element: {&quot;method&quot;:&quot;xpath&quot;,&quot;selector&quot;:&quot;//div[@id='pathology-select']/div/button&quot;}&#10;  (Session info: headless chrome=116.0.5845.179); For documentation on this error, please visit: https://www.selenium.dev/documentation/webdriver/troubleshooting/errors#no-such-element-exception&#10;Stacktrace:&#10;#0 0x55f9ef76ce23 &lt;unknown&gt;&#10;#1 0x55f9ef4957a7 &lt;unknown&gt;&#10;#2 0x55f9ef4d41d3 &lt;unknown&gt;&#10;#3 0x55f9ef4d42c1 &lt;unknown&gt;&#10;#4 0x55f9ef50fa04 &lt;unknown&gt;&#10;#5 0x55f9ef4f503d &lt;unknown&gt;&#10;#6 0x55f9ef50d369 &lt;unknown&gt;&#10;#7 0x55f9ef4f4de3 &lt;unknown&gt;&#10;#8 0x55f9ef4c8a7b &lt;unknown&gt;&#10;#9 0x55f9ef4c981e &lt;unknown&gt;&#10;#10 0x55f9ef72e638 &lt;unknown&gt;&#10;#11 0x55f9ef732507 &lt;unknown&gt;&#10;#12 0x55f9ef73cc4c &lt;unknown&gt;&#10;#13 0x55f9ef733136 &lt;unknown&gt;&#10;#14 0x55f9ef7019cf &lt;unknown&gt;&#10;#15 0x55f9ef756b98 &lt;unknown&gt;&#10;#16 0x55f9ef756d68 &lt;unknown&gt;&#10;#17 0x55f9ef765cb3 &lt;unknown&gt;&#10;#18 0x7fe2bc926044 &lt;unknown&gt;">self = &lt;test_public_mip.TestPublicMIP object at 0x7f46f2316dc0&gt;

    def test_data(self):
        """Integration tests (data) of the public MIP."""
&gt;       super().test_data()

test_public_mip.py:24: 
_ _ _ _ _ _ _ _ _ _ _ _ _ _ _ _ _ _ _ _ _ _ _ _ _ _ _ _ _ _ _ _ _ _ _ _ _ _ _ _ 
basetest.py:63: in test_data
    dementia = selenium_driver.find_element(
/usr/local/lib/python3.9/site-packages/selenium/webdriver/remote/webdriver.py:739: in find_element
    return self.execute(Command.FIND_ELEMENT, {"using": by, "value": value})["value"]
/usr/local/lib/python3.9/site-packages/selenium/webdriver/remote/webdriver.py:345: in execute
    self.error_handler.check_response(response)
_ _ _ _ _ _ _ _ _ _ _ _ _ _ _ _ _ _ _ _ _ _ _ _ _ _ _ _ _ _ _ _ _ _ _ _ _ _ _ _ 

self = &lt;selenium.webdriver.remote.errorhandler.ErrorHandler object at 0x7f46f2316af0&gt;
response = {'status': 404, 'value': '{"value":{"error":"no such element","message":"no such element: Unable to locate element: {\...\\n#16 0x55f9ef756d68 \\u003Cunknown&gt;\\n#17 0x55f9ef765cb3 \\u003Cunknown&gt;\\n#18 0x7fe2bc926044 \\u003Cunknown&gt;\\n"}}'}

    def check_response(self, response: Dict[str, Any]) -&gt; None:
        """Checks that a JSON response from the WebDriver does not have an
        error.
    
        :Args:
         - response - The JSON response from the WebDriver server as a dictionary
           object.
    
        :Raises: If the response contains an error message.
        """
        status = response.get("status", None)
        if not status or status == ErrorCode.SUCCESS:
            return
        value = None
        message = response.get("message", "")
        screen: str = response.get("screen", "")
        stacktrace = None
        if isinstance(status, int):
            value_json = response.get("value", None)
            if value_json and isinstance(value_json, str):
                import json
    
                try:
                    value = json.loads(value_json)
                    if len(value) == 1:
                        value = value["value"]
                    status = value.get("error", None)
                    if not status:
                        status = value.get("status", ErrorCode.UNKNOWN_ERROR)
                        message = value.get("value") or value.get("message")
                        if not isinstance(message, str):
                            value = message
                            message = message.get("message")
                    else:
                        message = value.get("message", None)
                except ValueError:
                    pass
    
        exception_class: Type[WebDriverException]
        e = ErrorCode()
        error_codes = [item for item in dir(e) if not item.startswith("__")]
        for error_code in error_codes:
            error_info = getattr(ErrorCode, error_code)
            if isinstance(error_info, list) and status in error_info:
                exception_class = getattr(ExceptionMapping, error_code, WebDriverException)
                break
        else:
            exception_class = WebDriverException
    
        if not value:
            value = response["value"]
        if isinstance(value, str):
            raise exception_class(value)
        if message == "" and "message" in value:
            message = value["message"]
    
        screen = None  # type: ignore[assignment]
        if "screen" in value:
            screen = value["screen"]
    
        stacktrace = None
        st_value = value.get("stackTrace") or value.get("stacktrace")
        if st_value:
            if isinstance(st_value, str):
                stacktrace = st_value.split("\n")
            else:
                stacktrace = []
                try:
                    for frame in st_value:
                        line = frame.get("lineNumber", "")
                        file = frame.get("fileName", "&lt;anonymous&gt;")
                        if line:
                            file = f"{file}:{line}"
                        meth = frame.get("methodName", "&lt;anonymous&gt;")
                        if "className" in frame:
                            meth = f"{frame['className']}.{meth}"
                        msg = "    at %s (%s)"
                        msg = msg % (meth, file)
                        stacktrace.append(msg)
                except TypeError:
                    pass
        if exception_class == UnexpectedAlertPresentException:
            alert_text = None
            if "data" in value:
                alert_text = value["data"].get("text")
            elif "alert" in value:
                alert_text = value["alert"].get("text")
            raise exception_class(message, screen, stacktrace, alert_text)  # type: ignore[call-arg]  # mypy is not smart enough here
&gt;       raise exception_class(message, screen, stacktrace)
E       selenium.common.exceptions.NoSuchElementException: Message: no such element: Unable to locate element: {"method":"xpath","selector":"//div[@id='pathology-select']/div/button"}
E         (Session info: headless chrome=116.0.5845.179); For documentation on this error, please visit: https://www.selenium.dev/documentation/webdriver/troubleshooting/errors#no-such-element-exception
E       Stacktrace:
E       #0 0x55f9ef76ce23 &lt;unknown&gt;
E       #1 0x55f9ef4957a7 &lt;unknown&gt;
E       #2 0x55f9ef4d41d3 &lt;unknown&gt;
E       #3 0x55f9ef4d42c1 &lt;unknown&gt;
E       #4 0x55f9ef50fa04 &lt;unknown&gt;
E       #5 0x55f9ef4f503d &lt;unknown&gt;
E       #6 0x55f9ef50d369 &lt;unknown&gt;
E       #7 0x55f9ef4f4de3 &lt;unknown&gt;
E       #8 0x55f9ef4c8a7b &lt;unknown&gt;
E       #9 0x55f9ef4c981e &lt;unknown&gt;
E       #10 0x55f9ef72e638 &lt;unknown&gt;
E       #11 0x55f9ef732507 &lt;unknown&gt;
E       #12 0x55f9ef73cc4c &lt;unknown&gt;
E       #13 0x55f9ef733136 &lt;unknown&gt;
E       #14 0x55f9ef7019cf &lt;unknown&gt;
E       #15 0x55f9ef756b98 &lt;unknown&gt;
E       #16 0x55f9ef756d68 &lt;unknown&gt;
E       #17 0x55f9ef765cb3 &lt;unknown&gt;
E       #18 0x7fe2bc926044 &lt;unknown&gt;

/usr/local/lib/python3.9/site-packages/selenium/webdriver/remote/errorhandler.py:229: NoSuchElementException</failure></testcase><testcase classname="test_qa_federation.TestMIPQAFederation" name="test_login_and_accept_terms[https://qa.hbpmip.link/]" time="46.960" /><testcase classname="test_qa_federation.TestMIPQAFederation" name="test_data[https://qa.hbpmip.link/]" time="20.087"><failure message="selenium.common.exceptions.NoSuchElementException: Message: no such element: Unable to locate element: {&quot;method&quot;:&quot;xpath&quot;,&quot;selector&quot;:&quot;//div[@id='pathology-select']/div/button&quot;}&#10;  (Session info: headless chrome=116.0.5845.179); For documentation on this error, please visit: https://www.selenium.dev/documentation/webdriver/troubleshooting/errors#no-such-element-exception&#10;Stacktrace:&#10;#0 0x5566967f8e23 &lt;unknown&gt;&#10;#1 0x5566965217a7 &lt;unknown&gt;&#10;#2 0x5566965601d3 &lt;unknown&gt;&#10;#3 0x5566965602c1 &lt;unknown&gt;&#10;#4 0x55669659ba04 &lt;unknown&gt;&#10;#5 0x55669658103d &lt;unknown&gt;&#10;#6 0x556696599369 &lt;unknown&gt;&#10;#7 0x556696580de3 &lt;unknown&gt;&#10;#8 0x556696554a7b &lt;unknown&gt;&#10;#9 0x55669655581e &lt;unknown&gt;&#10;#10 0x5566967ba638 &lt;unknown&gt;&#10;#11 0x5566967be507 &lt;unknown&gt;&#10;#12 0x5566967c8c4c &lt;unknown&gt;&#10;#13 0x5566967bf136 &lt;unknown&gt;&#10;#14 0x55669678d9cf &lt;unknown&gt;&#10;#15 0x5566967e2b98 &lt;unknown&gt;&#10;#16 0x5566967e2d68 &lt;unknown&gt;&#10;#17 0x5566967f1cb3 &lt;unknown&gt;&#10;#18 0x7f2ac4a4f044 &lt;unknown&gt;">self = &lt;test_qa_federation.TestMIPQAFederation object at 0x7f46f22af130&gt;

    def test_data(self):
        """Integration tests (data) of the MIP QA Federation."""
&gt;       super().test_data()

test_qa_federation.py:24: 
_ _ _ _ _ _ _ _ _ _ _ _ _ _ _ _ _ _ _ _ _ _ _ _ _ _ _ _ _ _ _ _ _ _ _ _ _ _ _ _ 
basetest.py:63: in test_data
    dementia = selenium_driver.find_element(
/usr/local/lib/python3.9/site-packages/selenium/webdriver/remote/webdriver.py:739: in find_element
    return self.execute(Command.FIND_ELEMENT, {"using": by, "value": value})["value"]
/usr/local/lib/python3.9/site-packages/selenium/webdriver/remote/webdriver.py:345: in execute
    self.error_handler.check_response(response)
_ _ _ _ _ _ _ _ _ _ _ _ _ _ _ _ _ _ _ _ _ _ _ _ _ _ _ _ _ _ _ _ _ _ _ _ _ _ _ _ 

self = &lt;selenium.webdriver.remote.errorhandler.ErrorHandler object at 0x7f46f22af430&gt;
response = {'status': 404, 'value': '{"value":{"error":"no such element","message":"no such element: Unable to locate element: {\...\\n#16 0x5566967e2d68 \\u003Cunknown&gt;\\n#17 0x5566967f1cb3 \\u003Cunknown&gt;\\n#18 0x7f2ac4a4f044 \\u003Cunknown&gt;\\n"}}'}

    def check_response(self, response: Dict[str, Any]) -&gt; None:
        """Checks that a JSON response from the WebDriver does not have an
        error.
    
        :Args:
         - response - The JSON response from the WebDriver server as a dictionary
           object.
    
        :Raises: If the response contains an error message.
        """
        status = response.get("status", None)
        if not status or status == ErrorCode.SUCCESS:
            return
        value = None
        message = response.get("message", "")
        screen: str = response.get("screen", "")
        stacktrace = None
        if isinstance(status, int):
            value_json = response.get("value", None)
            if value_json and isinstance(value_json, str):
                import json
    
                try:
                    value = json.loads(value_json)
                    if len(value) == 1:
                        value = value["value"]
                    status = value.get("error", None)
                    if not status:
                        status = value.get("status", ErrorCode.UNKNOWN_ERROR)
                        message = value.get("value") or value.get("message")
                        if not isinstance(message, str):
                            value = message
                            message = message.get("message")
                    else:
                        message = value.get("message", None)
                except ValueError:
                    pass
    
        exception_class: Type[WebDriverException]
        e = ErrorCode()
        error_codes = [item for item in dir(e) if not item.startswith("__")]
        for error_code in error_codes:
            error_info = getattr(ErrorCode, error_code)
            if isinstance(error_info, list) and status in error_info:
                exception_class = getattr(ExceptionMapping, error_code, WebDriverException)
                break
        else:
            exception_class = WebDriverException
    
        if not value:
            value = response["value"]
        if isinstance(value, str):
            raise exception_class(value)
        if message == "" and "message" in value:
            message = value["message"]
    
        screen = None  # type: ignore[assignment]
        if "screen" in value:
            screen = value["screen"]
    
        stacktrace = None
        st_value = value.get("stackTrace") or value.get("stacktrace")
        if st_value:
            if isinstance(st_value, str):
                stacktrace = st_value.split("\n")
            else:
                stacktrace = []
                try:
                    for frame in st_value:
                        line = frame.get("lineNumber", "")
                        file = frame.get("fileName", "&lt;anonymous&gt;")
                        if line:
                            file = f"{file}:{line}"
                        meth = frame.get("methodName", "&lt;anonymous&gt;")
                        if "className" in frame:
                            meth = f"{frame['className']}.{meth}"
                        msg = "    at %s (%s)"
                        msg = msg % (meth, file)
                        stacktrace.append(msg)
                except TypeError:
                    pass
        if exception_class == UnexpectedAlertPresentException:
            alert_text = None
            if "data" in value:
                alert_text = value["data"].get("text")
            elif "alert" in value:
                alert_text = value["alert"].get("text")
            raise exception_class(message, screen, stacktrace, alert_text)  # type: ignore[call-arg]  # mypy is not smart enough here
&gt;       raise exception_class(message, screen, stacktrace)
E       selenium.common.exceptions.NoSuchElementException: Message: no such element: Unable to locate element: {"method":"xpath","selector":"//div[@id='pathology-select']/div/button"}
E         (Session info: headless chrome=116.0.5845.179); For documentation on this error, please visit: https://www.selenium.dev/documentation/webdriver/troubleshooting/errors#no-such-element-exception
E       Stacktrace:
E       #0 0x5566967f8e23 &lt;unknown&gt;
E       #1 0x5566965217a7 &lt;unknown&gt;
E       #2 0x5566965601d3 &lt;unknown&gt;
E       #3 0x5566965602c1 &lt;unknown&gt;
E       #4 0x55669659ba04 &lt;unknown&gt;
E       #5 0x55669658103d &lt;unknown&gt;
E       #6 0x556696599369 &lt;unknown&gt;
E       #7 0x556696580de3 &lt;unknown&gt;
E       #8 0x556696554a7b &lt;unknown&gt;
E       #9 0x55669655581e &lt;unknown&gt;
E       #10 0x5566967ba638 &lt;unknown&gt;
E       #11 0x5566967be507 &lt;unknown&gt;
E       #12 0x5566967c8c4c &lt;unknown&gt;
E       #13 0x5566967bf136 &lt;unknown&gt;
E       #14 0x55669678d9cf &lt;unknown&gt;
E       #15 0x5566967e2b98 &lt;unknown&gt;
E       #16 0x5566967e2d68 &lt;unknown&gt;
E       #17 0x5566967f1cb3 &lt;unknown&gt;
E       #18 0x7f2ac4a4f044 &lt;unknown&gt;

/usr/local/lib/python3.9/site-packages/selenium/webdriver/remote/errorhandler.py:229: NoSuchElementException</failure></testcase><testcase classname="test_stroke_federation.TestStrokeMIP" name="test_login_and_accept_terms[https://stroke.hbpmip.link/]" time="45.525" /><testcase classname="test_stroke_federation.TestStrokeMIP" name="test_data[https://stroke.hbpmip.link/]" time="20.120"><failure message="selenium.common.exceptions.NoSuchElementException: Message: no such element: Unable to locate element: {&quot;method&quot;:&quot;css selector&quot;,&quot;selector&quot;:&quot;#dropdown-basic&quot;}&#10;  (Session info: headless chrome=116.0.5845.179); For documentation on this error, please visit: https://www.selenium.dev/documentation/webdriver/troubleshooting/errors#no-such-element-exception&#10;Stacktrace:&#10;#0 0x5572a173de23 &lt;unknown&gt;&#10;#1 0x5572a14667a7 &lt;unknown&gt;&#10;#2 0x5572a14a51d3 &lt;unknown&gt;&#10;#3 0x5572a14a52c1 &lt;unknown&gt;&#10;#4 0x5572a14e0a04 &lt;unknown&gt;&#10;#5 0x5572a14c603d &lt;unknown&gt;&#10;#6 0x5572a14de369 &lt;unknown&gt;&#10;#7 0x5572a14c5de3 &lt;unknown&gt;&#10;#8 0x5572a1499a7b &lt;unknown&gt;&#10;#9 0x5572a149a81e &lt;unknown&gt;&#10;#10 0x5572a16ff638 &lt;unknown&gt;&#10;#11 0x5572a1703507 &lt;unknown&gt;&#10;#12 0x5572a170dc4c &lt;unknown&gt;&#10;#13 0x5572a1704136 &lt;unknown&gt;&#10;#14 0x5572a16d29cf &lt;unknown&gt;&#10;#15 0x5572a1727b98 &lt;unknown&gt;&#10;#16 0x5572a1727d68 &lt;unknown&gt;&#10;#17 0x5572a1736cb3 &lt;unknown&gt;&#10;#18 0x7f9303524044 &lt;unknown&gt;">self = &lt;test_stroke_federation.TestStrokeMIP object at 0x7f46f2316eb0&gt;

    def test_data(self):
        """Integration tests (data) of the Stroke (FERES) MIP."""
        selenium_driver = self.driver
    
        # 1. Click 'Datasets'
&gt;       datasets = selenium_driver.find_element(By.CSS_SELECTOR, "#dropdown-basic")

test_stroke_federation.py:33: 
_ _ _ _ _ _ _ _ _ _ _ _ _ _ _ _ _ _ _ _ _ _ _ _ _ _ _ _ _ _ _ _ _ _ _ _ _ _ _ _ 
/usr/local/lib/python3.9/site-packages/selenium/webdriver/remote/webdriver.py:739: in find_element
    return self.execute(Command.FIND_ELEMENT, {"using": by, "value": value})["value"]
/usr/local/lib/python3.9/site-packages/selenium/webdriver/remote/webdriver.py:345: in execute
    self.error_handler.check_response(response)
_ _ _ _ _ _ _ _ _ _ _ _ _ _ _ _ _ _ _ _ _ _ _ _ _ _ _ _ _ _ _ _ _ _ _ _ _ _ _ _ 

self = &lt;selenium.webdriver.remote.errorhandler.ErrorHandler object at 0x7f46f228ffd0&gt;
response = {'status': 404, 'value': '{"value":{"error":"no such element","message":"no such element: Unable to locate element: {\...\\n#16 0x5572a1727d68 \\u003Cunknown&gt;\\n#17 0x5572a1736cb3 \\u003Cunknown&gt;\\n#18 0x7f9303524044 \\u003Cunknown&gt;\\n"}}'}

    def check_response(self, response: Dict[str, Any]) -&gt; None:
        """Checks that a JSON response from the WebDriver does not have an
        error.
    
        :Args:
         - response - The JSON response from the WebDriver server as a dictionary
           object.
    
        :Raises: If the response contains an error message.
        """
        status = response.get("status", None)
        if not status or status == ErrorCode.SUCCESS:
            return
        value = None
        message = response.get("message", "")
        screen: str = response.get("screen", "")
        stacktrace = None
        if isinstance(status, int):
            value_json = response.get("value", None)
            if value_json and isinstance(value_json, str):
                import json
    
                try:
                    value = json.loads(value_json)
                    if len(value) == 1:
                        value = value["value"]
                    status = value.get("error", None)
                    if not status:
                        status = value.get("status", ErrorCode.UNKNOWN_ERROR)
                        message = value.get("value") or value.get("message")
                        if not isinstance(message, str):
                            value = message
                            message = message.get("message")
                    else:
                        message = value.get("message", None)
                except ValueError:
                    pass
    
        exception_class: Type[WebDriverException]
        e = ErrorCode()
        error_codes = [item for item in dir(e) if not item.startswith("__")]
        for error_code in error_codes:
            error_info = getattr(ErrorCode, error_code)
            if isinstance(error_info, list) and status in error_info:
                exception_class = getattr(ExceptionMapping, error_code, WebDriverException)
                break
        else:
            exception_class = WebDriverException
    
        if not value:
            value = response["value"]
        if isinstance(value, str):
            raise exception_class(value)
        if message == "" and "message" in value:
            message = value["message"]
    
        screen = None  # type: ignore[assignment]
        if "screen" in value:
            screen = value["screen"]
    
        stacktrace = None
        st_value = value.get("stackTrace") or value.get("stacktrace")
        if st_value:
            if isinstance(st_value, str):
                stacktrace = st_value.split("\n")
            else:
                stacktrace = []
                try:
                    for frame in st_value:
                        line = frame.get("lineNumber", "")
                        file = frame.get("fileName", "&lt;anonymous&gt;")
                        if line:
                            file = f"{file}:{line}"
                        meth = frame.get("methodName", "&lt;anonymous&gt;")
                        if "className" in frame:
                            meth = f"{frame['className']}.{meth}"
                        msg = "    at %s (%s)"
                        msg = msg % (meth, file)
                        stacktrace.append(msg)
                except TypeError:
                    pass
        if exception_class == UnexpectedAlertPresentException:
            alert_text = None
            if "data" in value:
                alert_text = value["data"].get("text")
            elif "alert" in value:
                alert_text = value["alert"].get("text")
            raise exception_class(message, screen, stacktrace, alert_text)  # type: ignore[call-arg]  # mypy is not smart enough here
&gt;       raise exception_class(message, screen, stacktrace)
E       selenium.common.exceptions.NoSuchElementException: Message: no such element: Unable to locate element: {"method":"css selector","selector":"#dropdown-basic"}
E         (Session info: headless chrome=116.0.5845.179); For documentation on this error, please visit: https://www.selenium.dev/documentation/webdriver/troubleshooting/errors#no-such-element-exception
E       Stacktrace:
E       #0 0x5572a173de23 &lt;unknown&gt;
E       #1 0x5572a14667a7 &lt;unknown&gt;
E       #2 0x5572a14a51d3 &lt;unknown&gt;
E       #3 0x5572a14a52c1 &lt;unknown&gt;
E       #4 0x5572a14e0a04 &lt;unknown&gt;
E       #5 0x5572a14c603d &lt;unknown&gt;
E       #6 0x5572a14de369 &lt;unknown&gt;
E       #7 0x5572a14c5de3 &lt;unknown&gt;
E       #8 0x5572a1499a7b &lt;unknown&gt;
E       #9 0x5572a149a81e &lt;unknown&gt;
E       #10 0x5572a16ff638 &lt;unknown&gt;
E       #11 0x5572a1703507 &lt;unknown&gt;
E       #12 0x5572a170dc4c &lt;unknown&gt;
E       #13 0x5572a1704136 &lt;unknown&gt;
E       #14 0x5572a16d29cf &lt;unknown&gt;
E       #15 0x5572a1727b98 &lt;unknown&gt;
E       #16 0x5572a1727d68 &lt;unknown&gt;
E       #17 0x5572a1736cb3 &lt;unknown&gt;
E       #18 0x7f9303524044 &lt;unknown&gt;

/usr/local/lib/python3.9/site-packages/selenium/webdriver/remote/errorhandler.py:229: NoSuchElementException</failure></testcase></testsuite></testsuites>