<?xml version="1.0" encoding="utf-8"?><testsuites><testsuite name="pytest" errors="0" failures="3" skipped="0" tests="6" time="159.851" timestamp="2023-11-13T07:00:35.416717" hostname="215b4b9a1563"><testcase classname="test_public_mip.TestPublicMIP" name="test_login_and_accept_terms[https://hbpmip.link/]" time="29.307" /><testcase classname="test_public_mip.TestPublicMIP" name="test_data[https://hbpmip.link/]" time="24.030"><failure message="selenium.common.exceptions.NoSuchElementException: Message: no such element: Unable to locate element: {&quot;method&quot;:&quot;xpath&quot;,&quot;selector&quot;:&quot;//*[name()='circle'][. = 'Left opercular part of the inferior frontal gyrus&#10;']&quot;}&#10;  (Session info: headless chrome=119.0.6045.105); For documentation on this error, please visit: https://www.selenium.dev/documentation/webdriver/troubleshooting/errors#no-such-element-exception&#10;Stacktrace:&#10;#0 0x55688ef1b5e3 &lt;unknown&gt;&#10;#1 0x55688ebde0b7 &lt;unknown&gt;&#10;#2 0x55688ec2bf53 &lt;unknown&gt;&#10;#3 0x55688ec2c051 &lt;unknown&gt;&#10;#4 0x55688ec719c4 &lt;unknown&gt;&#10;#5 0x55688ec52f1d &lt;unknown&gt;&#10;#6 0x55688ec6eb3d &lt;unknown&gt;&#10;#7 0x55688ec52cc3 &lt;unknown&gt;&#10;#8 0x55688ec1e0e4 &lt;unknown&gt;&#10;#9 0x55688ec1f0ae &lt;unknown&gt;&#10;#10 0x55688eee1ce1 &lt;unknown&gt;&#10;#11 0x55688eee5b7e &lt;unknown&gt;&#10;#12 0x55688eecf4b5 &lt;unknown&gt;&#10;#13 0x55688eee67d6 &lt;unknown&gt;&#10;#14 0x55688eeb2dbf &lt;unknown&gt;&#10;#15 0x55688ef09748 &lt;unknown&gt;&#10;#16 0x55688ef09917 &lt;unknown&gt;&#10;#17 0x55688ef1a773 &lt;unknown&gt;&#10;#18 0x7f736c4ec044 &lt;unknown&gt;">self = &lt;test_public_mip.TestPublicMIP object at 0x7f50cdb871c0&gt;

    def test_data(self):
        """Integration tests (data) of the public MIP."""
&gt;       super().test_data()

test_public_mip.py:24: 
_ _ _ _ _ _ _ _ _ _ _ _ _ _ _ _ _ _ _ _ _ _ _ _ _ _ _ _ _ _ _ _ _ _ _ _ _ _ _ _ 
basetest.py:106: in test_data
    left_opercular_part_of_the_inferior_f_ = selenium_driver.find_element(
/usr/local/lib/python3.9/site-packages/selenium/webdriver/remote/webdriver.py:739: in find_element
    return self.execute(Command.FIND_ELEMENT, {"using": by, "value": value})["value"]
/usr/local/lib/python3.9/site-packages/selenium/webdriver/remote/webdriver.py:345: in execute
    self.error_handler.check_response(response)
_ _ _ _ _ _ _ _ _ _ _ _ _ _ _ _ _ _ _ _ _ _ _ _ _ _ _ _ _ _ _ _ _ _ _ _ _ _ _ _ 

self = &lt;selenium.webdriver.remote.errorhandler.ErrorHandler object at 0x7f50cdb68970&gt;
response = {'status': 404, 'value': '{"value":{"error":"no such element","message":"no such element: Unable to locate element: {\...\\n#16 0x55688ef09917 \\u003Cunknown&gt;\\n#17 0x55688ef1a773 \\u003Cunknown&gt;\\n#18 0x7f736c4ec044 \\u003Cunknown&gt;\\n"}}'}

    def check_response(self, response: Dict[str, Any]) -&gt; None:
        """Checks that a JSON response from the WebDriver does not have an
        error.
    
        :Args:
         - response - The JSON response from the WebDriver server as a dictionary
           object.
    
        :Raises: If the response contains an error message.
        """
        status = response.get("status", None)
        if not status or status == ErrorCode.SUCCESS:
            return
        value = None
        message = response.get("message", "")
        screen: str = response.get("screen", "")
        stacktrace = None
        if isinstance(status, int):
            value_json = response.get("value", None)
            if value_json and isinstance(value_json, str):
                import json
    
                try:
                    value = json.loads(value_json)
                    if len(value) == 1:
                        value = value["value"]
                    status = value.get("error", None)
                    if not status:
                        status = value.get("status", ErrorCode.UNKNOWN_ERROR)
                        message = value.get("value") or value.get("message")
                        if not isinstance(message, str):
                            value = message
                            message = message.get("message")
                    else:
                        message = value.get("message", None)
                except ValueError:
                    pass
    
        exception_class: Type[WebDriverException]
        e = ErrorCode()
        error_codes = [item for item in dir(e) if not item.startswith("__")]
        for error_code in error_codes:
            error_info = getattr(ErrorCode, error_code)
            if isinstance(error_info, list) and status in error_info:
                exception_class = getattr(ExceptionMapping, error_code, WebDriverException)
                break
        else:
            exception_class = WebDriverException
    
        if not value:
            value = response["value"]
        if isinstance(value, str):
            raise exception_class(value)
        if message == "" and "message" in value:
            message = value["message"]
    
        screen = None  # type: ignore[assignment]
        if "screen" in value:
            screen = value["screen"]
    
        stacktrace = None
        st_value = value.get("stackTrace") or value.get("stacktrace")
        if st_value:
            if isinstance(st_value, str):
                stacktrace = st_value.split("\n")
            else:
                stacktrace = []
                try:
                    for frame in st_value:
                        line = frame.get("lineNumber", "")
                        file = frame.get("fileName", "&lt;anonymous&gt;")
                        if line:
                            file = f"{file}:{line}"
                        meth = frame.get("methodName", "&lt;anonymous&gt;")
                        if "className" in frame:
                            meth = f"{frame['className']}.{meth}"
                        msg = "    at %s (%s)"
                        msg = msg % (meth, file)
                        stacktrace.append(msg)
                except TypeError:
                    pass
        if exception_class == UnexpectedAlertPresentException:
            alert_text = None
            if "data" in value:
                alert_text = value["data"].get("text")
            elif "alert" in value:
                alert_text = value["alert"].get("text")
            raise exception_class(message, screen, stacktrace, alert_text)  # type: ignore[call-arg]  # mypy is not smart enough here
&gt;       raise exception_class(message, screen, stacktrace)
E       selenium.common.exceptions.NoSuchElementException: Message: no such element: Unable to locate element: {"method":"xpath","selector":"//*[name()='circle'][. = 'Left opercular part of the inferior frontal gyrus
E       ']"}
E         (Session info: headless chrome=119.0.6045.105); For documentation on this error, please visit: https://www.selenium.dev/documentation/webdriver/troubleshooting/errors#no-such-element-exception
E       Stacktrace:
E       #0 0x55688ef1b5e3 &lt;unknown&gt;
E       #1 0x55688ebde0b7 &lt;unknown&gt;
E       #2 0x55688ec2bf53 &lt;unknown&gt;
E       #3 0x55688ec2c051 &lt;unknown&gt;
E       #4 0x55688ec719c4 &lt;unknown&gt;
E       #5 0x55688ec52f1d &lt;unknown&gt;
E       #6 0x55688ec6eb3d &lt;unknown&gt;
E       #7 0x55688ec52cc3 &lt;unknown&gt;
E       #8 0x55688ec1e0e4 &lt;unknown&gt;
E       #9 0x55688ec1f0ae &lt;unknown&gt;
E       #10 0x55688eee1ce1 &lt;unknown&gt;
E       #11 0x55688eee5b7e &lt;unknown&gt;
E       #12 0x55688eecf4b5 &lt;unknown&gt;
E       #13 0x55688eee67d6 &lt;unknown&gt;
E       #14 0x55688eeb2dbf &lt;unknown&gt;
E       #15 0x55688ef09748 &lt;unknown&gt;
E       #16 0x55688ef09917 &lt;unknown&gt;
E       #17 0x55688ef1a773 &lt;unknown&gt;
E       #18 0x7f736c4ec044 &lt;unknown&gt;

/usr/local/lib/python3.9/site-packages/selenium/webdriver/remote/errorhandler.py:229: NoSuchElementException</failure></testcase><testcase classname="test_qa_federation.TestMIPQAFederation" name="test_login_and_accept_terms[https://qa.hbpmip.link/]" time="28.736" /><testcase classname="test_qa_federation.TestMIPQAFederation" name="test_data[https://qa.hbpmip.link/]" time="23.650"><failure message="selenium.common.exceptions.NoSuchElementException: Message: no such element: Unable to locate element: {&quot;method&quot;:&quot;css selector&quot;,&quot;selector&quot;:&quot;#default-synth_mh_wk3&quot;}&#10;  (Session info: headless chrome=119.0.6045.105); For documentation on this error, please visit: https://www.selenium.dev/documentation/webdriver/troubleshooting/errors#no-such-element-exception&#10;Stacktrace:&#10;#0 0x562a24dcd5e3 &lt;unknown&gt;&#10;#1 0x562a24a900b7 &lt;unknown&gt;&#10;#2 0x562a24addf53 &lt;unknown&gt;&#10;#3 0x562a24ade051 &lt;unknown&gt;&#10;#4 0x562a24b239c4 &lt;unknown&gt;&#10;#5 0x562a24b04f1d &lt;unknown&gt;&#10;#6 0x562a24b20b3d &lt;unknown&gt;&#10;#7 0x562a24b04cc3 &lt;unknown&gt;&#10;#8 0x562a24ad00e4 &lt;unknown&gt;&#10;#9 0x562a24ad10ae &lt;unknown&gt;&#10;#10 0x562a24d93ce1 &lt;unknown&gt;&#10;#11 0x562a24d97b7e &lt;unknown&gt;&#10;#12 0x562a24d814b5 &lt;unknown&gt;&#10;#13 0x562a24d987d6 &lt;unknown&gt;&#10;#14 0x562a24d64dbf &lt;unknown&gt;&#10;#15 0x562a24dbb748 &lt;unknown&gt;&#10;#16 0x562a24dbb917 &lt;unknown&gt;&#10;#17 0x562a24dcc773 &lt;unknown&gt;&#10;#18 0x7fdbd5366044 &lt;unknown&gt;">self = &lt;test_qa_federation.TestMIPQAFederation object at 0x7f50cebd6c10&gt;

    def test_data(self):
        """Integration tests (data) of the MIP QA Federation."""
&gt;       super().test_data()

test_qa_federation.py:24: 
_ _ _ _ _ _ _ _ _ _ _ _ _ _ _ _ _ _ _ _ _ _ _ _ _ _ _ _ _ _ _ _ _ _ _ _ _ _ _ _ 
basetest.py:88: in test_data
    default_synth_mh_wk3 = selenium_driver.find_element(
/usr/local/lib/python3.9/site-packages/selenium/webdriver/remote/webdriver.py:739: in find_element
    return self.execute(Command.FIND_ELEMENT, {"using": by, "value": value})["value"]
/usr/local/lib/python3.9/site-packages/selenium/webdriver/remote/webdriver.py:345: in execute
    self.error_handler.check_response(response)
_ _ _ _ _ _ _ _ _ _ _ _ _ _ _ _ _ _ _ _ _ _ _ _ _ _ _ _ _ _ _ _ _ _ _ _ _ _ _ _ 

self = &lt;selenium.webdriver.remote.errorhandler.ErrorHandler object at 0x7f50cdbeedf0&gt;
response = {'status': 404, 'value': '{"value":{"error":"no such element","message":"no such element: Unable to locate element: {\...\\n#16 0x562a24dbb917 \\u003Cunknown&gt;\\n#17 0x562a24dcc773 \\u003Cunknown&gt;\\n#18 0x7fdbd5366044 \\u003Cunknown&gt;\\n"}}'}

    def check_response(self, response: Dict[str, Any]) -&gt; None:
        """Checks that a JSON response from the WebDriver does not have an
        error.
    
        :Args:
         - response - The JSON response from the WebDriver server as a dictionary
           object.
    
        :Raises: If the response contains an error message.
        """
        status = response.get("status", None)
        if not status or status == ErrorCode.SUCCESS:
            return
        value = None
        message = response.get("message", "")
        screen: str = response.get("screen", "")
        stacktrace = None
        if isinstance(status, int):
            value_json = response.get("value", None)
            if value_json and isinstance(value_json, str):
                import json
    
                try:
                    value = json.loads(value_json)
                    if len(value) == 1:
                        value = value["value"]
                    status = value.get("error", None)
                    if not status:
                        status = value.get("status", ErrorCode.UNKNOWN_ERROR)
                        message = value.get("value") or value.get("message")
                        if not isinstance(message, str):
                            value = message
                            message = message.get("message")
                    else:
                        message = value.get("message", None)
                except ValueError:
                    pass
    
        exception_class: Type[WebDriverException]
        e = ErrorCode()
        error_codes = [item for item in dir(e) if not item.startswith("__")]
        for error_code in error_codes:
            error_info = getattr(ErrorCode, error_code)
            if isinstance(error_info, list) and status in error_info:
                exception_class = getattr(ExceptionMapping, error_code, WebDriverException)
                break
        else:
            exception_class = WebDriverException
    
        if not value:
            value = response["value"]
        if isinstance(value, str):
            raise exception_class(value)
        if message == "" and "message" in value:
            message = value["message"]
    
        screen = None  # type: ignore[assignment]
        if "screen" in value:
            screen = value["screen"]
    
        stacktrace = None
        st_value = value.get("stackTrace") or value.get("stacktrace")
        if st_value:
            if isinstance(st_value, str):
                stacktrace = st_value.split("\n")
            else:
                stacktrace = []
                try:
                    for frame in st_value:
                        line = frame.get("lineNumber", "")
                        file = frame.get("fileName", "&lt;anonymous&gt;")
                        if line:
                            file = f"{file}:{line}"
                        meth = frame.get("methodName", "&lt;anonymous&gt;")
                        if "className" in frame:
                            meth = f"{frame['className']}.{meth}"
                        msg = "    at %s (%s)"
                        msg = msg % (meth, file)
                        stacktrace.append(msg)
                except TypeError:
                    pass
        if exception_class == UnexpectedAlertPresentException:
            alert_text = None
            if "data" in value:
                alert_text = value["data"].get("text")
            elif "alert" in value:
                alert_text = value["alert"].get("text")
            raise exception_class(message, screen, stacktrace, alert_text)  # type: ignore[call-arg]  # mypy is not smart enough here
&gt;       raise exception_class(message, screen, stacktrace)
E       selenium.common.exceptions.NoSuchElementException: Message: no such element: Unable to locate element: {"method":"css selector","selector":"#default-synth_mh_wk3"}
E         (Session info: headless chrome=119.0.6045.105); For documentation on this error, please visit: https://www.selenium.dev/documentation/webdriver/troubleshooting/errors#no-such-element-exception
E       Stacktrace:
E       #0 0x562a24dcd5e3 &lt;unknown&gt;
E       #1 0x562a24a900b7 &lt;unknown&gt;
E       #2 0x562a24addf53 &lt;unknown&gt;
E       #3 0x562a24ade051 &lt;unknown&gt;
E       #4 0x562a24b239c4 &lt;unknown&gt;
E       #5 0x562a24b04f1d &lt;unknown&gt;
E       #6 0x562a24b20b3d &lt;unknown&gt;
E       #7 0x562a24b04cc3 &lt;unknown&gt;
E       #8 0x562a24ad00e4 &lt;unknown&gt;
E       #9 0x562a24ad10ae &lt;unknown&gt;
E       #10 0x562a24d93ce1 &lt;unknown&gt;
E       #11 0x562a24d97b7e &lt;unknown&gt;
E       #12 0x562a24d814b5 &lt;unknown&gt;
E       #13 0x562a24d987d6 &lt;unknown&gt;
E       #14 0x562a24d64dbf &lt;unknown&gt;
E       #15 0x562a24dbb748 &lt;unknown&gt;
E       #16 0x562a24dbb917 &lt;unknown&gt;
E       #17 0x562a24dcc773 &lt;unknown&gt;
E       #18 0x7fdbd5366044 &lt;unknown&gt;

/usr/local/lib/python3.9/site-packages/selenium/webdriver/remote/errorhandler.py:229: NoSuchElementException</failure></testcase><testcase classname="test_stroke_federation.TestStrokeMIP" name="test_login_and_accept_terms[https://stroke.hbpmip.link/]" time="29.659" /><testcase classname="test_stroke_federation.TestStrokeMIP" name="test_data[https://stroke.hbpmip.link/]" time="23.616"><failure message="selenium.common.exceptions.NoSuchElementException: Message: no such element: Unable to locate element: {&quot;method&quot;:&quot;xpath&quot;,&quot;selector&quot;:&quot;//div[contains(@id,'bar-graph-age')]&quot;}&#10;  (Session info: headless chrome=119.0.6045.105); For documentation on this error, please visit: https://www.selenium.dev/documentation/webdriver/troubleshooting/errors#no-such-element-exception&#10;Stacktrace:&#10;#0 0x56100a1ee5e3 &lt;unknown&gt;&#10;#1 0x561009eb10b7 &lt;unknown&gt;&#10;#2 0x561009efef53 &lt;unknown&gt;&#10;#3 0x561009eff051 &lt;unknown&gt;&#10;#4 0x561009f449c4 &lt;unknown&gt;&#10;#5 0x561009f25f1d &lt;unknown&gt;&#10;#6 0x561009f41b3d &lt;unknown&gt;&#10;#7 0x561009f25cc3 &lt;unknown&gt;&#10;#8 0x561009ef10e4 &lt;unknown&gt;&#10;#9 0x561009ef20ae &lt;unknown&gt;&#10;#10 0x56100a1b4ce1 &lt;unknown&gt;&#10;#11 0x56100a1b8b7e &lt;unknown&gt;&#10;#12 0x56100a1a24b5 &lt;unknown&gt;&#10;#13 0x56100a1b97d6 &lt;unknown&gt;&#10;#14 0x56100a185dbf &lt;unknown&gt;&#10;#15 0x56100a1dc748 &lt;unknown&gt;&#10;#16 0x56100a1dc917 &lt;unknown&gt;&#10;#17 0x56100a1ed773 &lt;unknown&gt;&#10;#18 0x7f2ed6650044 &lt;unknown&gt;">self = &lt;test_stroke_federation.TestStrokeMIP object at 0x7f50cdb68910&gt;

    def test_data(self):
        """Integration tests (data) of the Stroke (FERES) MIP."""
        selenium_driver = self.driver
    
        # 1. Click 'Datasets'
        datasets = selenium_driver.find_element(By.CSS_SELECTOR, "#dropdown-basic")
        datasets.click()
    
        # 2. Disable and enable again 'default-unibas'
        time.sleep(3)
        default_unibas_wk = selenium_driver.find_element(
            By.CSS_SELECTOR, "#default-unibas"
        )
        default_unibas_wk.click()
        default_unibas_wk.click()
    
        # 3. Click 'age'
        age = selenium_driver.find_element(
            By.XPATH,
            "//*[name()='circle'][590]",
        )
        age.click()
    
        # 4. Is the div containing the histogram of 'age' generated?
&gt;       histogram_of_age = selenium_driver.find_element(
            By.XPATH,
            "//div[contains(@id,'bar-graph-age')]",
        )

test_stroke_federation.py:52: 
_ _ _ _ _ _ _ _ _ _ _ _ _ _ _ _ _ _ _ _ _ _ _ _ _ _ _ _ _ _ _ _ _ _ _ _ _ _ _ _ 
/usr/local/lib/python3.9/site-packages/selenium/webdriver/remote/webdriver.py:739: in find_element
    return self.execute(Command.FIND_ELEMENT, {"using": by, "value": value})["value"]
/usr/local/lib/python3.9/site-packages/selenium/webdriver/remote/webdriver.py:345: in execute
    self.error_handler.check_response(response)
_ _ _ _ _ _ _ _ _ _ _ _ _ _ _ _ _ _ _ _ _ _ _ _ _ _ _ _ _ _ _ _ _ _ _ _ _ _ _ _ 

self = &lt;selenium.webdriver.remote.errorhandler.ErrorHandler object at 0x7f50ce910c40&gt;
response = {'status': 404, 'value': '{"value":{"error":"no such element","message":"no such element: Unable to locate element: {\...\\n#16 0x56100a1dc917 \\u003Cunknown&gt;\\n#17 0x56100a1ed773 \\u003Cunknown&gt;\\n#18 0x7f2ed6650044 \\u003Cunknown&gt;\\n"}}'}

    def check_response(self, response: Dict[str, Any]) -&gt; None:
        """Checks that a JSON response from the WebDriver does not have an
        error.
    
        :Args:
         - response - The JSON response from the WebDriver server as a dictionary
           object.
    
        :Raises: If the response contains an error message.
        """
        status = response.get("status", None)
        if not status or status == ErrorCode.SUCCESS:
            return
        value = None
        message = response.get("message", "")
        screen: str = response.get("screen", "")
        stacktrace = None
        if isinstance(status, int):
            value_json = response.get("value", None)
            if value_json and isinstance(value_json, str):
                import json
    
                try:
                    value = json.loads(value_json)
                    if len(value) == 1:
                        value = value["value"]
                    status = value.get("error", None)
                    if not status:
                        status = value.get("status", ErrorCode.UNKNOWN_ERROR)
                        message = value.get("value") or value.get("message")
                        if not isinstance(message, str):
                            value = message
                            message = message.get("message")
                    else:
                        message = value.get("message", None)
                except ValueError:
                    pass
    
        exception_class: Type[WebDriverException]
        e = ErrorCode()
        error_codes = [item for item in dir(e) if not item.startswith("__")]
        for error_code in error_codes:
            error_info = getattr(ErrorCode, error_code)
            if isinstance(error_info, list) and status in error_info:
                exception_class = getattr(ExceptionMapping, error_code, WebDriverException)
                break
        else:
            exception_class = WebDriverException
    
        if not value:
            value = response["value"]
        if isinstance(value, str):
            raise exception_class(value)
        if message == "" and "message" in value:
            message = value["message"]
    
        screen = None  # type: ignore[assignment]
        if "screen" in value:
            screen = value["screen"]
    
        stacktrace = None
        st_value = value.get("stackTrace") or value.get("stacktrace")
        if st_value:
            if isinstance(st_value, str):
                stacktrace = st_value.split("\n")
            else:
                stacktrace = []
                try:
                    for frame in st_value:
                        line = frame.get("lineNumber", "")
                        file = frame.get("fileName", "&lt;anonymous&gt;")
                        if line:
                            file = f"{file}:{line}"
                        meth = frame.get("methodName", "&lt;anonymous&gt;")
                        if "className" in frame:
                            meth = f"{frame['className']}.{meth}"
                        msg = "    at %s (%s)"
                        msg = msg % (meth, file)
                        stacktrace.append(msg)
                except TypeError:
                    pass
        if exception_class == UnexpectedAlertPresentException:
            alert_text = None
            if "data" in value:
                alert_text = value["data"].get("text")
            elif "alert" in value:
                alert_text = value["alert"].get("text")
            raise exception_class(message, screen, stacktrace, alert_text)  # type: ignore[call-arg]  # mypy is not smart enough here
&gt;       raise exception_class(message, screen, stacktrace)
E       selenium.common.exceptions.NoSuchElementException: Message: no such element: Unable to locate element: {"method":"xpath","selector":"//div[contains(@id,'bar-graph-age')]"}
E         (Session info: headless chrome=119.0.6045.105); For documentation on this error, please visit: https://www.selenium.dev/documentation/webdriver/troubleshooting/errors#no-such-element-exception
E       Stacktrace:
E       #0 0x56100a1ee5e3 &lt;unknown&gt;
E       #1 0x561009eb10b7 &lt;unknown&gt;
E       #2 0x561009efef53 &lt;unknown&gt;
E       #3 0x561009eff051 &lt;unknown&gt;
E       #4 0x561009f449c4 &lt;unknown&gt;
E       #5 0x561009f25f1d &lt;unknown&gt;
E       #6 0x561009f41b3d &lt;unknown&gt;
E       #7 0x561009f25cc3 &lt;unknown&gt;
E       #8 0x561009ef10e4 &lt;unknown&gt;
E       #9 0x561009ef20ae &lt;unknown&gt;
E       #10 0x56100a1b4ce1 &lt;unknown&gt;
E       #11 0x56100a1b8b7e &lt;unknown&gt;
E       #12 0x56100a1a24b5 &lt;unknown&gt;
E       #13 0x56100a1b97d6 &lt;unknown&gt;
E       #14 0x56100a185dbf &lt;unknown&gt;
E       #15 0x56100a1dc748 &lt;unknown&gt;
E       #16 0x56100a1dc917 &lt;unknown&gt;
E       #17 0x56100a1ed773 &lt;unknown&gt;
E       #18 0x7f2ed6650044 &lt;unknown&gt;

/usr/local/lib/python3.9/site-packages/selenium/webdriver/remote/errorhandler.py:229: NoSuchElementException</failure></testcase></testsuite></testsuites>