<?xml version="1.0" encoding="utf-8"?><testsuites><testsuite name="pytest" errors="0" failures="3" skipped="0" tests="6" time="152.581" timestamp="2023-12-23T06:59:53.085248" hostname="2e84a4cc3e1a"><testcase classname="test_public_mip.TestPublicMIP" name="test_login_and_accept_terms[https://hbpmip.link/]" time="26.683" /><testcase classname="test_public_mip.TestPublicMIP" name="test_data[https://hbpmip.link/]" time="24.020"><failure message="selenium.common.exceptions.NoSuchElementException: Message: no such element: Unable to locate element: {&quot;method&quot;:&quot;xpath&quot;,&quot;selector&quot;:&quot;//*[name()='circle'][. = 'Left opercular part of the inferior frontal gyrus&#10;']&quot;}&#10;  (Session info: chrome-headless-shell=120.0.6099.109); For documentation on this error, please visit: https://www.selenium.dev/documentation/webdriver/troubleshooting/errors#no-such-element-exception&#10;Stacktrace:&#10;#0 0x562e7055ef83 &lt;unknown&gt;&#10;#1 0x562e70217cf7 &lt;unknown&gt;&#10;#2 0x562e7026799e &lt;unknown&gt;&#10;#3 0x562e70267aa1 &lt;unknown&gt;&#10;#4 0x562e702b2d64 &lt;unknown&gt;&#10;#5 0x562e702910dd &lt;unknown&gt;&#10;#6 0x562e702b0006 &lt;unknown&gt;&#10;#7 0x562e70290e53 &lt;unknown&gt;&#10;#8 0x562e70258dd4 &lt;unknown&gt;&#10;#9 0x562e7025a1de &lt;unknown&gt;&#10;#10 0x562e70523531 &lt;unknown&gt;&#10;#11 0x562e70527455 &lt;unknown&gt;&#10;#12 0x562e7050ff55 &lt;unknown&gt;&#10;#13 0x562e705280ef &lt;unknown&gt;&#10;#14 0x562e704f399f &lt;unknown&gt;&#10;#15 0x562e7054c008 &lt;unknown&gt;&#10;#16 0x562e7054c1d7 &lt;unknown&gt;&#10;#17 0x562e7055e124 &lt;unknown&gt;&#10;#18 0x7f2b0d288044 &lt;unknown&gt;">self = &lt;test_public_mip.TestPublicMIP object at 0x7f4d7ae62a90&gt;

    def test_data(self):
        """Integration tests (data) of the public MIP."""
&gt;       super().test_data()

test_public_mip.py:24: 
_ _ _ _ _ _ _ _ _ _ _ _ _ _ _ _ _ _ _ _ _ _ _ _ _ _ _ _ _ _ _ _ _ _ _ _ _ _ _ _ 
basetest.py:106: in test_data
    left_opercular_part_of_the_inferior_f_ = selenium_driver.find_element(
/usr/local/lib/python3.9/site-packages/selenium/webdriver/remote/webdriver.py:739: in find_element
    return self.execute(Command.FIND_ELEMENT, {"using": by, "value": value})["value"]
/usr/local/lib/python3.9/site-packages/selenium/webdriver/remote/webdriver.py:345: in execute
    self.error_handler.check_response(response)
_ _ _ _ _ _ _ _ _ _ _ _ _ _ _ _ _ _ _ _ _ _ _ _ _ _ _ _ _ _ _ _ _ _ _ _ _ _ _ _ 

self = &lt;selenium.webdriver.remote.errorhandler.ErrorHandler object at 0x7f4d7aa9aa90&gt;
response = {'status': 404, 'value': '{"value":{"error":"no such element","message":"no such element: Unable to locate element: {\...\\n#16 0x562e7054c1d7 \\u003Cunknown&gt;\\n#17 0x562e7055e124 \\u003Cunknown&gt;\\n#18 0x7f2b0d288044 \\u003Cunknown&gt;\\n"}}'}

    def check_response(self, response: Dict[str, Any]) -&gt; None:
        """Checks that a JSON response from the WebDriver does not have an
        error.
    
        :Args:
         - response - The JSON response from the WebDriver server as a dictionary
           object.
    
        :Raises: If the response contains an error message.
        """
        status = response.get("status", None)
        if not status or status == ErrorCode.SUCCESS:
            return
        value = None
        message = response.get("message", "")
        screen: str = response.get("screen", "")
        stacktrace = None
        if isinstance(status, int):
            value_json = response.get("value", None)
            if value_json and isinstance(value_json, str):
                import json
    
                try:
                    value = json.loads(value_json)
                    if len(value) == 1:
                        value = value["value"]
                    status = value.get("error", None)
                    if not status:
                        status = value.get("status", ErrorCode.UNKNOWN_ERROR)
                        message = value.get("value") or value.get("message")
                        if not isinstance(message, str):
                            value = message
                            message = message.get("message")
                    else:
                        message = value.get("message", None)
                except ValueError:
                    pass
    
        exception_class: Type[WebDriverException]
        e = ErrorCode()
        error_codes = [item for item in dir(e) if not item.startswith("__")]
        for error_code in error_codes:
            error_info = getattr(ErrorCode, error_code)
            if isinstance(error_info, list) and status in error_info:
                exception_class = getattr(ExceptionMapping, error_code, WebDriverException)
                break
        else:
            exception_class = WebDriverException
    
        if not value:
            value = response["value"]
        if isinstance(value, str):
            raise exception_class(value)
        if message == "" and "message" in value:
            message = value["message"]
    
        screen = None  # type: ignore[assignment]
        if "screen" in value:
            screen = value["screen"]
    
        stacktrace = None
        st_value = value.get("stackTrace") or value.get("stacktrace")
        if st_value:
            if isinstance(st_value, str):
                stacktrace = st_value.split("\n")
            else:
                stacktrace = []
                try:
                    for frame in st_value:
                        line = frame.get("lineNumber", "")
                        file = frame.get("fileName", "&lt;anonymous&gt;")
                        if line:
                            file = f"{file}:{line}"
                        meth = frame.get("methodName", "&lt;anonymous&gt;")
                        if "className" in frame:
                            meth = f"{frame['className']}.{meth}"
                        msg = "    at %s (%s)"
                        msg = msg % (meth, file)
                        stacktrace.append(msg)
                except TypeError:
                    pass
        if exception_class == UnexpectedAlertPresentException:
            alert_text = None
            if "data" in value:
                alert_text = value["data"].get("text")
            elif "alert" in value:
                alert_text = value["alert"].get("text")
            raise exception_class(message, screen, stacktrace, alert_text)  # type: ignore[call-arg]  # mypy is not smart enough here
&gt;       raise exception_class(message, screen, stacktrace)
E       selenium.common.exceptions.NoSuchElementException: Message: no such element: Unable to locate element: {"method":"xpath","selector":"//*[name()='circle'][. = 'Left opercular part of the inferior frontal gyrus
E       ']"}
E         (Session info: chrome-headless-shell=120.0.6099.109); For documentation on this error, please visit: https://www.selenium.dev/documentation/webdriver/troubleshooting/errors#no-such-element-exception
E       Stacktrace:
E       #0 0x562e7055ef83 &lt;unknown&gt;
E       #1 0x562e70217cf7 &lt;unknown&gt;
E       #2 0x562e7026799e &lt;unknown&gt;
E       #3 0x562e70267aa1 &lt;unknown&gt;
E       #4 0x562e702b2d64 &lt;unknown&gt;
E       #5 0x562e702910dd &lt;unknown&gt;
E       #6 0x562e702b0006 &lt;unknown&gt;
E       #7 0x562e70290e53 &lt;unknown&gt;
E       #8 0x562e70258dd4 &lt;unknown&gt;
E       #9 0x562e7025a1de &lt;unknown&gt;
E       #10 0x562e70523531 &lt;unknown&gt;
E       #11 0x562e70527455 &lt;unknown&gt;
E       #12 0x562e7050ff55 &lt;unknown&gt;
E       #13 0x562e705280ef &lt;unknown&gt;
E       #14 0x562e704f399f &lt;unknown&gt;
E       #15 0x562e7054c008 &lt;unknown&gt;
E       #16 0x562e7054c1d7 &lt;unknown&gt;
E       #17 0x562e7055e124 &lt;unknown&gt;
E       #18 0x7f2b0d288044 &lt;unknown&gt;

/usr/local/lib/python3.9/site-packages/selenium/webdriver/remote/errorhandler.py:229: NoSuchElementException</failure></testcase><testcase classname="test_qa_federation.TestMIPQAFederation" name="test_login_and_accept_terms[https://qa.hbpmip.link/]" time="27.148" /><testcase classname="test_qa_federation.TestMIPQAFederation" name="test_data[https://qa.hbpmip.link/]" time="23.587"><failure message="selenium.common.exceptions.NoSuchElementException: Message: no such element: Unable to locate element: {&quot;method&quot;:&quot;css selector&quot;,&quot;selector&quot;:&quot;#default-synth_mh_wk3&quot;}&#10;  (Session info: chrome-headless-shell=120.0.6099.109); For documentation on this error, please visit: https://www.selenium.dev/documentation/webdriver/troubleshooting/errors#no-such-element-exception&#10;Stacktrace:&#10;#0 0x55aac4021f83 &lt;unknown&gt;&#10;#1 0x55aac3cdacf7 &lt;unknown&gt;&#10;#2 0x55aac3d2a99e &lt;unknown&gt;&#10;#3 0x55aac3d2aaa1 &lt;unknown&gt;&#10;#4 0x55aac3d75d64 &lt;unknown&gt;&#10;#5 0x55aac3d540dd &lt;unknown&gt;&#10;#6 0x55aac3d73006 &lt;unknown&gt;&#10;#7 0x55aac3d53e53 &lt;unknown&gt;&#10;#8 0x55aac3d1bdd4 &lt;unknown&gt;&#10;#9 0x55aac3d1d1de &lt;unknown&gt;&#10;#10 0x55aac3fe6531 &lt;unknown&gt;&#10;#11 0x55aac3fea455 &lt;unknown&gt;&#10;#12 0x55aac3fd2f55 &lt;unknown&gt;&#10;#13 0x55aac3feb0ef &lt;unknown&gt;&#10;#14 0x55aac3fb699f &lt;unknown&gt;&#10;#15 0x55aac400f008 &lt;unknown&gt;&#10;#16 0x55aac400f1d7 &lt;unknown&gt;&#10;#17 0x55aac4021124 &lt;unknown&gt;&#10;#18 0x7f83cd9c2044 &lt;unknown&gt;">self = &lt;test_qa_federation.TestMIPQAFederation object at 0x7f4d79dd93d0&gt;

    def test_data(self):
        """Integration tests (data) of the MIP QA Federation."""
&gt;       super().test_data()

test_qa_federation.py:24: 
_ _ _ _ _ _ _ _ _ _ _ _ _ _ _ _ _ _ _ _ _ _ _ _ _ _ _ _ _ _ _ _ _ _ _ _ _ _ _ _ 
basetest.py:88: in test_data
    default_synth_mh_wk3 = selenium_driver.find_element(
/usr/local/lib/python3.9/site-packages/selenium/webdriver/remote/webdriver.py:739: in find_element
    return self.execute(Command.FIND_ELEMENT, {"using": by, "value": value})["value"]
/usr/local/lib/python3.9/site-packages/selenium/webdriver/remote/webdriver.py:345: in execute
    self.error_handler.check_response(response)
_ _ _ _ _ _ _ _ _ _ _ _ _ _ _ _ _ _ _ _ _ _ _ _ _ _ _ _ _ _ _ _ _ _ _ _ _ _ _ _ 

self = &lt;selenium.webdriver.remote.errorhandler.ErrorHandler object at 0x7f4d7adf9a00&gt;
response = {'status': 404, 'value': '{"value":{"error":"no such element","message":"no such element: Unable to locate element: {\...\\n#16 0x55aac400f1d7 \\u003Cunknown&gt;\\n#17 0x55aac4021124 \\u003Cunknown&gt;\\n#18 0x7f83cd9c2044 \\u003Cunknown&gt;\\n"}}'}

    def check_response(self, response: Dict[str, Any]) -&gt; None:
        """Checks that a JSON response from the WebDriver does not have an
        error.
    
        :Args:
         - response - The JSON response from the WebDriver server as a dictionary
           object.
    
        :Raises: If the response contains an error message.
        """
        status = response.get("status", None)
        if not status or status == ErrorCode.SUCCESS:
            return
        value = None
        message = response.get("message", "")
        screen: str = response.get("screen", "")
        stacktrace = None
        if isinstance(status, int):
            value_json = response.get("value", None)
            if value_json and isinstance(value_json, str):
                import json
    
                try:
                    value = json.loads(value_json)
                    if len(value) == 1:
                        value = value["value"]
                    status = value.get("error", None)
                    if not status:
                        status = value.get("status", ErrorCode.UNKNOWN_ERROR)
                        message = value.get("value") or value.get("message")
                        if not isinstance(message, str):
                            value = message
                            message = message.get("message")
                    else:
                        message = value.get("message", None)
                except ValueError:
                    pass
    
        exception_class: Type[WebDriverException]
        e = ErrorCode()
        error_codes = [item for item in dir(e) if not item.startswith("__")]
        for error_code in error_codes:
            error_info = getattr(ErrorCode, error_code)
            if isinstance(error_info, list) and status in error_info:
                exception_class = getattr(ExceptionMapping, error_code, WebDriverException)
                break
        else:
            exception_class = WebDriverException
    
        if not value:
            value = response["value"]
        if isinstance(value, str):
            raise exception_class(value)
        if message == "" and "message" in value:
            message = value["message"]
    
        screen = None  # type: ignore[assignment]
        if "screen" in value:
            screen = value["screen"]
    
        stacktrace = None
        st_value = value.get("stackTrace") or value.get("stacktrace")
        if st_value:
            if isinstance(st_value, str):
                stacktrace = st_value.split("\n")
            else:
                stacktrace = []
                try:
                    for frame in st_value:
                        line = frame.get("lineNumber", "")
                        file = frame.get("fileName", "&lt;anonymous&gt;")
                        if line:
                            file = f"{file}:{line}"
                        meth = frame.get("methodName", "&lt;anonymous&gt;")
                        if "className" in frame:
                            meth = f"{frame['className']}.{meth}"
                        msg = "    at %s (%s)"
                        msg = msg % (meth, file)
                        stacktrace.append(msg)
                except TypeError:
                    pass
        if exception_class == UnexpectedAlertPresentException:
            alert_text = None
            if "data" in value:
                alert_text = value["data"].get("text")
            elif "alert" in value:
                alert_text = value["alert"].get("text")
            raise exception_class(message, screen, stacktrace, alert_text)  # type: ignore[call-arg]  # mypy is not smart enough here
&gt;       raise exception_class(message, screen, stacktrace)
E       selenium.common.exceptions.NoSuchElementException: Message: no such element: Unable to locate element: {"method":"css selector","selector":"#default-synth_mh_wk3"}
E         (Session info: chrome-headless-shell=120.0.6099.109); For documentation on this error, please visit: https://www.selenium.dev/documentation/webdriver/troubleshooting/errors#no-such-element-exception
E       Stacktrace:
E       #0 0x55aac4021f83 &lt;unknown&gt;
E       #1 0x55aac3cdacf7 &lt;unknown&gt;
E       #2 0x55aac3d2a99e &lt;unknown&gt;
E       #3 0x55aac3d2aaa1 &lt;unknown&gt;
E       #4 0x55aac3d75d64 &lt;unknown&gt;
E       #5 0x55aac3d540dd &lt;unknown&gt;
E       #6 0x55aac3d73006 &lt;unknown&gt;
E       #7 0x55aac3d53e53 &lt;unknown&gt;
E       #8 0x55aac3d1bdd4 &lt;unknown&gt;
E       #9 0x55aac3d1d1de &lt;unknown&gt;
E       #10 0x55aac3fe6531 &lt;unknown&gt;
E       #11 0x55aac3fea455 &lt;unknown&gt;
E       #12 0x55aac3fd2f55 &lt;unknown&gt;
E       #13 0x55aac3feb0ef &lt;unknown&gt;
E       #14 0x55aac3fb699f &lt;unknown&gt;
E       #15 0x55aac400f008 &lt;unknown&gt;
E       #16 0x55aac400f1d7 &lt;unknown&gt;
E       #17 0x55aac4021124 &lt;unknown&gt;
E       #18 0x7f83cd9c2044 &lt;unknown&gt;

/usr/local/lib/python3.9/site-packages/selenium/webdriver/remote/errorhandler.py:229: NoSuchElementException</failure></testcase><testcase classname="test_stroke_federation.TestStrokeMIP" name="test_login_and_accept_terms[https://stroke.hbpmip.link/]" time="27.045" /><testcase classname="test_stroke_federation.TestStrokeMIP" name="test_data[https://stroke.hbpmip.link/]" time="23.111"><failure message="selenium.common.exceptions.NoSuchElementException: Message: no such element: Unable to locate element: {&quot;method&quot;:&quot;css selector&quot;,&quot;selector&quot;:&quot;#default-unibas&quot;}&#10;  (Session info: chrome-headless-shell=120.0.6099.109); For documentation on this error, please visit: https://www.selenium.dev/documentation/webdriver/troubleshooting/errors#no-such-element-exception&#10;Stacktrace:&#10;#0 0x55bbfc862f83 &lt;unknown&gt;&#10;#1 0x55bbfc51bcf7 &lt;unknown&gt;&#10;#2 0x55bbfc56b99e &lt;unknown&gt;&#10;#3 0x55bbfc56baa1 &lt;unknown&gt;&#10;#4 0x55bbfc5b6d64 &lt;unknown&gt;&#10;#5 0x55bbfc5950dd &lt;unknown&gt;&#10;#6 0x55bbfc5b4006 &lt;unknown&gt;&#10;#7 0x55bbfc594e53 &lt;unknown&gt;&#10;#8 0x55bbfc55cdd4 &lt;unknown&gt;&#10;#9 0x55bbfc55e1de &lt;unknown&gt;&#10;#10 0x55bbfc827531 &lt;unknown&gt;&#10;#11 0x55bbfc82b455 &lt;unknown&gt;&#10;#12 0x55bbfc813f55 &lt;unknown&gt;&#10;#13 0x55bbfc82c0ef &lt;unknown&gt;&#10;#14 0x55bbfc7f799f &lt;unknown&gt;&#10;#15 0x55bbfc850008 &lt;unknown&gt;&#10;#16 0x55bbfc8501d7 &lt;unknown&gt;&#10;#17 0x55bbfc862124 &lt;unknown&gt;&#10;#18 0x7f2b2b854044 &lt;unknown&gt;">self = &lt;test_stroke_federation.TestStrokeMIP object at 0x7f4d7ae62970&gt;

    def test_data(self):
        """Integration tests (data) of the Stroke (FERES) MIP."""
        selenium_driver = self.driver
    
        # 1. Click 'Datasets'
        datasets = selenium_driver.find_element(By.CSS_SELECTOR, "#dropdown-basic")
        datasets.click()
    
        # 2. Disable and enable again 'default-unibas'
        time.sleep(3)
&gt;       default_unibas_wk = selenium_driver.find_element(
            By.CSS_SELECTOR, "#default-unibas"
        )

test_stroke_federation.py:38: 
_ _ _ _ _ _ _ _ _ _ _ _ _ _ _ _ _ _ _ _ _ _ _ _ _ _ _ _ _ _ _ _ _ _ _ _ _ _ _ _ 
/usr/local/lib/python3.9/site-packages/selenium/webdriver/remote/webdriver.py:739: in find_element
    return self.execute(Command.FIND_ELEMENT, {"using": by, "value": value})["value"]
/usr/local/lib/python3.9/site-packages/selenium/webdriver/remote/webdriver.py:345: in execute
    self.error_handler.check_response(response)
_ _ _ _ _ _ _ _ _ _ _ _ _ _ _ _ _ _ _ _ _ _ _ _ _ _ _ _ _ _ _ _ _ _ _ _ _ _ _ _ 

self = &lt;selenium.webdriver.remote.errorhandler.ErrorHandler object at 0x7f4d7adf22b0&gt;
response = {'status': 404, 'value': '{"value":{"error":"no such element","message":"no such element: Unable to locate element: {\...\\n#16 0x55bbfc8501d7 \\u003Cunknown&gt;\\n#17 0x55bbfc862124 \\u003Cunknown&gt;\\n#18 0x7f2b2b854044 \\u003Cunknown&gt;\\n"}}'}

    def check_response(self, response: Dict[str, Any]) -&gt; None:
        """Checks that a JSON response from the WebDriver does not have an
        error.
    
        :Args:
         - response - The JSON response from the WebDriver server as a dictionary
           object.
    
        :Raises: If the response contains an error message.
        """
        status = response.get("status", None)
        if not status or status == ErrorCode.SUCCESS:
            return
        value = None
        message = response.get("message", "")
        screen: str = response.get("screen", "")
        stacktrace = None
        if isinstance(status, int):
            value_json = response.get("value", None)
            if value_json and isinstance(value_json, str):
                import json
    
                try:
                    value = json.loads(value_json)
                    if len(value) == 1:
                        value = value["value"]
                    status = value.get("error", None)
                    if not status:
                        status = value.get("status", ErrorCode.UNKNOWN_ERROR)
                        message = value.get("value") or value.get("message")
                        if not isinstance(message, str):
                            value = message
                            message = message.get("message")
                    else:
                        message = value.get("message", None)
                except ValueError:
                    pass
    
        exception_class: Type[WebDriverException]
        e = ErrorCode()
        error_codes = [item for item in dir(e) if not item.startswith("__")]
        for error_code in error_codes:
            error_info = getattr(ErrorCode, error_code)
            if isinstance(error_info, list) and status in error_info:
                exception_class = getattr(ExceptionMapping, error_code, WebDriverException)
                break
        else:
            exception_class = WebDriverException
    
        if not value:
            value = response["value"]
        if isinstance(value, str):
            raise exception_class(value)
        if message == "" and "message" in value:
            message = value["message"]
    
        screen = None  # type: ignore[assignment]
        if "screen" in value:
            screen = value["screen"]
    
        stacktrace = None
        st_value = value.get("stackTrace") or value.get("stacktrace")
        if st_value:
            if isinstance(st_value, str):
                stacktrace = st_value.split("\n")
            else:
                stacktrace = []
                try:
                    for frame in st_value:
                        line = frame.get("lineNumber", "")
                        file = frame.get("fileName", "&lt;anonymous&gt;")
                        if line:
                            file = f"{file}:{line}"
                        meth = frame.get("methodName", "&lt;anonymous&gt;")
                        if "className" in frame:
                            meth = f"{frame['className']}.{meth}"
                        msg = "    at %s (%s)"
                        msg = msg % (meth, file)
                        stacktrace.append(msg)
                except TypeError:
                    pass
        if exception_class == UnexpectedAlertPresentException:
            alert_text = None
            if "data" in value:
                alert_text = value["data"].get("text")
            elif "alert" in value:
                alert_text = value["alert"].get("text")
            raise exception_class(message, screen, stacktrace, alert_text)  # type: ignore[call-arg]  # mypy is not smart enough here
&gt;       raise exception_class(message, screen, stacktrace)
E       selenium.common.exceptions.NoSuchElementException: Message: no such element: Unable to locate element: {"method":"css selector","selector":"#default-unibas"}
E         (Session info: chrome-headless-shell=120.0.6099.109); For documentation on this error, please visit: https://www.selenium.dev/documentation/webdriver/troubleshooting/errors#no-such-element-exception
E       Stacktrace:
E       #0 0x55bbfc862f83 &lt;unknown&gt;
E       #1 0x55bbfc51bcf7 &lt;unknown&gt;
E       #2 0x55bbfc56b99e &lt;unknown&gt;
E       #3 0x55bbfc56baa1 &lt;unknown&gt;
E       #4 0x55bbfc5b6d64 &lt;unknown&gt;
E       #5 0x55bbfc5950dd &lt;unknown&gt;
E       #6 0x55bbfc5b4006 &lt;unknown&gt;
E       #7 0x55bbfc594e53 &lt;unknown&gt;
E       #8 0x55bbfc55cdd4 &lt;unknown&gt;
E       #9 0x55bbfc55e1de &lt;unknown&gt;
E       #10 0x55bbfc827531 &lt;unknown&gt;
E       #11 0x55bbfc82b455 &lt;unknown&gt;
E       #12 0x55bbfc813f55 &lt;unknown&gt;
E       #13 0x55bbfc82c0ef &lt;unknown&gt;
E       #14 0x55bbfc7f799f &lt;unknown&gt;
E       #15 0x55bbfc850008 &lt;unknown&gt;
E       #16 0x55bbfc8501d7 &lt;unknown&gt;
E       #17 0x55bbfc862124 &lt;unknown&gt;
E       #18 0x7f2b2b854044 &lt;unknown&gt;

/usr/local/lib/python3.9/site-packages/selenium/webdriver/remote/errorhandler.py:229: NoSuchElementException</failure></testcase></testsuite></testsuites>