<?xml version="1.0" encoding="utf-8"?><testsuites><testsuite name="pytest" errors="0" failures="3" skipped="0" tests="6" time="209.122" timestamp="2024-03-25T07:00:03.460453" hostname="dd51e622864a"><testcase classname="test_public_mip.TestPublicMIP" name="test_login_and_accept_terms[https://hbpmip.link/]" time="53.656" /><testcase classname="test_public_mip.TestPublicMIP" name="test_data[https://hbpmip.link/]" time="20.083"><failure message="selenium.common.exceptions.NoSuchElementException: Message: no such element: Unable to locate element: {&quot;method&quot;:&quot;xpath&quot;,&quot;selector&quot;:&quot;//div[@id='pathology-select']/div/button&quot;}&#10;  (Session info: chrome-headless-shell=123.0.6312.58); For documentation on this error, please visit: https://www.selenium.dev/documentation/webdriver/troubleshooting/errors#no-such-element-exception&#10;Stacktrace:&#10;#0 0x55acb0bc2993 &lt;unknown&gt;&#10;#1 0x55acb08bd136 &lt;unknown&gt;&#10;#2 0x55acb0907d48 &lt;unknown&gt;&#10;#3 0x55acb0907e01 &lt;unknown&gt;&#10;#4 0x55acb094ae44 &lt;unknown&gt;&#10;#5 0x55acb0929cfd &lt;unknown&gt;&#10;#6 0x55acb0948319 &lt;unknown&gt;&#10;#7 0x55acb0929a73 &lt;unknown&gt;&#10;#8 0x55acb08fac93 &lt;unknown&gt;&#10;#9 0x55acb08fb65e &lt;unknown&gt;&#10;#10 0x55acb0b8708b &lt;unknown&gt;&#10;#11 0x55acb0b8b005 &lt;unknown&gt;&#10;#12 0x55acb0b75491 &lt;unknown&gt;&#10;#13 0x55acb0b8bb92 &lt;unknown&gt;&#10;#14 0x55acb0b5a9ef &lt;unknown&gt;&#10;#15 0x55acb0bb1df8 &lt;unknown&gt;&#10;#16 0x55acb0bb1fcb &lt;unknown&gt;&#10;#17 0x55acb0bc1ae4 &lt;unknown&gt;&#10;#18 0x7f48d3c4e134 &lt;unknown&gt;">self = &lt;test_public_mip.TestPublicMIP object at 0x7f47033e89a0&gt;

    def test_data(self):
        """Integration tests (data) of the public MIP."""
&gt;       super().test_data()

test_public_mip.py:24: 
_ _ _ _ _ _ _ _ _ _ _ _ _ _ _ _ _ _ _ _ _ _ _ _ _ _ _ _ _ _ _ _ _ _ _ _ _ _ _ _ 
basetest.py:63: in test_data
    dementia = selenium_driver.find_element(
/usr/local/lib/python3.9/site-packages/selenium/webdriver/remote/webdriver.py:739: in find_element
    return self.execute(Command.FIND_ELEMENT, {"using": by, "value": value})["value"]
/usr/local/lib/python3.9/site-packages/selenium/webdriver/remote/webdriver.py:345: in execute
    self.error_handler.check_response(response)
_ _ _ _ _ _ _ _ _ _ _ _ _ _ _ _ _ _ _ _ _ _ _ _ _ _ _ _ _ _ _ _ _ _ _ _ _ _ _ _ 

self = &lt;selenium.webdriver.remote.errorhandler.ErrorHandler object at 0x7f470312e0a0&gt;
response = {'status': 404, 'value': '{"value":{"error":"no such element","message":"no such element: Unable to locate element: {\...\\n#16 0x55acb0bb1fcb \\u003Cunknown&gt;\\n#17 0x55acb0bc1ae4 \\u003Cunknown&gt;\\n#18 0x7f48d3c4e134 \\u003Cunknown&gt;\\n"}}'}

    def check_response(self, response: Dict[str, Any]) -&gt; None:
        """Checks that a JSON response from the WebDriver does not have an
        error.
    
        :Args:
         - response - The JSON response from the WebDriver server as a dictionary
           object.
    
        :Raises: If the response contains an error message.
        """
        status = response.get("status", None)
        if not status or status == ErrorCode.SUCCESS:
            return
        value = None
        message = response.get("message", "")
        screen: str = response.get("screen", "")
        stacktrace = None
        if isinstance(status, int):
            value_json = response.get("value", None)
            if value_json and isinstance(value_json, str):
                import json
    
                try:
                    value = json.loads(value_json)
                    if len(value) == 1:
                        value = value["value"]
                    status = value.get("error", None)
                    if not status:
                        status = value.get("status", ErrorCode.UNKNOWN_ERROR)
                        message = value.get("value") or value.get("message")
                        if not isinstance(message, str):
                            value = message
                            message = message.get("message")
                    else:
                        message = value.get("message", None)
                except ValueError:
                    pass
    
        exception_class: Type[WebDriverException]
        e = ErrorCode()
        error_codes = [item for item in dir(e) if not item.startswith("__")]
        for error_code in error_codes:
            error_info = getattr(ErrorCode, error_code)
            if isinstance(error_info, list) and status in error_info:
                exception_class = getattr(ExceptionMapping, error_code, WebDriverException)
                break
        else:
            exception_class = WebDriverException
    
        if not value:
            value = response["value"]
        if isinstance(value, str):
            raise exception_class(value)
        if message == "" and "message" in value:
            message = value["message"]
    
        screen = None  # type: ignore[assignment]
        if "screen" in value:
            screen = value["screen"]
    
        stacktrace = None
        st_value = value.get("stackTrace") or value.get("stacktrace")
        if st_value:
            if isinstance(st_value, str):
                stacktrace = st_value.split("\n")
            else:
                stacktrace = []
                try:
                    for frame in st_value:
                        line = frame.get("lineNumber", "")
                        file = frame.get("fileName", "&lt;anonymous&gt;")
                        if line:
                            file = f"{file}:{line}"
                        meth = frame.get("methodName", "&lt;anonymous&gt;")
                        if "className" in frame:
                            meth = f"{frame['className']}.{meth}"
                        msg = "    at %s (%s)"
                        msg = msg % (meth, file)
                        stacktrace.append(msg)
                except TypeError:
                    pass
        if exception_class == UnexpectedAlertPresentException:
            alert_text = None
            if "data" in value:
                alert_text = value["data"].get("text")
            elif "alert" in value:
                alert_text = value["alert"].get("text")
            raise exception_class(message, screen, stacktrace, alert_text)  # type: ignore[call-arg]  # mypy is not smart enough here
&gt;       raise exception_class(message, screen, stacktrace)
E       selenium.common.exceptions.NoSuchElementException: Message: no such element: Unable to locate element: {"method":"xpath","selector":"//div[@id='pathology-select']/div/button"}
E         (Session info: chrome-headless-shell=123.0.6312.58); For documentation on this error, please visit: https://www.selenium.dev/documentation/webdriver/troubleshooting/errors#no-such-element-exception
E       Stacktrace:
E       #0 0x55acb0bc2993 &lt;unknown&gt;
E       #1 0x55acb08bd136 &lt;unknown&gt;
E       #2 0x55acb0907d48 &lt;unknown&gt;
E       #3 0x55acb0907e01 &lt;unknown&gt;
E       #4 0x55acb094ae44 &lt;unknown&gt;
E       #5 0x55acb0929cfd &lt;unknown&gt;
E       #6 0x55acb0948319 &lt;unknown&gt;
E       #7 0x55acb0929a73 &lt;unknown&gt;
E       #8 0x55acb08fac93 &lt;unknown&gt;
E       #9 0x55acb08fb65e &lt;unknown&gt;
E       #10 0x55acb0b8708b &lt;unknown&gt;
E       #11 0x55acb0b8b005 &lt;unknown&gt;
E       #12 0x55acb0b75491 &lt;unknown&gt;
E       #13 0x55acb0b8bb92 &lt;unknown&gt;
E       #14 0x55acb0b5a9ef &lt;unknown&gt;
E       #15 0x55acb0bb1df8 &lt;unknown&gt;
E       #16 0x55acb0bb1fcb &lt;unknown&gt;
E       #17 0x55acb0bc1ae4 &lt;unknown&gt;
E       #18 0x7f48d3c4e134 &lt;unknown&gt;

/usr/local/lib/python3.9/site-packages/selenium/webdriver/remote/errorhandler.py:229: NoSuchElementException</failure></testcase><testcase classname="test_qa_federation.TestMIPQAFederation" name="test_login_and_accept_terms[https://qa.hbpmip.link/]" time="47.440" /><testcase classname="test_qa_federation.TestMIPQAFederation" name="test_data[https://qa.hbpmip.link/]" time="20.079"><failure message="selenium.common.exceptions.NoSuchElementException: Message: no such element: Unable to locate element: {&quot;method&quot;:&quot;xpath&quot;,&quot;selector&quot;:&quot;//div[@id='pathology-select']/div/button&quot;}&#10;  (Session info: chrome-headless-shell=123.0.6312.58); For documentation on this error, please visit: https://www.selenium.dev/documentation/webdriver/troubleshooting/errors#no-such-element-exception&#10;Stacktrace:&#10;#0 0x5646fb04d993 &lt;unknown&gt;&#10;#1 0x5646fad48136 &lt;unknown&gt;&#10;#2 0x5646fad92d48 &lt;unknown&gt;&#10;#3 0x5646fad92e01 &lt;unknown&gt;&#10;#4 0x5646fadd5e44 &lt;unknown&gt;&#10;#5 0x5646fadb4cfd &lt;unknown&gt;&#10;#6 0x5646fadd3319 &lt;unknown&gt;&#10;#7 0x5646fadb4a73 &lt;unknown&gt;&#10;#8 0x5646fad85c93 &lt;unknown&gt;&#10;#9 0x5646fad8665e &lt;unknown&gt;&#10;#10 0x5646fb01208b &lt;unknown&gt;&#10;#11 0x5646fb016005 &lt;unknown&gt;&#10;#12 0x5646fb000491 &lt;unknown&gt;&#10;#13 0x5646fb016b92 &lt;unknown&gt;&#10;#14 0x5646fafe59ef &lt;unknown&gt;&#10;#15 0x5646fb03cdf8 &lt;unknown&gt;&#10;#16 0x5646fb03cfcb &lt;unknown&gt;&#10;#17 0x5646fb04cae4 &lt;unknown&gt;&#10;#18 0x7f6d459e7134 &lt;unknown&gt;">self = &lt;test_qa_federation.TestMIPQAFederation object at 0x7f470235c670&gt;

    def test_data(self):
        """Integration tests (data) of the MIP QA Federation."""
&gt;       super().test_data()

test_qa_federation.py:24: 
_ _ _ _ _ _ _ _ _ _ _ _ _ _ _ _ _ _ _ _ _ _ _ _ _ _ _ _ _ _ _ _ _ _ _ _ _ _ _ _ 
basetest.py:63: in test_data
    dementia = selenium_driver.find_element(
/usr/local/lib/python3.9/site-packages/selenium/webdriver/remote/webdriver.py:739: in find_element
    return self.execute(Command.FIND_ELEMENT, {"using": by, "value": value})["value"]
/usr/local/lib/python3.9/site-packages/selenium/webdriver/remote/webdriver.py:345: in execute
    self.error_handler.check_response(response)
_ _ _ _ _ _ _ _ _ _ _ _ _ _ _ _ _ _ _ _ _ _ _ _ _ _ _ _ _ _ _ _ _ _ _ _ _ _ _ _ 

self = &lt;selenium.webdriver.remote.errorhandler.ErrorHandler object at 0x7f470234d9d0&gt;
response = {'status': 404, 'value': '{"value":{"error":"no such element","message":"no such element: Unable to locate element: {\...\\n#16 0x5646fb03cfcb \\u003Cunknown&gt;\\n#17 0x5646fb04cae4 \\u003Cunknown&gt;\\n#18 0x7f6d459e7134 \\u003Cunknown&gt;\\n"}}'}

    def check_response(self, response: Dict[str, Any]) -&gt; None:
        """Checks that a JSON response from the WebDriver does not have an
        error.
    
        :Args:
         - response - The JSON response from the WebDriver server as a dictionary
           object.
    
        :Raises: If the response contains an error message.
        """
        status = response.get("status", None)
        if not status or status == ErrorCode.SUCCESS:
            return
        value = None
        message = response.get("message", "")
        screen: str = response.get("screen", "")
        stacktrace = None
        if isinstance(status, int):
            value_json = response.get("value", None)
            if value_json and isinstance(value_json, str):
                import json
    
                try:
                    value = json.loads(value_json)
                    if len(value) == 1:
                        value = value["value"]
                    status = value.get("error", None)
                    if not status:
                        status = value.get("status", ErrorCode.UNKNOWN_ERROR)
                        message = value.get("value") or value.get("message")
                        if not isinstance(message, str):
                            value = message
                            message = message.get("message")
                    else:
                        message = value.get("message", None)
                except ValueError:
                    pass
    
        exception_class: Type[WebDriverException]
        e = ErrorCode()
        error_codes = [item for item in dir(e) if not item.startswith("__")]
        for error_code in error_codes:
            error_info = getattr(ErrorCode, error_code)
            if isinstance(error_info, list) and status in error_info:
                exception_class = getattr(ExceptionMapping, error_code, WebDriverException)
                break
        else:
            exception_class = WebDriverException
    
        if not value:
            value = response["value"]
        if isinstance(value, str):
            raise exception_class(value)
        if message == "" and "message" in value:
            message = value["message"]
    
        screen = None  # type: ignore[assignment]
        if "screen" in value:
            screen = value["screen"]
    
        stacktrace = None
        st_value = value.get("stackTrace") or value.get("stacktrace")
        if st_value:
            if isinstance(st_value, str):
                stacktrace = st_value.split("\n")
            else:
                stacktrace = []
                try:
                    for frame in st_value:
                        line = frame.get("lineNumber", "")
                        file = frame.get("fileName", "&lt;anonymous&gt;")
                        if line:
                            file = f"{file}:{line}"
                        meth = frame.get("methodName", "&lt;anonymous&gt;")
                        if "className" in frame:
                            meth = f"{frame['className']}.{meth}"
                        msg = "    at %s (%s)"
                        msg = msg % (meth, file)
                        stacktrace.append(msg)
                except TypeError:
                    pass
        if exception_class == UnexpectedAlertPresentException:
            alert_text = None
            if "data" in value:
                alert_text = value["data"].get("text")
            elif "alert" in value:
                alert_text = value["alert"].get("text")
            raise exception_class(message, screen, stacktrace, alert_text)  # type: ignore[call-arg]  # mypy is not smart enough here
&gt;       raise exception_class(message, screen, stacktrace)
E       selenium.common.exceptions.NoSuchElementException: Message: no such element: Unable to locate element: {"method":"xpath","selector":"//div[@id='pathology-select']/div/button"}
E         (Session info: chrome-headless-shell=123.0.6312.58); For documentation on this error, please visit: https://www.selenium.dev/documentation/webdriver/troubleshooting/errors#no-such-element-exception
E       Stacktrace:
E       #0 0x5646fb04d993 &lt;unknown&gt;
E       #1 0x5646fad48136 &lt;unknown&gt;
E       #2 0x5646fad92d48 &lt;unknown&gt;
E       #3 0x5646fad92e01 &lt;unknown&gt;
E       #4 0x5646fadd5e44 &lt;unknown&gt;
E       #5 0x5646fadb4cfd &lt;unknown&gt;
E       #6 0x5646fadd3319 &lt;unknown&gt;
E       #7 0x5646fadb4a73 &lt;unknown&gt;
E       #8 0x5646fad85c93 &lt;unknown&gt;
E       #9 0x5646fad8665e &lt;unknown&gt;
E       #10 0x5646fb01208b &lt;unknown&gt;
E       #11 0x5646fb016005 &lt;unknown&gt;
E       #12 0x5646fb000491 &lt;unknown&gt;
E       #13 0x5646fb016b92 &lt;unknown&gt;
E       #14 0x5646fafe59ef &lt;unknown&gt;
E       #15 0x5646fb03cdf8 &lt;unknown&gt;
E       #16 0x5646fb03cfcb &lt;unknown&gt;
E       #17 0x5646fb04cae4 &lt;unknown&gt;
E       #18 0x7f6d459e7134 &lt;unknown&gt;

/usr/local/lib/python3.9/site-packages/selenium/webdriver/remote/errorhandler.py:229: NoSuchElementException</failure></testcase><testcase classname="test_stroke_federation.TestStrokeMIP" name="test_login_and_accept_terms[https://stroke.hbpmip.link/]" time="47.295" /><testcase classname="test_stroke_federation.TestStrokeMIP" name="test_data[https://stroke.hbpmip.link/]" time="20.069"><failure message="selenium.common.exceptions.NoSuchElementException: Message: no such element: Unable to locate element: {&quot;method&quot;:&quot;css selector&quot;,&quot;selector&quot;:&quot;#dropdown-basic&quot;}&#10;  (Session info: chrome-headless-shell=123.0.6312.58); For documentation on this error, please visit: https://www.selenium.dev/documentation/webdriver/troubleshooting/errors#no-such-element-exception&#10;Stacktrace:&#10;#0 0x560216e97993 &lt;unknown&gt;&#10;#1 0x560216b92136 &lt;unknown&gt;&#10;#2 0x560216bdcd48 &lt;unknown&gt;&#10;#3 0x560216bdce01 &lt;unknown&gt;&#10;#4 0x560216c1fe44 &lt;unknown&gt;&#10;#5 0x560216bfecfd &lt;unknown&gt;&#10;#6 0x560216c1d319 &lt;unknown&gt;&#10;#7 0x560216bfea73 &lt;unknown&gt;&#10;#8 0x560216bcfc93 &lt;unknown&gt;&#10;#9 0x560216bd065e &lt;unknown&gt;&#10;#10 0x560216e5c08b &lt;unknown&gt;&#10;#11 0x560216e60005 &lt;unknown&gt;&#10;#12 0x560216e4a491 &lt;unknown&gt;&#10;#13 0x560216e60b92 &lt;unknown&gt;&#10;#14 0x560216e2f9ef &lt;unknown&gt;&#10;#15 0x560216e86df8 &lt;unknown&gt;&#10;#16 0x560216e86fcb &lt;unknown&gt;&#10;#17 0x560216e96ae4 &lt;unknown&gt;&#10;#18 0x7f3bc1b36134 &lt;unknown&gt;">self = &lt;test_stroke_federation.TestStrokeMIP object at 0x7f470233dd00&gt;

    def test_data(self):
        """Integration tests (data) of the Stroke (FERES) MIP."""
        selenium_driver = self.driver
    
        # 1. Click 'Datasets'
&gt;       datasets = selenium_driver.find_element(By.CSS_SELECTOR, "#dropdown-basic")

test_stroke_federation.py:33: 
_ _ _ _ _ _ _ _ _ _ _ _ _ _ _ _ _ _ _ _ _ _ _ _ _ _ _ _ _ _ _ _ _ _ _ _ _ _ _ _ 
/usr/local/lib/python3.9/site-packages/selenium/webdriver/remote/webdriver.py:739: in find_element
    return self.execute(Command.FIND_ELEMENT, {"using": by, "value": value})["value"]
/usr/local/lib/python3.9/site-packages/selenium/webdriver/remote/webdriver.py:345: in execute
    self.error_handler.check_response(response)
_ _ _ _ _ _ _ _ _ _ _ _ _ _ _ _ _ _ _ _ _ _ _ _ _ _ _ _ _ _ _ _ _ _ _ _ _ _ _ _ 

self = &lt;selenium.webdriver.remote.errorhandler.ErrorHandler object at 0x7f470233df10&gt;
response = {'status': 404, 'value': '{"value":{"error":"no such element","message":"no such element: Unable to locate element: {\...\\n#16 0x560216e86fcb \\u003Cunknown&gt;\\n#17 0x560216e96ae4 \\u003Cunknown&gt;\\n#18 0x7f3bc1b36134 \\u003Cunknown&gt;\\n"}}'}

    def check_response(self, response: Dict[str, Any]) -&gt; None:
        """Checks that a JSON response from the WebDriver does not have an
        error.
    
        :Args:
         - response - The JSON response from the WebDriver server as a dictionary
           object.
    
        :Raises: If the response contains an error message.
        """
        status = response.get("status", None)
        if not status or status == ErrorCode.SUCCESS:
            return
        value = None
        message = response.get("message", "")
        screen: str = response.get("screen", "")
        stacktrace = None
        if isinstance(status, int):
            value_json = response.get("value", None)
            if value_json and isinstance(value_json, str):
                import json
    
                try:
                    value = json.loads(value_json)
                    if len(value) == 1:
                        value = value["value"]
                    status = value.get("error", None)
                    if not status:
                        status = value.get("status", ErrorCode.UNKNOWN_ERROR)
                        message = value.get("value") or value.get("message")
                        if not isinstance(message, str):
                            value = message
                            message = message.get("message")
                    else:
                        message = value.get("message", None)
                except ValueError:
                    pass
    
        exception_class: Type[WebDriverException]
        e = ErrorCode()
        error_codes = [item for item in dir(e) if not item.startswith("__")]
        for error_code in error_codes:
            error_info = getattr(ErrorCode, error_code)
            if isinstance(error_info, list) and status in error_info:
                exception_class = getattr(ExceptionMapping, error_code, WebDriverException)
                break
        else:
            exception_class = WebDriverException
    
        if not value:
            value = response["value"]
        if isinstance(value, str):
            raise exception_class(value)
        if message == "" and "message" in value:
            message = value["message"]
    
        screen = None  # type: ignore[assignment]
        if "screen" in value:
            screen = value["screen"]
    
        stacktrace = None
        st_value = value.get("stackTrace") or value.get("stacktrace")
        if st_value:
            if isinstance(st_value, str):
                stacktrace = st_value.split("\n")
            else:
                stacktrace = []
                try:
                    for frame in st_value:
                        line = frame.get("lineNumber", "")
                        file = frame.get("fileName", "&lt;anonymous&gt;")
                        if line:
                            file = f"{file}:{line}"
                        meth = frame.get("methodName", "&lt;anonymous&gt;")
                        if "className" in frame:
                            meth = f"{frame['className']}.{meth}"
                        msg = "    at %s (%s)"
                        msg = msg % (meth, file)
                        stacktrace.append(msg)
                except TypeError:
                    pass
        if exception_class == UnexpectedAlertPresentException:
            alert_text = None
            if "data" in value:
                alert_text = value["data"].get("text")
            elif "alert" in value:
                alert_text = value["alert"].get("text")
            raise exception_class(message, screen, stacktrace, alert_text)  # type: ignore[call-arg]  # mypy is not smart enough here
&gt;       raise exception_class(message, screen, stacktrace)
E       selenium.common.exceptions.NoSuchElementException: Message: no such element: Unable to locate element: {"method":"css selector","selector":"#dropdown-basic"}
E         (Session info: chrome-headless-shell=123.0.6312.58); For documentation on this error, please visit: https://www.selenium.dev/documentation/webdriver/troubleshooting/errors#no-such-element-exception
E       Stacktrace:
E       #0 0x560216e97993 &lt;unknown&gt;
E       #1 0x560216b92136 &lt;unknown&gt;
E       #2 0x560216bdcd48 &lt;unknown&gt;
E       #3 0x560216bdce01 &lt;unknown&gt;
E       #4 0x560216c1fe44 &lt;unknown&gt;
E       #5 0x560216bfecfd &lt;unknown&gt;
E       #6 0x560216c1d319 &lt;unknown&gt;
E       #7 0x560216bfea73 &lt;unknown&gt;
E       #8 0x560216bcfc93 &lt;unknown&gt;
E       #9 0x560216bd065e &lt;unknown&gt;
E       #10 0x560216e5c08b &lt;unknown&gt;
E       #11 0x560216e60005 &lt;unknown&gt;
E       #12 0x560216e4a491 &lt;unknown&gt;
E       #13 0x560216e60b92 &lt;unknown&gt;
E       #14 0x560216e2f9ef &lt;unknown&gt;
E       #15 0x560216e86df8 &lt;unknown&gt;
E       #16 0x560216e86fcb &lt;unknown&gt;
E       #17 0x560216e96ae4 &lt;unknown&gt;
E       #18 0x7f3bc1b36134 &lt;unknown&gt;

/usr/local/lib/python3.9/site-packages/selenium/webdriver/remote/errorhandler.py:229: NoSuchElementException</failure></testcase></testsuite></testsuites>