<?xml version="1.0" encoding="utf-8"?><testsuites><testsuite name="pytest" errors="0" failures="2" skipped="0" tests="6" time="166.158" timestamp="2023-12-22T06:59:59.882527" hostname="343a1594058e"><testcase classname="test_public_mip.TestPublicMIP" name="test_login_and_accept_terms[https://hbpmip.link/]" time="27.998" /><testcase classname="test_public_mip.TestPublicMIP" name="test_data[https://hbpmip.link/]" time="23.997"><failure message="selenium.common.exceptions.NoSuchElementException: Message: no such element: Unable to locate element: {&quot;method&quot;:&quot;xpath&quot;,&quot;selector&quot;:&quot;//*[name()='circle'][. = 'Left opercular part of the inferior frontal gyrus&#10;']&quot;}&#10;  (Session info: chrome-headless-shell=120.0.6099.109); For documentation on this error, please visit: https://www.selenium.dev/documentation/webdriver/troubleshooting/errors#no-such-element-exception&#10;Stacktrace:&#10;#0 0x55867d2ecf83 &lt;unknown&gt;&#10;#1 0x55867cfa5cf7 &lt;unknown&gt;&#10;#2 0x55867cff599e &lt;unknown&gt;&#10;#3 0x55867cff5aa1 &lt;unknown&gt;&#10;#4 0x55867d040d64 &lt;unknown&gt;&#10;#5 0x55867d01f0dd &lt;unknown&gt;&#10;#6 0x55867d03e006 &lt;unknown&gt;&#10;#7 0x55867d01ee53 &lt;unknown&gt;&#10;#8 0x55867cfe6dd4 &lt;unknown&gt;&#10;#9 0x55867cfe81de &lt;unknown&gt;&#10;#10 0x55867d2b1531 &lt;unknown&gt;&#10;#11 0x55867d2b5455 &lt;unknown&gt;&#10;#12 0x55867d29df55 &lt;unknown&gt;&#10;#13 0x55867d2b60ef &lt;unknown&gt;&#10;#14 0x55867d28199f &lt;unknown&gt;&#10;#15 0x55867d2da008 &lt;unknown&gt;&#10;#16 0x55867d2da1d7 &lt;unknown&gt;&#10;#17 0x55867d2ec124 &lt;unknown&gt;&#10;#18 0x7fb59f9e7044 &lt;unknown&gt;">self = &lt;test_public_mip.TestPublicMIP object at 0x7fe897f8a940&gt;

    def test_data(self):
        """Integration tests (data) of the public MIP."""
&gt;       super().test_data()

test_public_mip.py:24: 
_ _ _ _ _ _ _ _ _ _ _ _ _ _ _ _ _ _ _ _ _ _ _ _ _ _ _ _ _ _ _ _ _ _ _ _ _ _ _ _ 
basetest.py:106: in test_data
    left_opercular_part_of_the_inferior_f_ = selenium_driver.find_element(
/usr/local/lib/python3.9/site-packages/selenium/webdriver/remote/webdriver.py:739: in find_element
    return self.execute(Command.FIND_ELEMENT, {"using": by, "value": value})["value"]
/usr/local/lib/python3.9/site-packages/selenium/webdriver/remote/webdriver.py:345: in execute
    self.error_handler.check_response(response)
_ _ _ _ _ _ _ _ _ _ _ _ _ _ _ _ _ _ _ _ _ _ _ _ _ _ _ _ _ _ _ _ _ _ _ _ _ _ _ _ 

self = &lt;selenium.webdriver.remote.errorhandler.ErrorHandler object at 0x7fe897bc38e0&gt;
response = {'status': 404, 'value': '{"value":{"error":"no such element","message":"no such element: Unable to locate element: {\...\\n#16 0x55867d2da1d7 \\u003Cunknown&gt;\\n#17 0x55867d2ec124 \\u003Cunknown&gt;\\n#18 0x7fb59f9e7044 \\u003Cunknown&gt;\\n"}}'}

    def check_response(self, response: Dict[str, Any]) -&gt; None:
        """Checks that a JSON response from the WebDriver does not have an
        error.
    
        :Args:
         - response - The JSON response from the WebDriver server as a dictionary
           object.
    
        :Raises: If the response contains an error message.
        """
        status = response.get("status", None)
        if not status or status == ErrorCode.SUCCESS:
            return
        value = None
        message = response.get("message", "")
        screen: str = response.get("screen", "")
        stacktrace = None
        if isinstance(status, int):
            value_json = response.get("value", None)
            if value_json and isinstance(value_json, str):
                import json
    
                try:
                    value = json.loads(value_json)
                    if len(value) == 1:
                        value = value["value"]
                    status = value.get("error", None)
                    if not status:
                        status = value.get("status", ErrorCode.UNKNOWN_ERROR)
                        message = value.get("value") or value.get("message")
                        if not isinstance(message, str):
                            value = message
                            message = message.get("message")
                    else:
                        message = value.get("message", None)
                except ValueError:
                    pass
    
        exception_class: Type[WebDriverException]
        e = ErrorCode()
        error_codes = [item for item in dir(e) if not item.startswith("__")]
        for error_code in error_codes:
            error_info = getattr(ErrorCode, error_code)
            if isinstance(error_info, list) and status in error_info:
                exception_class = getattr(ExceptionMapping, error_code, WebDriverException)
                break
        else:
            exception_class = WebDriverException
    
        if not value:
            value = response["value"]
        if isinstance(value, str):
            raise exception_class(value)
        if message == "" and "message" in value:
            message = value["message"]
    
        screen = None  # type: ignore[assignment]
        if "screen" in value:
            screen = value["screen"]
    
        stacktrace = None
        st_value = value.get("stackTrace") or value.get("stacktrace")
        if st_value:
            if isinstance(st_value, str):
                stacktrace = st_value.split("\n")
            else:
                stacktrace = []
                try:
                    for frame in st_value:
                        line = frame.get("lineNumber", "")
                        file = frame.get("fileName", "&lt;anonymous&gt;")
                        if line:
                            file = f"{file}:{line}"
                        meth = frame.get("methodName", "&lt;anonymous&gt;")
                        if "className" in frame:
                            meth = f"{frame['className']}.{meth}"
                        msg = "    at %s (%s)"
                        msg = msg % (meth, file)
                        stacktrace.append(msg)
                except TypeError:
                    pass
        if exception_class == UnexpectedAlertPresentException:
            alert_text = None
            if "data" in value:
                alert_text = value["data"].get("text")
            elif "alert" in value:
                alert_text = value["alert"].get("text")
            raise exception_class(message, screen, stacktrace, alert_text)  # type: ignore[call-arg]  # mypy is not smart enough here
&gt;       raise exception_class(message, screen, stacktrace)
E       selenium.common.exceptions.NoSuchElementException: Message: no such element: Unable to locate element: {"method":"xpath","selector":"//*[name()='circle'][. = 'Left opercular part of the inferior frontal gyrus
E       ']"}
E         (Session info: chrome-headless-shell=120.0.6099.109); For documentation on this error, please visit: https://www.selenium.dev/documentation/webdriver/troubleshooting/errors#no-such-element-exception
E       Stacktrace:
E       #0 0x55867d2ecf83 &lt;unknown&gt;
E       #1 0x55867cfa5cf7 &lt;unknown&gt;
E       #2 0x55867cff599e &lt;unknown&gt;
E       #3 0x55867cff5aa1 &lt;unknown&gt;
E       #4 0x55867d040d64 &lt;unknown&gt;
E       #5 0x55867d01f0dd &lt;unknown&gt;
E       #6 0x55867d03e006 &lt;unknown&gt;
E       #7 0x55867d01ee53 &lt;unknown&gt;
E       #8 0x55867cfe6dd4 &lt;unknown&gt;
E       #9 0x55867cfe81de &lt;unknown&gt;
E       #10 0x55867d2b1531 &lt;unknown&gt;
E       #11 0x55867d2b5455 &lt;unknown&gt;
E       #12 0x55867d29df55 &lt;unknown&gt;
E       #13 0x55867d2b60ef &lt;unknown&gt;
E       #14 0x55867d28199f &lt;unknown&gt;
E       #15 0x55867d2da008 &lt;unknown&gt;
E       #16 0x55867d2da1d7 &lt;unknown&gt;
E       #17 0x55867d2ec124 &lt;unknown&gt;
E       #18 0x7fb59f9e7044 &lt;unknown&gt;

/usr/local/lib/python3.9/site-packages/selenium/webdriver/remote/errorhandler.py:229: NoSuchElementException</failure></testcase><testcase classname="test_qa_federation.TestMIPQAFederation" name="test_login_and_accept_terms[https://qa.hbpmip.link/]" time="27.756" /><testcase classname="test_qa_federation.TestMIPQAFederation" name="test_data[https://qa.hbpmip.link/]" time="23.608"><failure message="selenium.common.exceptions.NoSuchElementException: Message: no such element: Unable to locate element: {&quot;method&quot;:&quot;css selector&quot;,&quot;selector&quot;:&quot;#default-synth_mh_wk3&quot;}&#10;  (Session info: chrome-headless-shell=120.0.6099.109); For documentation on this error, please visit: https://www.selenium.dev/documentation/webdriver/troubleshooting/errors#no-such-element-exception&#10;Stacktrace:&#10;#0 0x561bff62bf83 &lt;unknown&gt;&#10;#1 0x561bff2e4cf7 &lt;unknown&gt;&#10;#2 0x561bff33499e &lt;unknown&gt;&#10;#3 0x561bff334aa1 &lt;unknown&gt;&#10;#4 0x561bff37fd64 &lt;unknown&gt;&#10;#5 0x561bff35e0dd &lt;unknown&gt;&#10;#6 0x561bff37d006 &lt;unknown&gt;&#10;#7 0x561bff35de53 &lt;unknown&gt;&#10;#8 0x561bff325dd4 &lt;unknown&gt;&#10;#9 0x561bff3271de &lt;unknown&gt;&#10;#10 0x561bff5f0531 &lt;unknown&gt;&#10;#11 0x561bff5f4455 &lt;unknown&gt;&#10;#12 0x561bff5dcf55 &lt;unknown&gt;&#10;#13 0x561bff5f50ef &lt;unknown&gt;&#10;#14 0x561bff5c099f &lt;unknown&gt;&#10;#15 0x561bff619008 &lt;unknown&gt;&#10;#16 0x561bff6191d7 &lt;unknown&gt;&#10;#17 0x561bff62b124 &lt;unknown&gt;&#10;#18 0x7f0f46f0d044 &lt;unknown&gt;">self = &lt;test_qa_federation.TestMIPQAFederation object at 0x7fe896f023d0&gt;

    def test_data(self):
        """Integration tests (data) of the MIP QA Federation."""
&gt;       super().test_data()

test_qa_federation.py:24: 
_ _ _ _ _ _ _ _ _ _ _ _ _ _ _ _ _ _ _ _ _ _ _ _ _ _ _ _ _ _ _ _ _ _ _ _ _ _ _ _ 
basetest.py:88: in test_data
    default_synth_mh_wk3 = selenium_driver.find_element(
/usr/local/lib/python3.9/site-packages/selenium/webdriver/remote/webdriver.py:739: in find_element
    return self.execute(Command.FIND_ELEMENT, {"using": by, "value": value})["value"]
/usr/local/lib/python3.9/site-packages/selenium/webdriver/remote/webdriver.py:345: in execute
    self.error_handler.check_response(response)
_ _ _ _ _ _ _ _ _ _ _ _ _ _ _ _ _ _ _ _ _ _ _ _ _ _ _ _ _ _ _ _ _ _ _ _ _ _ _ _ 

self = &lt;selenium.webdriver.remote.errorhandler.ErrorHandler object at 0x7fe897f22400&gt;
response = {'status': 404, 'value': '{"value":{"error":"no such element","message":"no such element: Unable to locate element: {\...\\n#16 0x561bff6191d7 \\u003Cunknown&gt;\\n#17 0x561bff62b124 \\u003Cunknown&gt;\\n#18 0x7f0f46f0d044 \\u003Cunknown&gt;\\n"}}'}

    def check_response(self, response: Dict[str, Any]) -&gt; None:
        """Checks that a JSON response from the WebDriver does not have an
        error.
    
        :Args:
         - response - The JSON response from the WebDriver server as a dictionary
           object.
    
        :Raises: If the response contains an error message.
        """
        status = response.get("status", None)
        if not status or status == ErrorCode.SUCCESS:
            return
        value = None
        message = response.get("message", "")
        screen: str = response.get("screen", "")
        stacktrace = None
        if isinstance(status, int):
            value_json = response.get("value", None)
            if value_json and isinstance(value_json, str):
                import json
    
                try:
                    value = json.loads(value_json)
                    if len(value) == 1:
                        value = value["value"]
                    status = value.get("error", None)
                    if not status:
                        status = value.get("status", ErrorCode.UNKNOWN_ERROR)
                        message = value.get("value") or value.get("message")
                        if not isinstance(message, str):
                            value = message
                            message = message.get("message")
                    else:
                        message = value.get("message", None)
                except ValueError:
                    pass
    
        exception_class: Type[WebDriverException]
        e = ErrorCode()
        error_codes = [item for item in dir(e) if not item.startswith("__")]
        for error_code in error_codes:
            error_info = getattr(ErrorCode, error_code)
            if isinstance(error_info, list) and status in error_info:
                exception_class = getattr(ExceptionMapping, error_code, WebDriverException)
                break
        else:
            exception_class = WebDriverException
    
        if not value:
            value = response["value"]
        if isinstance(value, str):
            raise exception_class(value)
        if message == "" and "message" in value:
            message = value["message"]
    
        screen = None  # type: ignore[assignment]
        if "screen" in value:
            screen = value["screen"]
    
        stacktrace = None
        st_value = value.get("stackTrace") or value.get("stacktrace")
        if st_value:
            if isinstance(st_value, str):
                stacktrace = st_value.split("\n")
            else:
                stacktrace = []
                try:
                    for frame in st_value:
                        line = frame.get("lineNumber", "")
                        file = frame.get("fileName", "&lt;anonymous&gt;")
                        if line:
                            file = f"{file}:{line}"
                        meth = frame.get("methodName", "&lt;anonymous&gt;")
                        if "className" in frame:
                            meth = f"{frame['className']}.{meth}"
                        msg = "    at %s (%s)"
                        msg = msg % (meth, file)
                        stacktrace.append(msg)
                except TypeError:
                    pass
        if exception_class == UnexpectedAlertPresentException:
            alert_text = None
            if "data" in value:
                alert_text = value["data"].get("text")
            elif "alert" in value:
                alert_text = value["alert"].get("text")
            raise exception_class(message, screen, stacktrace, alert_text)  # type: ignore[call-arg]  # mypy is not smart enough here
&gt;       raise exception_class(message, screen, stacktrace)
E       selenium.common.exceptions.NoSuchElementException: Message: no such element: Unable to locate element: {"method":"css selector","selector":"#default-synth_mh_wk3"}
E         (Session info: chrome-headless-shell=120.0.6099.109); For documentation on this error, please visit: https://www.selenium.dev/documentation/webdriver/troubleshooting/errors#no-such-element-exception
E       Stacktrace:
E       #0 0x561bff62bf83 &lt;unknown&gt;
E       #1 0x561bff2e4cf7 &lt;unknown&gt;
E       #2 0x561bff33499e &lt;unknown&gt;
E       #3 0x561bff334aa1 &lt;unknown&gt;
E       #4 0x561bff37fd64 &lt;unknown&gt;
E       #5 0x561bff35e0dd &lt;unknown&gt;
E       #6 0x561bff37d006 &lt;unknown&gt;
E       #7 0x561bff35de53 &lt;unknown&gt;
E       #8 0x561bff325dd4 &lt;unknown&gt;
E       #9 0x561bff3271de &lt;unknown&gt;
E       #10 0x561bff5f0531 &lt;unknown&gt;
E       #11 0x561bff5f4455 &lt;unknown&gt;
E       #12 0x561bff5dcf55 &lt;unknown&gt;
E       #13 0x561bff5f50ef &lt;unknown&gt;
E       #14 0x561bff5c099f &lt;unknown&gt;
E       #15 0x561bff619008 &lt;unknown&gt;
E       #16 0x561bff6191d7 &lt;unknown&gt;
E       #17 0x561bff62b124 &lt;unknown&gt;
E       #18 0x7f0f46f0d044 &lt;unknown&gt;

/usr/local/lib/python3.9/site-packages/selenium/webdriver/remote/errorhandler.py:229: NoSuchElementException</failure></testcase><testcase classname="test_stroke_federation.TestStrokeMIP" name="test_login_and_accept_terms[https://stroke.hbpmip.link/]" time="26.995" /><testcase classname="test_stroke_federation.TestStrokeMIP" name="test_data[https://stroke.hbpmip.link/]" time="35.262" /></testsuite></testsuites>